Running on ax22.rc.zi.columbia.edu
Loaded pretrained conv weights from /home/lc3616/Projects/Mnist_pretrain_TI/mnist_cnn.pt
Train Epoch: 1 [0/36000 (0%)]	Loss: 0.763473
Train Epoch: 1 [640/36000 (2%)]	Loss: 1.986877
Train Epoch: 1 [1280/36000 (4%)]	Loss: 0.880268
Train Epoch: 1 [1920/36000 (5%)]	Loss: 0.606553
Train Epoch: 1 [2560/36000 (7%)]	Loss: 0.580344
Train Epoch: 1 [3200/36000 (9%)]	Loss: 0.513436
Train Epoch: 1 [3840/36000 (11%)]	Loss: 0.534061
Train Epoch: 1 [4480/36000 (12%)]	Loss: 0.596658
Train Epoch: 1 [5120/36000 (14%)]	Loss: 0.461510
Train Epoch: 1 [5760/36000 (16%)]	Loss: 0.456329
Train Epoch: 1 [6400/36000 (18%)]	Loss: 0.394660
Train Epoch: 1 [7040/36000 (20%)]	Loss: 0.393621
Train Epoch: 1 [7680/36000 (21%)]	Loss: 0.533407
Train Epoch: 1 [8320/36000 (23%)]	Loss: 0.420774
Train Epoch: 1 [8960/36000 (25%)]	Loss: 0.423813
Train Epoch: 1 [9600/36000 (27%)]	Loss: 0.579216
Train Epoch: 1 [10240/36000 (28%)]	Loss: 0.443413
Train Epoch: 1 [10880/36000 (30%)]	Loss: 0.486937
Train Epoch: 1 [11520/36000 (32%)]	Loss: 0.476521
Train Epoch: 1 [12160/36000 (34%)]	Loss: 0.488348
Train Epoch: 1 [12800/36000 (36%)]	Loss: 0.389014
Train Epoch: 1 [13440/36000 (37%)]	Loss: 0.380918
Train Epoch: 1 [14080/36000 (39%)]	Loss: 0.481426
Train Epoch: 1 [14720/36000 (41%)]	Loss: 0.459432
Train Epoch: 1 [15360/36000 (43%)]	Loss: 0.411476
Train Epoch: 1 [16000/36000 (44%)]	Loss: 0.381065
Train Epoch: 1 [16640/36000 (46%)]	Loss: 0.462943
Train Epoch: 1 [17280/36000 (48%)]	Loss: 0.527942
Train Epoch: 1 [17920/36000 (50%)]	Loss: 0.425303
Train Epoch: 1 [18560/36000 (52%)]	Loss: 0.494701
Train Epoch: 1 [19200/36000 (53%)]	Loss: 0.401414
Train Epoch: 1 [19840/36000 (55%)]	Loss: 0.519633
Train Epoch: 1 [20480/36000 (57%)]	Loss: 0.429624
Train Epoch: 1 [21120/36000 (59%)]	Loss: 0.452035
Train Epoch: 1 [21760/36000 (60%)]	Loss: 0.588318
Train Epoch: 1 [22400/36000 (62%)]	Loss: 0.328134
Train Epoch: 1 [23040/36000 (64%)]	Loss: 0.478807
Train Epoch: 1 [23680/36000 (66%)]	Loss: 0.444644
Train Epoch: 1 [24320/36000 (67%)]	Loss: 0.508717
Train Epoch: 1 [24960/36000 (69%)]	Loss: 0.325616
Train Epoch: 1 [25600/36000 (71%)]	Loss: 0.381304
Train Epoch: 1 [26240/36000 (73%)]	Loss: 0.371212
Train Epoch: 1 [26880/36000 (75%)]	Loss: 0.466661
Train Epoch: 1 [27520/36000 (76%)]	Loss: 0.419986
Train Epoch: 1 [28160/36000 (78%)]	Loss: 0.494169
Train Epoch: 1 [28800/36000 (80%)]	Loss: 0.452720
Train Epoch: 1 [29440/36000 (82%)]	Loss: 0.528643
Train Epoch: 1 [30080/36000 (83%)]	Loss: 0.328862
Train Epoch: 1 [30720/36000 (85%)]	Loss: 0.432445
Train Epoch: 1 [31360/36000 (87%)]	Loss: 0.451447
Train Epoch: 1 [32000/36000 (89%)]	Loss: 0.568869
Train Epoch: 1 [32640/36000 (91%)]	Loss: 0.691839
Train Epoch: 1 [33280/36000 (92%)]	Loss: 0.483644
Train Epoch: 1 [33920/36000 (94%)]	Loss: 0.505766
Train Epoch: 1 [34560/36000 (96%)]	Loss: 0.335032
Train Epoch: 1 [35200/36000 (98%)]	Loss: 0.392575
Train Epoch: 1 [35840/36000 (99%)]	Loss: 0.463517
Test set:
Overall: 107460/112000 (95.9%)
Train set:
Overall: 29360/36000 (81.6%)
Train Epoch: 2 [0/36000 (0%)]	Loss: 0.368363
Train Epoch: 2 [640/36000 (2%)]	Loss: 0.470584
Train Epoch: 2 [1280/36000 (4%)]	Loss: 0.378172
Train Epoch: 2 [1920/36000 (5%)]	Loss: 0.519866
Train Epoch: 2 [2560/36000 (7%)]	Loss: 0.355253
Train Epoch: 2 [3200/36000 (9%)]	Loss: 0.427685
Train Epoch: 2 [3840/36000 (11%)]	Loss: 0.388479
Train Epoch: 2 [4480/36000 (12%)]	Loss: 0.366038
Train Epoch: 2 [5120/36000 (14%)]	Loss: 0.325770
Train Epoch: 2 [5760/36000 (16%)]	Loss: 0.345495
Train Epoch: 2 [6400/36000 (18%)]	Loss: 0.340277
Train Epoch: 2 [7040/36000 (20%)]	Loss: 0.360513
Train Epoch: 2 [7680/36000 (21%)]	Loss: 0.393865
Train Epoch: 2 [8320/36000 (23%)]	Loss: 0.383442
Train Epoch: 2 [8960/36000 (25%)]	Loss: 0.383994
Train Epoch: 2 [9600/36000 (27%)]	Loss: 0.450140
Train Epoch: 2 [10240/36000 (28%)]	Loss: 0.396868
Train Epoch: 2 [10880/36000 (30%)]	Loss: 0.483884
Train Epoch: 2 [11520/36000 (32%)]	Loss: 0.260164
Train Epoch: 2 [12160/36000 (34%)]	Loss: 0.401690
Train Epoch: 2 [12800/36000 (36%)]	Loss: 0.494732
Train Epoch: 2 [13440/36000 (37%)]	Loss: 0.454147
Train Epoch: 2 [14080/36000 (39%)]	Loss: 0.399476
Train Epoch: 2 [14720/36000 (41%)]	Loss: 0.392227
Train Epoch: 2 [15360/36000 (43%)]	Loss: 0.414083
Train Epoch: 2 [16000/36000 (44%)]	Loss: 0.451125
Train Epoch: 2 [16640/36000 (46%)]	Loss: 0.351412
Train Epoch: 2 [17280/36000 (48%)]	Loss: 0.322336
Train Epoch: 2 [17920/36000 (50%)]	Loss: 0.430683
Train Epoch: 2 [18560/36000 (52%)]	Loss: 0.439068
Train Epoch: 2 [19200/36000 (53%)]	Loss: 0.348097
Train Epoch: 2 [19840/36000 (55%)]	Loss: 0.367352
Train Epoch: 2 [20480/36000 (57%)]	Loss: 0.381152
Train Epoch: 2 [21120/36000 (59%)]	Loss: 0.339590
Train Epoch: 2 [21760/36000 (60%)]	Loss: 0.353456
Train Epoch: 2 [22400/36000 (62%)]	Loss: 0.421877
Train Epoch: 2 [23040/36000 (64%)]	Loss: 0.324650
Train Epoch: 2 [23680/36000 (66%)]	Loss: 0.397796
Train Epoch: 2 [24320/36000 (67%)]	Loss: 0.523991
Train Epoch: 2 [24960/36000 (69%)]	Loss: 0.394515
Train Epoch: 2 [25600/36000 (71%)]	Loss: 0.447229
Train Epoch: 2 [26240/36000 (73%)]	Loss: 0.513424
Train Epoch: 2 [26880/36000 (75%)]	Loss: 0.492509
Train Epoch: 2 [27520/36000 (76%)]	Loss: 0.399680
Train Epoch: 2 [28160/36000 (78%)]	Loss: 0.291734
Train Epoch: 2 [28800/36000 (80%)]	Loss: 0.443575
Train Epoch: 2 [29440/36000 (82%)]	Loss: 0.455613
Train Epoch: 2 [30080/36000 (83%)]	Loss: 0.333063
Train Epoch: 2 [30720/36000 (85%)]	Loss: 0.377336
Train Epoch: 2 [31360/36000 (87%)]	Loss: 0.365877
Train Epoch: 2 [32000/36000 (89%)]	Loss: 0.248525
Train Epoch: 2 [32640/36000 (91%)]	Loss: 0.352383
Train Epoch: 2 [33280/36000 (92%)]	Loss: 0.397497
Train Epoch: 2 [33920/36000 (94%)]	Loss: 0.308829
Train Epoch: 2 [34560/36000 (96%)]	Loss: 0.442434
Train Epoch: 2 [35200/36000 (98%)]	Loss: 0.419997
Train Epoch: 2 [35840/36000 (99%)]	Loss: 0.571249
Test set:
Overall: 108294/112000 (96.7%)
Train set:
Overall: 30518/36000 (84.8%)
Train Epoch: 3 [0/36000 (0%)]	Loss: 0.360868
Train Epoch: 3 [640/36000 (2%)]	Loss: 0.285894
Train Epoch: 3 [1280/36000 (4%)]	Loss: 0.330236
Train Epoch: 3 [1920/36000 (5%)]	Loss: 0.288436
Train Epoch: 3 [2560/36000 (7%)]	Loss: 0.342600
Train Epoch: 3 [3200/36000 (9%)]	Loss: 0.248778
Train Epoch: 3 [3840/36000 (11%)]	Loss: 0.386954
Train Epoch: 3 [4480/36000 (12%)]	Loss: 0.305652
Train Epoch: 3 [5120/36000 (14%)]	Loss: 0.378290
Train Epoch: 3 [5760/36000 (16%)]	Loss: 0.453515
Train Epoch: 3 [6400/36000 (18%)]	Loss: 0.325008
Train Epoch: 3 [7040/36000 (20%)]	Loss: 0.475786
Train Epoch: 3 [7680/36000 (21%)]	Loss: 0.297448
Train Epoch: 3 [8320/36000 (23%)]	Loss: 0.364079
Train Epoch: 3 [8960/36000 (25%)]	Loss: 0.575500
Train Epoch: 3 [9600/36000 (27%)]	Loss: 0.456416
Train Epoch: 3 [10240/36000 (28%)]	Loss: 0.394772
Train Epoch: 3 [10880/36000 (30%)]	Loss: 0.388712
Train Epoch: 3 [11520/36000 (32%)]	Loss: 0.358460
Train Epoch: 3 [12160/36000 (34%)]	Loss: 0.319231
Train Epoch: 3 [12800/36000 (36%)]	Loss: 0.273754
Train Epoch: 3 [13440/36000 (37%)]	Loss: 0.487964
Train Epoch: 3 [14080/36000 (39%)]	Loss: 0.321800
Train Epoch: 3 [14720/36000 (41%)]	Loss: 0.446941
Train Epoch: 3 [15360/36000 (43%)]	Loss: 0.403945
Train Epoch: 3 [16000/36000 (44%)]	Loss: 0.402796
Train Epoch: 3 [16640/36000 (46%)]	Loss: 0.201547
Train Epoch: 3 [17280/36000 (48%)]	Loss: 0.220705
Train Epoch: 3 [17920/36000 (50%)]	Loss: 0.368911
Train Epoch: 3 [18560/36000 (52%)]	Loss: 0.259516
Train Epoch: 3 [19200/36000 (53%)]	Loss: 0.432113
Train Epoch: 3 [19840/36000 (55%)]	Loss: 0.433032
Train Epoch: 3 [20480/36000 (57%)]	Loss: 0.297627
Train Epoch: 3 [21120/36000 (59%)]	Loss: 0.230344
Train Epoch: 3 [21760/36000 (60%)]	Loss: 0.263420
Train Epoch: 3 [22400/36000 (62%)]	Loss: 0.534135
Train Epoch: 3 [23040/36000 (64%)]	Loss: 0.355800
Train Epoch: 3 [23680/36000 (66%)]	Loss: 0.352319
Train Epoch: 3 [24320/36000 (67%)]	Loss: 0.396515
Train Epoch: 3 [24960/36000 (69%)]	Loss: 0.277174
Train Epoch: 3 [25600/36000 (71%)]	Loss: 0.351547
Train Epoch: 3 [26240/36000 (73%)]	Loss: 0.336023
Train Epoch: 3 [26880/36000 (75%)]	Loss: 0.299888
Train Epoch: 3 [27520/36000 (76%)]	Loss: 0.390193
Train Epoch: 3 [28160/36000 (78%)]	Loss: 0.330327
Train Epoch: 3 [28800/36000 (80%)]	Loss: 0.366518
Train Epoch: 3 [29440/36000 (82%)]	Loss: 0.366215
Train Epoch: 3 [30080/36000 (83%)]	Loss: 0.516179
