Running on ax22.rc.zi.columbia.edu
Loaded pretrained conv weights from /home/lc3616/Projects/Mnist_pretrain_TI/mnist_cnn.pt
Conv layers frozen
Train Epoch: 1 [0/32000 (0%)]	Loss: 0.800871
Train Epoch: 1 [640/32000 (2%)]	Loss: 3.139201
Train Epoch: 1 [1280/32000 (4%)]	Loss: 3.669938
Train Epoch: 1 [1920/32000 (6%)]	Loss: 4.279491
Train Epoch: 1 [2560/32000 (8%)]	Loss: 5.505359
Train Epoch: 1 [3200/32000 (10%)]	Loss: 4.002835
Train Epoch: 1 [3840/32000 (12%)]	Loss: 3.371771
Train Epoch: 1 [4480/32000 (14%)]	Loss: 4.519284
Train Epoch: 1 [5120/32000 (16%)]	Loss: 6.332481
Train Epoch: 1 [5760/32000 (18%)]	Loss: 4.076408
Train Epoch: 1 [6400/32000 (20%)]	Loss: 4.117859
Train Epoch: 1 [7040/32000 (22%)]	Loss: 2.846485
Train Epoch: 1 [7680/32000 (24%)]	Loss: 4.361619
Train Epoch: 1 [8320/32000 (26%)]	Loss: 3.767223
Train Epoch: 1 [8960/32000 (28%)]	Loss: 3.605032
Train Epoch: 1 [9600/32000 (30%)]	Loss: 5.824189
Train Epoch: 1 [10240/32000 (32%)]	Loss: 6.633625
Train Epoch: 1 [10880/32000 (34%)]	Loss: 1.934633
Train Epoch: 1 [11520/32000 (36%)]	Loss: 4.294764
Train Epoch: 1 [12160/32000 (38%)]	Loss: 5.021111
Train Epoch: 1 [12800/32000 (40%)]	Loss: 2.859329
Train Epoch: 1 [13440/32000 (42%)]	Loss: 2.947220
Train Epoch: 1 [14080/32000 (44%)]	Loss: 2.171837
Train Epoch: 1 [14720/32000 (46%)]	Loss: 4.803467
Train Epoch: 1 [15360/32000 (48%)]	Loss: 4.688103
Train Epoch: 1 [16000/32000 (50%)]	Loss: 6.675431
Train Epoch: 1 [16640/32000 (52%)]	Loss: 4.079182
Train Epoch: 1 [17280/32000 (54%)]	Loss: 2.491475
Train Epoch: 1 [17920/32000 (56%)]	Loss: 3.328666
Train Epoch: 1 [18560/32000 (58%)]	Loss: 2.041447
Train Epoch: 1 [19200/32000 (60%)]	Loss: 3.624347
Train Epoch: 1 [19840/32000 (62%)]	Loss: 3.795646
Train Epoch: 1 [20480/32000 (64%)]	Loss: 4.522298
Train Epoch: 1 [21120/32000 (66%)]	Loss: 3.154891
Train Epoch: 1 [21760/32000 (68%)]	Loss: 2.042516
Train Epoch: 1 [22400/32000 (70%)]	Loss: 2.704626
Train Epoch: 1 [23040/32000 (72%)]	Loss: 3.040554
Train Epoch: 1 [23680/32000 (74%)]	Loss: 2.987329
Train Epoch: 1 [24320/32000 (76%)]	Loss: 3.352038
Train Epoch: 1 [24960/32000 (78%)]	Loss: 4.779137
Train Epoch: 1 [25600/32000 (80%)]	Loss: 5.887555
Train Epoch: 1 [26240/32000 (82%)]	Loss: 2.431431
Train Epoch: 1 [26880/32000 (84%)]	Loss: 5.712486
Train Epoch: 1 [27520/32000 (86%)]	Loss: 2.394353
Train Epoch: 1 [28160/32000 (88%)]	Loss: 4.224942
Train Epoch: 1 [28800/32000 (90%)]	Loss: 3.230552
Train Epoch: 1 [29440/32000 (92%)]	Loss: 3.369486
Train Epoch: 1 [30080/32000 (94%)]	Loss: 4.634055
Train Epoch: 1 [30720/32000 (96%)]	Loss: 4.605962
Train Epoch: 1 [31360/32000 (98%)]	Loss: 3.476699
Test set:
Overall: 41168/112000 (36.8%)
Train set:
Overall: 23094/32000 (72.2%)
Train Epoch: 2 [0/32000 (0%)]	Loss: 2.901240
Train Epoch: 2 [640/32000 (2%)]	Loss: 3.164323
Train Epoch: 2 [1280/32000 (4%)]	Loss: 7.317385
Train Epoch: 2 [1920/32000 (6%)]	Loss: 3.998673
Train Epoch: 2 [2560/32000 (8%)]	Loss: 4.785826
Train Epoch: 2 [3200/32000 (10%)]	Loss: 4.089540
Train Epoch: 2 [3840/32000 (12%)]	Loss: 3.184158
Train Epoch: 2 [4480/32000 (14%)]	Loss: 6.156058
Train Epoch: 2 [5120/32000 (16%)]	Loss: 3.702458
Train Epoch: 2 [5760/32000 (18%)]	Loss: 4.349685
Train Epoch: 2 [6400/32000 (20%)]	Loss: 2.823705
Train Epoch: 2 [7040/32000 (22%)]	Loss: 5.751261
Train Epoch: 2 [7680/32000 (24%)]	Loss: 3.451795
Train Epoch: 2 [8320/32000 (26%)]	Loss: 6.504439
Train Epoch: 2 [8960/32000 (28%)]	Loss: 3.949915
Train Epoch: 2 [9600/32000 (30%)]	Loss: 4.461512
Train Epoch: 2 [10240/32000 (32%)]	Loss: 3.449690
Train Epoch: 2 [10880/32000 (34%)]	Loss: 6.728664
Train Epoch: 2 [11520/32000 (36%)]	Loss: 4.408245
Train Epoch: 2 [12160/32000 (38%)]	Loss: 5.659300
Train Epoch: 2 [12800/32000 (40%)]	Loss: 3.174170
Train Epoch: 2 [13440/32000 (42%)]	Loss: 4.447982
Train Epoch: 2 [14080/32000 (44%)]	Loss: 3.294673
Train Epoch: 2 [14720/32000 (46%)]	Loss: 2.965472
Train Epoch: 2 [15360/32000 (48%)]	Loss: 2.288209
Train Epoch: 2 [16000/32000 (50%)]	Loss: 2.467550
Train Epoch: 2 [16640/32000 (52%)]	Loss: 3.570531
Train Epoch: 2 [17280/32000 (54%)]	Loss: 5.409439
Train Epoch: 2 [17920/32000 (56%)]	Loss: 3.585462
Train Epoch: 2 [18560/32000 (58%)]	Loss: 3.828981
Train Epoch: 2 [19200/32000 (60%)]	Loss: 3.091237
Train Epoch: 2 [19840/32000 (62%)]	Loss: 4.739623
Train Epoch: 2 [20480/32000 (64%)]	Loss: 4.267146
Train Epoch: 2 [21120/32000 (66%)]	Loss: 3.239741
Train Epoch: 2 [21760/32000 (68%)]	Loss: 5.012192
Train Epoch: 2 [22400/32000 (70%)]	Loss: 7.205529
Train Epoch: 2 [23040/32000 (72%)]	Loss: 2.047197
Train Epoch: 2 [23680/32000 (74%)]	Loss: 2.440853
Train Epoch: 2 [24320/32000 (76%)]	Loss: 1.573087
Train Epoch: 2 [24960/32000 (78%)]	Loss: 3.608948
Train Epoch: 2 [25600/32000 (80%)]	Loss: 5.128771
Train Epoch: 2 [26240/32000 (82%)]	Loss: 2.421311
Train Epoch: 2 [26880/32000 (84%)]	Loss: 1.708922
Train Epoch: 2 [27520/32000 (86%)]	Loss: 4.113812
Train Epoch: 2 [28160/32000 (88%)]	Loss: 4.946764
Train Epoch: 2 [28800/32000 (90%)]	Loss: 3.022900
Train Epoch: 2 [29440/32000 (92%)]	Loss: 1.479557
Train Epoch: 2 [30080/32000 (94%)]	Loss: 2.091076
Train Epoch: 2 [30720/32000 (96%)]	Loss: 4.188852
Train Epoch: 2 [31360/32000 (98%)]	Loss: 4.566384
Test set:
Overall: 40286/112000 (36.0%)
Train set:
Overall: 23514/32000 (73.5%)
Train Epoch: 3 [0/32000 (0%)]	Loss: 3.621140
Train Epoch: 3 [640/32000 (2%)]	Loss: 4.204693
Train Epoch: 3 [1280/32000 (4%)]	Loss: 3.214827
Train Epoch: 3 [1920/32000 (6%)]	Loss: 4.071337
Train Epoch: 3 [2560/32000 (8%)]	Loss: 2.965128
Train Epoch: 3 [3200/32000 (10%)]	Loss: 3.834220
Train Epoch: 3 [3840/32000 (12%)]	Loss: 3.093592
Train Epoch: 3 [4480/32000 (14%)]	Loss: 4.921091
Train Epoch: 3 [5120/32000 (16%)]	Loss: 1.457016
Train Epoch: 3 [5760/32000 (18%)]	Loss: 3.267263
Train Epoch: 3 [6400/32000 (20%)]	Loss: 5.250730
Train Epoch: 3 [7040/32000 (22%)]	Loss: 4.926774
Train Epoch: 3 [7680/32000 (24%)]	Loss: 2.754034
Train Epoch: 3 [8320/32000 (26%)]	Loss: 5.311609
Train Epoch: 3 [8960/32000 (28%)]	Loss: 4.044217
Train Epoch: 3 [9600/32000 (30%)]	Loss: 4.063025
Train Epoch: 3 [10240/32000 (32%)]	Loss: 2.872885
Train Epoch: 3 [10880/32000 (34%)]	Loss: 4.250497
Train Epoch: 3 [11520/32000 (36%)]	Loss: 3.772249
Train Epoch: 3 [12160/32000 (38%)]	Loss: 4.961391
Train Epoch: 3 [12800/32000 (40%)]	Loss: 4.482031
Train Epoch: 3 [13440/32000 (42%)]	Loss: 3.067557
Train Epoch: 3 [14080/32000 (44%)]	Loss: 4.032001
Train Epoch: 3 [14720/32000 (46%)]	Loss: 1.908690
Train Epoch: 3 [15360/32000 (48%)]	Loss: 4.283015
Train Epoch: 3 [16000/32000 (50%)]	Loss: 7.059379
Train Epoch: 3 [16640/32000 (52%)]	Loss: 5.829692
Train Epoch: 3 [17280/32000 (54%)]	Loss: 2.237476
Train Epoch: 3 [17920/32000 (56%)]	Loss: 5.553513
Train Epoch: 3 [18560/32000 (58%)]	Loss: 4.641108
Train Epoch: 3 [19200/32000 (60%)]	Loss: 3.261286
Train Epoch: 3 [19840/32000 (62%)]	Loss: 3.617961
Train Epoch: 3 [20480/32000 (64%)]	Loss: 4.606392
Train Epoch: 3 [21120/32000 (66%)]	Loss: 4.486199
Train Epoch: 3 [21760/32000 (68%)]	Loss: 2.285697
Train Epoch: 3 [22400/32000 (70%)]	Loss: 3.687557
Train Epoch: 3 [23040/32000 (72%)]	Loss: 4.913107
Train Epoch: 3 [23680/32000 (74%)]	Loss: 3.881051
Train Epoch: 3 [24320/32000 (76%)]	Loss: 5.021887
Train Epoch: 3 [24960/32000 (78%)]	Loss: 2.883479
Train Epoch: 3 [25600/32000 (80%)]	Loss: 2.159338
Train Epoch: 3 [26240/32000 (82%)]	Loss: 1.719918
Train Epoch: 3 [26880/32000 (84%)]	Loss: 4.309546
Train Epoch: 3 [27520/32000 (86%)]	Loss: 3.982791
Train Epoch: 3 [28160/32000 (88%)]	Loss: 2.346005
Train Epoch: 3 [28800/32000 (90%)]	Loss: 5.481097
Train Epoch: 3 [29440/32000 (92%)]	Loss: 5.419917
Train Epoch: 3 [30080/32000 (94%)]	Loss: 5.433568
Train Epoch: 3 [30720/32000 (96%)]	Loss: 2.250198
Train Epoch: 3 [31360/32000 (98%)]	Loss: 5.075076
Test set:
Overall: 38844/112000 (34.7%)
Train set:
Overall: 23456/32000 (73.3%)
Train Epoch: 4 [0/32000 (0%)]	Loss: 4.383391
Train Epoch: 4 [640/32000 (2%)]	Loss: 5.074701
Train Epoch: 4 [1280/32000 (4%)]	Loss: 3.514857
Train Epoch: 4 [1920/32000 (6%)]	Loss: 4.443277
Train Epoch: 4 [2560/32000 (8%)]	Loss: 4.710419
Train Epoch: 4 [3200/32000 (10%)]	Loss: 3.476936
Train Epoch: 4 [3840/32000 (12%)]	Loss: 4.013958
Train Epoch: 4 [4480/32000 (14%)]	Loss: 3.496288
Train Epoch: 4 [5120/32000 (16%)]	Loss: 3.076187
Train Epoch: 4 [5760/32000 (18%)]	Loss: 4.726995
