Running on ax22.rc.zi.columbia.edu
Loaded pretrained conv weights from /home/lc3616/Projects/Mnist_pretrain_TI/mnist_cnn.pt
Conv layers frozen
Train Epoch: 1 [0/32000 (0%)]	Loss: 0.697073
Train Epoch: 1 [640/32000 (2%)]	Loss: 0.570491
Train Epoch: 1 [1280/32000 (4%)]	Loss: 0.385780
Train Epoch: 1 [1920/32000 (6%)]	Loss: 0.318796
Train Epoch: 1 [2560/32000 (8%)]	Loss: 0.214712
Train Epoch: 1 [3200/32000 (10%)]	Loss: 0.149749
Train Epoch: 1 [3840/32000 (12%)]	Loss: 0.104080
Train Epoch: 1 [4480/32000 (14%)]	Loss: 0.116767
Train Epoch: 1 [5120/32000 (16%)]	Loss: 0.112230
Train Epoch: 1 [5760/32000 (18%)]	Loss: 0.166304
Train Epoch: 1 [6400/32000 (20%)]	Loss: 0.072022
Train Epoch: 1 [7040/32000 (22%)]	Loss: 0.104057
Train Epoch: 1 [7680/32000 (24%)]	Loss: 0.073905
Train Epoch: 1 [8320/32000 (26%)]	Loss: 0.100109
Train Epoch: 1 [8960/32000 (28%)]	Loss: 0.059442
Train Epoch: 1 [9600/32000 (30%)]	Loss: 0.078097
Train Epoch: 1 [10240/32000 (32%)]	Loss: 0.022412
Train Epoch: 1 [10880/32000 (34%)]	Loss: 0.080824
Train Epoch: 1 [11520/32000 (36%)]	Loss: 0.023021
Train Epoch: 1 [12160/32000 (38%)]	Loss: 0.101566
Train Epoch: 1 [12800/32000 (40%)]	Loss: 0.024514
Train Epoch: 1 [13440/32000 (42%)]	Loss: 0.096472
Train Epoch: 1 [14080/32000 (44%)]	Loss: 0.190626
Train Epoch: 1 [14720/32000 (46%)]	Loss: 0.036693
Train Epoch: 1 [15360/32000 (48%)]	Loss: 0.035370
Train Epoch: 1 [16000/32000 (50%)]	Loss: 0.041621
Train Epoch: 1 [16640/32000 (52%)]	Loss: 0.039716
Train Epoch: 1 [17280/32000 (54%)]	Loss: 0.061156
Train Epoch: 1 [17920/32000 (56%)]	Loss: 0.051362
Train Epoch: 1 [18560/32000 (58%)]	Loss: 0.082435
Train Epoch: 1 [19200/32000 (60%)]	Loss: 0.014522
Train Epoch: 1 [19840/32000 (62%)]	Loss: 0.060827
Train Epoch: 1 [20480/32000 (64%)]	Loss: 0.054650
Train Epoch: 1 [21120/32000 (66%)]	Loss: 0.024535
Train Epoch: 1 [21760/32000 (68%)]	Loss: 0.034011
Train Epoch: 1 [22400/32000 (70%)]	Loss: 0.024724
Train Epoch: 1 [23040/32000 (72%)]	Loss: 0.042644
Train Epoch: 1 [23680/32000 (74%)]	Loss: 0.027121
Train Epoch: 1 [24320/32000 (76%)]	Loss: 0.040935
Train Epoch: 1 [24960/32000 (78%)]	Loss: 0.043673
Train Epoch: 1 [25600/32000 (80%)]	Loss: 0.021894
Train Epoch: 1 [26240/32000 (82%)]	Loss: 0.034600
Train Epoch: 1 [26880/32000 (84%)]	Loss: 0.035520
Train Epoch: 1 [27520/32000 (86%)]	Loss: 0.025198
Train Epoch: 1 [28160/32000 (88%)]	Loss: 0.016318
Train Epoch: 1 [28800/32000 (90%)]	Loss: 0.159032
Train Epoch: 1 [29440/32000 (92%)]	Loss: 0.022097
Train Epoch: 1 [30080/32000 (94%)]	Loss: 0.046078
Train Epoch: 1 [30720/32000 (96%)]	Loss: 0.003781
Train Epoch: 1 [31360/32000 (98%)]	Loss: 0.012129
Test set:
Overall: 45253/112000 (40.4%)
Train set:
Overall: 31672/32000 (99.0%)
Train Epoch: 2 [0/32000 (0%)]	Loss: 0.061406
Train Epoch: 2 [640/32000 (2%)]	Loss: 0.035463
Train Epoch: 2 [1280/32000 (4%)]	Loss: 0.004198
Train Epoch: 2 [1920/32000 (6%)]	Loss: 0.018466
Train Epoch: 2 [2560/32000 (8%)]	Loss: 0.004318
Train Epoch: 2 [3200/32000 (10%)]	Loss: 0.015265
Train Epoch: 2 [3840/32000 (12%)]	Loss: 0.009356
Train Epoch: 2 [4480/32000 (14%)]	Loss: 0.013569
Train Epoch: 2 [5120/32000 (16%)]	Loss: 0.023462
Train Epoch: 2 [5760/32000 (18%)]	Loss: 0.020120
Train Epoch: 2 [6400/32000 (20%)]	Loss: 0.017789
Train Epoch: 2 [7040/32000 (22%)]	Loss: 0.041524
Train Epoch: 2 [7680/32000 (24%)]	Loss: 0.017829
Train Epoch: 2 [8320/32000 (26%)]	Loss: 0.004481
Train Epoch: 2 [8960/32000 (28%)]	Loss: 0.021964
Train Epoch: 2 [9600/32000 (30%)]	Loss: 0.013955
Train Epoch: 2 [10240/32000 (32%)]	Loss: 0.004395
Train Epoch: 2 [10880/32000 (34%)]	Loss: 0.014971
Train Epoch: 2 [11520/32000 (36%)]	Loss: 0.005501
Train Epoch: 2 [12160/32000 (38%)]	Loss: 0.009799
Train Epoch: 2 [12800/32000 (40%)]	Loss: 0.054335
Train Epoch: 2 [13440/32000 (42%)]	Loss: 0.007758
Train Epoch: 2 [14080/32000 (44%)]	Loss: 0.012994
Train Epoch: 2 [14720/32000 (46%)]	Loss: 0.004010
Train Epoch: 2 [15360/32000 (48%)]	Loss: 0.016842
Train Epoch: 2 [16000/32000 (50%)]	Loss: 0.005353
Train Epoch: 2 [16640/32000 (52%)]	Loss: 0.027262
Train Epoch: 2 [17280/32000 (54%)]	Loss: 0.018458
Train Epoch: 2 [17920/32000 (56%)]	Loss: 0.004873
Train Epoch: 2 [18560/32000 (58%)]	Loss: 0.020689
Train Epoch: 2 [19200/32000 (60%)]	Loss: 0.020188
Train Epoch: 2 [19840/32000 (62%)]	Loss: 0.013637
Train Epoch: 2 [20480/32000 (64%)]	Loss: 0.031501
Train Epoch: 2 [21120/32000 (66%)]	Loss: 0.002326
Train Epoch: 2 [21760/32000 (68%)]	Loss: 0.000939
Train Epoch: 2 [22400/32000 (70%)]	Loss: 0.021479
Train Epoch: 2 [23040/32000 (72%)]	Loss: 0.001848
Train Epoch: 2 [23680/32000 (74%)]	Loss: 0.003202
Train Epoch: 2 [24320/32000 (76%)]	Loss: 0.005302
Train Epoch: 2 [24960/32000 (78%)]	Loss: 0.001397
Train Epoch: 2 [25600/32000 (80%)]	Loss: 0.007062
Train Epoch: 2 [26240/32000 (82%)]	Loss: 0.003003
Train Epoch: 2 [26880/32000 (84%)]	Loss: 0.010903
Train Epoch: 2 [27520/32000 (86%)]	Loss: 0.081309
Train Epoch: 2 [28160/32000 (88%)]	Loss: 0.015316
Train Epoch: 2 [28800/32000 (90%)]	Loss: 0.000751
Train Epoch: 2 [29440/32000 (92%)]	Loss: 0.012681
Train Epoch: 2 [30080/32000 (94%)]	Loss: 0.009757
Train Epoch: 2 [30720/32000 (96%)]	Loss: 0.006002
Train Epoch: 2 [31360/32000 (98%)]	Loss: 0.001138
Test set:
Overall: 43712/112000 (39.0%)
Train set:
Overall: 31926/32000 (99.8%)
Train Epoch: 3 [0/32000 (0%)]	Loss: 0.000898
Train Epoch: 3 [640/32000 (2%)]	Loss: 0.003747
Train Epoch: 3 [1280/32000 (4%)]	Loss: 0.025107
Train Epoch: 3 [1920/32000 (6%)]	Loss: 0.004362
Train Epoch: 3 [2560/32000 (8%)]	Loss: 0.018346
Train Epoch: 3 [3200/32000 (10%)]	Loss: 0.002373
Train Epoch: 3 [3840/32000 (12%)]	Loss: 0.001270
Train Epoch: 3 [4480/32000 (14%)]	Loss: 0.011350
Train Epoch: 3 [5120/32000 (16%)]	Loss: 0.003279
Train Epoch: 3 [5760/32000 (18%)]	Loss: 0.003789
Train Epoch: 3 [6400/32000 (20%)]	Loss: 0.009666
Train Epoch: 3 [7040/32000 (22%)]	Loss: 0.004300
Train Epoch: 3 [7680/32000 (24%)]	Loss: 0.003288
Train Epoch: 3 [8320/32000 (26%)]	Loss: 0.031869
Train Epoch: 3 [8960/32000 (28%)]	Loss: 0.002678
Train Epoch: 3 [9600/32000 (30%)]	Loss: 0.002560
Train Epoch: 3 [10240/32000 (32%)]	Loss: 0.001508
Train Epoch: 3 [10880/32000 (34%)]	Loss: 0.000551
Train Epoch: 3 [11520/32000 (36%)]	Loss: 0.016319
Train Epoch: 3 [12160/32000 (38%)]	Loss: 0.012411
Train Epoch: 3 [12800/32000 (40%)]	Loss: 0.009171
Train Epoch: 3 [13440/32000 (42%)]	Loss: 0.003169
Train Epoch: 3 [14080/32000 (44%)]	Loss: 0.002363
Train Epoch: 3 [14720/32000 (46%)]	Loss: 0.012447
Train Epoch: 3 [15360/32000 (48%)]	Loss: 0.038151
Train Epoch: 3 [16000/32000 (50%)]	Loss: 0.002875
Train Epoch: 3 [16640/32000 (52%)]	Loss: 0.016208
Train Epoch: 3 [17280/32000 (54%)]	Loss: 0.006181
Train Epoch: 3 [17920/32000 (56%)]	Loss: 0.002014
Train Epoch: 3 [18560/32000 (58%)]	Loss: 0.003455
Train Epoch: 3 [19200/32000 (60%)]	Loss: 0.001160
Train Epoch: 3 [19840/32000 (62%)]	Loss: 0.003280
Train Epoch: 3 [20480/32000 (64%)]	Loss: 0.003104
Train Epoch: 3 [21120/32000 (66%)]	Loss: 0.004872
Train Epoch: 3 [21760/32000 (68%)]	Loss: 0.003031
Train Epoch: 3 [22400/32000 (70%)]	Loss: 0.002021
Train Epoch: 3 [23040/32000 (72%)]	Loss: 0.002089
Train Epoch: 3 [23680/32000 (74%)]	Loss: 0.020455
Train Epoch: 3 [24320/32000 (76%)]	Loss: 0.023561
Train Epoch: 3 [24960/32000 (78%)]	Loss: 0.067160
Train Epoch: 3 [25600/32000 (80%)]	Loss: 0.010630
Train Epoch: 3 [26240/32000 (82%)]	Loss: 0.002190
Train Epoch: 3 [26880/32000 (84%)]	Loss: 0.007101
Train Epoch: 3 [27520/32000 (86%)]	Loss: 0.006986
Train Epoch: 3 [28160/32000 (88%)]	Loss: 0.009768
Train Epoch: 3 [28800/32000 (90%)]	Loss: 0.018392
Train Epoch: 3 [29440/32000 (92%)]	Loss: 0.006789
Train Epoch: 3 [30080/32000 (94%)]	Loss: 0.014634
Train Epoch: 3 [30720/32000 (96%)]	Loss: 0.006213
Train Epoch: 3 [31360/32000 (98%)]	Loss: 0.003386
Test set:
Overall: 42723/112000 (38.1%)
Train set:
Overall: 31960/32000 (99.9%)
Train Epoch: 4 [0/32000 (0%)]	Loss: 0.002265
Train Epoch: 4 [640/32000 (2%)]	Loss: 0.005368
Train Epoch: 4 [1280/32000 (4%)]	Loss: 0.000669
Train Epoch: 4 [1920/32000 (6%)]	Loss: 0.001427
Train Epoch: 4 [2560/32000 (8%)]	Loss: 0.002848
Train Epoch: 4 [3200/32000 (10%)]	Loss: 0.000371
Train Epoch: 4 [3840/32000 (12%)]	Loss: 0.001237
Train Epoch: 4 [4480/32000 (14%)]	Loss: 0.006813
Train Epoch: 4 [5120/32000 (16%)]	Loss: 0.002084
Train Epoch: 4 [5760/32000 (18%)]	Loss: 0.003400
