Running on ax14.rc.zi.columbia.edu
Conv layers frozen
Train Epoch: 1 [0/36000 (0%)]	Loss: 0.690113
Train Epoch: 1 [640/36000 (2%)]	Loss: 0.711043
Train Epoch: 1 [1280/36000 (4%)]	Loss: 0.666016
Train Epoch: 1 [1920/36000 (5%)]	Loss: 0.622456
Train Epoch: 1 [2560/36000 (7%)]	Loss: 0.642932
Train Epoch: 1 [3200/36000 (9%)]	Loss: 0.591489
Train Epoch: 1 [3840/36000 (11%)]	Loss: 0.558830
Train Epoch: 1 [4480/36000 (12%)]	Loss: 0.600137
Train Epoch: 1 [5120/36000 (14%)]	Loss: 0.619128
Train Epoch: 1 [5760/36000 (16%)]	Loss: 0.596806
Train Epoch: 1 [6400/36000 (18%)]	Loss: 0.566770
Train Epoch: 1 [7040/36000 (20%)]	Loss: 0.570091
Train Epoch: 1 [7680/36000 (21%)]	Loss: 0.529181
Train Epoch: 1 [8320/36000 (23%)]	Loss: 0.590929
Train Epoch: 1 [8960/36000 (25%)]	Loss: 0.620346
Train Epoch: 1 [9600/36000 (27%)]	Loss: 0.452120
Train Epoch: 1 [10240/36000 (28%)]	Loss: 0.571214
Train Epoch: 1 [10880/36000 (30%)]	Loss: 0.523957
Train Epoch: 1 [11520/36000 (32%)]	Loss: 0.568784
Train Epoch: 1 [12160/36000 (34%)]	Loss: 0.607463
Train Epoch: 1 [12800/36000 (36%)]	Loss: 0.603004
Train Epoch: 1 [13440/36000 (37%)]	Loss: 0.529327
Train Epoch: 1 [14080/36000 (39%)]	Loss: 0.552756
Train Epoch: 1 [14720/36000 (41%)]	Loss: 0.610983
Train Epoch: 1 [15360/36000 (43%)]	Loss: 0.659447
Train Epoch: 1 [16000/36000 (44%)]	Loss: 0.576509
Train Epoch: 1 [16640/36000 (46%)]	Loss: 0.553560
Train Epoch: 1 [17280/36000 (48%)]	Loss: 0.608444
Train Epoch: 1 [17920/36000 (50%)]	Loss: 0.551775
Train Epoch: 1 [18560/36000 (52%)]	Loss: 0.540594
Train Epoch: 1 [19200/36000 (53%)]	Loss: 0.573286
Train Epoch: 1 [19840/36000 (55%)]	Loss: 0.468158
Train Epoch: 1 [20480/36000 (57%)]	Loss: 0.468303
Train Epoch: 1 [21120/36000 (59%)]	Loss: 0.534314
Train Epoch: 1 [21760/36000 (60%)]	Loss: 0.578123
Train Epoch: 1 [22400/36000 (62%)]	Loss: 0.599089
Train Epoch: 1 [23040/36000 (64%)]	Loss: 0.585070
Train Epoch: 1 [23680/36000 (66%)]	Loss: 0.597673
Train Epoch: 1 [24320/36000 (67%)]	Loss: 0.555944
Train Epoch: 1 [24960/36000 (69%)]	Loss: 0.572883
Train Epoch: 1 [25600/36000 (71%)]	Loss: 0.553650
Train Epoch: 1 [26240/36000 (73%)]	Loss: 0.548471
Train Epoch: 1 [26880/36000 (75%)]	Loss: 0.691538
Train Epoch: 1 [27520/36000 (76%)]	Loss: 0.520485
Train Epoch: 1 [28160/36000 (78%)]	Loss: 0.561070
Train Epoch: 1 [28800/36000 (80%)]	Loss: 0.573044
Train Epoch: 1 [29440/36000 (82%)]	Loss: 0.591427
Train Epoch: 1 [30080/36000 (83%)]	Loss: 0.647120
Train Epoch: 1 [30720/36000 (85%)]	Loss: 0.537680
Train Epoch: 1 [31360/36000 (87%)]	Loss: 0.562304
Train Epoch: 1 [32000/36000 (89%)]	Loss: 0.569253
Train Epoch: 1 [32640/36000 (91%)]	Loss: 0.536359
Train Epoch: 1 [33280/36000 (92%)]	Loss: 0.544508
Train Epoch: 1 [33920/36000 (94%)]	Loss: 0.605867
Train Epoch: 1 [34560/36000 (96%)]	Loss: 0.586447
Train Epoch: 1 [35200/36000 (98%)]	Loss: 0.606358
Train Epoch: 1 [35840/36000 (99%)]	Loss: 0.602709
Test set:
Overall: 71537/112000 (63.9%)
Train set:
Overall: 24810/36000 (68.9%)
Train Epoch: 2 [0/36000 (0%)]	Loss: 0.540626
Train Epoch: 2 [640/36000 (2%)]	Loss: 0.655460
Train Epoch: 2 [1280/36000 (4%)]	Loss: 0.597385
Train Epoch: 2 [1920/36000 (5%)]	Loss: 0.569273
Train Epoch: 2 [2560/36000 (7%)]	Loss: 0.730346
Train Epoch: 2 [3200/36000 (9%)]	Loss: 0.608301
Train Epoch: 2 [3840/36000 (11%)]	Loss: 0.516022
Train Epoch: 2 [4480/36000 (12%)]	Loss: 0.528492
Train Epoch: 2 [5120/36000 (14%)]	Loss: 0.444576
Train Epoch: 2 [5760/36000 (16%)]	Loss: 0.499642
Train Epoch: 2 [6400/36000 (18%)]	Loss: 0.607632
Train Epoch: 2 [7040/36000 (20%)]	Loss: 0.502747
Train Epoch: 2 [7680/36000 (21%)]	Loss: 0.675630
Train Epoch: 2 [8320/36000 (23%)]	Loss: 0.546373
Train Epoch: 2 [8960/36000 (25%)]	Loss: 0.598270
Train Epoch: 2 [9600/36000 (27%)]	Loss: 0.528366
Train Epoch: 2 [10240/36000 (28%)]	Loss: 0.494207
Train Epoch: 2 [10880/36000 (30%)]	Loss: 0.471028
Train Epoch: 2 [11520/36000 (32%)]	Loss: 0.534517
Train Epoch: 2 [12160/36000 (34%)]	Loss: 0.507842
Train Epoch: 2 [12800/36000 (36%)]	Loss: 0.510508
Train Epoch: 2 [13440/36000 (37%)]	Loss: 0.437014
Train Epoch: 2 [14080/36000 (39%)]	Loss: 0.577358
Train Epoch: 2 [14720/36000 (41%)]	Loss: 0.549865
Train Epoch: 2 [15360/36000 (43%)]	Loss: 0.604680
Train Epoch: 2 [16000/36000 (44%)]	Loss: 0.594693
Train Epoch: 2 [16640/36000 (46%)]	Loss: 0.605448
Train Epoch: 2 [17280/36000 (48%)]	Loss: 0.541772
Train Epoch: 2 [17920/36000 (50%)]	Loss: 0.574056
Train Epoch: 2 [18560/36000 (52%)]	Loss: 0.489613
Train Epoch: 2 [19200/36000 (53%)]	Loss: 0.566261
Train Epoch: 2 [19840/36000 (55%)]	Loss: 0.493114
Train Epoch: 2 [20480/36000 (57%)]	Loss: 0.534537
Train Epoch: 2 [21120/36000 (59%)]	Loss: 0.493647
Train Epoch: 2 [21760/36000 (60%)]	Loss: 0.519611
Train Epoch: 2 [22400/36000 (62%)]	Loss: 0.484969
Train Epoch: 2 [23040/36000 (64%)]	Loss: 0.577348
Train Epoch: 2 [23680/36000 (66%)]	Loss: 0.550935
Train Epoch: 2 [24320/36000 (67%)]	Loss: 0.446680
Train Epoch: 2 [24960/36000 (69%)]	Loss: 0.466296
Train Epoch: 2 [25600/36000 (71%)]	Loss: 0.508364
Train Epoch: 2 [26240/36000 (73%)]	Loss: 0.458617
Train Epoch: 2 [26880/36000 (75%)]	Loss: 0.466699
Train Epoch: 2 [27520/36000 (76%)]	Loss: 0.557635
Train Epoch: 2 [28160/36000 (78%)]	Loss: 0.494979
Train Epoch: 2 [28800/36000 (80%)]	Loss: 0.458253
Train Epoch: 2 [29440/36000 (82%)]	Loss: 0.533030
Train Epoch: 2 [30080/36000 (83%)]	Loss: 0.469670
Train Epoch: 2 [30720/36000 (85%)]	Loss: 0.514409
Train Epoch: 2 [31360/36000 (87%)]	Loss: 0.478251
Train Epoch: 2 [32000/36000 (89%)]	Loss: 0.460029
Train Epoch: 2 [32640/36000 (91%)]	Loss: 0.498921
Train Epoch: 2 [33280/36000 (92%)]	Loss: 0.588917
Train Epoch: 2 [33920/36000 (94%)]	Loss: 0.443129
Train Epoch: 2 [34560/36000 (96%)]	Loss: 0.517634
Train Epoch: 2 [35200/36000 (98%)]	Loss: 0.468149
Train Epoch: 2 [35840/36000 (99%)]	Loss: 0.758423
Test set:
Overall: 72910/112000 (65.1%)
Train set:
Overall: 28938/36000 (80.4%)
Train Epoch: 3 [0/36000 (0%)]	Loss: 0.440294
Train Epoch: 3 [640/36000 (2%)]	Loss: 0.484540
Train Epoch: 3 [1280/36000 (4%)]	Loss: 0.483531
Train Epoch: 3 [1920/36000 (5%)]	Loss: 0.473767
Train Epoch: 3 [2560/36000 (7%)]	Loss: 0.511285
Train Epoch: 3 [3200/36000 (9%)]	Loss: 0.342275
Train Epoch: 3 [3840/36000 (11%)]	Loss: 0.484574
Train Epoch: 3 [4480/36000 (12%)]	Loss: 0.512333
Train Epoch: 3 [5120/36000 (14%)]	Loss: 0.690563
Train Epoch: 3 [5760/36000 (16%)]	Loss: 0.611838
Train Epoch: 3 [6400/36000 (18%)]	Loss: 0.421194
Train Epoch: 3 [7040/36000 (20%)]	Loss: 0.460454
Train Epoch: 3 [7680/36000 (21%)]	Loss: 0.453698
Train Epoch: 3 [8320/36000 (23%)]	Loss: 0.585916
Train Epoch: 3 [8960/36000 (25%)]	Loss: 0.492820
Train Epoch: 3 [9600/36000 (27%)]	Loss: 0.424788
Train Epoch: 3 [10240/36000 (28%)]	Loss: 0.533557
Train Epoch: 3 [10880/36000 (30%)]	Loss: 0.459287
Train Epoch: 3 [11520/36000 (32%)]	Loss: 0.601936
Train Epoch: 3 [12160/36000 (34%)]	Loss: 0.450440
Train Epoch: 3 [12800/36000 (36%)]	Loss: 0.497762
Train Epoch: 3 [13440/36000 (37%)]	Loss: 0.450984
Train Epoch: 3 [14080/36000 (39%)]	Loss: 0.573715
Train Epoch: 3 [14720/36000 (41%)]	Loss: 0.537734
Train Epoch: 3 [15360/36000 (43%)]	Loss: 0.482179
Train Epoch: 3 [16000/36000 (44%)]	Loss: 0.511308
Train Epoch: 3 [16640/36000 (46%)]	Loss: 0.525557
Train Epoch: 3 [17280/36000 (48%)]	Loss: 0.411157
Train Epoch: 3 [17920/36000 (50%)]	Loss: 0.389114
Train Epoch: 3 [18560/36000 (52%)]	Loss: 0.467084
Train Epoch: 3 [19200/36000 (53%)]	Loss: 0.492955
Train Epoch: 3 [19840/36000 (55%)]	Loss: 0.627188
Train Epoch: 3 [20480/36000 (57%)]	Loss: 0.571647
Train Epoch: 3 [21120/36000 (59%)]	Loss: 0.437824
Train Epoch: 3 [21760/36000 (60%)]	Loss: 0.507034
Train Epoch: 3 [22400/36000 (62%)]	Loss: 0.509105
Train Epoch: 3 [23040/36000 (64%)]	Loss: 0.481983
Train Epoch: 3 [23680/36000 (66%)]	Loss: 0.503636
Train Epoch: 3 [24320/36000 (67%)]	Loss: 0.549232
Train Epoch: 3 [24960/36000 (69%)]	Loss: 0.509876
Train Epoch: 3 [25600/36000 (71%)]	Loss: 0.459590
Train Epoch: 3 [26240/36000 (73%)]	Loss: 0.548087
Train Epoch: 3 [26880/36000 (75%)]	Loss: 0.468800
Train Epoch: 3 [27520/36000 (76%)]	Loss: 0.464992
Train Epoch: 3 [28160/36000 (78%)]	Loss: 0.525088
Train Epoch: 3 [28800/36000 (80%)]	Loss: 0.529278
Train Epoch: 3 [29440/36000 (82%)]	Loss: 0.479655
Train Epoch: 3 [30080/36000 (83%)]	Loss: 0.489393
