Running on ax20.rc.zi.columbia.edu
Train Epoch: 1 [0/36000 (0%)]	Loss: 0.712171
Train Epoch: 1 [640/36000 (2%)]	Loss: 0.635885
Train Epoch: 1 [1280/36000 (4%)]	Loss: 0.628779
Train Epoch: 1 [1920/36000 (5%)]	Loss: 0.563034
Train Epoch: 1 [2560/36000 (7%)]	Loss: 0.623833
Train Epoch: 1 [3200/36000 (9%)]	Loss: 0.586577
Train Epoch: 1 [3840/36000 (11%)]	Loss: 0.553588
Train Epoch: 1 [4480/36000 (12%)]	Loss: 0.650859
Train Epoch: 1 [5120/36000 (14%)]	Loss: 0.557366
Train Epoch: 1 [5760/36000 (16%)]	Loss: 0.489248
Train Epoch: 1 [6400/36000 (18%)]	Loss: 0.459973
Train Epoch: 1 [7040/36000 (20%)]	Loss: 0.426068
Train Epoch: 1 [7680/36000 (21%)]	Loss: 0.520524
Train Epoch: 1 [8320/36000 (23%)]	Loss: 0.479155
Train Epoch: 1 [8960/36000 (25%)]	Loss: 0.519145
Train Epoch: 1 [9600/36000 (27%)]	Loss: 0.576606
Train Epoch: 1 [10240/36000 (28%)]	Loss: 0.506782
Train Epoch: 1 [10880/36000 (30%)]	Loss: 0.507781
Train Epoch: 1 [11520/36000 (32%)]	Loss: 0.512065
Train Epoch: 1 [12160/36000 (34%)]	Loss: 0.484272
Train Epoch: 1 [12800/36000 (36%)]	Loss: 0.407530
Train Epoch: 1 [13440/36000 (37%)]	Loss: 0.445132
Train Epoch: 1 [14080/36000 (39%)]	Loss: 0.530951
Train Epoch: 1 [14720/36000 (41%)]	Loss: 0.471423
Train Epoch: 1 [15360/36000 (43%)]	Loss: 0.448428
Train Epoch: 1 [16000/36000 (44%)]	Loss: 0.450579
Train Epoch: 1 [16640/36000 (46%)]	Loss: 0.482649
Train Epoch: 1 [17280/36000 (48%)]	Loss: 0.547227
Train Epoch: 1 [17920/36000 (50%)]	Loss: 0.438787
Train Epoch: 1 [18560/36000 (52%)]	Loss: 0.518366
Train Epoch: 1 [19200/36000 (53%)]	Loss: 0.489220
Train Epoch: 1 [19840/36000 (55%)]	Loss: 0.544912
Train Epoch: 1 [20480/36000 (57%)]	Loss: 0.545215
Train Epoch: 1 [21120/36000 (59%)]	Loss: 0.499290
Train Epoch: 1 [21760/36000 (60%)]	Loss: 0.601217
Train Epoch: 1 [22400/36000 (62%)]	Loss: 0.405940
Train Epoch: 1 [23040/36000 (64%)]	Loss: 0.489515
Train Epoch: 1 [23680/36000 (66%)]	Loss: 0.494456
Train Epoch: 1 [24320/36000 (67%)]	Loss: 0.573799
Train Epoch: 1 [24960/36000 (69%)]	Loss: 0.368253
Train Epoch: 1 [25600/36000 (71%)]	Loss: 0.398864
Train Epoch: 1 [26240/36000 (73%)]	Loss: 0.434019
Train Epoch: 1 [26880/36000 (75%)]	Loss: 0.520997
Train Epoch: 1 [27520/36000 (76%)]	Loss: 0.406069
Train Epoch: 1 [28160/36000 (78%)]	Loss: 0.560395
Train Epoch: 1 [28800/36000 (80%)]	Loss: 0.487492
Train Epoch: 1 [29440/36000 (82%)]	Loss: 0.507100
Train Epoch: 1 [30080/36000 (83%)]	Loss: 0.371617
Train Epoch: 1 [30720/36000 (85%)]	Loss: 0.452085
Train Epoch: 1 [31360/36000 (87%)]	Loss: 0.526475
Train Epoch: 1 [32000/36000 (89%)]	Loss: 0.517635
Train Epoch: 1 [32640/36000 (91%)]	Loss: 0.661954
Train Epoch: 1 [33280/36000 (92%)]	Loss: 0.448040
Train Epoch: 1 [33920/36000 (94%)]	Loss: 0.551407
Train Epoch: 1 [34560/36000 (96%)]	Loss: 0.377590
Train Epoch: 1 [35200/36000 (98%)]	Loss: 0.444117
Train Epoch: 1 [35840/36000 (99%)]	Loss: 0.476867
Test set:
Overall: 105769/112000 (94.4%)
Train set:
Overall: 28495/36000 (79.2%)
Train Epoch: 2 [0/36000 (0%)]	Loss: 0.401095
Train Epoch: 2 [640/36000 (2%)]	Loss: 0.495485
Train Epoch: 2 [1280/36000 (4%)]	Loss: 0.473622
Train Epoch: 2 [1920/36000 (5%)]	Loss: 0.573486
Train Epoch: 2 [2560/36000 (7%)]	Loss: 0.370313
Train Epoch: 2 [3200/36000 (9%)]	Loss: 0.491196
Train Epoch: 2 [3840/36000 (11%)]	Loss: 0.418646
Train Epoch: 2 [4480/36000 (12%)]	Loss: 0.379247
Train Epoch: 2 [5120/36000 (14%)]	Loss: 0.355123
Train Epoch: 2 [5760/36000 (16%)]	Loss: 0.363429
Train Epoch: 2 [6400/36000 (18%)]	Loss: 0.463562
Train Epoch: 2 [7040/36000 (20%)]	Loss: 0.409694
Train Epoch: 2 [7680/36000 (21%)]	Loss: 0.431052
Train Epoch: 2 [8320/36000 (23%)]	Loss: 0.351558
Train Epoch: 2 [8960/36000 (25%)]	Loss: 0.350144
Train Epoch: 2 [9600/36000 (27%)]	Loss: 0.465424
Train Epoch: 2 [10240/36000 (28%)]	Loss: 0.412479
Train Epoch: 2 [10880/36000 (30%)]	Loss: 0.501748
Train Epoch: 2 [11520/36000 (32%)]	Loss: 0.323466
Train Epoch: 2 [12160/36000 (34%)]	Loss: 0.425532
Train Epoch: 2 [12800/36000 (36%)]	Loss: 0.500703
Train Epoch: 2 [13440/36000 (37%)]	Loss: 0.494136
Train Epoch: 2 [14080/36000 (39%)]	Loss: 0.476296
Train Epoch: 2 [14720/36000 (41%)]	Loss: 0.364920
Train Epoch: 2 [15360/36000 (43%)]	Loss: 0.470922
Train Epoch: 2 [16000/36000 (44%)]	Loss: 0.535191
Train Epoch: 2 [16640/36000 (46%)]	Loss: 0.399476
Train Epoch: 2 [17280/36000 (48%)]	Loss: 0.347211
Train Epoch: 2 [17920/36000 (50%)]	Loss: 0.469326
Train Epoch: 2 [18560/36000 (52%)]	Loss: 0.441226
Train Epoch: 2 [19200/36000 (53%)]	Loss: 0.399050
Train Epoch: 2 [19840/36000 (55%)]	Loss: 0.354867
Train Epoch: 2 [20480/36000 (57%)]	Loss: 0.394263
Train Epoch: 2 [21120/36000 (59%)]	Loss: 0.414104
Train Epoch: 2 [21760/36000 (60%)]	Loss: 0.399301
Train Epoch: 2 [22400/36000 (62%)]	Loss: 0.432617
Train Epoch: 2 [23040/36000 (64%)]	Loss: 0.426579
Train Epoch: 2 [23680/36000 (66%)]	Loss: 0.394911
Train Epoch: 2 [24320/36000 (67%)]	Loss: 0.516091
Train Epoch: 2 [24960/36000 (69%)]	Loss: 0.393580
Train Epoch: 2 [25600/36000 (71%)]	Loss: 0.539212
Train Epoch: 2 [26240/36000 (73%)]	Loss: 0.538886
Train Epoch: 2 [26880/36000 (75%)]	Loss: 0.448784
Train Epoch: 2 [27520/36000 (76%)]	Loss: 0.419153
Train Epoch: 2 [28160/36000 (78%)]	Loss: 0.353847
Train Epoch: 2 [28800/36000 (80%)]	Loss: 0.467120
Train Epoch: 2 [29440/36000 (82%)]	Loss: 0.475002
Train Epoch: 2 [30080/36000 (83%)]	Loss: 0.345476
Train Epoch: 2 [30720/36000 (85%)]	Loss: 0.394331
Train Epoch: 2 [31360/36000 (87%)]	Loss: 0.412746
Train Epoch: 2 [32000/36000 (89%)]	Loss: 0.327225
Train Epoch: 2 [32640/36000 (91%)]	Loss: 0.330761
Train Epoch: 2 [33280/36000 (92%)]	Loss: 0.432094
Train Epoch: 2 [33920/36000 (94%)]	Loss: 0.429680
Train Epoch: 2 [34560/36000 (96%)]	Loss: 0.461808
Train Epoch: 2 [35200/36000 (98%)]	Loss: 0.423534
Train Epoch: 2 [35840/36000 (99%)]	Loss: 0.544910
Test set:
Overall: 107718/112000 (96.2%)
Train set:
Overall: 29923/36000 (83.1%)
Train Epoch: 3 [0/36000 (0%)]	Loss: 0.389380
Train Epoch: 3 [640/36000 (2%)]	Loss: 0.318576
Train Epoch: 3 [1280/36000 (4%)]	Loss: 0.380682
Train Epoch: 3 [1920/36000 (5%)]	Loss: 0.417354
Train Epoch: 3 [2560/36000 (7%)]	Loss: 0.392492
Train Epoch: 3 [3200/36000 (9%)]	Loss: 0.343967
Train Epoch: 3 [3840/36000 (11%)]	Loss: 0.479452
Train Epoch: 3 [4480/36000 (12%)]	Loss: 0.325768
Train Epoch: 3 [5120/36000 (14%)]	Loss: 0.374074
Train Epoch: 3 [5760/36000 (16%)]	Loss: 0.453665
Train Epoch: 3 [6400/36000 (18%)]	Loss: 0.399896
Train Epoch: 3 [7040/36000 (20%)]	Loss: 0.487991
Train Epoch: 3 [7680/36000 (21%)]	Loss: 0.329430
Train Epoch: 3 [8320/36000 (23%)]	Loss: 0.461368
Train Epoch: 3 [8960/36000 (25%)]	Loss: 0.497963
Train Epoch: 3 [9600/36000 (27%)]	Loss: 0.533206
Train Epoch: 3 [10240/36000 (28%)]	Loss: 0.464555
Train Epoch: 3 [10880/36000 (30%)]	Loss: 0.410182
Train Epoch: 3 [11520/36000 (32%)]	Loss: 0.424026
Train Epoch: 3 [12160/36000 (34%)]	Loss: 0.362183
Train Epoch: 3 [12800/36000 (36%)]	Loss: 0.359707
Train Epoch: 3 [13440/36000 (37%)]	Loss: 0.606590
Train Epoch: 3 [14080/36000 (39%)]	Loss: 0.366487
Train Epoch: 3 [14720/36000 (41%)]	Loss: 0.515216
Train Epoch: 3 [15360/36000 (43%)]	Loss: 0.467843
Train Epoch: 3 [16000/36000 (44%)]	Loss: 0.393192
Train Epoch: 3 [16640/36000 (46%)]	Loss: 0.266267
Train Epoch: 3 [17280/36000 (48%)]	Loss: 0.307902
Train Epoch: 3 [17920/36000 (50%)]	Loss: 0.395855
Train Epoch: 3 [18560/36000 (52%)]	Loss: 0.394510
Train Epoch: 3 [19200/36000 (53%)]	Loss: 0.516509
Train Epoch: 3 [19840/36000 (55%)]	Loss: 0.529466
Train Epoch: 3 [20480/36000 (57%)]	Loss: 0.358091
Train Epoch: 3 [21120/36000 (59%)]	Loss: 0.305727
Train Epoch: 3 [21760/36000 (60%)]	Loss: 0.304424
Train Epoch: 3 [22400/36000 (62%)]	Loss: 0.567994
Train Epoch: 3 [23040/36000 (64%)]	Loss: 0.393714
Train Epoch: 3 [23680/36000 (66%)]	Loss: 0.404343
Train Epoch: 3 [24320/36000 (67%)]	Loss: 0.445549
Train Epoch: 3 [24960/36000 (69%)]	Loss: 0.309682
Train Epoch: 3 [25600/36000 (71%)]	Loss: 0.417504
Train Epoch: 3 [26240/36000 (73%)]	Loss: 0.385934
Train Epoch: 3 [26880/36000 (75%)]	Loss: 0.367421
Train Epoch: 3 [27520/36000 (76%)]	Loss: 0.401326
Train Epoch: 3 [28160/36000 (78%)]	Loss: 0.404328
Train Epoch: 3 [28800/36000 (80%)]	Loss: 0.404172
Train Epoch: 3 [29440/36000 (82%)]	Loss: 0.429629
Train Epoch: 3 [30080/36000 (83%)]	Loss: 0.545645
