Running on ax15.rc.zi.columbia.edu
Loaded pretrained conv weights from /home/lc3616/Projects/Mnist_pretrain_TI/mnist_cnn.pt
Train Epoch: 1 [0/36000 (0%)]	Loss: 0.700539
Train Epoch: 1 [640/36000 (2%)]	Loss: 0.734936
Train Epoch: 1 [1280/36000 (4%)]	Loss: 0.499845
Train Epoch: 1 [1920/36000 (5%)]	Loss: 0.403695
Train Epoch: 1 [2560/36000 (7%)]	Loss: 0.335585
Train Epoch: 1 [3200/36000 (9%)]	Loss: 0.273653
Train Epoch: 1 [3840/36000 (11%)]	Loss: 0.276028
Train Epoch: 1 [4480/36000 (12%)]	Loss: 0.174603
Train Epoch: 1 [5120/36000 (14%)]	Loss: 0.210361
Train Epoch: 1 [5760/36000 (16%)]	Loss: 0.202807
Train Epoch: 1 [6400/36000 (18%)]	Loss: 0.162083
Train Epoch: 1 [7040/36000 (20%)]	Loss: 0.115578
Train Epoch: 1 [7680/36000 (21%)]	Loss: 0.180685
Train Epoch: 1 [8320/36000 (23%)]	Loss: 0.133039
Train Epoch: 1 [8960/36000 (25%)]	Loss: 0.204369
Train Epoch: 1 [9600/36000 (27%)]	Loss: 0.145905
Train Epoch: 1 [10240/36000 (28%)]	Loss: 0.082835
Train Epoch: 1 [10880/36000 (30%)]	Loss: 0.077836
Train Epoch: 1 [11520/36000 (32%)]	Loss: 0.138530
Train Epoch: 1 [12160/36000 (34%)]	Loss: 0.141585
Train Epoch: 1 [12800/36000 (36%)]	Loss: 0.097505
Train Epoch: 1 [13440/36000 (37%)]	Loss: 0.265142
Train Epoch: 1 [14080/36000 (39%)]	Loss: 0.162738
Train Epoch: 1 [14720/36000 (41%)]	Loss: 0.271987
Train Epoch: 1 [15360/36000 (43%)]	Loss: 0.092455
Train Epoch: 1 [16000/36000 (44%)]	Loss: 0.160793
Train Epoch: 1 [16640/36000 (46%)]	Loss: 0.089020
Train Epoch: 1 [17280/36000 (48%)]	Loss: 0.114018
Train Epoch: 1 [17920/36000 (50%)]	Loss: 0.121922
Train Epoch: 1 [18560/36000 (52%)]	Loss: 0.072025
Train Epoch: 1 [19200/36000 (53%)]	Loss: 0.158102
Train Epoch: 1 [19840/36000 (55%)]	Loss: 0.090583
Train Epoch: 1 [20480/36000 (57%)]	Loss: 0.044125
Train Epoch: 1 [21120/36000 (59%)]	Loss: 0.121298
Train Epoch: 1 [21760/36000 (60%)]	Loss: 0.098909
Train Epoch: 1 [22400/36000 (62%)]	Loss: 0.101967
Train Epoch: 1 [23040/36000 (64%)]	Loss: 0.116054
Train Epoch: 1 [23680/36000 (66%)]	Loss: 0.159363
Train Epoch: 1 [24320/36000 (67%)]	Loss: 0.133904
Train Epoch: 1 [24960/36000 (69%)]	Loss: 0.112452
Train Epoch: 1 [25600/36000 (71%)]	Loss: 0.046560
Train Epoch: 1 [26240/36000 (73%)]	Loss: 0.074189
Train Epoch: 1 [26880/36000 (75%)]	Loss: 0.272144
Train Epoch: 1 [27520/36000 (76%)]	Loss: 0.044188
Train Epoch: 1 [28160/36000 (78%)]	Loss: 0.132664
Train Epoch: 1 [28800/36000 (80%)]	Loss: 0.103420
Train Epoch: 1 [29440/36000 (82%)]	Loss: 0.086342
Train Epoch: 1 [30080/36000 (83%)]	Loss: 0.090011
Train Epoch: 1 [30720/36000 (85%)]	Loss: 0.085074
Train Epoch: 1 [31360/36000 (87%)]	Loss: 0.138880
Train Epoch: 1 [32000/36000 (89%)]	Loss: 0.148709
Train Epoch: 1 [32640/36000 (91%)]	Loss: 0.085590
Train Epoch: 1 [33280/36000 (92%)]	Loss: 0.128457
Train Epoch: 1 [33920/36000 (94%)]	Loss: 0.138211
Train Epoch: 1 [34560/36000 (96%)]	Loss: 0.097769
Train Epoch: 1 [35200/36000 (98%)]	Loss: 0.049101
Train Epoch: 1 [35840/36000 (99%)]	Loss: 0.030097
Test set:
Overall: 82339/112000 (73.5%)
Train set:
Overall: 35539/36000 (98.7%)
Train Epoch: 2 [0/36000 (0%)]	Loss: 0.102491
Train Epoch: 2 [640/36000 (2%)]	Loss: 0.122146
Train Epoch: 2 [1280/36000 (4%)]	Loss: 0.051072
Train Epoch: 2 [1920/36000 (5%)]	Loss: 0.012862
Train Epoch: 2 [2560/36000 (7%)]	Loss: 0.026713
Train Epoch: 2 [3200/36000 (9%)]	Loss: 0.053335
Train Epoch: 2 [3840/36000 (11%)]	Loss: 0.056295
Train Epoch: 2 [4480/36000 (12%)]	Loss: 0.100641
Train Epoch: 2 [5120/36000 (14%)]	Loss: 0.007602
Train Epoch: 2 [5760/36000 (16%)]	Loss: 0.063891
Train Epoch: 2 [6400/36000 (18%)]	Loss: 0.067404
Train Epoch: 2 [7040/36000 (20%)]	Loss: 0.020053
Train Epoch: 2 [7680/36000 (21%)]	Loss: 0.144209
Train Epoch: 2 [8320/36000 (23%)]	Loss: 0.106887
Train Epoch: 2 [8960/36000 (25%)]	Loss: 0.073122
Train Epoch: 2 [9600/36000 (27%)]	Loss: 0.065338
Train Epoch: 2 [10240/36000 (28%)]	Loss: 0.076248
Train Epoch: 2 [10880/36000 (30%)]	Loss: 0.010724
Train Epoch: 2 [11520/36000 (32%)]	Loss: 0.052266
Train Epoch: 2 [12160/36000 (34%)]	Loss: 0.148725
Train Epoch: 2 [12800/36000 (36%)]	Loss: 0.065503
Train Epoch: 2 [13440/36000 (37%)]	Loss: 0.132910
Train Epoch: 2 [14080/36000 (39%)]	Loss: 0.018233
Train Epoch: 2 [14720/36000 (41%)]	Loss: 0.023870
Train Epoch: 2 [15360/36000 (43%)]	Loss: 0.039728
Train Epoch: 2 [16000/36000 (44%)]	Loss: 0.090112
Train Epoch: 2 [16640/36000 (46%)]	Loss: 0.085489
Train Epoch: 2 [17280/36000 (48%)]	Loss: 0.044441
Train Epoch: 2 [17920/36000 (50%)]	Loss: 0.067880
Train Epoch: 2 [18560/36000 (52%)]	Loss: 0.092369
Train Epoch: 2 [19200/36000 (53%)]	Loss: 0.068905
Train Epoch: 2 [19840/36000 (55%)]	Loss: 0.028354
Train Epoch: 2 [20480/36000 (57%)]	Loss: 0.058925
Train Epoch: 2 [21120/36000 (59%)]	Loss: 0.028593
Train Epoch: 2 [21760/36000 (60%)]	Loss: 0.036431
Train Epoch: 2 [22400/36000 (62%)]	Loss: 0.048039
Train Epoch: 2 [23040/36000 (64%)]	Loss: 0.038109
Train Epoch: 2 [23680/36000 (66%)]	Loss: 0.024433
Train Epoch: 2 [24320/36000 (67%)]	Loss: 0.027579
Train Epoch: 2 [24960/36000 (69%)]	Loss: 0.016746
Train Epoch: 2 [25600/36000 (71%)]	Loss: 0.024212
Train Epoch: 2 [26240/36000 (73%)]	Loss: 0.015131
Train Epoch: 2 [26880/36000 (75%)]	Loss: 0.081622
Train Epoch: 2 [27520/36000 (76%)]	Loss: 0.130387
Train Epoch: 2 [28160/36000 (78%)]	Loss: 0.016744
Train Epoch: 2 [28800/36000 (80%)]	Loss: 0.012745
Train Epoch: 2 [29440/36000 (82%)]	Loss: 0.082062
Train Epoch: 2 [30080/36000 (83%)]	Loss: 0.079418
Train Epoch: 2 [30720/36000 (85%)]	Loss: 0.042379
Train Epoch: 2 [31360/36000 (87%)]	Loss: 0.013443
Train Epoch: 2 [32000/36000 (89%)]	Loss: 0.083535
Train Epoch: 2 [32640/36000 (91%)]	Loss: 0.085770
Train Epoch: 2 [33280/36000 (92%)]	Loss: 0.048549
Train Epoch: 2 [33920/36000 (94%)]	Loss: 0.016245
Train Epoch: 2 [34560/36000 (96%)]	Loss: 0.043627
Train Epoch: 2 [35200/36000 (98%)]	Loss: 0.038361
Train Epoch: 2 [35840/36000 (99%)]	Loss: 0.032530
Test set:
Overall: 80558/112000 (71.9%)
Train set:
Overall: 35822/36000 (99.5%)
Train Epoch: 3 [0/36000 (0%)]	Loss: 0.016136
Train Epoch: 3 [640/36000 (2%)]	Loss: 0.105027
Train Epoch: 3 [1280/36000 (4%)]	Loss: 0.036160
Train Epoch: 3 [1920/36000 (5%)]	Loss: 0.097518
Train Epoch: 3 [2560/36000 (7%)]	Loss: 0.081898
Train Epoch: 3 [3200/36000 (9%)]	Loss: 0.018279
Train Epoch: 3 [3840/36000 (11%)]	Loss: 0.050960
Train Epoch: 3 [4480/36000 (12%)]	Loss: 0.044531
Train Epoch: 3 [5120/36000 (14%)]	Loss: 0.024967
Train Epoch: 3 [5760/36000 (16%)]	Loss: 0.043020
Train Epoch: 3 [6400/36000 (18%)]	Loss: 0.081467
Train Epoch: 3 [7040/36000 (20%)]	Loss: 0.034281
Train Epoch: 3 [7680/36000 (21%)]	Loss: 0.015424
Train Epoch: 3 [8320/36000 (23%)]	Loss: 0.029431
Train Epoch: 3 [8960/36000 (25%)]	Loss: 0.037099
Train Epoch: 3 [9600/36000 (27%)]	Loss: 0.051412
Train Epoch: 3 [10240/36000 (28%)]	Loss: 0.012045
Train Epoch: 3 [10880/36000 (30%)]	Loss: 0.017271
Train Epoch: 3 [11520/36000 (32%)]	Loss: 0.132227
Train Epoch: 3 [12160/36000 (34%)]	Loss: 0.018722
Train Epoch: 3 [12800/36000 (36%)]	Loss: 0.049457
Train Epoch: 3 [13440/36000 (37%)]	Loss: 0.013731
Train Epoch: 3 [14080/36000 (39%)]	Loss: 0.069746
Train Epoch: 3 [14720/36000 (41%)]	Loss: 0.051244
Train Epoch: 3 [15360/36000 (43%)]	Loss: 0.014883
Train Epoch: 3 [16000/36000 (44%)]	Loss: 0.017086
Train Epoch: 3 [16640/36000 (46%)]	Loss: 0.009526
Train Epoch: 3 [17280/36000 (48%)]	Loss: 0.147987
Train Epoch: 3 [17920/36000 (50%)]	Loss: 0.037633
Train Epoch: 3 [18560/36000 (52%)]	Loss: 0.039561
Train Epoch: 3 [19200/36000 (53%)]	Loss: 0.042102
Train Epoch: 3 [19840/36000 (55%)]	Loss: 0.024790
Train Epoch: 3 [20480/36000 (57%)]	Loss: 0.037162
Train Epoch: 3 [21120/36000 (59%)]	Loss: 0.028656
Train Epoch: 3 [21760/36000 (60%)]	Loss: 0.080649
Train Epoch: 3 [22400/36000 (62%)]	Loss: 0.015830
Train Epoch: 3 [23040/36000 (64%)]	Loss: 0.045002
Train Epoch: 3 [23680/36000 (66%)]	Loss: 0.020389
Train Epoch: 3 [24320/36000 (67%)]	Loss: 0.063055
Train Epoch: 3 [24960/36000 (69%)]	Loss: 0.023717
Train Epoch: 3 [25600/36000 (71%)]	Loss: 0.021712
Train Epoch: 3 [26240/36000 (73%)]	Loss: 0.141843
Train Epoch: 3 [26880/36000 (75%)]	Loss: 0.007434
Train Epoch: 3 [27520/36000 (76%)]	Loss: 0.039948
Train Epoch: 3 [28160/36000 (78%)]	Loss: 0.024363
Train Epoch: 3 [28800/36000 (80%)]	Loss: 0.020238
Train Epoch: 3 [29440/36000 (82%)]	Loss: 0.063413
Train Epoch: 3 [30080/36000 (83%)]	Loss: 0.030233
