Running on ax20.rc.zi.columbia.edu
Loaded pretrained conv weights from /home/lc3616/Projects/Mnist_pretrain_TI/mnist_cnn.pt
Train Epoch: 1 [0/36000 (0%)]	Loss: 0.790410
Train Epoch: 1 [640/36000 (2%)]	Loss: 2.188560
Train Epoch: 1 [1280/36000 (4%)]	Loss: 0.818393
Train Epoch: 1 [1920/36000 (5%)]	Loss: 0.615591
Train Epoch: 1 [2560/36000 (7%)]	Loss: 0.615041
Train Epoch: 1 [3200/36000 (9%)]	Loss: 0.515202
Train Epoch: 1 [3840/36000 (11%)]	Loss: 0.536088
Train Epoch: 1 [4480/36000 (12%)]	Loss: 0.576158
Train Epoch: 1 [5120/36000 (14%)]	Loss: 0.488434
Train Epoch: 1 [5760/36000 (16%)]	Loss: 0.486259
Train Epoch: 1 [6400/36000 (18%)]	Loss: 0.423611
Train Epoch: 1 [7040/36000 (20%)]	Loss: 0.453323
Train Epoch: 1 [7680/36000 (21%)]	Loss: 0.493384
Train Epoch: 1 [8320/36000 (23%)]	Loss: 0.472254
Train Epoch: 1 [8960/36000 (25%)]	Loss: 0.443453
Train Epoch: 1 [9600/36000 (27%)]	Loss: 0.535785
Train Epoch: 1 [10240/36000 (28%)]	Loss: 0.489530
Train Epoch: 1 [10880/36000 (30%)]	Loss: 0.522068
Train Epoch: 1 [11520/36000 (32%)]	Loss: 0.463874
Train Epoch: 1 [12160/36000 (34%)]	Loss: 0.446637
Train Epoch: 1 [12800/36000 (36%)]	Loss: 0.405752
Train Epoch: 1 [13440/36000 (37%)]	Loss: 0.377128
Train Epoch: 1 [14080/36000 (39%)]	Loss: 0.490010
Train Epoch: 1 [14720/36000 (41%)]	Loss: 0.504211
Train Epoch: 1 [15360/36000 (43%)]	Loss: 0.425955
Train Epoch: 1 [16000/36000 (44%)]	Loss: 0.416044
Train Epoch: 1 [16640/36000 (46%)]	Loss: 0.483250
Train Epoch: 1 [17280/36000 (48%)]	Loss: 0.535672
Train Epoch: 1 [17920/36000 (50%)]	Loss: 0.409954
Train Epoch: 1 [18560/36000 (52%)]	Loss: 0.538120
Train Epoch: 1 [19200/36000 (53%)]	Loss: 0.431477
Train Epoch: 1 [19840/36000 (55%)]	Loss: 0.495258
Train Epoch: 1 [20480/36000 (57%)]	Loss: 0.469129
Train Epoch: 1 [21120/36000 (59%)]	Loss: 0.436688
Train Epoch: 1 [21760/36000 (60%)]	Loss: 0.564638
Train Epoch: 1 [22400/36000 (62%)]	Loss: 0.399943
Train Epoch: 1 [23040/36000 (64%)]	Loss: 0.513250
Train Epoch: 1 [23680/36000 (66%)]	Loss: 0.448860
Train Epoch: 1 [24320/36000 (67%)]	Loss: 0.510945
Train Epoch: 1 [24960/36000 (69%)]	Loss: 0.374804
Train Epoch: 1 [25600/36000 (71%)]	Loss: 0.385480
Train Epoch: 1 [26240/36000 (73%)]	Loss: 0.394390
Train Epoch: 1 [26880/36000 (75%)]	Loss: 0.499179
Train Epoch: 1 [27520/36000 (76%)]	Loss: 0.443946
Train Epoch: 1 [28160/36000 (78%)]	Loss: 0.513144
Train Epoch: 1 [28800/36000 (80%)]	Loss: 0.426821
Train Epoch: 1 [29440/36000 (82%)]	Loss: 0.532549
Train Epoch: 1 [30080/36000 (83%)]	Loss: 0.350291
Train Epoch: 1 [30720/36000 (85%)]	Loss: 0.429737
Train Epoch: 1 [31360/36000 (87%)]	Loss: 0.455934
Train Epoch: 1 [32000/36000 (89%)]	Loss: 0.563602
Train Epoch: 1 [32640/36000 (91%)]	Loss: 0.678277
Train Epoch: 1 [33280/36000 (92%)]	Loss: 0.445361
Train Epoch: 1 [33920/36000 (94%)]	Loss: 0.542783
Train Epoch: 1 [34560/36000 (96%)]	Loss: 0.355736
Train Epoch: 1 [35200/36000 (98%)]	Loss: 0.428059
Train Epoch: 1 [35840/36000 (99%)]	Loss: 0.458492
Test set:
Overall: 106766/112000 (95.3%)
Train set:
Overall: 28974/36000 (80.5%)
Train Epoch: 2 [0/36000 (0%)]	Loss: 0.397317
Train Epoch: 2 [640/36000 (2%)]	Loss: 0.498997
Train Epoch: 2 [1280/36000 (4%)]	Loss: 0.420082
Train Epoch: 2 [1920/36000 (5%)]	Loss: 0.594774
Train Epoch: 2 [2560/36000 (7%)]	Loss: 0.403757
Train Epoch: 2 [3200/36000 (9%)]	Loss: 0.446821
Train Epoch: 2 [3840/36000 (11%)]	Loss: 0.395306
Train Epoch: 2 [4480/36000 (12%)]	Loss: 0.360079
Train Epoch: 2 [5120/36000 (14%)]	Loss: 0.364295
Train Epoch: 2 [5760/36000 (16%)]	Loss: 0.356992
Train Epoch: 2 [6400/36000 (18%)]	Loss: 0.387706
Train Epoch: 2 [7040/36000 (20%)]	Loss: 0.345122
Train Epoch: 2 [7680/36000 (21%)]	Loss: 0.403447
Train Epoch: 2 [8320/36000 (23%)]	Loss: 0.396955
Train Epoch: 2 [8960/36000 (25%)]	Loss: 0.408474
Train Epoch: 2 [9600/36000 (27%)]	Loss: 0.439148
Train Epoch: 2 [10240/36000 (28%)]	Loss: 0.433012
Train Epoch: 2 [10880/36000 (30%)]	Loss: 0.456415
Train Epoch: 2 [11520/36000 (32%)]	Loss: 0.333960
Train Epoch: 2 [12160/36000 (34%)]	Loss: 0.441845
Train Epoch: 2 [12800/36000 (36%)]	Loss: 0.509126
Train Epoch: 2 [13440/36000 (37%)]	Loss: 0.450507
Train Epoch: 2 [14080/36000 (39%)]	Loss: 0.422317
Train Epoch: 2 [14720/36000 (41%)]	Loss: 0.390294
Train Epoch: 2 [15360/36000 (43%)]	Loss: 0.367304
Train Epoch: 2 [16000/36000 (44%)]	Loss: 0.430122
Train Epoch: 2 [16640/36000 (46%)]	Loss: 0.414614
Train Epoch: 2 [17280/36000 (48%)]	Loss: 0.385026
Train Epoch: 2 [17920/36000 (50%)]	Loss: 0.486946
Train Epoch: 2 [18560/36000 (52%)]	Loss: 0.479745
Train Epoch: 2 [19200/36000 (53%)]	Loss: 0.404686
Train Epoch: 2 [19840/36000 (55%)]	Loss: 0.441527
Train Epoch: 2 [20480/36000 (57%)]	Loss: 0.411813
Train Epoch: 2 [21120/36000 (59%)]	Loss: 0.393799
Train Epoch: 2 [21760/36000 (60%)]	Loss: 0.373134
Train Epoch: 2 [22400/36000 (62%)]	Loss: 0.504447
Train Epoch: 2 [23040/36000 (64%)]	Loss: 0.347593
Train Epoch: 2 [23680/36000 (66%)]	Loss: 0.365122
Train Epoch: 2 [24320/36000 (67%)]	Loss: 0.565765
Train Epoch: 2 [24960/36000 (69%)]	Loss: 0.435794
Train Epoch: 2 [25600/36000 (71%)]	Loss: 0.551538
Train Epoch: 2 [26240/36000 (73%)]	Loss: 0.530712
Train Epoch: 2 [26880/36000 (75%)]	Loss: 0.548340
Train Epoch: 2 [27520/36000 (76%)]	Loss: 0.445941
Train Epoch: 2 [28160/36000 (78%)]	Loss: 0.372732
Train Epoch: 2 [28800/36000 (80%)]	Loss: 0.489918
Train Epoch: 2 [29440/36000 (82%)]	Loss: 0.419920
Train Epoch: 2 [30080/36000 (83%)]	Loss: 0.342580
Train Epoch: 2 [30720/36000 (85%)]	Loss: 0.417991
Train Epoch: 2 [31360/36000 (87%)]	Loss: 0.396694
Train Epoch: 2 [32000/36000 (89%)]	Loss: 0.284944
Train Epoch: 2 [32640/36000 (91%)]	Loss: 0.369230
Train Epoch: 2 [33280/36000 (92%)]	Loss: 0.417827
Train Epoch: 2 [33920/36000 (94%)]	Loss: 0.381560
Train Epoch: 2 [34560/36000 (96%)]	Loss: 0.470131
Train Epoch: 2 [35200/36000 (98%)]	Loss: 0.494806
Train Epoch: 2 [35840/36000 (99%)]	Loss: 0.575760
Test set:
Overall: 107884/112000 (96.3%)
Train set:
Overall: 30178/36000 (83.8%)
Train Epoch: 3 [0/36000 (0%)]	Loss: 0.406384
Train Epoch: 3 [640/36000 (2%)]	Loss: 0.314724
Train Epoch: 3 [1280/36000 (4%)]	Loss: 0.416609
Train Epoch: 3 [1920/36000 (5%)]	Loss: 0.351879
Train Epoch: 3 [2560/36000 (7%)]	Loss: 0.356300
Train Epoch: 3 [3200/36000 (9%)]	Loss: 0.323377
Train Epoch: 3 [3840/36000 (11%)]	Loss: 0.363893
Train Epoch: 3 [4480/36000 (12%)]	Loss: 0.361325
Train Epoch: 3 [5120/36000 (14%)]	Loss: 0.408756
Train Epoch: 3 [5760/36000 (16%)]	Loss: 0.576778
Train Epoch: 3 [6400/36000 (18%)]	Loss: 0.362272
Train Epoch: 3 [7040/36000 (20%)]	Loss: 0.472159
Train Epoch: 3 [7680/36000 (21%)]	Loss: 0.358585
Train Epoch: 3 [8320/36000 (23%)]	Loss: 0.373888
Train Epoch: 3 [8960/36000 (25%)]	Loss: 0.490644
Train Epoch: 3 [9600/36000 (27%)]	Loss: 0.496301
Train Epoch: 3 [10240/36000 (28%)]	Loss: 0.480476
Train Epoch: 3 [10880/36000 (30%)]	Loss: 0.379581
Train Epoch: 3 [11520/36000 (32%)]	Loss: 0.393640
Train Epoch: 3 [12160/36000 (34%)]	Loss: 0.386896
Train Epoch: 3 [12800/36000 (36%)]	Loss: 0.325054
Train Epoch: 3 [13440/36000 (37%)]	Loss: 0.499201
Train Epoch: 3 [14080/36000 (39%)]	Loss: 0.323725
Train Epoch: 3 [14720/36000 (41%)]	Loss: 0.452813
Train Epoch: 3 [15360/36000 (43%)]	Loss: 0.465347
Train Epoch: 3 [16000/36000 (44%)]	Loss: 0.450858
Train Epoch: 3 [16640/36000 (46%)]	Loss: 0.255554
Train Epoch: 3 [17280/36000 (48%)]	Loss: 0.300358
Train Epoch: 3 [17920/36000 (50%)]	Loss: 0.314656
Train Epoch: 3 [18560/36000 (52%)]	Loss: 0.426874
Train Epoch: 3 [19200/36000 (53%)]	Loss: 0.514754
Train Epoch: 3 [19840/36000 (55%)]	Loss: 0.591213
Train Epoch: 3 [20480/36000 (57%)]	Loss: 0.391680
Train Epoch: 3 [21120/36000 (59%)]	Loss: 0.307161
Train Epoch: 3 [21760/36000 (60%)]	Loss: 0.309211
Train Epoch: 3 [22400/36000 (62%)]	Loss: 0.563722
Train Epoch: 3 [23040/36000 (64%)]	Loss: 0.380398
Train Epoch: 3 [23680/36000 (66%)]	Loss: 0.434152
Train Epoch: 3 [24320/36000 (67%)]	Loss: 0.387550
Train Epoch: 3 [24960/36000 (69%)]	Loss: 0.327321
Train Epoch: 3 [25600/36000 (71%)]	Loss: 0.431715
Train Epoch: 3 [26240/36000 (73%)]	Loss: 0.357647
Train Epoch: 3 [26880/36000 (75%)]	Loss: 0.339702
Train Epoch: 3 [27520/36000 (76%)]	Loss: 0.485392
Train Epoch: 3 [28160/36000 (78%)]	Loss: 0.383390
Train Epoch: 3 [28800/36000 (80%)]	Loss: 0.437135
Train Epoch: 3 [29440/36000 (82%)]	Loss: 0.419623
Train Epoch: 3 [30080/36000 (83%)]	Loss: 0.538638
