Running on ax21.rc.zi.columbia.edu
Conv layers frozen
Train Epoch: 1 [0/32000 (0%)]	Loss: 0.692075
Train Epoch: 1 [640/32000 (2%)]	Loss: 0.684941
Train Epoch: 1 [1280/32000 (4%)]	Loss: 0.600005
Train Epoch: 1 [1920/32000 (6%)]	Loss: 0.668056
Train Epoch: 1 [2560/32000 (8%)]	Loss: 0.648139
Train Epoch: 1 [3200/32000 (10%)]	Loss: 0.671469
Train Epoch: 1 [3840/32000 (12%)]	Loss: 0.627095
Train Epoch: 1 [4480/32000 (14%)]	Loss: 0.647770
Train Epoch: 1 [5120/32000 (16%)]	Loss: 0.640389
Train Epoch: 1 [5760/32000 (18%)]	Loss: 0.641630
Train Epoch: 1 [6400/32000 (20%)]	Loss: 0.617998
Train Epoch: 1 [7040/32000 (22%)]	Loss: 0.634426
Train Epoch: 1 [7680/32000 (24%)]	Loss: 0.541685
Train Epoch: 1 [8320/32000 (26%)]	Loss: 0.553800
Train Epoch: 1 [8960/32000 (28%)]	Loss: 0.591762
Train Epoch: 1 [9600/32000 (30%)]	Loss: 0.515181
Train Epoch: 1 [10240/32000 (32%)]	Loss: 0.449200
Train Epoch: 1 [10880/32000 (34%)]	Loss: 0.444462
Train Epoch: 1 [11520/32000 (36%)]	Loss: 0.430919
Train Epoch: 1 [12160/32000 (38%)]	Loss: 0.448852
Train Epoch: 1 [12800/32000 (40%)]	Loss: 0.509263
Train Epoch: 1 [13440/32000 (42%)]	Loss: 0.465965
Train Epoch: 1 [14080/32000 (44%)]	Loss: 0.394993
Train Epoch: 1 [14720/32000 (46%)]	Loss: 0.379999
Train Epoch: 1 [15360/32000 (48%)]	Loss: 0.350164
Train Epoch: 1 [16000/32000 (50%)]	Loss: 0.280332
Train Epoch: 1 [16640/32000 (52%)]	Loss: 0.340115
Train Epoch: 1 [17280/32000 (54%)]	Loss: 0.296271
Train Epoch: 1 [17920/32000 (56%)]	Loss: 0.267604
Train Epoch: 1 [18560/32000 (58%)]	Loss: 0.334794
Train Epoch: 1 [19200/32000 (60%)]	Loss: 0.234168
Train Epoch: 1 [19840/32000 (62%)]	Loss: 0.209537
Train Epoch: 1 [20480/32000 (64%)]	Loss: 0.246391
Train Epoch: 1 [21120/32000 (66%)]	Loss: 0.210021
Train Epoch: 1 [21760/32000 (68%)]	Loss: 0.320610
Train Epoch: 1 [22400/32000 (70%)]	Loss: 0.327547
Train Epoch: 1 [23040/32000 (72%)]	Loss: 0.218719
Train Epoch: 1 [23680/32000 (74%)]	Loss: 0.252240
Train Epoch: 1 [24320/32000 (76%)]	Loss: 0.275452
Train Epoch: 1 [24960/32000 (78%)]	Loss: 0.224948
Train Epoch: 1 [25600/32000 (80%)]	Loss: 0.309783
Train Epoch: 1 [26240/32000 (82%)]	Loss: 0.256702
Train Epoch: 1 [26880/32000 (84%)]	Loss: 0.239016
Train Epoch: 1 [27520/32000 (86%)]	Loss: 0.268930
Train Epoch: 1 [28160/32000 (88%)]	Loss: 0.170116
Train Epoch: 1 [28800/32000 (90%)]	Loss: 0.257619
Train Epoch: 1 [29440/32000 (92%)]	Loss: 0.212486
Train Epoch: 1 [30080/32000 (94%)]	Loss: 0.263868
Train Epoch: 1 [30720/32000 (96%)]	Loss: 0.188588
Train Epoch: 1 [31360/32000 (98%)]	Loss: 0.106854
Test set:
Overall: 47901/112000 (42.8%)
Train set:
Overall: 29435/32000 (92.0%)
Train Epoch: 2 [0/32000 (0%)]	Loss: 0.216442
Train Epoch: 2 [640/32000 (2%)]	Loss: 0.192996
Train Epoch: 2 [1280/32000 (4%)]	Loss: 0.126533
Train Epoch: 2 [1920/32000 (6%)]	Loss: 0.238111
Train Epoch: 2 [2560/32000 (8%)]	Loss: 0.078138
Train Epoch: 2 [3200/32000 (10%)]	Loss: 0.146263
Train Epoch: 2 [3840/32000 (12%)]	Loss: 0.271772
Train Epoch: 2 [4480/32000 (14%)]	Loss: 0.227153
Train Epoch: 2 [5120/32000 (16%)]	Loss: 0.165846
Train Epoch: 2 [5760/32000 (18%)]	Loss: 0.235949
Train Epoch: 2 [6400/32000 (20%)]	Loss: 0.178891
Train Epoch: 2 [7040/32000 (22%)]	Loss: 0.257136
Train Epoch: 2 [7680/32000 (24%)]	Loss: 0.217084
Train Epoch: 2 [8320/32000 (26%)]	Loss: 0.175425
Train Epoch: 2 [8960/32000 (28%)]	Loss: 0.115150
Train Epoch: 2 [9600/32000 (30%)]	Loss: 0.198064
Train Epoch: 2 [10240/32000 (32%)]	Loss: 0.117287
Train Epoch: 2 [10880/32000 (34%)]	Loss: 0.149020
Train Epoch: 2 [11520/32000 (36%)]	Loss: 0.154876
Train Epoch: 2 [12160/32000 (38%)]	Loss: 0.148944
Train Epoch: 2 [12800/32000 (40%)]	Loss: 0.180821
Train Epoch: 2 [13440/32000 (42%)]	Loss: 0.076232
Train Epoch: 2 [14080/32000 (44%)]	Loss: 0.062875
Train Epoch: 2 [14720/32000 (46%)]	Loss: 0.087870
Train Epoch: 2 [15360/32000 (48%)]	Loss: 0.145593
Train Epoch: 2 [16000/32000 (50%)]	Loss: 0.143638
Train Epoch: 2 [16640/32000 (52%)]	Loss: 0.121608
Train Epoch: 2 [17280/32000 (54%)]	Loss: 0.125743
Train Epoch: 2 [17920/32000 (56%)]	Loss: 0.082964
Train Epoch: 2 [18560/32000 (58%)]	Loss: 0.105914
Train Epoch: 2 [19200/32000 (60%)]	Loss: 0.093759
Train Epoch: 2 [19840/32000 (62%)]	Loss: 0.209884
Train Epoch: 2 [20480/32000 (64%)]	Loss: 0.165789
Train Epoch: 2 [21120/32000 (66%)]	Loss: 0.104725
Train Epoch: 2 [21760/32000 (68%)]	Loss: 0.063639
Train Epoch: 2 [22400/32000 (70%)]	Loss: 0.081019
Train Epoch: 2 [23040/32000 (72%)]	Loss: 0.115149
Train Epoch: 2 [23680/32000 (74%)]	Loss: 0.061043
Train Epoch: 2 [24320/32000 (76%)]	Loss: 0.107678
Train Epoch: 2 [24960/32000 (78%)]	Loss: 0.153954
Train Epoch: 2 [25600/32000 (80%)]	Loss: 0.133965
Train Epoch: 2 [26240/32000 (82%)]	Loss: 0.069198
Train Epoch: 2 [26880/32000 (84%)]	Loss: 0.191489
Train Epoch: 2 [27520/32000 (86%)]	Loss: 0.191374
Train Epoch: 2 [28160/32000 (88%)]	Loss: 0.097583
Train Epoch: 2 [28800/32000 (90%)]	Loss: 0.042877
Train Epoch: 2 [29440/32000 (92%)]	Loss: 0.174974
Train Epoch: 2 [30080/32000 (94%)]	Loss: 0.212099
Train Epoch: 2 [30720/32000 (96%)]	Loss: 0.126946
Train Epoch: 2 [31360/32000 (98%)]	Loss: 0.069955
Test set:
Overall: 40103/112000 (35.8%)
Train set:
Overall: 30384/32000 (95.0%)
Train Epoch: 3 [0/32000 (0%)]	Loss: 0.059353
Train Epoch: 3 [640/32000 (2%)]	Loss: 0.094894
Train Epoch: 3 [1280/32000 (4%)]	Loss: 0.096114
Train Epoch: 3 [1920/32000 (6%)]	Loss: 0.161157
Train Epoch: 3 [2560/32000 (8%)]	Loss: 0.112063
Train Epoch: 3 [3200/32000 (10%)]	Loss: 0.084539
Train Epoch: 3 [3840/32000 (12%)]	Loss: 0.043575
Train Epoch: 3 [4480/32000 (14%)]	Loss: 0.189086
Train Epoch: 3 [5120/32000 (16%)]	Loss: 0.128500
Train Epoch: 3 [5760/32000 (18%)]	Loss: 0.040031
Train Epoch: 3 [6400/32000 (20%)]	Loss: 0.102209
Train Epoch: 3 [7040/32000 (22%)]	Loss: 0.058539
Train Epoch: 3 [7680/32000 (24%)]	Loss: 0.146349
Train Epoch: 3 [8320/32000 (26%)]	Loss: 0.060531
Train Epoch: 3 [8960/32000 (28%)]	Loss: 0.123722
Train Epoch: 3 [9600/32000 (30%)]	Loss: 0.084245
Train Epoch: 3 [10240/32000 (32%)]	Loss: 0.102070
Train Epoch: 3 [10880/32000 (34%)]	Loss: 0.050486
Train Epoch: 3 [11520/32000 (36%)]	Loss: 0.040112
Train Epoch: 3 [12160/32000 (38%)]	Loss: 0.184646
Train Epoch: 3 [12800/32000 (40%)]	Loss: 0.138266
Train Epoch: 3 [13440/32000 (42%)]	Loss: 0.089278
Train Epoch: 3 [14080/32000 (44%)]	Loss: 0.111235
Train Epoch: 3 [14720/32000 (46%)]	Loss: 0.115570
Train Epoch: 3 [15360/32000 (48%)]	Loss: 0.079844
Train Epoch: 3 [16000/32000 (50%)]	Loss: 0.080422
Train Epoch: 3 [16640/32000 (52%)]	Loss: 0.051786
Train Epoch: 3 [17280/32000 (54%)]	Loss: 0.127355
Train Epoch: 3 [17920/32000 (56%)]	Loss: 0.099879
Train Epoch: 3 [18560/32000 (58%)]	Loss: 0.032473
Train Epoch: 3 [19200/32000 (60%)]	Loss: 0.065236
Train Epoch: 3 [19840/32000 (62%)]	Loss: 0.059031
Train Epoch: 3 [20480/32000 (64%)]	Loss: 0.122299
Train Epoch: 3 [21120/32000 (66%)]	Loss: 0.098873
Train Epoch: 3 [21760/32000 (68%)]	Loss: 0.119802
Train Epoch: 3 [22400/32000 (70%)]	Loss: 0.038940
Train Epoch: 3 [23040/32000 (72%)]	Loss: 0.144151
Train Epoch: 3 [23680/32000 (74%)]	Loss: 0.056846
Train Epoch: 3 [24320/32000 (76%)]	Loss: 0.130249
Train Epoch: 3 [24960/32000 (78%)]	Loss: 0.154047
Train Epoch: 3 [25600/32000 (80%)]	Loss: 0.059041
Train Epoch: 3 [26240/32000 (82%)]	Loss: 0.097402
Train Epoch: 3 [26880/32000 (84%)]	Loss: 0.097612
Train Epoch: 3 [27520/32000 (86%)]	Loss: 0.078472
Train Epoch: 3 [28160/32000 (88%)]	Loss: 0.094575
Train Epoch: 3 [28800/32000 (90%)]	Loss: 0.152700
Train Epoch: 3 [29440/32000 (92%)]	Loss: 0.094805
Train Epoch: 3 [30080/32000 (94%)]	Loss: 0.066571
Train Epoch: 3 [30720/32000 (96%)]	Loss: 0.080842
Train Epoch: 3 [31360/32000 (98%)]	Loss: 0.105984
Test set:
Overall: 39941/112000 (35.7%)
Train set:
Overall: 31047/32000 (97.0%)
Train Epoch: 4 [0/32000 (0%)]	Loss: 0.092955
Train Epoch: 4 [640/32000 (2%)]	Loss: 0.141758
Train Epoch: 4 [1280/32000 (4%)]	Loss: 0.080363
Train Epoch: 4 [1920/32000 (6%)]	Loss: 0.068152
Train Epoch: 4 [2560/32000 (8%)]	Loss: 0.112064
Train Epoch: 4 [3200/32000 (10%)]	Loss: 0.029529
Train Epoch: 4 [3840/32000 (12%)]	Loss: 0.160679
Train Epoch: 4 [4480/32000 (14%)]	Loss: 0.113803
Train Epoch: 4 [5120/32000 (16%)]	Loss: 0.053033
Train Epoch: 4 [5760/32000 (18%)]	Loss: 0.040524
