Running on ax22.rc.zi.columbia.edu
Train Epoch: 1 [0/36000 (0%)]	Loss: 0.711657
Train Epoch: 1 [640/36000 (2%)]	Loss: 0.642998
Train Epoch: 1 [1280/36000 (4%)]	Loss: 0.634023
Train Epoch: 1 [1920/36000 (5%)]	Loss: 0.564555
Train Epoch: 1 [2560/36000 (7%)]	Loss: 0.621705
Train Epoch: 1 [3200/36000 (9%)]	Loss: 0.581180
Train Epoch: 1 [3840/36000 (11%)]	Loss: 0.545294
Train Epoch: 1 [4480/36000 (12%)]	Loss: 0.637848
Train Epoch: 1 [5120/36000 (14%)]	Loss: 0.561207
Train Epoch: 1 [5760/36000 (16%)]	Loss: 0.468308
Train Epoch: 1 [6400/36000 (18%)]	Loss: 0.450681
Train Epoch: 1 [7040/36000 (20%)]	Loss: 0.413717
Train Epoch: 1 [7680/36000 (21%)]	Loss: 0.507762
Train Epoch: 1 [8320/36000 (23%)]	Loss: 0.451238
Train Epoch: 1 [8960/36000 (25%)]	Loss: 0.475242
Train Epoch: 1 [9600/36000 (27%)]	Loss: 0.595514
Train Epoch: 1 [10240/36000 (28%)]	Loss: 0.487942
Train Epoch: 1 [10880/36000 (30%)]	Loss: 0.528707
Train Epoch: 1 [11520/36000 (32%)]	Loss: 0.489600
Train Epoch: 1 [12160/36000 (34%)]	Loss: 0.492220
Train Epoch: 1 [12800/36000 (36%)]	Loss: 0.416284
Train Epoch: 1 [13440/36000 (37%)]	Loss: 0.431395
Train Epoch: 1 [14080/36000 (39%)]	Loss: 0.532543
Train Epoch: 1 [14720/36000 (41%)]	Loss: 0.480903
Train Epoch: 1 [15360/36000 (43%)]	Loss: 0.446152
Train Epoch: 1 [16000/36000 (44%)]	Loss: 0.431300
Train Epoch: 1 [16640/36000 (46%)]	Loss: 0.459365
Train Epoch: 1 [17280/36000 (48%)]	Loss: 0.555302
Train Epoch: 1 [17920/36000 (50%)]	Loss: 0.453788
Train Epoch: 1 [18560/36000 (52%)]	Loss: 0.524318
Train Epoch: 1 [19200/36000 (53%)]	Loss: 0.476456
Train Epoch: 1 [19840/36000 (55%)]	Loss: 0.582134
Train Epoch: 1 [20480/36000 (57%)]	Loss: 0.504859
Train Epoch: 1 [21120/36000 (59%)]	Loss: 0.445786
Train Epoch: 1 [21760/36000 (60%)]	Loss: 0.570492
Train Epoch: 1 [22400/36000 (62%)]	Loss: 0.399402
Train Epoch: 1 [23040/36000 (64%)]	Loss: 0.479623
Train Epoch: 1 [23680/36000 (66%)]	Loss: 0.469778
Train Epoch: 1 [24320/36000 (67%)]	Loss: 0.558610
Train Epoch: 1 [24960/36000 (69%)]	Loss: 0.357851
Train Epoch: 1 [25600/36000 (71%)]	Loss: 0.391851
Train Epoch: 1 [26240/36000 (73%)]	Loss: 0.420791
Train Epoch: 1 [26880/36000 (75%)]	Loss: 0.499930
Train Epoch: 1 [27520/36000 (76%)]	Loss: 0.412706
Train Epoch: 1 [28160/36000 (78%)]	Loss: 0.515357
Train Epoch: 1 [28800/36000 (80%)]	Loss: 0.470290
Train Epoch: 1 [29440/36000 (82%)]	Loss: 0.501132
Train Epoch: 1 [30080/36000 (83%)]	Loss: 0.356412
Train Epoch: 1 [30720/36000 (85%)]	Loss: 0.424821
Train Epoch: 1 [31360/36000 (87%)]	Loss: 0.500545
Train Epoch: 1 [32000/36000 (89%)]	Loss: 0.521543
Train Epoch: 1 [32640/36000 (91%)]	Loss: 0.674517
Train Epoch: 1 [33280/36000 (92%)]	Loss: 0.475212
Train Epoch: 1 [33920/36000 (94%)]	Loss: 0.542067
Train Epoch: 1 [34560/36000 (96%)]	Loss: 0.381214
Train Epoch: 1 [35200/36000 (98%)]	Loss: 0.458389
Train Epoch: 1 [35840/36000 (99%)]	Loss: 0.504097
Test set:
Overall: 106414/112000 (95.0%)
Train set:
Overall: 28779/36000 (79.9%)
Train Epoch: 2 [0/36000 (0%)]	Loss: 0.404187
Train Epoch: 2 [640/36000 (2%)]	Loss: 0.469902
Train Epoch: 2 [1280/36000 (4%)]	Loss: 0.454935
Train Epoch: 2 [1920/36000 (5%)]	Loss: 0.580138
Train Epoch: 2 [2560/36000 (7%)]	Loss: 0.363568
Train Epoch: 2 [3200/36000 (9%)]	Loss: 0.475734
Train Epoch: 2 [3840/36000 (11%)]	Loss: 0.404875
Train Epoch: 2 [4480/36000 (12%)]	Loss: 0.334469
Train Epoch: 2 [5120/36000 (14%)]	Loss: 0.340982
Train Epoch: 2 [5760/36000 (16%)]	Loss: 0.340346
Train Epoch: 2 [6400/36000 (18%)]	Loss: 0.409568
Train Epoch: 2 [7040/36000 (20%)]	Loss: 0.381712
Train Epoch: 2 [7680/36000 (21%)]	Loss: 0.421284
Train Epoch: 2 [8320/36000 (23%)]	Loss: 0.350350
Train Epoch: 2 [8960/36000 (25%)]	Loss: 0.347343
Train Epoch: 2 [9600/36000 (27%)]	Loss: 0.423351
Train Epoch: 2 [10240/36000 (28%)]	Loss: 0.416310
Train Epoch: 2 [10880/36000 (30%)]	Loss: 0.444170
Train Epoch: 2 [11520/36000 (32%)]	Loss: 0.312901
Train Epoch: 2 [12160/36000 (34%)]	Loss: 0.387836
Train Epoch: 2 [12800/36000 (36%)]	Loss: 0.510059
Train Epoch: 2 [13440/36000 (37%)]	Loss: 0.488103
Train Epoch: 2 [14080/36000 (39%)]	Loss: 0.466725
Train Epoch: 2 [14720/36000 (41%)]	Loss: 0.368476
Train Epoch: 2 [15360/36000 (43%)]	Loss: 0.410273
Train Epoch: 2 [16000/36000 (44%)]	Loss: 0.509176
Train Epoch: 2 [16640/36000 (46%)]	Loss: 0.376578
Train Epoch: 2 [17280/36000 (48%)]	Loss: 0.348169
Train Epoch: 2 [17920/36000 (50%)]	Loss: 0.449078
Train Epoch: 2 [18560/36000 (52%)]	Loss: 0.430921
Train Epoch: 2 [19200/36000 (53%)]	Loss: 0.401627
Train Epoch: 2 [19840/36000 (55%)]	Loss: 0.369496
Train Epoch: 2 [20480/36000 (57%)]	Loss: 0.369248
Train Epoch: 2 [21120/36000 (59%)]	Loss: 0.349497
Train Epoch: 2 [21760/36000 (60%)]	Loss: 0.383639
Train Epoch: 2 [22400/36000 (62%)]	Loss: 0.439828
Train Epoch: 2 [23040/36000 (64%)]	Loss: 0.380648
Train Epoch: 2 [23680/36000 (66%)]	Loss: 0.370924
Train Epoch: 2 [24320/36000 (67%)]	Loss: 0.477701
Train Epoch: 2 [24960/36000 (69%)]	Loss: 0.403431
Train Epoch: 2 [25600/36000 (71%)]	Loss: 0.453823
Train Epoch: 2 [26240/36000 (73%)]	Loss: 0.504691
Train Epoch: 2 [26880/36000 (75%)]	Loss: 0.455194
Train Epoch: 2 [27520/36000 (76%)]	Loss: 0.417016
Train Epoch: 2 [28160/36000 (78%)]	Loss: 0.340296
Train Epoch: 2 [28800/36000 (80%)]	Loss: 0.449242
Train Epoch: 2 [29440/36000 (82%)]	Loss: 0.478539
Train Epoch: 2 [30080/36000 (83%)]	Loss: 0.332082
Train Epoch: 2 [30720/36000 (85%)]	Loss: 0.369011
Train Epoch: 2 [31360/36000 (87%)]	Loss: 0.387113
Train Epoch: 2 [32000/36000 (89%)]	Loss: 0.304569
Train Epoch: 2 [32640/36000 (91%)]	Loss: 0.348412
Train Epoch: 2 [33280/36000 (92%)]	Loss: 0.414700
Train Epoch: 2 [33920/36000 (94%)]	Loss: 0.339572
Train Epoch: 2 [34560/36000 (96%)]	Loss: 0.391488
Train Epoch: 2 [35200/36000 (98%)]	Loss: 0.425733
Train Epoch: 2 [35840/36000 (99%)]	Loss: 0.560271
Test set:
Overall: 108050/112000 (96.5%)
Train set:
Overall: 30209/36000 (83.9%)
Train Epoch: 3 [0/36000 (0%)]	Loss: 0.361483
Train Epoch: 3 [640/36000 (2%)]	Loss: 0.317657
Train Epoch: 3 [1280/36000 (4%)]	Loss: 0.356345
Train Epoch: 3 [1920/36000 (5%)]	Loss: 0.317954
Train Epoch: 3 [2560/36000 (7%)]	Loss: 0.399464
Train Epoch: 3 [3200/36000 (9%)]	Loss: 0.306725
Train Epoch: 3 [3840/36000 (11%)]	Loss: 0.475396
Train Epoch: 3 [4480/36000 (12%)]	Loss: 0.304830
Train Epoch: 3 [5120/36000 (14%)]	Loss: 0.406886
Train Epoch: 3 [5760/36000 (16%)]	Loss: 0.436351
Train Epoch: 3 [6400/36000 (18%)]	Loss: 0.370553
Train Epoch: 3 [7040/36000 (20%)]	Loss: 0.481525
Train Epoch: 3 [7680/36000 (21%)]	Loss: 0.302003
Train Epoch: 3 [8320/36000 (23%)]	Loss: 0.454420
Train Epoch: 3 [8960/36000 (25%)]	Loss: 0.473939
Train Epoch: 3 [9600/36000 (27%)]	Loss: 0.508250
Train Epoch: 3 [10240/36000 (28%)]	Loss: 0.437506
Train Epoch: 3 [10880/36000 (30%)]	Loss: 0.401855
Train Epoch: 3 [11520/36000 (32%)]	Loss: 0.401574
Train Epoch: 3 [12160/36000 (34%)]	Loss: 0.355735
Train Epoch: 3 [12800/36000 (36%)]	Loss: 0.281059
Train Epoch: 3 [13440/36000 (37%)]	Loss: 0.526859
Train Epoch: 3 [14080/36000 (39%)]	Loss: 0.334526
Train Epoch: 3 [14720/36000 (41%)]	Loss: 0.468993
Train Epoch: 3 [15360/36000 (43%)]	Loss: 0.439173
Train Epoch: 3 [16000/36000 (44%)]	Loss: 0.354568
Train Epoch: 3 [16640/36000 (46%)]	Loss: 0.246616
Train Epoch: 3 [17280/36000 (48%)]	Loss: 0.247706
Train Epoch: 3 [17920/36000 (50%)]	Loss: 0.347101
Train Epoch: 3 [18560/36000 (52%)]	Loss: 0.329214
Train Epoch: 3 [19200/36000 (53%)]	Loss: 0.462907
Train Epoch: 3 [19840/36000 (55%)]	Loss: 0.499611
Train Epoch: 3 [20480/36000 (57%)]	Loss: 0.336478
Train Epoch: 3 [21120/36000 (59%)]	Loss: 0.304825
Train Epoch: 3 [21760/36000 (60%)]	Loss: 0.294564
Train Epoch: 3 [22400/36000 (62%)]	Loss: 0.486596
Train Epoch: 3 [23040/36000 (64%)]	Loss: 0.372162
Train Epoch: 3 [23680/36000 (66%)]	Loss: 0.331981
Train Epoch: 3 [24320/36000 (67%)]	Loss: 0.444155
Train Epoch: 3 [24960/36000 (69%)]	Loss: 0.286259
Train Epoch: 3 [25600/36000 (71%)]	Loss: 0.383405
Train Epoch: 3 [26240/36000 (73%)]	Loss: 0.323225
Train Epoch: 3 [26880/36000 (75%)]	Loss: 0.374375
Train Epoch: 3 [27520/36000 (76%)]	Loss: 0.373647
Train Epoch: 3 [28160/36000 (78%)]	Loss: 0.338151
Train Epoch: 3 [28800/36000 (80%)]	Loss: 0.378041
Train Epoch: 3 [29440/36000 (82%)]	Loss: 0.463573
Train Epoch: 3 [30080/36000 (83%)]	Loss: 0.462320
