Running on ax11.rc.zi.columbia.edu
Loaded pretrained conv weights from /home/lc3616/Projects/Mnist_pretrain_TI/mnist_cnn.pt
Conv layers frozen
Train Epoch: 1 [0/36000 (0%)]	Loss: 0.700539
Train Epoch: 1 [640/36000 (2%)]	Loss: 0.734382
Train Epoch: 1 [1280/36000 (4%)]	Loss: 0.495037
Train Epoch: 1 [1920/36000 (5%)]	Loss: 0.381579
Train Epoch: 1 [2560/36000 (7%)]	Loss: 0.328403
Train Epoch: 1 [3200/36000 (9%)]	Loss: 0.301823
Train Epoch: 1 [3840/36000 (11%)]	Loss: 0.255312
Train Epoch: 1 [4480/36000 (12%)]	Loss: 0.168511
Train Epoch: 1 [5120/36000 (14%)]	Loss: 0.202472
Train Epoch: 1 [5760/36000 (16%)]	Loss: 0.217840
Train Epoch: 1 [6400/36000 (18%)]	Loss: 0.156449
Train Epoch: 1 [7040/36000 (20%)]	Loss: 0.103276
Train Epoch: 1 [7680/36000 (21%)]	Loss: 0.162696
Train Epoch: 1 [8320/36000 (23%)]	Loss: 0.110253
Train Epoch: 1 [8960/36000 (25%)]	Loss: 0.211213
Train Epoch: 1 [9600/36000 (27%)]	Loss: 0.118193
Train Epoch: 1 [10240/36000 (28%)]	Loss: 0.134058
Train Epoch: 1 [10880/36000 (30%)]	Loss: 0.119977
Train Epoch: 1 [11520/36000 (32%)]	Loss: 0.168020
Train Epoch: 1 [12160/36000 (34%)]	Loss: 0.152447
Train Epoch: 1 [12800/36000 (36%)]	Loss: 0.140121
Train Epoch: 1 [13440/36000 (37%)]	Loss: 0.305335
Train Epoch: 1 [14080/36000 (39%)]	Loss: 0.185339
Train Epoch: 1 [14720/36000 (41%)]	Loss: 0.338920
Train Epoch: 1 [15360/36000 (43%)]	Loss: 0.080017
Train Epoch: 1 [16000/36000 (44%)]	Loss: 0.117884
Train Epoch: 1 [16640/36000 (46%)]	Loss: 0.133478
Train Epoch: 1 [17280/36000 (48%)]	Loss: 0.091649
Train Epoch: 1 [17920/36000 (50%)]	Loss: 0.107585
Train Epoch: 1 [18560/36000 (52%)]	Loss: 0.074432
Train Epoch: 1 [19200/36000 (53%)]	Loss: 0.170191
Train Epoch: 1 [19840/36000 (55%)]	Loss: 0.180680
Train Epoch: 1 [20480/36000 (57%)]	Loss: 0.050360
Train Epoch: 1 [21120/36000 (59%)]	Loss: 0.153390
Train Epoch: 1 [21760/36000 (60%)]	Loss: 0.095120
Train Epoch: 1 [22400/36000 (62%)]	Loss: 0.080929
Train Epoch: 1 [23040/36000 (64%)]	Loss: 0.146844
Train Epoch: 1 [23680/36000 (66%)]	Loss: 0.198078
Train Epoch: 1 [24320/36000 (67%)]	Loss: 0.139205
Train Epoch: 1 [24960/36000 (69%)]	Loss: 0.058130
Train Epoch: 1 [25600/36000 (71%)]	Loss: 0.040514
Train Epoch: 1 [26240/36000 (73%)]	Loss: 0.061408
Train Epoch: 1 [26880/36000 (75%)]	Loss: 0.286027
Train Epoch: 1 [27520/36000 (76%)]	Loss: 0.064396
Train Epoch: 1 [28160/36000 (78%)]	Loss: 0.141884
Train Epoch: 1 [28800/36000 (80%)]	Loss: 0.142622
Train Epoch: 1 [29440/36000 (82%)]	Loss: 0.092611
Train Epoch: 1 [30080/36000 (83%)]	Loss: 0.049728
Train Epoch: 1 [30720/36000 (85%)]	Loss: 0.115093
Train Epoch: 1 [31360/36000 (87%)]	Loss: 0.127692
Train Epoch: 1 [32000/36000 (89%)]	Loss: 0.250257
Train Epoch: 1 [32640/36000 (91%)]	Loss: 0.099301
Train Epoch: 1 [33280/36000 (92%)]	Loss: 0.150996
Train Epoch: 1 [33920/36000 (94%)]	Loss: 0.242385
Train Epoch: 1 [34560/36000 (96%)]	Loss: 0.111932
Train Epoch: 1 [35200/36000 (98%)]	Loss: 0.061298
Train Epoch: 1 [35840/36000 (99%)]	Loss: 0.034196
Test set:
Overall: 81011/112000 (72.3%)
Train set:
Overall: 35537/36000 (98.7%)
Train Epoch: 2 [0/36000 (0%)]	Loss: 0.124249
Train Epoch: 2 [640/36000 (2%)]	Loss: 0.055685
Train Epoch: 2 [1280/36000 (4%)]	Loss: 0.034595
Train Epoch: 2 [1920/36000 (5%)]	Loss: 0.031354
Train Epoch: 2 [2560/36000 (7%)]	Loss: 0.058776
Train Epoch: 2 [3200/36000 (9%)]	Loss: 0.066858
Train Epoch: 2 [3840/36000 (11%)]	Loss: 0.076394
Train Epoch: 2 [4480/36000 (12%)]	Loss: 0.069580
Train Epoch: 2 [5120/36000 (14%)]	Loss: 0.026544
Train Epoch: 2 [5760/36000 (16%)]	Loss: 0.046316
Train Epoch: 2 [6400/36000 (18%)]	Loss: 0.110526
Train Epoch: 2 [7040/36000 (20%)]	Loss: 0.041902
Train Epoch: 2 [7680/36000 (21%)]	Loss: 0.096885
Train Epoch: 2 [8320/36000 (23%)]	Loss: 0.094212
Train Epoch: 2 [8960/36000 (25%)]	Loss: 0.073463
Train Epoch: 2 [9600/36000 (27%)]	Loss: 0.058113
Train Epoch: 2 [10240/36000 (28%)]	Loss: 0.026541
Train Epoch: 2 [10880/36000 (30%)]	Loss: 0.031333
Train Epoch: 2 [11520/36000 (32%)]	Loss: 0.059668
Train Epoch: 2 [12160/36000 (34%)]	Loss: 0.175977
Train Epoch: 2 [12800/36000 (36%)]	Loss: 0.063956
Train Epoch: 2 [13440/36000 (37%)]	Loss: 0.189154
Train Epoch: 2 [14080/36000 (39%)]	Loss: 0.032600
Train Epoch: 2 [14720/36000 (41%)]	Loss: 0.067046
Train Epoch: 2 [15360/36000 (43%)]	Loss: 0.041330
Train Epoch: 2 [16000/36000 (44%)]	Loss: 0.067350
Train Epoch: 2 [16640/36000 (46%)]	Loss: 0.188726
Train Epoch: 2 [17280/36000 (48%)]	Loss: 0.100026
Train Epoch: 2 [17920/36000 (50%)]	Loss: 0.072347
Train Epoch: 2 [18560/36000 (52%)]	Loss: 0.105069
Train Epoch: 2 [19200/36000 (53%)]	Loss: 0.154838
Train Epoch: 2 [19840/36000 (55%)]	Loss: 0.040995
Train Epoch: 2 [20480/36000 (57%)]	Loss: 0.081855
Train Epoch: 2 [21120/36000 (59%)]	Loss: 0.029382
Train Epoch: 2 [21760/36000 (60%)]	Loss: 0.058297
Train Epoch: 2 [22400/36000 (62%)]	Loss: 0.113194
Train Epoch: 2 [23040/36000 (64%)]	Loss: 0.036458
Train Epoch: 2 [23680/36000 (66%)]	Loss: 0.034798
Train Epoch: 2 [24320/36000 (67%)]	Loss: 0.029013
Train Epoch: 2 [24960/36000 (69%)]	Loss: 0.042611
Train Epoch: 2 [25600/36000 (71%)]	Loss: 0.040823
Train Epoch: 2 [26240/36000 (73%)]	Loss: 0.027282
Train Epoch: 2 [26880/36000 (75%)]	Loss: 0.099891
Train Epoch: 2 [27520/36000 (76%)]	Loss: 0.070001
Train Epoch: 2 [28160/36000 (78%)]	Loss: 0.082908
Train Epoch: 2 [28800/36000 (80%)]	Loss: 0.022128
Train Epoch: 2 [29440/36000 (82%)]	Loss: 0.095898
Train Epoch: 2 [30080/36000 (83%)]	Loss: 0.023612
Train Epoch: 2 [30720/36000 (85%)]	Loss: 0.107699
Train Epoch: 2 [31360/36000 (87%)]	Loss: 0.025333
Train Epoch: 2 [32000/36000 (89%)]	Loss: 0.098597
Train Epoch: 2 [32640/36000 (91%)]	Loss: 0.124232
Train Epoch: 2 [33280/36000 (92%)]	Loss: 0.028898
Train Epoch: 2 [33920/36000 (94%)]	Loss: 0.017837
Train Epoch: 2 [34560/36000 (96%)]	Loss: 0.033548
Train Epoch: 2 [35200/36000 (98%)]	Loss: 0.073791
Train Epoch: 2 [35840/36000 (99%)]	Loss: 0.041571
Test set:
Overall: 79327/112000 (70.8%)
Train set:
Overall: 35716/36000 (99.2%)
Train Epoch: 3 [0/36000 (0%)]	Loss: 0.013673
Train Epoch: 3 [640/36000 (2%)]	Loss: 0.161554
Train Epoch: 3 [1280/36000 (4%)]	Loss: 0.053058
Train Epoch: 3 [1920/36000 (5%)]	Loss: 0.186859
Train Epoch: 3 [2560/36000 (7%)]	Loss: 0.085860
Train Epoch: 3 [3200/36000 (9%)]	Loss: 0.014337
Train Epoch: 3 [3840/36000 (11%)]	Loss: 0.040347
Train Epoch: 3 [4480/36000 (12%)]	Loss: 0.035724
Train Epoch: 3 [5120/36000 (14%)]	Loss: 0.116911
Train Epoch: 3 [5760/36000 (16%)]	Loss: 0.065710
Train Epoch: 3 [6400/36000 (18%)]	Loss: 0.067298
Train Epoch: 3 [7040/36000 (20%)]	Loss: 0.026194
Train Epoch: 3 [7680/36000 (21%)]	Loss: 0.039158
Train Epoch: 3 [8320/36000 (23%)]	Loss: 0.050336
Train Epoch: 3 [8960/36000 (25%)]	Loss: 0.035007
Train Epoch: 3 [9600/36000 (27%)]	Loss: 0.106785
Train Epoch: 3 [10240/36000 (28%)]	Loss: 0.092404
Train Epoch: 3 [10880/36000 (30%)]	Loss: 0.017687
Train Epoch: 3 [11520/36000 (32%)]	Loss: 0.118073
Train Epoch: 3 [12160/36000 (34%)]	Loss: 0.033005
Train Epoch: 3 [12800/36000 (36%)]	Loss: 0.052096
Train Epoch: 3 [13440/36000 (37%)]	Loss: 0.012411
Train Epoch: 3 [14080/36000 (39%)]	Loss: 0.065228
Train Epoch: 3 [14720/36000 (41%)]	Loss: 0.065656
Train Epoch: 3 [15360/36000 (43%)]	Loss: 0.045405
Train Epoch: 3 [16000/36000 (44%)]	Loss: 0.077144
Train Epoch: 3 [16640/36000 (46%)]	Loss: 0.018088
Train Epoch: 3 [17280/36000 (48%)]	Loss: 0.162593
Train Epoch: 3 [17920/36000 (50%)]	Loss: 0.053248
Train Epoch: 3 [18560/36000 (52%)]	Loss: 0.038301
Train Epoch: 3 [19200/36000 (53%)]	Loss: 0.068210
Train Epoch: 3 [19840/36000 (55%)]	Loss: 0.057101
Train Epoch: 3 [20480/36000 (57%)]	Loss: 0.074153
Train Epoch: 3 [21120/36000 (59%)]	Loss: 0.024733
Train Epoch: 3 [21760/36000 (60%)]	Loss: 0.039570
Train Epoch: 3 [22400/36000 (62%)]	Loss: 0.070819
Train Epoch: 3 [23040/36000 (64%)]	Loss: 0.035053
Train Epoch: 3 [23680/36000 (66%)]	Loss: 0.007134
Train Epoch: 3 [24320/36000 (67%)]	Loss: 0.060320
Train Epoch: 3 [24960/36000 (69%)]	Loss: 0.024514
Train Epoch: 3 [25600/36000 (71%)]	Loss: 0.042243
Train Epoch: 3 [26240/36000 (73%)]	Loss: 0.159076
Train Epoch: 3 [26880/36000 (75%)]	Loss: 0.005650
Train Epoch: 3 [27520/36000 (76%)]	Loss: 0.044256
Train Epoch: 3 [28160/36000 (78%)]	Loss: 0.047027
Train Epoch: 3 [28800/36000 (80%)]	Loss: 0.033832
Train Epoch: 3 [29440/36000 (82%)]	Loss: 0.036418
Train Epoch: 3 [30080/36000 (83%)]	Loss: 0.013108
