Running on ax20.rc.zi.columbia.edu
Conv layers frozen
Train Epoch: 1 [0/36000 (0%)]	Loss: 0.712171
Train Epoch: 1 [640/36000 (2%)]	Loss: 0.673010
Train Epoch: 1 [1280/36000 (4%)]	Loss: 1.056737
Train Epoch: 1 [1920/36000 (5%)]	Loss: 0.596366
Train Epoch: 1 [2560/36000 (7%)]	Loss: 0.971242
Train Epoch: 1 [3200/36000 (9%)]	Loss: 1.242187
Train Epoch: 1 [3840/36000 (11%)]	Loss: 0.967089
Train Epoch: 1 [4480/36000 (12%)]	Loss: 2.026120
Train Epoch: 1 [5120/36000 (14%)]	Loss: 1.084739
Train Epoch: 1 [5760/36000 (16%)]	Loss: 0.587944
Train Epoch: 1 [6400/36000 (18%)]	Loss: 0.959702
Train Epoch: 1 [7040/36000 (20%)]	Loss: 1.554152
Train Epoch: 1 [7680/36000 (21%)]	Loss: 0.940638
Train Epoch: 1 [8320/36000 (23%)]	Loss: 0.811866
Train Epoch: 1 [8960/36000 (25%)]	Loss: 0.797076
Train Epoch: 1 [9600/36000 (27%)]	Loss: 0.899523
Train Epoch: 1 [10240/36000 (28%)]	Loss: 0.729846
Train Epoch: 1 [10880/36000 (30%)]	Loss: 0.913383
Train Epoch: 1 [11520/36000 (32%)]	Loss: 0.640847
Train Epoch: 1 [12160/36000 (34%)]	Loss: 0.587502
Train Epoch: 1 [12800/36000 (36%)]	Loss: 0.803690
Train Epoch: 1 [13440/36000 (37%)]	Loss: 0.701649
Train Epoch: 1 [14080/36000 (39%)]	Loss: 1.100628
Train Epoch: 1 [14720/36000 (41%)]	Loss: 0.964880
Train Epoch: 1 [15360/36000 (43%)]	Loss: 0.711696
Train Epoch: 1 [16000/36000 (44%)]	Loss: 0.785621
Train Epoch: 1 [16640/36000 (46%)]	Loss: 0.812302
Train Epoch: 1 [17280/36000 (48%)]	Loss: 1.430263
Train Epoch: 1 [17920/36000 (50%)]	Loss: 0.690153
Train Epoch: 1 [18560/36000 (52%)]	Loss: 0.998963
Train Epoch: 1 [19200/36000 (53%)]	Loss: 0.636655
Train Epoch: 1 [19840/36000 (55%)]	Loss: 0.747062
Train Epoch: 1 [20480/36000 (57%)]	Loss: 0.758901
Train Epoch: 1 [21120/36000 (59%)]	Loss: 1.044566
Train Epoch: 1 [21760/36000 (60%)]	Loss: 1.308147
Train Epoch: 1 [22400/36000 (62%)]	Loss: 0.532863
Train Epoch: 1 [23040/36000 (64%)]	Loss: 0.737589
Train Epoch: 1 [23680/36000 (66%)]	Loss: 0.909646
Train Epoch: 1 [24320/36000 (67%)]	Loss: 0.842511
Train Epoch: 1 [24960/36000 (69%)]	Loss: 1.057659
Train Epoch: 1 [25600/36000 (71%)]	Loss: 0.855385
Train Epoch: 1 [26240/36000 (73%)]	Loss: 1.271166
Train Epoch: 1 [26880/36000 (75%)]	Loss: 1.051530
Train Epoch: 1 [27520/36000 (76%)]	Loss: 0.872442
Train Epoch: 1 [28160/36000 (78%)]	Loss: 1.323744
Train Epoch: 1 [28800/36000 (80%)]	Loss: 1.937092
Train Epoch: 1 [29440/36000 (82%)]	Loss: 1.056261
Train Epoch: 1 [30080/36000 (83%)]	Loss: 0.561713
Train Epoch: 1 [30720/36000 (85%)]	Loss: 0.882337
Train Epoch: 1 [31360/36000 (87%)]	Loss: 1.233033
Train Epoch: 1 [32000/36000 (89%)]	Loss: 0.825236
Train Epoch: 1 [32640/36000 (91%)]	Loss: 0.898411
Train Epoch: 1 [33280/36000 (92%)]	Loss: 1.540243
Train Epoch: 1 [33920/36000 (94%)]	Loss: 0.905706
Train Epoch: 1 [34560/36000 (96%)]	Loss: 1.015302
Train Epoch: 1 [35200/36000 (98%)]	Loss: 1.452254
Train Epoch: 1 [35840/36000 (99%)]	Loss: 1.407357
Test set:
Overall: 82030/112000 (73.2%)
Train set:
Overall: 22170/36000 (61.6%)
Train Epoch: 2 [0/36000 (0%)]	Loss: 1.429618
Train Epoch: 2 [640/36000 (2%)]	Loss: 1.523664
Train Epoch: 2 [1280/36000 (4%)]	Loss: 1.344943
Train Epoch: 2 [1920/36000 (5%)]	Loss: 1.206499
Train Epoch: 2 [2560/36000 (7%)]	Loss: 0.618832
Train Epoch: 2 [3200/36000 (9%)]	Loss: 0.863848
Train Epoch: 2 [3840/36000 (11%)]	Loss: 0.750290
Train Epoch: 2 [4480/36000 (12%)]	Loss: 2.478455
Train Epoch: 2 [5120/36000 (14%)]	Loss: 0.704769
Train Epoch: 2 [5760/36000 (16%)]	Loss: 1.107322
Train Epoch: 2 [6400/36000 (18%)]	Loss: 1.133545
Train Epoch: 2 [7040/36000 (20%)]	Loss: 0.670120
Train Epoch: 2 [7680/36000 (21%)]	Loss: 1.015175
Train Epoch: 2 [8320/36000 (23%)]	Loss: 0.424488
Train Epoch: 2 [8960/36000 (25%)]	Loss: 1.056600
Train Epoch: 2 [9600/36000 (27%)]	Loss: 0.857190
Train Epoch: 2 [10240/36000 (28%)]	Loss: 0.665163
Train Epoch: 2 [10880/36000 (30%)]	Loss: 0.870218
Train Epoch: 2 [11520/36000 (32%)]	Loss: 0.808261
Train Epoch: 2 [12160/36000 (34%)]	Loss: 0.591833
Train Epoch: 2 [12800/36000 (36%)]	Loss: 0.538054
Train Epoch: 2 [13440/36000 (37%)]	Loss: 1.013589
Train Epoch: 2 [14080/36000 (39%)]	Loss: 0.938303
Train Epoch: 2 [14720/36000 (41%)]	Loss: 0.584653
Train Epoch: 2 [15360/36000 (43%)]	Loss: 0.650166
Train Epoch: 2 [16000/36000 (44%)]	Loss: 1.324792
Train Epoch: 2 [16640/36000 (46%)]	Loss: 0.927831
Train Epoch: 2 [17280/36000 (48%)]	Loss: 0.566026
Train Epoch: 2 [17920/36000 (50%)]	Loss: 0.660201
Train Epoch: 2 [18560/36000 (52%)]	Loss: 0.880147
Train Epoch: 2 [19200/36000 (53%)]	Loss: 1.856023
Train Epoch: 2 [19840/36000 (55%)]	Loss: 1.172933
Train Epoch: 2 [20480/36000 (57%)]	Loss: 0.740016
Train Epoch: 2 [21120/36000 (59%)]	Loss: 0.873640
Train Epoch: 2 [21760/36000 (60%)]	Loss: 0.872686
Train Epoch: 2 [22400/36000 (62%)]	Loss: 1.483475
Train Epoch: 2 [23040/36000 (64%)]	Loss: 1.382944
Train Epoch: 2 [23680/36000 (66%)]	Loss: 0.627726
Train Epoch: 2 [24320/36000 (67%)]	Loss: 0.855865
Train Epoch: 2 [24960/36000 (69%)]	Loss: 0.860978
Train Epoch: 2 [25600/36000 (71%)]	Loss: 0.730047
Train Epoch: 2 [26240/36000 (73%)]	Loss: 0.835883
Train Epoch: 2 [26880/36000 (75%)]	Loss: 0.969815
Train Epoch: 2 [27520/36000 (76%)]	Loss: 0.780095
Train Epoch: 2 [28160/36000 (78%)]	Loss: 0.732286
Train Epoch: 2 [28800/36000 (80%)]	Loss: 0.875580
Train Epoch: 2 [29440/36000 (82%)]	Loss: 0.763037
Train Epoch: 2 [30080/36000 (83%)]	Loss: 0.750747
Train Epoch: 2 [30720/36000 (85%)]	Loss: 1.600431
Train Epoch: 2 [31360/36000 (87%)]	Loss: 1.516255
Train Epoch: 2 [32000/36000 (89%)]	Loss: 0.693661
Train Epoch: 2 [32640/36000 (91%)]	Loss: 0.686476
Train Epoch: 2 [33280/36000 (92%)]	Loss: 0.881087
Train Epoch: 2 [33920/36000 (94%)]	Loss: 1.212906
Train Epoch: 2 [34560/36000 (96%)]	Loss: 1.801926
Train Epoch: 2 [35200/36000 (98%)]	Loss: 3.300047
Train Epoch: 2 [35840/36000 (99%)]	Loss: 2.202809
Test set:
Overall: 92565/112000 (82.6%)
Train set:
Overall: 24700/36000 (68.6%)
Train Epoch: 3 [0/36000 (0%)]	Loss: 1.092046
Train Epoch: 3 [640/36000 (2%)]	Loss: 2.119195
Train Epoch: 3 [1280/36000 (4%)]	Loss: 1.029036
Train Epoch: 3 [1920/36000 (5%)]	Loss: 1.938422
Train Epoch: 3 [2560/36000 (7%)]	Loss: 1.217590
Train Epoch: 3 [3200/36000 (9%)]	Loss: 0.940497
Train Epoch: 3 [3840/36000 (11%)]	Loss: 1.451973
Train Epoch: 3 [4480/36000 (12%)]	Loss: 0.892484
Train Epoch: 3 [5120/36000 (14%)]	Loss: 0.911792
Train Epoch: 3 [5760/36000 (16%)]	Loss: 1.706021
Train Epoch: 3 [6400/36000 (18%)]	Loss: 0.599402
Train Epoch: 3 [7040/36000 (20%)]	Loss: 0.570387
Train Epoch: 3 [7680/36000 (21%)]	Loss: 0.583519
Train Epoch: 3 [8320/36000 (23%)]	Loss: 0.799403
Train Epoch: 3 [8960/36000 (25%)]	Loss: 0.788762
Train Epoch: 3 [9600/36000 (27%)]	Loss: 0.792701
Train Epoch: 3 [10240/36000 (28%)]	Loss: 1.435570
Train Epoch: 3 [10880/36000 (30%)]	Loss: 0.590042
Train Epoch: 3 [11520/36000 (32%)]	Loss: 0.837521
Train Epoch: 3 [12160/36000 (34%)]	Loss: 0.984852
Train Epoch: 3 [12800/36000 (36%)]	Loss: 1.934957
Train Epoch: 3 [13440/36000 (37%)]	Loss: 0.931723
Train Epoch: 3 [14080/36000 (39%)]	Loss: 0.987682
Train Epoch: 3 [14720/36000 (41%)]	Loss: 0.970984
Train Epoch: 3 [15360/36000 (43%)]	Loss: 0.813114
Train Epoch: 3 [16000/36000 (44%)]	Loss: 1.114293
Train Epoch: 3 [16640/36000 (46%)]	Loss: 0.461799
Train Epoch: 3 [17280/36000 (48%)]	Loss: 0.693440
Train Epoch: 3 [17920/36000 (50%)]	Loss: 0.899673
Train Epoch: 3 [18560/36000 (52%)]	Loss: 0.701679
Train Epoch: 3 [19200/36000 (53%)]	Loss: 0.998513
Train Epoch: 3 [19840/36000 (55%)]	Loss: 1.025063
Train Epoch: 3 [20480/36000 (57%)]	Loss: 0.534526
Train Epoch: 3 [21120/36000 (59%)]	Loss: 0.693035
Train Epoch: 3 [21760/36000 (60%)]	Loss: 0.408018
Train Epoch: 3 [22400/36000 (62%)]	Loss: 0.801608
Train Epoch: 3 [23040/36000 (64%)]	Loss: 0.593938
Train Epoch: 3 [23680/36000 (66%)]	Loss: 0.746936
Train Epoch: 3 [24320/36000 (67%)]	Loss: 0.568979
Train Epoch: 3 [24960/36000 (69%)]	Loss: 0.481262
Train Epoch: 3 [25600/36000 (71%)]	Loss: 0.672513
Train Epoch: 3 [26240/36000 (73%)]	Loss: 0.822142
Train Epoch: 3 [26880/36000 (75%)]	Loss: 0.693503
Train Epoch: 3 [27520/36000 (76%)]	Loss: 0.719463
Train Epoch: 3 [28160/36000 (78%)]	Loss: 0.648097
Train Epoch: 3 [28800/36000 (80%)]	Loss: 1.028925
Train Epoch: 3 [29440/36000 (82%)]	Loss: 0.817662
Train Epoch: 3 [30080/36000 (83%)]	Loss: 0.623812
