Running on ax21.rc.zi.columbia.edu
Conv layers frozen
Train Epoch: 1 [0/36000 (0%)]	Loss: 0.689751
Train Epoch: 1 [640/36000 (2%)]	Loss: 0.681631
Train Epoch: 1 [1280/36000 (4%)]	Loss: 0.626257
Train Epoch: 1 [1920/36000 (5%)]	Loss: 0.628243
Train Epoch: 1 [2560/36000 (7%)]	Loss: 0.591059
Train Epoch: 1 [3200/36000 (9%)]	Loss: 0.597971
Train Epoch: 1 [3840/36000 (11%)]	Loss: 0.537396
Train Epoch: 1 [4480/36000 (12%)]	Loss: 0.540801
Train Epoch: 1 [5120/36000 (14%)]	Loss: 0.556963
Train Epoch: 1 [5760/36000 (16%)]	Loss: 0.554217
Train Epoch: 1 [6400/36000 (18%)]	Loss: 0.500471
Train Epoch: 1 [7040/36000 (20%)]	Loss: 0.575513
Train Epoch: 1 [7680/36000 (21%)]	Loss: 0.509946
Train Epoch: 1 [8320/36000 (23%)]	Loss: 0.502024
Train Epoch: 1 [8960/36000 (25%)]	Loss: 0.479180
Train Epoch: 1 [9600/36000 (27%)]	Loss: 0.430307
Train Epoch: 1 [10240/36000 (28%)]	Loss: 0.479214
Train Epoch: 1 [10880/36000 (30%)]	Loss: 0.371835
Train Epoch: 1 [11520/36000 (32%)]	Loss: 0.484438
Train Epoch: 1 [12160/36000 (34%)]	Loss: 0.479942
Train Epoch: 1 [12800/36000 (36%)]	Loss: 0.398855
Train Epoch: 1 [13440/36000 (37%)]	Loss: 0.448748
Train Epoch: 1 [14080/36000 (39%)]	Loss: 0.431909
Train Epoch: 1 [14720/36000 (41%)]	Loss: 0.412889
Train Epoch: 1 [15360/36000 (43%)]	Loss: 0.358920
Train Epoch: 1 [16000/36000 (44%)]	Loss: 0.319445
Train Epoch: 1 [16640/36000 (46%)]	Loss: 0.291090
Train Epoch: 1 [17280/36000 (48%)]	Loss: 0.337449
Train Epoch: 1 [17920/36000 (50%)]	Loss: 0.256026
Train Epoch: 1 [18560/36000 (52%)]	Loss: 0.171157
Train Epoch: 1 [19200/36000 (53%)]	Loss: 0.321625
Train Epoch: 1 [19840/36000 (55%)]	Loss: 0.158007
Train Epoch: 1 [20480/36000 (57%)]	Loss: 0.250522
Train Epoch: 1 [21120/36000 (59%)]	Loss: 0.298134
Train Epoch: 1 [21760/36000 (60%)]	Loss: 0.298570
Train Epoch: 1 [22400/36000 (62%)]	Loss: 0.186787
Train Epoch: 1 [23040/36000 (64%)]	Loss: 0.270624
Train Epoch: 1 [23680/36000 (66%)]	Loss: 0.359589
Train Epoch: 1 [24320/36000 (67%)]	Loss: 0.193058
Train Epoch: 1 [24960/36000 (69%)]	Loss: 0.122114
Train Epoch: 1 [25600/36000 (71%)]	Loss: 0.450470
Train Epoch: 1 [26240/36000 (73%)]	Loss: 0.162424
Train Epoch: 1 [26880/36000 (75%)]	Loss: 0.247650
Train Epoch: 1 [27520/36000 (76%)]	Loss: 0.094567
Train Epoch: 1 [28160/36000 (78%)]	Loss: 0.245034
Train Epoch: 1 [28800/36000 (80%)]	Loss: 0.285906
Train Epoch: 1 [29440/36000 (82%)]	Loss: 0.113934
Train Epoch: 1 [30080/36000 (83%)]	Loss: 0.173698
Train Epoch: 1 [30720/36000 (85%)]	Loss: 0.224680
Train Epoch: 1 [31360/36000 (87%)]	Loss: 0.250130
Train Epoch: 1 [32000/36000 (89%)]	Loss: 0.112807
Train Epoch: 1 [32640/36000 (91%)]	Loss: 0.200945
Train Epoch: 1 [33280/36000 (92%)]	Loss: 0.203868
Train Epoch: 1 [33920/36000 (94%)]	Loss: 0.138578
Train Epoch: 1 [34560/36000 (96%)]	Loss: 0.196922
Train Epoch: 1 [35200/36000 (98%)]	Loss: 0.111391
Train Epoch: 1 [35840/36000 (99%)]	Loss: 0.140119
Test set:
Overall: 72194/112000 (64.5%)
Train set:
Overall: 33144/36000 (92.1%)
Train Epoch: 2 [0/36000 (0%)]	Loss: 0.187708
Train Epoch: 2 [640/36000 (2%)]	Loss: 0.213608
Train Epoch: 2 [1280/36000 (4%)]	Loss: 0.220038
Train Epoch: 2 [1920/36000 (5%)]	Loss: 0.111038
Train Epoch: 2 [2560/36000 (7%)]	Loss: 0.061968
Train Epoch: 2 [3200/36000 (9%)]	Loss: 0.167922
Train Epoch: 2 [3840/36000 (11%)]	Loss: 0.144398
Train Epoch: 2 [4480/36000 (12%)]	Loss: 0.117982
Train Epoch: 2 [5120/36000 (14%)]	Loss: 0.144368
Train Epoch: 2 [5760/36000 (16%)]	Loss: 0.107861
Train Epoch: 2 [6400/36000 (18%)]	Loss: 0.162066
Train Epoch: 2 [7040/36000 (20%)]	Loss: 0.069884
Train Epoch: 2 [7680/36000 (21%)]	Loss: 0.171337
Train Epoch: 2 [8320/36000 (23%)]	Loss: 0.207995
Train Epoch: 2 [8960/36000 (25%)]	Loss: 0.087421
Train Epoch: 2 [9600/36000 (27%)]	Loss: 0.133230
Train Epoch: 2 [10240/36000 (28%)]	Loss: 0.037829
Train Epoch: 2 [10880/36000 (30%)]	Loss: 0.097521
Train Epoch: 2 [11520/36000 (32%)]	Loss: 0.114595
Train Epoch: 2 [12160/36000 (34%)]	Loss: 0.125671
Train Epoch: 2 [12800/36000 (36%)]	Loss: 0.173510
Train Epoch: 2 [13440/36000 (37%)]	Loss: 0.100802
Train Epoch: 2 [14080/36000 (39%)]	Loss: 0.258672
Train Epoch: 2 [14720/36000 (41%)]	Loss: 0.093112
Train Epoch: 2 [15360/36000 (43%)]	Loss: 0.111642
Train Epoch: 2 [16000/36000 (44%)]	Loss: 0.161468
Train Epoch: 2 [16640/36000 (46%)]	Loss: 0.316186
Train Epoch: 2 [17280/36000 (48%)]	Loss: 0.096077
Train Epoch: 2 [17920/36000 (50%)]	Loss: 0.059187
Train Epoch: 2 [18560/36000 (52%)]	Loss: 0.160192
Train Epoch: 2 [19200/36000 (53%)]	Loss: 0.262613
Train Epoch: 2 [19840/36000 (55%)]	Loss: 0.171778
Train Epoch: 2 [20480/36000 (57%)]	Loss: 0.126430
Train Epoch: 2 [21120/36000 (59%)]	Loss: 0.064308
Train Epoch: 2 [21760/36000 (60%)]	Loss: 0.342218
Train Epoch: 2 [22400/36000 (62%)]	Loss: 0.127643
Train Epoch: 2 [23040/36000 (64%)]	Loss: 0.114304
Train Epoch: 2 [23680/36000 (66%)]	Loss: 0.077696
Train Epoch: 2 [24320/36000 (67%)]	Loss: 0.168875
Train Epoch: 2 [24960/36000 (69%)]	Loss: 0.064414
Train Epoch: 2 [25600/36000 (71%)]	Loss: 0.102494
Train Epoch: 2 [26240/36000 (73%)]	Loss: 0.067461
Train Epoch: 2 [26880/36000 (75%)]	Loss: 0.130842
Train Epoch: 2 [27520/36000 (76%)]	Loss: 0.141846
Train Epoch: 2 [28160/36000 (78%)]	Loss: 0.062211
Train Epoch: 2 [28800/36000 (80%)]	Loss: 0.147898
Train Epoch: 2 [29440/36000 (82%)]	Loss: 0.185832
Train Epoch: 2 [30080/36000 (83%)]	Loss: 0.051069
Train Epoch: 2 [30720/36000 (85%)]	Loss: 0.157788
Train Epoch: 2 [31360/36000 (87%)]	Loss: 0.074673
Train Epoch: 2 [32000/36000 (89%)]	Loss: 0.189635
Train Epoch: 2 [32640/36000 (91%)]	Loss: 0.233438
Train Epoch: 2 [33280/36000 (92%)]	Loss: 0.085434
Train Epoch: 2 [33920/36000 (94%)]	Loss: 0.052734
Train Epoch: 2 [34560/36000 (96%)]	Loss: 0.091763
Train Epoch: 2 [35200/36000 (98%)]	Loss: 0.055697
Train Epoch: 2 [35840/36000 (99%)]	Loss: 0.155013
Test set:
Overall: 73815/112000 (65.9%)
Train set:
Overall: 34935/36000 (97.0%)
Train Epoch: 3 [0/36000 (0%)]	Loss: 0.043622
Train Epoch: 3 [640/36000 (2%)]	Loss: 0.119722
Train Epoch: 3 [1280/36000 (4%)]	Loss: 0.029107
Train Epoch: 3 [1920/36000 (5%)]	Loss: 0.253983
Train Epoch: 3 [2560/36000 (7%)]	Loss: 0.104376
Train Epoch: 3 [3200/36000 (9%)]	Loss: 0.076186
Train Epoch: 3 [3840/36000 (11%)]	Loss: 0.068349
Train Epoch: 3 [4480/36000 (12%)]	Loss: 0.063982
Train Epoch: 3 [5120/36000 (14%)]	Loss: 0.136057
Train Epoch: 3 [5760/36000 (16%)]	Loss: 0.072670
Train Epoch: 3 [6400/36000 (18%)]	Loss: 0.066695
Train Epoch: 3 [7040/36000 (20%)]	Loss: 0.097975
Train Epoch: 3 [7680/36000 (21%)]	Loss: 0.084140
Train Epoch: 3 [8320/36000 (23%)]	Loss: 0.167048
Train Epoch: 3 [8960/36000 (25%)]	Loss: 0.149453
Train Epoch: 3 [9600/36000 (27%)]	Loss: 0.113445
Train Epoch: 3 [10240/36000 (28%)]	Loss: 0.126115
Train Epoch: 3 [10880/36000 (30%)]	Loss: 0.084534
Train Epoch: 3 [11520/36000 (32%)]	Loss: 0.161161
Train Epoch: 3 [12160/36000 (34%)]	Loss: 0.152017
Train Epoch: 3 [12800/36000 (36%)]	Loss: 0.093716
Train Epoch: 3 [13440/36000 (37%)]	Loss: 0.044773
Train Epoch: 3 [14080/36000 (39%)]	Loss: 0.061273
Train Epoch: 3 [14720/36000 (41%)]	Loss: 0.230865
Train Epoch: 3 [15360/36000 (43%)]	Loss: 0.156643
Train Epoch: 3 [16000/36000 (44%)]	Loss: 0.181161
Train Epoch: 3 [16640/36000 (46%)]	Loss: 0.047461
Train Epoch: 3 [17280/36000 (48%)]	Loss: 0.239082
Train Epoch: 3 [17920/36000 (50%)]	Loss: 0.086105
Train Epoch: 3 [18560/36000 (52%)]	Loss: 0.130870
Train Epoch: 3 [19200/36000 (53%)]	Loss: 0.067872
Train Epoch: 3 [19840/36000 (55%)]	Loss: 0.033853
Train Epoch: 3 [20480/36000 (57%)]	Loss: 0.064926
Train Epoch: 3 [21120/36000 (59%)]	Loss: 0.077362
Train Epoch: 3 [21760/36000 (60%)]	Loss: 0.056642
Train Epoch: 3 [22400/36000 (62%)]	Loss: 0.083669
Train Epoch: 3 [23040/36000 (64%)]	Loss: 0.045342
Train Epoch: 3 [23680/36000 (66%)]	Loss: 0.141283
Train Epoch: 3 [24320/36000 (67%)]	Loss: 0.059631
Train Epoch: 3 [24960/36000 (69%)]	Loss: 0.089429
Train Epoch: 3 [25600/36000 (71%)]	Loss: 0.119923
Train Epoch: 3 [26240/36000 (73%)]	Loss: 0.111688
Train Epoch: 3 [26880/36000 (75%)]	Loss: 0.046925
Train Epoch: 3 [27520/36000 (76%)]	Loss: 0.089602
Train Epoch: 3 [28160/36000 (78%)]	Loss: 0.095212
Train Epoch: 3 [28800/36000 (80%)]	Loss: 0.013733
Train Epoch: 3 [29440/36000 (82%)]	Loss: 0.066948
Train Epoch: 3 [30080/36000 (83%)]	Loss: 0.077654
