Running on ax20.rc.zi.columbia.edu
Loaded pretrained conv weights from /home/lc3616/Projects/Mnist_pretrain_TI/mnist_cnn.pt
Conv layers frozen
Train Epoch: 1 [0/36000 (0%)]	Loss: 0.790410
Train Epoch: 1 [640/36000 (2%)]	Loss: 3.963934
Train Epoch: 1 [1280/36000 (4%)]	Loss: 2.109547
Train Epoch: 1 [1920/36000 (5%)]	Loss: 1.869468
Train Epoch: 1 [2560/36000 (7%)]	Loss: 3.892046
Train Epoch: 1 [3200/36000 (9%)]	Loss: 5.784090
Train Epoch: 1 [3840/36000 (11%)]	Loss: 2.187217
Train Epoch: 1 [4480/36000 (12%)]	Loss: 3.219492
Train Epoch: 1 [5120/36000 (14%)]	Loss: 2.509593
Train Epoch: 1 [5760/36000 (16%)]	Loss: 2.463784
Train Epoch: 1 [6400/36000 (18%)]	Loss: 2.286574
Train Epoch: 1 [7040/36000 (20%)]	Loss: 2.541658
Train Epoch: 1 [7680/36000 (21%)]	Loss: 3.432311
Train Epoch: 1 [8320/36000 (23%)]	Loss: 1.609525
Train Epoch: 1 [8960/36000 (25%)]	Loss: 1.588930
Train Epoch: 1 [9600/36000 (27%)]	Loss: 4.675198
Train Epoch: 1 [10240/36000 (28%)]	Loss: 3.456344
Train Epoch: 1 [10880/36000 (30%)]	Loss: 2.815054
Train Epoch: 1 [11520/36000 (32%)]	Loss: 1.815716
Train Epoch: 1 [12160/36000 (34%)]	Loss: 4.552336
Train Epoch: 1 [12800/36000 (36%)]	Loss: 3.470666
Train Epoch: 1 [13440/36000 (37%)]	Loss: 2.402560
Train Epoch: 1 [14080/36000 (39%)]	Loss: 2.745266
Train Epoch: 1 [14720/36000 (41%)]	Loss: 4.856524
Train Epoch: 1 [15360/36000 (43%)]	Loss: 3.514872
Train Epoch: 1 [16000/36000 (44%)]	Loss: 3.295881
Train Epoch: 1 [16640/36000 (46%)]	Loss: 1.933215
Train Epoch: 1 [17280/36000 (48%)]	Loss: 5.656477
Train Epoch: 1 [17920/36000 (50%)]	Loss: 5.149332
Train Epoch: 1 [18560/36000 (52%)]	Loss: 2.090706
Train Epoch: 1 [19200/36000 (53%)]	Loss: 2.483592
Train Epoch: 1 [19840/36000 (55%)]	Loss: 3.610356
Train Epoch: 1 [20480/36000 (57%)]	Loss: 5.348545
Train Epoch: 1 [21120/36000 (59%)]	Loss: 2.754992
Train Epoch: 1 [21760/36000 (60%)]	Loss: 3.172252
Train Epoch: 1 [22400/36000 (62%)]	Loss: 3.632171
Train Epoch: 1 [23040/36000 (64%)]	Loss: 5.130681
Train Epoch: 1 [23680/36000 (66%)]	Loss: 4.703520
Train Epoch: 1 [24320/36000 (67%)]	Loss: 4.422983
Train Epoch: 1 [24960/36000 (69%)]	Loss: 3.116785
Train Epoch: 1 [25600/36000 (71%)]	Loss: 2.494446
Train Epoch: 1 [26240/36000 (73%)]	Loss: 3.768964
Train Epoch: 1 [26880/36000 (75%)]	Loss: 3.472582
Train Epoch: 1 [27520/36000 (76%)]	Loss: 3.821248
Train Epoch: 1 [28160/36000 (78%)]	Loss: 5.223032
Train Epoch: 1 [28800/36000 (80%)]	Loss: 4.243068
Train Epoch: 1 [29440/36000 (82%)]	Loss: 5.047883
Train Epoch: 1 [30080/36000 (83%)]	Loss: 2.805225
Train Epoch: 1 [30720/36000 (85%)]	Loss: 5.405412
Train Epoch: 1 [31360/36000 (87%)]	Loss: 4.520021
Train Epoch: 1 [32000/36000 (89%)]	Loss: 4.959365
Train Epoch: 1 [32640/36000 (91%)]	Loss: 5.536050
Train Epoch: 1 [33280/36000 (92%)]	Loss: 4.621965
Train Epoch: 1 [33920/36000 (94%)]	Loss: 3.261506
Train Epoch: 1 [34560/36000 (96%)]	Loss: 1.834439
Train Epoch: 1 [35200/36000 (98%)]	Loss: 1.856752
Train Epoch: 1 [35840/36000 (99%)]	Loss: 2.255005
Test set:
Overall: 102814/112000 (91.8%)
Train set:
Overall: 26518/36000 (73.7%)
Train Epoch: 2 [0/36000 (0%)]	Loss: 2.953211
Train Epoch: 2 [640/36000 (2%)]	Loss: 2.805314
Train Epoch: 2 [1280/36000 (4%)]	Loss: 2.751139
Train Epoch: 2 [1920/36000 (5%)]	Loss: 5.809402
Train Epoch: 2 [2560/36000 (7%)]	Loss: 2.332200
Train Epoch: 2 [3200/36000 (9%)]	Loss: 4.565130
Train Epoch: 2 [3840/36000 (11%)]	Loss: 3.167725
Train Epoch: 2 [4480/36000 (12%)]	Loss: 1.545554
Train Epoch: 2 [5120/36000 (14%)]	Loss: 3.463066
Train Epoch: 2 [5760/36000 (16%)]	Loss: 2.075516
Train Epoch: 2 [6400/36000 (18%)]	Loss: 1.557937
Train Epoch: 2 [7040/36000 (20%)]	Loss: 2.141914
Train Epoch: 2 [7680/36000 (21%)]	Loss: 2.247391
Train Epoch: 2 [8320/36000 (23%)]	Loss: 1.937220
Train Epoch: 2 [8960/36000 (25%)]	Loss: 1.612182
Train Epoch: 2 [9600/36000 (27%)]	Loss: 2.608590
Train Epoch: 2 [10240/36000 (28%)]	Loss: 3.075721
Train Epoch: 2 [10880/36000 (30%)]	Loss: 3.573555
Train Epoch: 2 [11520/36000 (32%)]	Loss: 2.113528
Train Epoch: 2 [12160/36000 (34%)]	Loss: 2.853405
Train Epoch: 2 [12800/36000 (36%)]	Loss: 3.641922
Train Epoch: 2 [13440/36000 (37%)]	Loss: 4.555660
Train Epoch: 2 [14080/36000 (39%)]	Loss: 2.828475
Train Epoch: 2 [14720/36000 (41%)]	Loss: 2.383631
Train Epoch: 2 [15360/36000 (43%)]	Loss: 1.776710
Train Epoch: 2 [16000/36000 (44%)]	Loss: 3.602014
Train Epoch: 2 [16640/36000 (46%)]	Loss: 3.244000
Train Epoch: 2 [17280/36000 (48%)]	Loss: 2.937157
Train Epoch: 2 [17920/36000 (50%)]	Loss: 1.759185
Train Epoch: 2 [18560/36000 (52%)]	Loss: 2.290600
Train Epoch: 2 [19200/36000 (53%)]	Loss: 3.484144
Train Epoch: 2 [19840/36000 (55%)]	Loss: 4.481740
Train Epoch: 2 [20480/36000 (57%)]	Loss: 1.744760
Train Epoch: 2 [21120/36000 (59%)]	Loss: 1.533056
Train Epoch: 2 [21760/36000 (60%)]	Loss: 2.929229
Train Epoch: 2 [22400/36000 (62%)]	Loss: 6.150945
Train Epoch: 2 [23040/36000 (64%)]	Loss: 2.066279
Train Epoch: 2 [23680/36000 (66%)]	Loss: 3.103636
Train Epoch: 2 [24320/36000 (67%)]	Loss: 4.047136
Train Epoch: 2 [24960/36000 (69%)]	Loss: 3.289080
Train Epoch: 2 [25600/36000 (71%)]	Loss: 2.054853
Train Epoch: 2 [26240/36000 (73%)]	Loss: 7.371782
Train Epoch: 2 [26880/36000 (75%)]	Loss: 3.419793
Train Epoch: 2 [27520/36000 (76%)]	Loss: 3.988363
Train Epoch: 2 [28160/36000 (78%)]	Loss: 2.080065
Train Epoch: 2 [28800/36000 (80%)]	Loss: 2.409535
Train Epoch: 2 [29440/36000 (82%)]	Loss: 3.777143
Train Epoch: 2 [30080/36000 (83%)]	Loss: 2.228881
Train Epoch: 2 [30720/36000 (85%)]	Loss: 4.295722
Train Epoch: 2 [31360/36000 (87%)]	Loss: 2.852514
Train Epoch: 2 [32000/36000 (89%)]	Loss: 2.395653
Train Epoch: 2 [32640/36000 (91%)]	Loss: 2.665416
Train Epoch: 2 [33280/36000 (92%)]	Loss: 3.591268
Train Epoch: 2 [33920/36000 (94%)]	Loss: 5.939347
Train Epoch: 2 [34560/36000 (96%)]	Loss: 2.855712
Train Epoch: 2 [35200/36000 (98%)]	Loss: 6.477846
Train Epoch: 2 [35840/36000 (99%)]	Loss: 3.232134
Test set:
Overall: 105374/112000 (94.1%)
Train set:
Overall: 28680/36000 (79.7%)
Train Epoch: 3 [0/36000 (0%)]	Loss: 2.859640
Train Epoch: 3 [640/36000 (2%)]	Loss: 2.875222
Train Epoch: 3 [1280/36000 (4%)]	Loss: 2.677540
Train Epoch: 3 [1920/36000 (5%)]	Loss: 3.002916
Train Epoch: 3 [2560/36000 (7%)]	Loss: 3.236595
Train Epoch: 3 [3200/36000 (9%)]	Loss: 3.365488
Train Epoch: 3 [3840/36000 (11%)]	Loss: 3.276999
Train Epoch: 3 [4480/36000 (12%)]	Loss: 2.626977
Train Epoch: 3 [5120/36000 (14%)]	Loss: 2.691561
Train Epoch: 3 [5760/36000 (16%)]	Loss: 3.102384
Train Epoch: 3 [6400/36000 (18%)]	Loss: 2.978440
Train Epoch: 3 [7040/36000 (20%)]	Loss: 3.227174
Train Epoch: 3 [7680/36000 (21%)]	Loss: 2.127798
Train Epoch: 3 [8320/36000 (23%)]	Loss: 3.680413
Train Epoch: 3 [8960/36000 (25%)]	Loss: 4.187153
Train Epoch: 3 [9600/36000 (27%)]	Loss: 3.786460
Train Epoch: 3 [10240/36000 (28%)]	Loss: 3.187590
Train Epoch: 3 [10880/36000 (30%)]	Loss: 2.057597
Train Epoch: 3 [11520/36000 (32%)]	Loss: 5.121686
Train Epoch: 3 [12160/36000 (34%)]	Loss: 10.263453
Train Epoch: 3 [12800/36000 (36%)]	Loss: 2.567191
Train Epoch: 3 [13440/36000 (37%)]	Loss: 5.812390
Train Epoch: 3 [14080/36000 (39%)]	Loss: 1.933174
Train Epoch: 3 [14720/36000 (41%)]	Loss: 4.204986
Train Epoch: 3 [15360/36000 (43%)]	Loss: 4.361833
Train Epoch: 3 [16000/36000 (44%)]	Loss: 5.323826
Train Epoch: 3 [16640/36000 (46%)]	Loss: 1.015318
Train Epoch: 3 [17280/36000 (48%)]	Loss: 1.306451
Train Epoch: 3 [17920/36000 (50%)]	Loss: 4.700032
Train Epoch: 3 [18560/36000 (52%)]	Loss: 3.930588
Train Epoch: 3 [19200/36000 (53%)]	Loss: 5.593587
Train Epoch: 3 [19840/36000 (55%)]	Loss: 4.422666
Train Epoch: 3 [20480/36000 (57%)]	Loss: 3.187730
Train Epoch: 3 [21120/36000 (59%)]	Loss: 2.337176
Train Epoch: 3 [21760/36000 (60%)]	Loss: 4.509020
Train Epoch: 3 [22400/36000 (62%)]	Loss: 4.145281
Train Epoch: 3 [23040/36000 (64%)]	Loss: 2.734058
Train Epoch: 3 [23680/36000 (66%)]	Loss: 4.634255
Train Epoch: 3 [24320/36000 (67%)]	Loss: 3.490381
Train Epoch: 3 [24960/36000 (69%)]	Loss: 1.848514
Train Epoch: 3 [25600/36000 (71%)]	Loss: 3.491117
Train Epoch: 3 [26240/36000 (73%)]	Loss: 3.367091
Train Epoch: 3 [26880/36000 (75%)]	Loss: 2.528341
Train Epoch: 3 [27520/36000 (76%)]	Loss: 2.094242
Train Epoch: 3 [28160/36000 (78%)]	Loss: 2.431872
Train Epoch: 3 [28800/36000 (80%)]	Loss: 4.251166
Train Epoch: 3 [29440/36000 (82%)]	Loss: 2.171592
Train Epoch: 3 [30080/36000 (83%)]	Loss: 3.501112
