Running on ax04.rc.zi.columbia.edu
Train Epoch: 1 [0/36000 (0%)]	Loss: 0.697074
Train Epoch: 1 [640/36000 (2%)]	Loss: 0.713293
Train Epoch: 1 [1280/36000 (4%)]	Loss: 0.677584
Train Epoch: 1 [1920/36000 (5%)]	Loss: 0.675802
Train Epoch: 1 [2560/36000 (7%)]	Loss: 0.634614
Train Epoch: 1 [3200/36000 (9%)]	Loss: 0.598572
Train Epoch: 1 [3840/36000 (11%)]	Loss: 0.619201
Train Epoch: 1 [4480/36000 (12%)]	Loss: 0.561273
Train Epoch: 1 [5120/36000 (14%)]	Loss: 0.587917
Train Epoch: 1 [5760/36000 (16%)]	Loss: 0.528048
Train Epoch: 1 [6400/36000 (18%)]	Loss: 0.486026
Train Epoch: 1 [7040/36000 (20%)]	Loss: 0.441842
Train Epoch: 1 [7680/36000 (21%)]	Loss: 0.445115
Train Epoch: 1 [8320/36000 (23%)]	Loss: 0.498731
Train Epoch: 1 [8960/36000 (25%)]	Loss: 0.521229
Train Epoch: 1 [9600/36000 (27%)]	Loss: 0.472485
Train Epoch: 1 [10240/36000 (28%)]	Loss: 0.385502
Train Epoch: 1 [10880/36000 (30%)]	Loss: 0.442070
Train Epoch: 1 [11520/36000 (32%)]	Loss: 0.350135
Train Epoch: 1 [12160/36000 (34%)]	Loss: 0.530633
Train Epoch: 1 [12800/36000 (36%)]	Loss: 0.397699
Train Epoch: 1 [13440/36000 (37%)]	Loss: 0.371556
Train Epoch: 1 [14080/36000 (39%)]	Loss: 0.442950
Train Epoch: 1 [14720/36000 (41%)]	Loss: 0.318651
Train Epoch: 1 [15360/36000 (43%)]	Loss: 0.271303
Train Epoch: 1 [16000/36000 (44%)]	Loss: 0.260443
Train Epoch: 1 [16640/36000 (46%)]	Loss: 0.329298
Train Epoch: 1 [17280/36000 (48%)]	Loss: 0.272523
Train Epoch: 1 [17920/36000 (50%)]	Loss: 0.260505
Train Epoch: 1 [18560/36000 (52%)]	Loss: 0.307836
Train Epoch: 1 [19200/36000 (53%)]	Loss: 0.294655
Train Epoch: 1 [19840/36000 (55%)]	Loss: 0.293158
Train Epoch: 1 [20480/36000 (57%)]	Loss: 0.197433
Train Epoch: 1 [21120/36000 (59%)]	Loss: 0.229147
Train Epoch: 1 [21760/36000 (60%)]	Loss: 0.139001
Train Epoch: 1 [22400/36000 (62%)]	Loss: 0.244215
Train Epoch: 1 [23040/36000 (64%)]	Loss: 0.180529
Train Epoch: 1 [23680/36000 (66%)]	Loss: 0.206122
Train Epoch: 1 [24320/36000 (67%)]	Loss: 0.158351
Train Epoch: 1 [24960/36000 (69%)]	Loss: 0.234560
Train Epoch: 1 [25600/36000 (71%)]	Loss: 0.139472
Train Epoch: 1 [26240/36000 (73%)]	Loss: 0.283753
Train Epoch: 1 [26880/36000 (75%)]	Loss: 0.241119
Train Epoch: 1 [27520/36000 (76%)]	Loss: 0.184666
Train Epoch: 1 [28160/36000 (78%)]	Loss: 0.207173
Train Epoch: 1 [28800/36000 (80%)]	Loss: 0.152998
Train Epoch: 1 [29440/36000 (82%)]	Loss: 0.209351
Train Epoch: 1 [30080/36000 (83%)]	Loss: 0.182738
Train Epoch: 1 [30720/36000 (85%)]	Loss: 0.212760
Train Epoch: 1 [31360/36000 (87%)]	Loss: 0.272237
Train Epoch: 1 [32000/36000 (89%)]	Loss: 0.217272
Train Epoch: 1 [32640/36000 (91%)]	Loss: 0.108507
Train Epoch: 1 [33280/36000 (92%)]	Loss: 0.185202
Train Epoch: 1 [33920/36000 (94%)]	Loss: 0.161455
Train Epoch: 1 [34560/36000 (96%)]	Loss: 0.103350
Train Epoch: 1 [35200/36000 (98%)]	Loss: 0.105318
Train Epoch: 1 [35840/36000 (99%)]	Loss: 0.150062
Test set:
Overall: 78339/112000 (69.9%)
Train set:
Overall: 35096/36000 (97.5%)
Train Epoch: 2 [0/36000 (0%)]	Loss: 0.111666
Train Epoch: 2 [640/36000 (2%)]	Loss: 0.091958
Train Epoch: 2 [1280/36000 (4%)]	Loss: 0.189557
Train Epoch: 2 [1920/36000 (5%)]	Loss: 0.151481
Train Epoch: 2 [2560/36000 (7%)]	Loss: 0.120919
Train Epoch: 2 [3200/36000 (9%)]	Loss: 0.208066
Train Epoch: 2 [3840/36000 (11%)]	Loss: 0.092727
Train Epoch: 2 [4480/36000 (12%)]	Loss: 0.096675
Train Epoch: 2 [5120/36000 (14%)]	Loss: 0.206824
Train Epoch: 2 [5760/36000 (16%)]	Loss: 0.112028
Train Epoch: 2 [6400/36000 (18%)]	Loss: 0.138049
Train Epoch: 2 [7040/36000 (20%)]	Loss: 0.114153
Train Epoch: 2 [7680/36000 (21%)]	Loss: 0.118872
Train Epoch: 2 [8320/36000 (23%)]	Loss: 0.079721
Train Epoch: 2 [8960/36000 (25%)]	Loss: 0.191837
Train Epoch: 2 [9600/36000 (27%)]	Loss: 0.236099
Train Epoch: 2 [10240/36000 (28%)]	Loss: 0.164129
Train Epoch: 2 [10880/36000 (30%)]	Loss: 0.083940
Train Epoch: 2 [11520/36000 (32%)]	Loss: 0.066772
Train Epoch: 2 [12160/36000 (34%)]	Loss: 0.200357
Train Epoch: 2 [12800/36000 (36%)]	Loss: 0.136824
Train Epoch: 2 [13440/36000 (37%)]	Loss: 0.218476
Train Epoch: 2 [14080/36000 (39%)]	Loss: 0.103271
Train Epoch: 2 [14720/36000 (41%)]	Loss: 0.146806
Train Epoch: 2 [15360/36000 (43%)]	Loss: 0.124232
Train Epoch: 2 [16000/36000 (44%)]	Loss: 0.142635
Train Epoch: 2 [16640/36000 (46%)]	Loss: 0.124044
Train Epoch: 2 [17280/36000 (48%)]	Loss: 0.060559
Train Epoch: 2 [17920/36000 (50%)]	Loss: 0.101016
Train Epoch: 2 [18560/36000 (52%)]	Loss: 0.061676
Train Epoch: 2 [19200/36000 (53%)]	Loss: 0.127511
Train Epoch: 2 [19840/36000 (55%)]	Loss: 0.175432
Train Epoch: 2 [20480/36000 (57%)]	Loss: 0.029410
Train Epoch: 2 [21120/36000 (59%)]	Loss: 0.082910
Train Epoch: 2 [21760/36000 (60%)]	Loss: 0.077232
Train Epoch: 2 [22400/36000 (62%)]	Loss: 0.108962
Train Epoch: 2 [23040/36000 (64%)]	Loss: 0.098518
Train Epoch: 2 [23680/36000 (66%)]	Loss: 0.089379
Train Epoch: 2 [24320/36000 (67%)]	Loss: 0.070205
Train Epoch: 2 [24960/36000 (69%)]	Loss: 0.088551
Train Epoch: 2 [25600/36000 (71%)]	Loss: 0.160231
Train Epoch: 2 [26240/36000 (73%)]	Loss: 0.053560
Train Epoch: 2 [26880/36000 (75%)]	Loss: 0.115620
Train Epoch: 2 [27520/36000 (76%)]	Loss: 0.081345
Train Epoch: 2 [28160/36000 (78%)]	Loss: 0.127452
Train Epoch: 2 [28800/36000 (80%)]	Loss: 0.136330
Train Epoch: 2 [29440/36000 (82%)]	Loss: 0.090013
Train Epoch: 2 [30080/36000 (83%)]	Loss: 0.132398
Train Epoch: 2 [30720/36000 (85%)]	Loss: 0.148356
Train Epoch: 2 [31360/36000 (87%)]	Loss: 0.173614
Train Epoch: 2 [32000/36000 (89%)]	Loss: 0.090694
Train Epoch: 2 [32640/36000 (91%)]	Loss: 0.063561
Train Epoch: 2 [33280/36000 (92%)]	Loss: 0.154884
Train Epoch: 2 [33920/36000 (94%)]	Loss: 0.039914
Train Epoch: 2 [34560/36000 (96%)]	Loss: 0.074672
Train Epoch: 2 [35200/36000 (98%)]	Loss: 0.103279
Train Epoch: 2 [35840/36000 (99%)]	Loss: 0.071885
Test set:
Overall: 80585/112000 (72.0%)
Train set:
Overall: 35530/36000 (98.7%)
Train Epoch: 3 [0/36000 (0%)]	Loss: 0.108065
Train Epoch: 3 [640/36000 (2%)]	Loss: 0.131979
Train Epoch: 3 [1280/36000 (4%)]	Loss: 0.095362
Train Epoch: 3 [1920/36000 (5%)]	Loss: 0.166129
Train Epoch: 3 [2560/36000 (7%)]	Loss: 0.123718
Train Epoch: 3 [3200/36000 (9%)]	Loss: 0.047817
Train Epoch: 3 [3840/36000 (11%)]	Loss: 0.038884
Train Epoch: 3 [4480/36000 (12%)]	Loss: 0.031312
Train Epoch: 3 [5120/36000 (14%)]	Loss: 0.036617
Train Epoch: 3 [5760/36000 (16%)]	Loss: 0.196147
Train Epoch: 3 [6400/36000 (18%)]	Loss: 0.038383
Train Epoch: 3 [7040/36000 (20%)]	Loss: 0.066493
Train Epoch: 3 [7680/36000 (21%)]	Loss: 0.050296
Train Epoch: 3 [8320/36000 (23%)]	Loss: 0.077231
Train Epoch: 3 [8960/36000 (25%)]	Loss: 0.035326
Train Epoch: 3 [9600/36000 (27%)]	Loss: 0.108855
Train Epoch: 3 [10240/36000 (28%)]	Loss: 0.054116
Train Epoch: 3 [10880/36000 (30%)]	Loss: 0.082818
Train Epoch: 3 [11520/36000 (32%)]	Loss: 0.013774
Train Epoch: 3 [12160/36000 (34%)]	Loss: 0.050222
Train Epoch: 3 [12800/36000 (36%)]	Loss: 0.111863
Train Epoch: 3 [13440/36000 (37%)]	Loss: 0.101032
Train Epoch: 3 [14080/36000 (39%)]	Loss: 0.171621
Train Epoch: 3 [14720/36000 (41%)]	Loss: 0.055733
Train Epoch: 3 [15360/36000 (43%)]	Loss: 0.042884
Train Epoch: 3 [16000/36000 (44%)]	Loss: 0.034680
Train Epoch: 3 [16640/36000 (46%)]	Loss: 0.034191
Train Epoch: 3 [17280/36000 (48%)]	Loss: 0.028698
Train Epoch: 3 [17920/36000 (50%)]	Loss: 0.030994
Train Epoch: 3 [18560/36000 (52%)]	Loss: 0.169430
Train Epoch: 3 [19200/36000 (53%)]	Loss: 0.025168
Train Epoch: 3 [19840/36000 (55%)]	Loss: 0.163140
Train Epoch: 3 [20480/36000 (57%)]	Loss: 0.014978
Train Epoch: 3 [21120/36000 (59%)]	Loss: 0.083090
Train Epoch: 3 [21760/36000 (60%)]	Loss: 0.025458
Train Epoch: 3 [22400/36000 (62%)]	Loss: 0.097938
Train Epoch: 3 [23040/36000 (64%)]	Loss: 0.037165
Train Epoch: 3 [23680/36000 (66%)]	Loss: 0.066918
Train Epoch: 3 [24320/36000 (67%)]	Loss: 0.133399
Train Epoch: 3 [24960/36000 (69%)]	Loss: 0.021530
Train Epoch: 3 [25600/36000 (71%)]	Loss: 0.040259
Train Epoch: 3 [26240/36000 (73%)]	Loss: 0.108442
Train Epoch: 3 [26880/36000 (75%)]	Loss: 0.103087
Train Epoch: 3 [27520/36000 (76%)]	Loss: 0.026793
Train Epoch: 3 [28160/36000 (78%)]	Loss: 0.041896
Train Epoch: 3 [28800/36000 (80%)]	Loss: 0.044663
Train Epoch: 3 [29440/36000 (82%)]	Loss: 0.079867
Train Epoch: 3 [30080/36000 (83%)]	Loss: 0.026845
Train Epoch: 3 [30720/36000 (85%)]	Loss: 0.068224
Train Epoch: 3 [31360/36000 (87%)]	Loss: 0.059349
Train Epoch: 3 [32000/36000 (89%)]	Loss: 0.102523
Train Epoch: 3 [32640/36000 (91%)]	Loss: 0.037394
Train Epoch: 3 [33280/36000 (92%)]	Loss: 0.022654
Train Epoch: 3 [33920/36000 (94%)]	Loss: 0.022481
Train Epoch: 3 [34560/36000 (96%)]	Loss: 0.132074
Train Epoch: 3 [35200/36000 (98%)]	Loss: 0.081125
Train Epoch: 3 [35840/36000 (99%)]	Loss: 0.180223
Test set:
Overall: 79589/112000 (71.1%)
Train set:
Overall: 35696/36000 (99.2%)
Train Epoch: 4 [0/36000 (0%)]	Loss: 0.147971
Train Epoch: 4 [640/36000 (2%)]	Loss: 0.046259
Train Epoch: 4 [1280/36000 (4%)]	Loss: 0.040631
Train Epoch: 4 [1920/36000 (5%)]	Loss: 0.022513
Train Epoch: 4 [2560/36000 (7%)]	Loss: 0.008537
Train Epoch: 4 [3200/36000 (9%)]	Loss: 0.040747
Train Epoch: 4 [3840/36000 (11%)]	Loss: 0.027874
Train Epoch: 4 [4480/36000 (12%)]	Loss: 0.042873
Train Epoch: 4 [5120/36000 (14%)]	Loss: 0.113594
Train Epoch: 4 [5760/36000 (16%)]	Loss: 0.029395
Train Epoch: 4 [6400/36000 (18%)]	Loss: 0.040591
Train Epoch: 4 [7040/36000 (20%)]	Loss: 0.072550
Train Epoch: 4 [7680/36000 (21%)]	Loss: 0.025283
Train Epoch: 4 [8320/36000 (23%)]	Loss: 0.043884
Train Epoch: 4 [8960/36000 (25%)]	Loss: 0.042148
Train Epoch: 4 [9600/36000 (27%)]	Loss: 0.055500
Train Epoch: 4 [10240/36000 (28%)]	Loss: 0.028959
Train Epoch: 4 [10880/36000 (30%)]	Loss: 0.062596
Train Epoch: 4 [11520/36000 (32%)]	Loss: 0.018192
Train Epoch: 4 [12160/36000 (34%)]	Loss: 0.078598
Train Epoch: 4 [12800/36000 (36%)]	Loss: 0.086215
Train Epoch: 4 [13440/36000 (37%)]	Loss: 0.006964
Train Epoch: 4 [14080/36000 (39%)]	Loss: 0.019497
Train Epoch: 4 [14720/36000 (41%)]	Loss: 0.094389
Train Epoch: 4 [15360/36000 (43%)]	Loss: 0.125889
Train Epoch: 4 [16000/36000 (44%)]	Loss: 0.108458
Train Epoch: 4 [16640/36000 (46%)]	Loss: 0.073926
Train Epoch: 4 [17280/36000 (48%)]	Loss: 0.084660
Train Epoch: 4 [17920/36000 (50%)]	Loss: 0.049304
Train Epoch: 4 [18560/36000 (52%)]	Loss: 0.048750
Train Epoch: 4 [19200/36000 (53%)]	Loss: 0.021095
Train Epoch: 4 [19840/36000 (55%)]	Loss: 0.097733
Train Epoch: 4 [20480/36000 (57%)]	Loss: 0.024788
Train Epoch: 4 [21120/36000 (59%)]	Loss: 0.026260
Train Epoch: 4 [21760/36000 (60%)]	Loss: 0.171500
Train Epoch: 4 [22400/36000 (62%)]	Loss: 0.012502
Train Epoch: 4 [23040/36000 (64%)]	Loss: 0.060178
Train Epoch: 4 [23680/36000 (66%)]	Loss: 0.011997
Train Epoch: 4 [24320/36000 (67%)]	Loss: 0.023344
Train Epoch: 4 [24960/36000 (69%)]	Loss: 0.090353
Train Epoch: 4 [25600/36000 (71%)]	Loss: 0.018668
Train Epoch: 4 [26240/36000 (73%)]	Loss: 0.101885
Train Epoch: 4 [26880/36000 (75%)]	Loss: 0.079295
Train Epoch: 4 [27520/36000 (76%)]	Loss: 0.067499
Train Epoch: 4 [28160/36000 (78%)]	Loss: 0.058884
Train Epoch: 4 [28800/36000 (80%)]	Loss: 0.065848
Train Epoch: 4 [29440/36000 (82%)]	Loss: 0.078657
Train Epoch: 4 [30080/36000 (83%)]	Loss: 0.034993
Train Epoch: 4 [30720/36000 (85%)]	Loss: 0.074085
Train Epoch: 4 [31360/36000 (87%)]	Loss: 0.017649
Train Epoch: 4 [32000/36000 (89%)]	Loss: 0.035506
Train Epoch: 4 [32640/36000 (91%)]	Loss: 0.014534
Train Epoch: 4 [33280/36000 (92%)]	Loss: 0.054179
Train Epoch: 4 [33920/36000 (94%)]	Loss: 0.039459
Train Epoch: 4 [34560/36000 (96%)]	Loss: 0.035064
Train Epoch: 4 [35200/36000 (98%)]	Loss: 0.057245
Train Epoch: 4 [35840/36000 (99%)]	Loss: 0.040888
Test set:
Overall: 78942/112000 (70.5%)
Train set:
Overall: 35794/36000 (99.4%)
Train Epoch: 5 [0/36000 (0%)]	Loss: 0.011929
Train Epoch: 5 [640/36000 (2%)]	Loss: 0.051303
Train Epoch: 5 [1280/36000 (4%)]	Loss: 0.019502
Train Epoch: 5 [1920/36000 (5%)]	Loss: 0.008132
Train Epoch: 5 [2560/36000 (7%)]	Loss: 0.007831
Train Epoch: 5 [3200/36000 (9%)]	Loss: 0.045730
Train Epoch: 5 [3840/36000 (11%)]	Loss: 0.044546
Train Epoch: 5 [4480/36000 (12%)]	Loss: 0.014672
Train Epoch: 5 [5120/36000 (14%)]	Loss: 0.015652
Train Epoch: 5 [5760/36000 (16%)]	Loss: 0.081316
Train Epoch: 5 [6400/36000 (18%)]	Loss: 0.016251
Train Epoch: 5 [7040/36000 (20%)]	Loss: 0.025344
Train Epoch: 5 [7680/36000 (21%)]	Loss: 0.058720
Train Epoch: 5 [8320/36000 (23%)]	Loss: 0.047003
Train Epoch: 5 [8960/36000 (25%)]	Loss: 0.010911
Train Epoch: 5 [9600/36000 (27%)]	Loss: 0.027800
Train Epoch: 5 [10240/36000 (28%)]	Loss: 0.014341
Train Epoch: 5 [10880/36000 (30%)]	Loss: 0.028666
Train Epoch: 5 [11520/36000 (32%)]	Loss: 0.009633
Train Epoch: 5 [12160/36000 (34%)]	Loss: 0.111744
Train Epoch: 5 [12800/36000 (36%)]	Loss: 0.101162
Train Epoch: 5 [13440/36000 (37%)]	Loss: 0.065371
Train Epoch: 5 [14080/36000 (39%)]	Loss: 0.065280
Train Epoch: 5 [14720/36000 (41%)]	Loss: 0.032297
Train Epoch: 5 [15360/36000 (43%)]	Loss: 0.015769
Train Epoch: 5 [16000/36000 (44%)]	Loss: 0.047788
Train Epoch: 5 [16640/36000 (46%)]	Loss: 0.094268
Train Epoch: 5 [17280/36000 (48%)]	Loss: 0.061535
Train Epoch: 5 [17920/36000 (50%)]	Loss: 0.008705
Train Epoch: 5 [18560/36000 (52%)]	Loss: 0.059020
Train Epoch: 5 [19200/36000 (53%)]	Loss: 0.040899
Train Epoch: 5 [19840/36000 (55%)]	Loss: 0.013109
Train Epoch: 5 [20480/36000 (57%)]	Loss: 0.030444
Train Epoch: 5 [21120/36000 (59%)]	Loss: 0.038843
Train Epoch: 5 [21760/36000 (60%)]	Loss: 0.022837
Train Epoch: 5 [22400/36000 (62%)]	Loss: 0.037271
Train Epoch: 5 [23040/36000 (64%)]	Loss: 0.109970
Train Epoch: 5 [23680/36000 (66%)]	Loss: 0.122795
Train Epoch: 5 [24320/36000 (67%)]	Loss: 0.010933
Train Epoch: 5 [24960/36000 (69%)]	Loss: 0.012892
Train Epoch: 5 [25600/36000 (71%)]	Loss: 0.035548
Train Epoch: 5 [26240/36000 (73%)]	Loss: 0.071494
Train Epoch: 5 [26880/36000 (75%)]	Loss: 0.034462
Train Epoch: 5 [27520/36000 (76%)]	Loss: 0.119356
Train Epoch: 5 [28160/36000 (78%)]	Loss: 0.037979
Train Epoch: 5 [28800/36000 (80%)]	Loss: 0.037162
Train Epoch: 5 [29440/36000 (82%)]	Loss: 0.044984
Train Epoch: 5 [30080/36000 (83%)]	Loss: 0.083733
Train Epoch: 5 [30720/36000 (85%)]	Loss: 0.013926
Train Epoch: 5 [31360/36000 (87%)]	Loss: 0.028026
Train Epoch: 5 [32000/36000 (89%)]	Loss: 0.052177
Train Epoch: 5 [32640/36000 (91%)]	Loss: 0.076293
Train Epoch: 5 [33280/36000 (92%)]	Loss: 0.049088
Train Epoch: 5 [33920/36000 (94%)]	Loss: 0.044586
Train Epoch: 5 [34560/36000 (96%)]	Loss: 0.048882
Train Epoch: 5 [35200/36000 (98%)]	Loss: 0.049982
Train Epoch: 5 [35840/36000 (99%)]	Loss: 0.018636
Test set:
Overall: 76919/112000 (68.7%)
Train set:
Overall: 35880/36000 (99.7%)
Train Epoch: 6 [0/36000 (0%)]	Loss: 0.018759
Train Epoch: 6 [640/36000 (2%)]	Loss: 0.008783
Train Epoch: 6 [1280/36000 (4%)]	Loss: 0.024968
Train Epoch: 6 [1920/36000 (5%)]	Loss: 0.119569
Train Epoch: 6 [2560/36000 (7%)]	Loss: 0.033942
Train Epoch: 6 [3200/36000 (9%)]	Loss: 0.221812
Train Epoch: 6 [3840/36000 (11%)]	Loss: 0.005096
Train Epoch: 6 [4480/36000 (12%)]	Loss: 0.024967
Train Epoch: 6 [5120/36000 (14%)]	Loss: 0.080001
Train Epoch: 6 [5760/36000 (16%)]	Loss: 0.017148
Train Epoch: 6 [6400/36000 (18%)]	Loss: 0.030807
Train Epoch: 6 [7040/36000 (20%)]	Loss: 0.084184
Train Epoch: 6 [7680/36000 (21%)]	Loss: 0.025084
Train Epoch: 6 [8320/36000 (23%)]	Loss: 0.030298
Train Epoch: 6 [8960/36000 (25%)]	Loss: 0.015663
Train Epoch: 6 [9600/36000 (27%)]	Loss: 0.006399
Train Epoch: 6 [10240/36000 (28%)]	Loss: 0.047661
Train Epoch: 6 [10880/36000 (30%)]	Loss: 0.025133
Train Epoch: 6 [11520/36000 (32%)]	Loss: 0.051954
Train Epoch: 6 [12160/36000 (34%)]	Loss: 0.039035
Train Epoch: 6 [12800/36000 (36%)]	Loss: 0.041720
Train Epoch: 6 [13440/36000 (37%)]	Loss: 0.037914
Train Epoch: 6 [14080/36000 (39%)]	Loss: 0.013284
Train Epoch: 6 [14720/36000 (41%)]	Loss: 0.020127
Train Epoch: 6 [15360/36000 (43%)]	Loss: 0.052143
Train Epoch: 6 [16000/36000 (44%)]	Loss: 0.001160
Train Epoch: 6 [16640/36000 (46%)]	Loss: 0.033308
Train Epoch: 6 [17280/36000 (48%)]	Loss: 0.158132
Train Epoch: 6 [17920/36000 (50%)]	Loss: 0.005539
Train Epoch: 6 [18560/36000 (52%)]	Loss: 0.051654
Train Epoch: 6 [19200/36000 (53%)]	Loss: 0.083978
Train Epoch: 6 [19840/36000 (55%)]	Loss: 0.035826
Train Epoch: 6 [20480/36000 (57%)]	Loss: 0.126871
Train Epoch: 6 [21120/36000 (59%)]	Loss: 0.027548
Train Epoch: 6 [21760/36000 (60%)]	Loss: 0.067989
Train Epoch: 6 [22400/36000 (62%)]	Loss: 0.040786
Train Epoch: 6 [23040/36000 (64%)]	Loss: 0.009382
Train Epoch: 6 [23680/36000 (66%)]	Loss: 0.028637
Train Epoch: 6 [24320/36000 (67%)]	Loss: 0.013593
Train Epoch: 6 [24960/36000 (69%)]	Loss: 0.024968
Train Epoch: 6 [25600/36000 (71%)]	Loss: 0.017960
Train Epoch: 6 [26240/36000 (73%)]	Loss: 0.001780
Train Epoch: 6 [26880/36000 (75%)]	Loss: 0.090069
Train Epoch: 6 [27520/36000 (76%)]	Loss: 0.021177
Train Epoch: 6 [28160/36000 (78%)]	Loss: 0.026623
Train Epoch: 6 [28800/36000 (80%)]	Loss: 0.029905
Train Epoch: 6 [29440/36000 (82%)]	Loss: 0.030129
Train Epoch: 6 [30080/36000 (83%)]	Loss: 0.007499
Train Epoch: 6 [30720/36000 (85%)]	Loss: 0.004303
Train Epoch: 6 [31360/36000 (87%)]	Loss: 0.036362
Train Epoch: 6 [32000/36000 (89%)]	Loss: 0.019767
Train Epoch: 6 [32640/36000 (91%)]	Loss: 0.123587
Train Epoch: 6 [33280/36000 (92%)]	Loss: 0.020800
Train Epoch: 6 [33920/36000 (94%)]	Loss: 0.049473
Train Epoch: 6 [34560/36000 (96%)]	Loss: 0.014213
Train Epoch: 6 [35200/36000 (98%)]	Loss: 0.013325
Train Epoch: 6 [35840/36000 (99%)]	Loss: 0.040914
Test set:
Overall: 77612/112000 (69.3%)
Train set:
Overall: 35875/36000 (99.7%)
Train Epoch: 7 [0/36000 (0%)]	Loss: 0.046900
Train Epoch: 7 [640/36000 (2%)]	Loss: 0.018621
Train Epoch: 7 [1280/36000 (4%)]	Loss: 0.034354
Train Epoch: 7 [1920/36000 (5%)]	Loss: 0.030014
Train Epoch: 7 [2560/36000 (7%)]	Loss: 0.053774
Train Epoch: 7 [3200/36000 (9%)]	Loss: 0.021126
Train Epoch: 7 [3840/36000 (11%)]	Loss: 0.017322
Train Epoch: 7 [4480/36000 (12%)]	Loss: 0.002303
Train Epoch: 7 [5120/36000 (14%)]	Loss: 0.025073
Train Epoch: 7 [5760/36000 (16%)]	Loss: 0.014809
Train Epoch: 7 [6400/36000 (18%)]	Loss: 0.021371
Train Epoch: 7 [7040/36000 (20%)]	Loss: 0.093504
Train Epoch: 7 [7680/36000 (21%)]	Loss: 0.037067
Train Epoch: 7 [8320/36000 (23%)]	Loss: 0.022880
Train Epoch: 7 [8960/36000 (25%)]	Loss: 0.023757
Train Epoch: 7 [9600/36000 (27%)]	Loss: 0.025404
Train Epoch: 7 [10240/36000 (28%)]	Loss: 0.005394
Train Epoch: 7 [10880/36000 (30%)]	Loss: 0.010728
Train Epoch: 7 [11520/36000 (32%)]	Loss: 0.024676
Train Epoch: 7 [12160/36000 (34%)]	Loss: 0.007141
Train Epoch: 7 [12800/36000 (36%)]	Loss: 0.018653
Train Epoch: 7 [13440/36000 (37%)]	Loss: 0.007253
Train Epoch: 7 [14080/36000 (39%)]	Loss: 0.067007
Train Epoch: 7 [14720/36000 (41%)]	Loss: 0.018693
Train Epoch: 7 [15360/36000 (43%)]	Loss: 0.013083
Train Epoch: 7 [16000/36000 (44%)]	Loss: 0.016217
Train Epoch: 7 [16640/36000 (46%)]	Loss: 0.100425
Train Epoch: 7 [17280/36000 (48%)]	Loss: 0.020527
Train Epoch: 7 [17920/36000 (50%)]	Loss: 0.017465
Train Epoch: 7 [18560/36000 (52%)]	Loss: 0.040816
Train Epoch: 7 [19200/36000 (53%)]	Loss: 0.015126
Train Epoch: 7 [19840/36000 (55%)]	Loss: 0.040015
Train Epoch: 7 [20480/36000 (57%)]	Loss: 0.013153
Train Epoch: 7 [21120/36000 (59%)]	Loss: 0.008142
Train Epoch: 7 [21760/36000 (60%)]	Loss: 0.014510
Train Epoch: 7 [22400/36000 (62%)]	Loss: 0.063032
Train Epoch: 7 [23040/36000 (64%)]	Loss: 0.014553
Train Epoch: 7 [23680/36000 (66%)]	Loss: 0.079301
Train Epoch: 7 [24320/36000 (67%)]	Loss: 0.014369
Train Epoch: 7 [24960/36000 (69%)]	Loss: 0.103852
Train Epoch: 7 [25600/36000 (71%)]	Loss: 0.026125
Train Epoch: 7 [26240/36000 (73%)]	Loss: 0.016696
Train Epoch: 7 [26880/36000 (75%)]	Loss: 0.029430
Train Epoch: 7 [27520/36000 (76%)]	Loss: 0.074662
Train Epoch: 7 [28160/36000 (78%)]	Loss: 0.028784
Train Epoch: 7 [28800/36000 (80%)]	Loss: 0.014135
Train Epoch: 7 [29440/36000 (82%)]	Loss: 0.017331
Train Epoch: 7 [30080/36000 (83%)]	Loss: 0.047993
Train Epoch: 7 [30720/36000 (85%)]	Loss: 0.096153
Train Epoch: 7 [31360/36000 (87%)]	Loss: 0.008911
Train Epoch: 7 [32000/36000 (89%)]	Loss: 0.013274
Train Epoch: 7 [32640/36000 (91%)]	Loss: 0.144935
Train Epoch: 7 [33280/36000 (92%)]	Loss: 0.021885
Train Epoch: 7 [33920/36000 (94%)]	Loss: 0.029582
Train Epoch: 7 [34560/36000 (96%)]	Loss: 0.022041
Train Epoch: 7 [35200/36000 (98%)]	Loss: 0.003975
Train Epoch: 7 [35840/36000 (99%)]	Loss: 0.011858
Test set:
Overall: 79529/112000 (71.0%)
Train set:
Overall: 35923/36000 (99.8%)
Train Epoch: 8 [0/36000 (0%)]	Loss: 0.022254
Train Epoch: 8 [640/36000 (2%)]	Loss: 0.044076
Train Epoch: 8 [1280/36000 (4%)]	Loss: 0.043358
Train Epoch: 8 [1920/36000 (5%)]	Loss: 0.027441
Train Epoch: 8 [2560/36000 (7%)]	Loss: 0.035800
Train Epoch: 8 [3200/36000 (9%)]	Loss: 0.006322
Train Epoch: 8 [3840/36000 (11%)]	Loss: 0.007600
Train Epoch: 8 [4480/36000 (12%)]	Loss: 0.025746
Train Epoch: 8 [5120/36000 (14%)]	Loss: 0.011209
Train Epoch: 8 [5760/36000 (16%)]	Loss: 0.002333
Train Epoch: 8 [6400/36000 (18%)]	Loss: 0.040464
Train Epoch: 8 [7040/36000 (20%)]	Loss: 0.008900
Train Epoch: 8 [7680/36000 (21%)]	Loss: 0.053452
Train Epoch: 8 [8320/36000 (23%)]	Loss: 0.010180
Train Epoch: 8 [8960/36000 (25%)]	Loss: 0.023659
Train Epoch: 8 [9600/36000 (27%)]	Loss: 0.070553
Train Epoch: 8 [10240/36000 (28%)]	Loss: 0.048158
Train Epoch: 8 [10880/36000 (30%)]	Loss: 0.034883
Train Epoch: 8 [11520/36000 (32%)]	Loss: 0.013657
Train Epoch: 8 [12160/36000 (34%)]	Loss: 0.013950
Train Epoch: 8 [12800/36000 (36%)]	Loss: 0.017606
Train Epoch: 8 [13440/36000 (37%)]	Loss: 0.023929
Train Epoch: 8 [14080/36000 (39%)]	Loss: 0.051752
Train Epoch: 8 [14720/36000 (41%)]	Loss: 0.026046
Train Epoch: 8 [15360/36000 (43%)]	Loss: 0.078532
Train Epoch: 8 [16000/36000 (44%)]	Loss: 0.003014
Train Epoch: 8 [16640/36000 (46%)]	Loss: 0.024514
Train Epoch: 8 [17280/36000 (48%)]	Loss: 0.032943
Train Epoch: 8 [17920/36000 (50%)]	Loss: 0.014201
Train Epoch: 8 [18560/36000 (52%)]	Loss: 0.004267
Train Epoch: 8 [19200/36000 (53%)]	Loss: 0.012274
Train Epoch: 8 [19840/36000 (55%)]	Loss: 0.004681
Train Epoch: 8 [20480/36000 (57%)]	Loss: 0.047234
Train Epoch: 8 [21120/36000 (59%)]	Loss: 0.032412
Train Epoch: 8 [21760/36000 (60%)]	Loss: 0.044318
Train Epoch: 8 [22400/36000 (62%)]	Loss: 0.014624
Train Epoch: 8 [23040/36000 (64%)]	Loss: 0.077596
Train Epoch: 8 [23680/36000 (66%)]	Loss: 0.013986
Train Epoch: 8 [24320/36000 (67%)]	Loss: 0.019778
Train Epoch: 8 [24960/36000 (69%)]	Loss: 0.003678
Train Epoch: 8 [25600/36000 (71%)]	Loss: 0.009031
Train Epoch: 8 [26240/36000 (73%)]	Loss: 0.007077
Train Epoch: 8 [26880/36000 (75%)]	Loss: 0.008224
Train Epoch: 8 [27520/36000 (76%)]	Loss: 0.023783
Train Epoch: 8 [28160/36000 (78%)]	Loss: 0.041907
Train Epoch: 8 [28800/36000 (80%)]	Loss: 0.045800
Train Epoch: 8 [29440/36000 (82%)]	Loss: 0.011967
Train Epoch: 8 [30080/36000 (83%)]	Loss: 0.021649
Train Epoch: 8 [30720/36000 (85%)]	Loss: 0.037122
Train Epoch: 8 [31360/36000 (87%)]	Loss: 0.119539
Train Epoch: 8 [32000/36000 (89%)]	Loss: 0.004262
Train Epoch: 8 [32640/36000 (91%)]	Loss: 0.004294
Train Epoch: 8 [33280/36000 (92%)]	Loss: 0.040442
Train Epoch: 8 [33920/36000 (94%)]	Loss: 0.015708
Train Epoch: 8 [34560/36000 (96%)]	Loss: 0.008122
Train Epoch: 8 [35200/36000 (98%)]	Loss: 0.038439
Train Epoch: 8 [35840/36000 (99%)]	Loss: 0.048918
Test set:
Overall: 79135/112000 (70.7%)
Train set:
Overall: 35956/36000 (99.9%)
Train Epoch: 9 [0/36000 (0%)]	Loss: 0.015791
Train Epoch: 9 [640/36000 (2%)]	Loss: 0.036946
Train Epoch: 9 [1280/36000 (4%)]	Loss: 0.021481
Train Epoch: 9 [1920/36000 (5%)]	Loss: 0.018211
Train Epoch: 9 [2560/36000 (7%)]	Loss: 0.024943
Train Epoch: 9 [3200/36000 (9%)]	Loss: 0.025179
Train Epoch: 9 [3840/36000 (11%)]	Loss: 0.002001
Train Epoch: 9 [4480/36000 (12%)]	Loss: 0.089771
Train Epoch: 9 [5120/36000 (14%)]	Loss: 0.013231
Train Epoch: 9 [5760/36000 (16%)]	Loss: 0.001329
Train Epoch: 9 [6400/36000 (18%)]	Loss: 0.002832
Train Epoch: 9 [7040/36000 (20%)]	Loss: 0.007168
Train Epoch: 9 [7680/36000 (21%)]	Loss: 0.001989
Train Epoch: 9 [8320/36000 (23%)]	Loss: 0.074390
Train Epoch: 9 [8960/36000 (25%)]	Loss: 0.064737
Train Epoch: 9 [9600/36000 (27%)]	Loss: 0.007792
Train Epoch: 9 [10240/36000 (28%)]	Loss: 0.015673
Train Epoch: 9 [10880/36000 (30%)]	Loss: 0.009176
Train Epoch: 9 [11520/36000 (32%)]	Loss: 0.005648
Train Epoch: 9 [12160/36000 (34%)]	Loss: 0.007009
Train Epoch: 9 [12800/36000 (36%)]	Loss: 0.014055
Train Epoch: 9 [13440/36000 (37%)]	Loss: 0.001849
Train Epoch: 9 [14080/36000 (39%)]	Loss: 0.034147
Train Epoch: 9 [14720/36000 (41%)]	Loss: 0.009652
Train Epoch: 9 [15360/36000 (43%)]	Loss: 0.006645
Train Epoch: 9 [16000/36000 (44%)]	Loss: 0.065557
Train Epoch: 9 [16640/36000 (46%)]	Loss: 0.015100
Train Epoch: 9 [17280/36000 (48%)]	Loss: 0.022524
Train Epoch: 9 [17920/36000 (50%)]	Loss: 0.021570
Train Epoch: 9 [18560/36000 (52%)]	Loss: 0.054249
Train Epoch: 9 [19200/36000 (53%)]	Loss: 0.098515
Train Epoch: 9 [19840/36000 (55%)]	Loss: 0.016173
Train Epoch: 9 [20480/36000 (57%)]	Loss: 0.002569
Train Epoch: 9 [21120/36000 (59%)]	Loss: 0.038754
Train Epoch: 9 [21760/36000 (60%)]	Loss: 0.041875
Train Epoch: 9 [22400/36000 (62%)]	Loss: 0.010079
Train Epoch: 9 [23040/36000 (64%)]	Loss: 0.031857
Train Epoch: 9 [23680/36000 (66%)]	Loss: 0.009610
Train Epoch: 9 [24320/36000 (67%)]	Loss: 0.030999
Train Epoch: 9 [24960/36000 (69%)]	Loss: 0.006966
Train Epoch: 9 [25600/36000 (71%)]	Loss: 0.043668
Train Epoch: 9 [26240/36000 (73%)]	Loss: 0.029384
Train Epoch: 9 [26880/36000 (75%)]	Loss: 0.053086
Train Epoch: 9 [27520/36000 (76%)]	Loss: 0.009201
Train Epoch: 9 [28160/36000 (78%)]	Loss: 0.020144
Train Epoch: 9 [28800/36000 (80%)]	Loss: 0.046285
Train Epoch: 9 [29440/36000 (82%)]	Loss: 0.002304
Train Epoch: 9 [30080/36000 (83%)]	Loss: 0.003096
Train Epoch: 9 [30720/36000 (85%)]	Loss: 0.025144
Train Epoch: 9 [31360/36000 (87%)]	Loss: 0.060249
Train Epoch: 9 [32000/36000 (89%)]	Loss: 0.018814
Train Epoch: 9 [32640/36000 (91%)]	Loss: 0.036454
Train Epoch: 9 [33280/36000 (92%)]	Loss: 0.029278
Train Epoch: 9 [33920/36000 (94%)]	Loss: 0.006831
Train Epoch: 9 [34560/36000 (96%)]	Loss: 0.011092
Train Epoch: 9 [35200/36000 (98%)]	Loss: 0.054864
Train Epoch: 9 [35840/36000 (99%)]	Loss: 0.004624
Test set:
Overall: 79123/112000 (70.6%)
Train set:
Overall: 35960/36000 (99.9%)
Train Epoch: 10 [0/36000 (0%)]	Loss: 0.029386
Train Epoch: 10 [640/36000 (2%)]	Loss: 0.027013
Train Epoch: 10 [1280/36000 (4%)]	Loss: 0.002363
Train Epoch: 10 [1920/36000 (5%)]	Loss: 0.058680
Train Epoch: 10 [2560/36000 (7%)]	Loss: 0.050391
Train Epoch: 10 [3200/36000 (9%)]	Loss: 0.004631
Train Epoch: 10 [3840/36000 (11%)]	Loss: 0.001600
Train Epoch: 10 [4480/36000 (12%)]	Loss: 0.013632
Train Epoch: 10 [5120/36000 (14%)]	Loss: 0.002109
Train Epoch: 10 [5760/36000 (16%)]	Loss: 0.008393
Train Epoch: 10 [6400/36000 (18%)]	Loss: 0.019608
Train Epoch: 10 [7040/36000 (20%)]	Loss: 0.017585
Train Epoch: 10 [7680/36000 (21%)]	Loss: 0.006089
Train Epoch: 10 [8320/36000 (23%)]	Loss: 0.006283
Train Epoch: 10 [8960/36000 (25%)]	Loss: 0.001855
Train Epoch: 10 [9600/36000 (27%)]	Loss: 0.063377
Train Epoch: 10 [10240/36000 (28%)]	Loss: 0.001987
Train Epoch: 10 [10880/36000 (30%)]	Loss: 0.008217
Train Epoch: 10 [11520/36000 (32%)]	Loss: 0.006733
Train Epoch: 10 [12160/36000 (34%)]	Loss: 0.035897
Train Epoch: 10 [12800/36000 (36%)]	Loss: 0.009665
Train Epoch: 10 [13440/36000 (37%)]	Loss: 0.002599
Train Epoch: 10 [14080/36000 (39%)]	Loss: 0.144826
Train Epoch: 10 [14720/36000 (41%)]	Loss: 0.004866
Train Epoch: 10 [15360/36000 (43%)]	Loss: 0.008623
Train Epoch: 10 [16000/36000 (44%)]	Loss: 0.024466
Train Epoch: 10 [16640/36000 (46%)]	Loss: 0.019646
Train Epoch: 10 [17280/36000 (48%)]	Loss: 0.006864
Train Epoch: 10 [17920/36000 (50%)]	Loss: 0.050708
Train Epoch: 10 [18560/36000 (52%)]	Loss: 0.008314
Train Epoch: 10 [19200/36000 (53%)]	Loss: 0.029478
Train Epoch: 10 [19840/36000 (55%)]	Loss: 0.002839
Train Epoch: 10 [20480/36000 (57%)]	Loss: 0.014389
Train Epoch: 10 [21120/36000 (59%)]	Loss: 0.012955
Train Epoch: 10 [21760/36000 (60%)]	Loss: 0.013285
Train Epoch: 10 [22400/36000 (62%)]	Loss: 0.012308
Train Epoch: 10 [23040/36000 (64%)]	Loss: 0.010291
Train Epoch: 10 [23680/36000 (66%)]	Loss: 0.014510
Train Epoch: 10 [24320/36000 (67%)]	Loss: 0.001947
Train Epoch: 10 [24960/36000 (69%)]	Loss: 0.002084
Train Epoch: 10 [25600/36000 (71%)]	Loss: 0.002743
Train Epoch: 10 [26240/36000 (73%)]	Loss: 0.033583
Train Epoch: 10 [26880/36000 (75%)]	Loss: 0.024504
Train Epoch: 10 [27520/36000 (76%)]	Loss: 0.006473
Train Epoch: 10 [28160/36000 (78%)]	Loss: 0.020519
Train Epoch: 10 [28800/36000 (80%)]	Loss: 0.007176
Train Epoch: 10 [29440/36000 (82%)]	Loss: 0.019718
Train Epoch: 10 [30080/36000 (83%)]	Loss: 0.052566
Train Epoch: 10 [30720/36000 (85%)]	Loss: 0.157437
Train Epoch: 10 [31360/36000 (87%)]	Loss: 0.116805
Train Epoch: 10 [32000/36000 (89%)]	Loss: 0.027645
Train Epoch: 10 [32640/36000 (91%)]	Loss: 0.016281
Train Epoch: 10 [33280/36000 (92%)]	Loss: 0.011966
Train Epoch: 10 [33920/36000 (94%)]	Loss: 0.037367
Train Epoch: 10 [34560/36000 (96%)]	Loss: 0.002232
Train Epoch: 10 [35200/36000 (98%)]	Loss: 0.011449
Train Epoch: 10 [35840/36000 (99%)]	Loss: 0.030895
Test set:
Overall: 79536/112000 (71.0%)
Train set:
Overall: 35966/36000 (99.9%)
Train Epoch: 11 [0/36000 (0%)]	Loss: 0.031419
Train Epoch: 11 [640/36000 (2%)]	Loss: 0.002110
Train Epoch: 11 [1280/36000 (4%)]	Loss: 0.021203
Train Epoch: 11 [1920/36000 (5%)]	Loss: 0.009845
Train Epoch: 11 [2560/36000 (7%)]	Loss: 0.014340
Train Epoch: 11 [3200/36000 (9%)]	Loss: 0.004445
Train Epoch: 11 [3840/36000 (11%)]	Loss: 0.071483
Train Epoch: 11 [4480/36000 (12%)]	Loss: 0.016276
Train Epoch: 11 [5120/36000 (14%)]	Loss: 0.022657
Train Epoch: 11 [5760/36000 (16%)]	Loss: 0.057181
Train Epoch: 11 [6400/36000 (18%)]	Loss: 0.002168
Train Epoch: 11 [7040/36000 (20%)]	Loss: 0.007241
Train Epoch: 11 [7680/36000 (21%)]	Loss: 0.028949
Train Epoch: 11 [8320/36000 (23%)]	Loss: 0.002398
Train Epoch: 11 [8960/36000 (25%)]	Loss: 0.013763
Train Epoch: 11 [9600/36000 (27%)]	Loss: 0.024843
Train Epoch: 11 [10240/36000 (28%)]	Loss: 0.045841
Train Epoch: 11 [10880/36000 (30%)]	Loss: 0.009641
Train Epoch: 11 [11520/36000 (32%)]	Loss: 0.006204
Train Epoch: 11 [12160/36000 (34%)]	Loss: 0.002413
Train Epoch: 11 [12800/36000 (36%)]	Loss: 0.009035
Train Epoch: 11 [13440/36000 (37%)]	Loss: 0.005171
Train Epoch: 11 [14080/36000 (39%)]	Loss: 0.003538
Train Epoch: 11 [14720/36000 (41%)]	Loss: 0.003476
Train Epoch: 11 [15360/36000 (43%)]	Loss: 0.033592
Train Epoch: 11 [16000/36000 (44%)]	Loss: 0.001584
Train Epoch: 11 [16640/36000 (46%)]	Loss: 0.012059
Train Epoch: 11 [17280/36000 (48%)]	Loss: 0.002235
Train Epoch: 11 [17920/36000 (50%)]	Loss: 0.018553
Train Epoch: 11 [18560/36000 (52%)]	Loss: 0.012079
Train Epoch: 11 [19200/36000 (53%)]	Loss: 0.009469
Train Epoch: 11 [19840/36000 (55%)]	Loss: 0.098678
Train Epoch: 11 [20480/36000 (57%)]	Loss: 0.003810
Train Epoch: 11 [21120/36000 (59%)]	Loss: 0.016930
Train Epoch: 11 [21760/36000 (60%)]	Loss: 0.014515
Train Epoch: 11 [22400/36000 (62%)]	Loss: 0.005061
Train Epoch: 11 [23040/36000 (64%)]	Loss: 0.001614
Train Epoch: 11 [23680/36000 (66%)]	Loss: 0.002326
Train Epoch: 11 [24320/36000 (67%)]	Loss: 0.014825
Train Epoch: 11 [24960/36000 (69%)]	Loss: 0.053055
Train Epoch: 11 [25600/36000 (71%)]	Loss: 0.000208
Train Epoch: 11 [26240/36000 (73%)]	Loss: 0.073749
Train Epoch: 11 [26880/36000 (75%)]	Loss: 0.019251
Train Epoch: 11 [27520/36000 (76%)]	Loss: 0.009359
Train Epoch: 11 [28160/36000 (78%)]	Loss: 0.002674
Train Epoch: 11 [28800/36000 (80%)]	Loss: 0.021217
Train Epoch: 11 [29440/36000 (82%)]	Loss: 0.014835
Train Epoch: 11 [30080/36000 (83%)]	Loss: 0.029089
Train Epoch: 11 [30720/36000 (85%)]	Loss: 0.007023
Train Epoch: 11 [31360/36000 (87%)]	Loss: 0.002546
Train Epoch: 11 [32000/36000 (89%)]	Loss: 0.017857
Train Epoch: 11 [32640/36000 (91%)]	Loss: 0.040465
Train Epoch: 11 [33280/36000 (92%)]	Loss: 0.003011
Train Epoch: 11 [33920/36000 (94%)]	Loss: 0.014921
Train Epoch: 11 [34560/36000 (96%)]	Loss: 0.003153
Train Epoch: 11 [35200/36000 (98%)]	Loss: 0.003137
Train Epoch: 11 [35840/36000 (99%)]	Loss: 0.008920
Test set:
Overall: 79941/112000 (71.4%)
Train set:
Overall: 35978/36000 (99.9%)
Train Epoch: 12 [0/36000 (0%)]	Loss: 0.002074
Train Epoch: 12 [640/36000 (2%)]	Loss: 0.019069
Train Epoch: 12 [1280/36000 (4%)]	Loss: 0.029714
Train Epoch: 12 [1920/36000 (5%)]	Loss: 0.003545
Train Epoch: 12 [2560/36000 (7%)]	Loss: 0.001328
Train Epoch: 12 [3200/36000 (9%)]	Loss: 0.003318
Train Epoch: 12 [3840/36000 (11%)]	Loss: 0.009542
Train Epoch: 12 [4480/36000 (12%)]	Loss: 0.002454
Train Epoch: 12 [5120/36000 (14%)]	Loss: 0.001967
Train Epoch: 12 [5760/36000 (16%)]	Loss: 0.121603
Train Epoch: 12 [6400/36000 (18%)]	Loss: 0.164000
Train Epoch: 12 [7040/36000 (20%)]	Loss: 0.061688
Train Epoch: 12 [7680/36000 (21%)]	Loss: 0.073671
Train Epoch: 12 [8320/36000 (23%)]	Loss: 0.011158
Train Epoch: 12 [8960/36000 (25%)]	Loss: 0.004979
Train Epoch: 12 [9600/36000 (27%)]	Loss: 0.051480
Train Epoch: 12 [10240/36000 (28%)]	Loss: 0.007321
Train Epoch: 12 [10880/36000 (30%)]	Loss: 0.004857
Train Epoch: 12 [11520/36000 (32%)]	Loss: 0.004813
Train Epoch: 12 [12160/36000 (34%)]	Loss: 0.022652
Train Epoch: 12 [12800/36000 (36%)]	Loss: 0.006519
Train Epoch: 12 [13440/36000 (37%)]	Loss: 0.005034
Train Epoch: 12 [14080/36000 (39%)]	Loss: 0.003623
Train Epoch: 12 [14720/36000 (41%)]	Loss: 0.001018
Train Epoch: 12 [15360/36000 (43%)]	Loss: 0.002713
Train Epoch: 12 [16000/36000 (44%)]	Loss: 0.002377
Train Epoch: 12 [16640/36000 (46%)]	Loss: 0.083992
Train Epoch: 12 [17280/36000 (48%)]	Loss: 0.004771
Train Epoch: 12 [17920/36000 (50%)]	Loss: 0.001272
Train Epoch: 12 [18560/36000 (52%)]	Loss: 0.008577
Train Epoch: 12 [19200/36000 (53%)]	Loss: 0.002707
Train Epoch: 12 [19840/36000 (55%)]	Loss: 0.012403
Train Epoch: 12 [20480/36000 (57%)]	Loss: 0.002791
Train Epoch: 12 [21120/36000 (59%)]	Loss: 0.012265
Train Epoch: 12 [21760/36000 (60%)]	Loss: 0.023408
Train Epoch: 12 [22400/36000 (62%)]	Loss: 0.012198
Train Epoch: 12 [23040/36000 (64%)]	Loss: 0.012659
Train Epoch: 12 [23680/36000 (66%)]	Loss: 0.128956
Train Epoch: 12 [24320/36000 (67%)]	Loss: 0.008507
Train Epoch: 12 [24960/36000 (69%)]	Loss: 0.005276
Train Epoch: 12 [25600/36000 (71%)]	Loss: 0.007360
Train Epoch: 12 [26240/36000 (73%)]	Loss: 0.002827
Train Epoch: 12 [26880/36000 (75%)]	Loss: 0.005597
Train Epoch: 12 [27520/36000 (76%)]	Loss: 0.004089
Train Epoch: 12 [28160/36000 (78%)]	Loss: 0.022627
Train Epoch: 12 [28800/36000 (80%)]	Loss: 0.092847
Train Epoch: 12 [29440/36000 (82%)]	Loss: 0.011487
Train Epoch: 12 [30080/36000 (83%)]	Loss: 0.000790
Train Epoch: 12 [30720/36000 (85%)]	Loss: 0.002226
Train Epoch: 12 [31360/36000 (87%)]	Loss: 0.001516
Train Epoch: 12 [32000/36000 (89%)]	Loss: 0.006939
Train Epoch: 12 [32640/36000 (91%)]	Loss: 0.001204
Train Epoch: 12 [33280/36000 (92%)]	Loss: 0.015579
Train Epoch: 12 [33920/36000 (94%)]	Loss: 0.018326
Train Epoch: 12 [34560/36000 (96%)]	Loss: 0.021462
Train Epoch: 12 [35200/36000 (98%)]	Loss: 0.004607
Train Epoch: 12 [35840/36000 (99%)]	Loss: 0.004033
Test set:
Overall: 78277/112000 (69.9%)
Train set:
Overall: 35963/36000 (99.9%)
Train Epoch: 13 [0/36000 (0%)]	Loss: 0.056473
Train Epoch: 13 [640/36000 (2%)]	Loss: 0.033586
Train Epoch: 13 [1280/36000 (4%)]	Loss: 0.050685
Train Epoch: 13 [1920/36000 (5%)]	Loss: 0.002146
Train Epoch: 13 [2560/36000 (7%)]	Loss: 0.018389
Train Epoch: 13 [3200/36000 (9%)]	Loss: 0.001236
Train Epoch: 13 [3840/36000 (11%)]	Loss: 0.007129
Train Epoch: 13 [4480/36000 (12%)]	Loss: 0.083482
Train Epoch: 13 [5120/36000 (14%)]	Loss: 0.012378
Train Epoch: 13 [5760/36000 (16%)]	Loss: 0.033031
Train Epoch: 13 [6400/36000 (18%)]	Loss: 0.016082
Train Epoch: 13 [7040/36000 (20%)]	Loss: 0.025828
Train Epoch: 13 [7680/36000 (21%)]	Loss: 0.006005
Train Epoch: 13 [8320/36000 (23%)]	Loss: 0.015822
Train Epoch: 13 [8960/36000 (25%)]	Loss: 0.066328
Train Epoch: 13 [9600/36000 (27%)]	Loss: 0.019317
Train Epoch: 13 [10240/36000 (28%)]	Loss: 0.010662
Train Epoch: 13 [10880/36000 (30%)]	Loss: 0.004100
Train Epoch: 13 [11520/36000 (32%)]	Loss: 0.012158
Train Epoch: 13 [12160/36000 (34%)]	Loss: 0.021546
Train Epoch: 13 [12800/36000 (36%)]	Loss: 0.011487
Train Epoch: 13 [13440/36000 (37%)]	Loss: 0.006450
Train Epoch: 13 [14080/36000 (39%)]	Loss: 0.007540
Train Epoch: 13 [14720/36000 (41%)]	Loss: 0.016391
Train Epoch: 13 [15360/36000 (43%)]	Loss: 0.005866
Train Epoch: 13 [16000/36000 (44%)]	Loss: 0.060676
Train Epoch: 13 [16640/36000 (46%)]	Loss: 0.002637
Train Epoch: 13 [17280/36000 (48%)]	Loss: 0.070052
Train Epoch: 13 [17920/36000 (50%)]	Loss: 0.001798
Train Epoch: 13 [18560/36000 (52%)]	Loss: 0.017856
Train Epoch: 13 [19200/36000 (53%)]	Loss: 0.003389
Train Epoch: 13 [19840/36000 (55%)]	Loss: 0.064613
Train Epoch: 13 [20480/36000 (57%)]	Loss: 0.005617
Train Epoch: 13 [21120/36000 (59%)]	Loss: 0.000654
Train Epoch: 13 [21760/36000 (60%)]	Loss: 0.068061
Train Epoch: 13 [22400/36000 (62%)]	Loss: 0.021979
Train Epoch: 13 [23040/36000 (64%)]	Loss: 0.025455
Train Epoch: 13 [23680/36000 (66%)]	Loss: 0.005436
Train Epoch: 13 [24320/36000 (67%)]	Loss: 0.008087
Train Epoch: 13 [24960/36000 (69%)]	Loss: 0.003800
Train Epoch: 13 [25600/36000 (71%)]	Loss: 0.001921
Train Epoch: 13 [26240/36000 (73%)]	Loss: 0.004254
Train Epoch: 13 [26880/36000 (75%)]	Loss: 0.007875
Train Epoch: 13 [27520/36000 (76%)]	Loss: 0.022006
Train Epoch: 13 [28160/36000 (78%)]	Loss: 0.007030
Train Epoch: 13 [28800/36000 (80%)]	Loss: 0.012356
Train Epoch: 13 [29440/36000 (82%)]	Loss: 0.003857
Train Epoch: 13 [30080/36000 (83%)]	Loss: 0.001535
Train Epoch: 13 [30720/36000 (85%)]	Loss: 0.061524
Train Epoch: 13 [31360/36000 (87%)]	Loss: 0.003897
Train Epoch: 13 [32000/36000 (89%)]	Loss: 0.014316
Train Epoch: 13 [32640/36000 (91%)]	Loss: 0.005294
Train Epoch: 13 [33280/36000 (92%)]	Loss: 0.013725
Train Epoch: 13 [33920/36000 (94%)]	Loss: 0.032397
Train Epoch: 13 [34560/36000 (96%)]	Loss: 0.000256
Train Epoch: 13 [35200/36000 (98%)]	Loss: 0.002980
Train Epoch: 13 [35840/36000 (99%)]	Loss: 0.052272
Test set:
Overall: 77734/112000 (69.4%)
Train set:
Overall: 35973/36000 (99.9%)
Train Epoch: 14 [0/36000 (0%)]	Loss: 0.005390
Train Epoch: 14 [640/36000 (2%)]	Loss: 0.025837
Train Epoch: 14 [1280/36000 (4%)]	Loss: 0.024816
Train Epoch: 14 [1920/36000 (5%)]	Loss: 0.009039
Train Epoch: 14 [2560/36000 (7%)]	Loss: 0.004559
Train Epoch: 14 [3200/36000 (9%)]	Loss: 0.009316
Train Epoch: 14 [3840/36000 (11%)]	Loss: 0.012470
Train Epoch: 14 [4480/36000 (12%)]	Loss: 0.000190
Train Epoch: 14 [5120/36000 (14%)]	Loss: 0.012228
Train Epoch: 14 [5760/36000 (16%)]	Loss: 0.002020
Train Epoch: 14 [6400/36000 (18%)]	Loss: 0.017681
Train Epoch: 14 [7040/36000 (20%)]	Loss: 0.001553
Train Epoch: 14 [7680/36000 (21%)]	Loss: 0.001345
Train Epoch: 14 [8320/36000 (23%)]	Loss: 0.034064
Train Epoch: 14 [8960/36000 (25%)]	Loss: 0.013146
Train Epoch: 14 [9600/36000 (27%)]	Loss: 0.014290
Train Epoch: 14 [10240/36000 (28%)]	Loss: 0.061201
Train Epoch: 14 [10880/36000 (30%)]	Loss: 0.006652
Train Epoch: 14 [11520/36000 (32%)]	Loss: 0.004833
Train Epoch: 14 [12160/36000 (34%)]	Loss: 0.035906
Train Epoch: 14 [12800/36000 (36%)]	Loss: 0.003693
Train Epoch: 14 [13440/36000 (37%)]	Loss: 0.002815
Train Epoch: 14 [14080/36000 (39%)]	Loss: 0.011575
Train Epoch: 14 [14720/36000 (41%)]	Loss: 0.020792
Train Epoch: 14 [15360/36000 (43%)]	Loss: 0.001397
Train Epoch: 14 [16000/36000 (44%)]	Loss: 0.004357
Train Epoch: 14 [16640/36000 (46%)]	Loss: 0.000454
Train Epoch: 14 [17280/36000 (48%)]	Loss: 0.004800
Train Epoch: 14 [17920/36000 (50%)]	Loss: 0.003910
Train Epoch: 14 [18560/36000 (52%)]	Loss: 0.001869
Train Epoch: 14 [19200/36000 (53%)]	Loss: 0.008644
Train Epoch: 14 [19840/36000 (55%)]	Loss: 0.005819
Train Epoch: 14 [20480/36000 (57%)]	Loss: 0.006259
Train Epoch: 14 [21120/36000 (59%)]	Loss: 0.015255
Train Epoch: 14 [21760/36000 (60%)]	Loss: 0.001763
Train Epoch: 14 [22400/36000 (62%)]	Loss: 0.003156
Train Epoch: 14 [23040/36000 (64%)]	Loss: 0.050651
Train Epoch: 14 [23680/36000 (66%)]	Loss: 0.008746
Train Epoch: 14 [24320/36000 (67%)]	Loss: 0.004542
Train Epoch: 14 [24960/36000 (69%)]	Loss: 0.004148
Train Epoch: 14 [25600/36000 (71%)]	Loss: 0.001230
Train Epoch: 14 [26240/36000 (73%)]	Loss: 0.002138
Train Epoch: 14 [26880/36000 (75%)]	Loss: 0.017880
Train Epoch: 14 [27520/36000 (76%)]	Loss: 0.004370
Train Epoch: 14 [28160/36000 (78%)]	Loss: 0.001489
Train Epoch: 14 [28800/36000 (80%)]	Loss: 0.005111
Train Epoch: 14 [29440/36000 (82%)]	Loss: 0.022697
Train Epoch: 14 [30080/36000 (83%)]	Loss: 0.018753
Train Epoch: 14 [30720/36000 (85%)]	Loss: 0.014020
Train Epoch: 14 [31360/36000 (87%)]	Loss: 0.010500
Train Epoch: 14 [32000/36000 (89%)]	Loss: 0.029585
Train Epoch: 14 [32640/36000 (91%)]	Loss: 0.001321
Train Epoch: 14 [33280/36000 (92%)]	Loss: 0.003717
Train Epoch: 14 [33920/36000 (94%)]	Loss: 0.002064
Train Epoch: 14 [34560/36000 (96%)]	Loss: 0.022476
Train Epoch: 14 [35200/36000 (98%)]	Loss: 0.076488
Train Epoch: 14 [35840/36000 (99%)]	Loss: 0.028631
Test set:
Overall: 79495/112000 (71.0%)
Train set:
Overall: 35995/36000 (100.0%)
Train Epoch: 15 [0/36000 (0%)]	Loss: 0.003792
Train Epoch: 15 [640/36000 (2%)]	Loss: 0.002476
Train Epoch: 15 [1280/36000 (4%)]	Loss: 0.036842
Train Epoch: 15 [1920/36000 (5%)]	Loss: 0.008638
Train Epoch: 15 [2560/36000 (7%)]	Loss: 0.003896
Train Epoch: 15 [3200/36000 (9%)]	Loss: 0.002253
Train Epoch: 15 [3840/36000 (11%)]	Loss: 0.032450
Train Epoch: 15 [4480/36000 (12%)]	Loss: 0.003753
Train Epoch: 15 [5120/36000 (14%)]	Loss: 0.006611
Train Epoch: 15 [5760/36000 (16%)]	Loss: 0.001172
Train Epoch: 15 [6400/36000 (18%)]	Loss: 0.022158
Train Epoch: 15 [7040/36000 (20%)]	Loss: 0.005006
Train Epoch: 15 [7680/36000 (21%)]	Loss: 0.001562
Train Epoch: 15 [8320/36000 (23%)]	Loss: 0.055919
Train Epoch: 15 [8960/36000 (25%)]	Loss: 0.003543
Train Epoch: 15 [9600/36000 (27%)]	Loss: 0.030675
Train Epoch: 15 [10240/36000 (28%)]	Loss: 0.001700
Train Epoch: 15 [10880/36000 (30%)]	Loss: 0.044747
Train Epoch: 15 [11520/36000 (32%)]	Loss: 0.009446
Train Epoch: 15 [12160/36000 (34%)]	Loss: 0.014016
Train Epoch: 15 [12800/36000 (36%)]	Loss: 0.001152
Train Epoch: 15 [13440/36000 (37%)]	Loss: 0.012181
Train Epoch: 15 [14080/36000 (39%)]	Loss: 0.001144
Train Epoch: 15 [14720/36000 (41%)]	Loss: 0.054582
Train Epoch: 15 [15360/36000 (43%)]	Loss: 0.013693
Train Epoch: 15 [16000/36000 (44%)]	Loss: 0.001947
Train Epoch: 15 [16640/36000 (46%)]	Loss: 0.003161
Train Epoch: 15 [17280/36000 (48%)]	Loss: 0.030402
Train Epoch: 15 [17920/36000 (50%)]	Loss: 0.001578
Train Epoch: 15 [18560/36000 (52%)]	Loss: 0.000218
Train Epoch: 15 [19200/36000 (53%)]	Loss: 0.000305
Train Epoch: 15 [19840/36000 (55%)]	Loss: 0.079875
Train Epoch: 15 [20480/36000 (57%)]	Loss: 0.000927
Train Epoch: 15 [21120/36000 (59%)]	Loss: 0.010247
Train Epoch: 15 [21760/36000 (60%)]	Loss: 0.016347
Train Epoch: 15 [22400/36000 (62%)]	Loss: 0.013251
Train Epoch: 15 [23040/36000 (64%)]	Loss: 0.000589
Train Epoch: 15 [23680/36000 (66%)]	Loss: 0.014005
Train Epoch: 15 [24320/36000 (67%)]	Loss: 0.018656
Train Epoch: 15 [24960/36000 (69%)]	Loss: 0.020325
Train Epoch: 15 [25600/36000 (71%)]	Loss: 0.011678
Train Epoch: 15 [26240/36000 (73%)]	Loss: 0.028649
Train Epoch: 15 [26880/36000 (75%)]	Loss: 0.000186
Train Epoch: 15 [27520/36000 (76%)]	Loss: 0.002308
Train Epoch: 15 [28160/36000 (78%)]	Loss: 0.003758
Train Epoch: 15 [28800/36000 (80%)]	Loss: 0.001617
Train Epoch: 15 [29440/36000 (82%)]	Loss: 0.001307
Train Epoch: 15 [30080/36000 (83%)]	Loss: 0.017072
Train Epoch: 15 [30720/36000 (85%)]	Loss: 0.011221
Train Epoch: 15 [31360/36000 (87%)]	Loss: 0.006287
Train Epoch: 15 [32000/36000 (89%)]	Loss: 0.000765
Train Epoch: 15 [32640/36000 (91%)]	Loss: 0.007818
Train Epoch: 15 [33280/36000 (92%)]	Loss: 0.027397
Train Epoch: 15 [33920/36000 (94%)]	Loss: 0.025085
Train Epoch: 15 [34560/36000 (96%)]	Loss: 0.008851
Train Epoch: 15 [35200/36000 (98%)]	Loss: 0.001260
Train Epoch: 15 [35840/36000 (99%)]	Loss: 0.017086
Test set:
Overall: 78792/112000 (70.3%)
Train set:
Overall: 35993/36000 (100.0%)
Train Epoch: 16 [0/36000 (0%)]	Loss: 0.061885
Train Epoch: 16 [640/36000 (2%)]	Loss: 0.008679
Train Epoch: 16 [1280/36000 (4%)]	Loss: 0.015075
Train Epoch: 16 [1920/36000 (5%)]	Loss: 0.009789
Train Epoch: 16 [2560/36000 (7%)]	Loss: 0.010382
Train Epoch: 16 [3200/36000 (9%)]	Loss: 0.061716
Train Epoch: 16 [3840/36000 (11%)]	Loss: 0.017300
Train Epoch: 16 [4480/36000 (12%)]	Loss: 0.031037
Train Epoch: 16 [5120/36000 (14%)]	Loss: 0.011425
Train Epoch: 16 [5760/36000 (16%)]	Loss: 0.005618
Train Epoch: 16 [6400/36000 (18%)]	Loss: 0.003312
Train Epoch: 16 [7040/36000 (20%)]	Loss: 0.041532
Train Epoch: 16 [7680/36000 (21%)]	Loss: 0.008415
Train Epoch: 16 [8320/36000 (23%)]	Loss: 0.011277
Train Epoch: 16 [8960/36000 (25%)]	Loss: 0.010646
Train Epoch: 16 [9600/36000 (27%)]	Loss: 0.035397
Train Epoch: 16 [10240/36000 (28%)]	Loss: 0.020617
Train Epoch: 16 [10880/36000 (30%)]	Loss: 0.000628
Train Epoch: 16 [11520/36000 (32%)]	Loss: 0.004012
Train Epoch: 16 [12160/36000 (34%)]	Loss: 0.009162
Train Epoch: 16 [12800/36000 (36%)]	Loss: 0.021692
Train Epoch: 16 [13440/36000 (37%)]	Loss: 0.004449
Train Epoch: 16 [14080/36000 (39%)]	Loss: 0.006615
Train Epoch: 16 [14720/36000 (41%)]	Loss: 0.014926
Train Epoch: 16 [15360/36000 (43%)]	Loss: 0.000781
Train Epoch: 16 [16000/36000 (44%)]	Loss: 0.060741
Train Epoch: 16 [16640/36000 (46%)]	Loss: 0.002960
Train Epoch: 16 [17280/36000 (48%)]	Loss: 0.004782
Train Epoch: 16 [17920/36000 (50%)]	Loss: 0.002259
Train Epoch: 16 [18560/36000 (52%)]	Loss: 0.017546
Train Epoch: 16 [19200/36000 (53%)]	Loss: 0.016050
Train Epoch: 16 [19840/36000 (55%)]	Loss: 0.033744
Train Epoch: 16 [20480/36000 (57%)]	Loss: 0.058683
Train Epoch: 16 [21120/36000 (59%)]	Loss: 0.007248
Train Epoch: 16 [21760/36000 (60%)]	Loss: 0.000427
Train Epoch: 16 [22400/36000 (62%)]	Loss: 0.051213
Train Epoch: 16 [23040/36000 (64%)]	Loss: 0.001028
Train Epoch: 16 [23680/36000 (66%)]	Loss: 0.009233
Train Epoch: 16 [24320/36000 (67%)]	Loss: 0.001861
Train Epoch: 16 [24960/36000 (69%)]	Loss: 0.043990
Train Epoch: 16 [25600/36000 (71%)]	Loss: 0.000300
Train Epoch: 16 [26240/36000 (73%)]	Loss: 0.000308
Train Epoch: 16 [26880/36000 (75%)]	Loss: 0.050422
Train Epoch: 16 [27520/36000 (76%)]	Loss: 0.004084
Train Epoch: 16 [28160/36000 (78%)]	Loss: 0.004073
Train Epoch: 16 [28800/36000 (80%)]	Loss: 0.003227
Train Epoch: 16 [29440/36000 (82%)]	Loss: 0.025375
Train Epoch: 16 [30080/36000 (83%)]	Loss: 0.046400
Train Epoch: 16 [30720/36000 (85%)]	Loss: 0.133556
Train Epoch: 16 [31360/36000 (87%)]	Loss: 0.000145
Train Epoch: 16 [32000/36000 (89%)]	Loss: 0.024376
Train Epoch: 16 [32640/36000 (91%)]	Loss: 0.000932
Train Epoch: 16 [33280/36000 (92%)]	Loss: 0.033184
Train Epoch: 16 [33920/36000 (94%)]	Loss: 0.020395
Train Epoch: 16 [34560/36000 (96%)]	Loss: 0.008684
Train Epoch: 16 [35200/36000 (98%)]	Loss: 0.050344
Train Epoch: 16 [35840/36000 (99%)]	Loss: 0.021872
Test set:
Overall: 77641/112000 (69.3%)
Train set:
Overall: 35990/36000 (100.0%)
Train Epoch: 17 [0/36000 (0%)]	Loss: 0.005796
Train Epoch: 17 [640/36000 (2%)]	Loss: 0.001371
Train Epoch: 17 [1280/36000 (4%)]	Loss: 0.000549
Train Epoch: 17 [1920/36000 (5%)]	Loss: 0.017284
Train Epoch: 17 [2560/36000 (7%)]	Loss: 0.005366
Train Epoch: 17 [3200/36000 (9%)]	Loss: 0.015674
Train Epoch: 17 [3840/36000 (11%)]	Loss: 0.005477
Train Epoch: 17 [4480/36000 (12%)]	Loss: 0.004293
Train Epoch: 17 [5120/36000 (14%)]	Loss: 0.011783
Train Epoch: 17 [5760/36000 (16%)]	Loss: 0.012109
Train Epoch: 17 [6400/36000 (18%)]	Loss: 0.002419
Train Epoch: 17 [7040/36000 (20%)]	Loss: 0.000677
Train Epoch: 17 [7680/36000 (21%)]	Loss: 0.000502
Train Epoch: 17 [8320/36000 (23%)]	Loss: 0.020675
Train Epoch: 17 [8960/36000 (25%)]	Loss: 0.010765
Train Epoch: 17 [9600/36000 (27%)]	Loss: 0.006036
Train Epoch: 17 [10240/36000 (28%)]	Loss: 0.002509
Train Epoch: 17 [10880/36000 (30%)]	Loss: 0.000623
Train Epoch: 17 [11520/36000 (32%)]	Loss: 0.003012
Train Epoch: 17 [12160/36000 (34%)]	Loss: 0.010315
Train Epoch: 17 [12800/36000 (36%)]	Loss: 0.001996
Train Epoch: 17 [13440/36000 (37%)]	Loss: 0.004565
Train Epoch: 17 [14080/36000 (39%)]	Loss: 0.001836
Train Epoch: 17 [14720/36000 (41%)]	Loss: 0.008822
Train Epoch: 17 [15360/36000 (43%)]	Loss: 0.005773
Train Epoch: 17 [16000/36000 (44%)]	Loss: 0.002626
Train Epoch: 17 [16640/36000 (46%)]	Loss: 0.021384
Train Epoch: 17 [17280/36000 (48%)]	Loss: 0.027225
Train Epoch: 17 [17920/36000 (50%)]	Loss: 0.033992
Train Epoch: 17 [18560/36000 (52%)]	Loss: 0.010202
Train Epoch: 17 [19200/36000 (53%)]	Loss: 0.003031
Train Epoch: 17 [19840/36000 (55%)]	Loss: 0.002073
Train Epoch: 17 [20480/36000 (57%)]	Loss: 0.042768
Train Epoch: 17 [21120/36000 (59%)]	Loss: 0.024616
Train Epoch: 17 [21760/36000 (60%)]	Loss: 0.015579
Train Epoch: 17 [22400/36000 (62%)]	Loss: 0.006766
Train Epoch: 17 [23040/36000 (64%)]	Loss: 0.001670
Train Epoch: 17 [23680/36000 (66%)]	Loss: 0.000538
Train Epoch: 17 [24320/36000 (67%)]	Loss: 0.018108
Train Epoch: 17 [24960/36000 (69%)]	Loss: 0.016583
Train Epoch: 17 [25600/36000 (71%)]	Loss: 0.001507
Train Epoch: 17 [26240/36000 (73%)]	Loss: 0.000527
Train Epoch: 17 [26880/36000 (75%)]	Loss: 0.065152
