Running on ax04.rc.zi.columbia.edu
Train Epoch: 1 [0/36000 (0%)]	Loss: 0.673334
Train Epoch: 1 [640/36000 (2%)]	Loss: 0.649359
Train Epoch: 1 [1280/36000 (4%)]	Loss: 0.638402
Train Epoch: 1 [1920/36000 (5%)]	Loss: 0.536465
Train Epoch: 1 [2560/36000 (7%)]	Loss: 0.531750
Train Epoch: 1 [3200/36000 (9%)]	Loss: 0.540153
Train Epoch: 1 [3840/36000 (11%)]	Loss: 0.561887
Train Epoch: 1 [4480/36000 (12%)]	Loss: 0.555488
Train Epoch: 1 [5120/36000 (14%)]	Loss: 0.550547
Train Epoch: 1 [5760/36000 (16%)]	Loss: 0.558121
Train Epoch: 1 [6400/36000 (18%)]	Loss: 0.505326
Train Epoch: 1 [7040/36000 (20%)]	Loss: 0.496271
Train Epoch: 1 [7680/36000 (21%)]	Loss: 0.460530
Train Epoch: 1 [8320/36000 (23%)]	Loss: 0.608463
Train Epoch: 1 [8960/36000 (25%)]	Loss: 0.444084
Train Epoch: 1 [9600/36000 (27%)]	Loss: 0.607921
Train Epoch: 1 [10240/36000 (28%)]	Loss: 0.556884
Train Epoch: 1 [10880/36000 (30%)]	Loss: 0.493405
Train Epoch: 1 [11520/36000 (32%)]	Loss: 0.448071
Train Epoch: 1 [12160/36000 (34%)]	Loss: 0.499789
Train Epoch: 1 [12800/36000 (36%)]	Loss: 0.468119
Train Epoch: 1 [13440/36000 (37%)]	Loss: 0.500307
Train Epoch: 1 [14080/36000 (39%)]	Loss: 0.471463
Train Epoch: 1 [14720/36000 (41%)]	Loss: 0.506495
Train Epoch: 1 [15360/36000 (43%)]	Loss: 0.435700
Train Epoch: 1 [16000/36000 (44%)]	Loss: 0.472596
Train Epoch: 1 [16640/36000 (46%)]	Loss: 0.435609
Train Epoch: 1 [17280/36000 (48%)]	Loss: 0.576419
Train Epoch: 1 [17920/36000 (50%)]	Loss: 0.488875
Train Epoch: 1 [18560/36000 (52%)]	Loss: 0.530751
Train Epoch: 1 [19200/36000 (53%)]	Loss: 0.514014
Train Epoch: 1 [19840/36000 (55%)]	Loss: 0.546383
Train Epoch: 1 [20480/36000 (57%)]	Loss: 0.411776
Train Epoch: 1 [21120/36000 (59%)]	Loss: 0.486783
Train Epoch: 1 [21760/36000 (60%)]	Loss: 0.400440
Train Epoch: 1 [22400/36000 (62%)]	Loss: 0.577671
Train Epoch: 1 [23040/36000 (64%)]	Loss: 0.491702
Train Epoch: 1 [23680/36000 (66%)]	Loss: 0.453883
Train Epoch: 1 [24320/36000 (67%)]	Loss: 0.355629
Train Epoch: 1 [24960/36000 (69%)]	Loss: 0.511408
Train Epoch: 1 [25600/36000 (71%)]	Loss: 0.405071
Train Epoch: 1 [26240/36000 (73%)]	Loss: 0.374169
Train Epoch: 1 [26880/36000 (75%)]	Loss: 0.437015
Train Epoch: 1 [27520/36000 (76%)]	Loss: 0.523672
Train Epoch: 1 [28160/36000 (78%)]	Loss: 0.499105
Train Epoch: 1 [28800/36000 (80%)]	Loss: 0.488666
Train Epoch: 1 [29440/36000 (82%)]	Loss: 0.488434
Train Epoch: 1 [30080/36000 (83%)]	Loss: 0.549975
Train Epoch: 1 [30720/36000 (85%)]	Loss: 0.525718
Train Epoch: 1 [31360/36000 (87%)]	Loss: 0.394544
Train Epoch: 1 [32000/36000 (89%)]	Loss: 0.520795
Train Epoch: 1 [32640/36000 (91%)]	Loss: 0.385646
Train Epoch: 1 [33280/36000 (92%)]	Loss: 0.532950
Train Epoch: 1 [33920/36000 (94%)]	Loss: 0.415764
Train Epoch: 1 [34560/36000 (96%)]	Loss: 0.327097
Train Epoch: 1 [35200/36000 (98%)]	Loss: 0.490479
Train Epoch: 1 [35840/36000 (99%)]	Loss: 0.464459
Test set:
Overall: 106538/112000 (95.1%)
Train set:
Overall: 28752/36000 (79.9%)
Train Epoch: 2 [0/36000 (0%)]	Loss: 0.320932
Train Epoch: 2 [640/36000 (2%)]	Loss: 0.368187
Train Epoch: 2 [1280/36000 (4%)]	Loss: 0.357962
Train Epoch: 2 [1920/36000 (5%)]	Loss: 0.537373
Train Epoch: 2 [2560/36000 (7%)]	Loss: 0.594665
Train Epoch: 2 [3200/36000 (9%)]	Loss: 0.372805
Train Epoch: 2 [3840/36000 (11%)]	Loss: 0.346208
Train Epoch: 2 [4480/36000 (12%)]	Loss: 0.538087
Train Epoch: 2 [5120/36000 (14%)]	Loss: 0.488134
Train Epoch: 2 [5760/36000 (16%)]	Loss: 0.510939
Train Epoch: 2 [6400/36000 (18%)]	Loss: 0.383656
Train Epoch: 2 [7040/36000 (20%)]	Loss: 0.360153
Train Epoch: 2 [7680/36000 (21%)]	Loss: 0.458218
Train Epoch: 2 [8320/36000 (23%)]	Loss: 0.375804
Train Epoch: 2 [8960/36000 (25%)]	Loss: 0.409619
Train Epoch: 2 [9600/36000 (27%)]	Loss: 0.333972
Train Epoch: 2 [10240/36000 (28%)]	Loss: 0.456402
Train Epoch: 2 [10880/36000 (30%)]	Loss: 0.562022
Train Epoch: 2 [11520/36000 (32%)]	Loss: 0.452457
Train Epoch: 2 [12160/36000 (34%)]	Loss: 0.501987
Train Epoch: 2 [12800/36000 (36%)]	Loss: 0.440267
Train Epoch: 2 [13440/36000 (37%)]	Loss: 0.456814
Train Epoch: 2 [14080/36000 (39%)]	Loss: 0.372944
Train Epoch: 2 [14720/36000 (41%)]	Loss: 0.483887
Train Epoch: 2 [15360/36000 (43%)]	Loss: 0.425099
Train Epoch: 2 [16000/36000 (44%)]	Loss: 0.412588
Train Epoch: 2 [16640/36000 (46%)]	Loss: 0.385891
Train Epoch: 2 [17280/36000 (48%)]	Loss: 0.241510
Train Epoch: 2 [17920/36000 (50%)]	Loss: 0.438017
Train Epoch: 2 [18560/36000 (52%)]	Loss: 0.561052
Train Epoch: 2 [19200/36000 (53%)]	Loss: 0.520552
Train Epoch: 2 [19840/36000 (55%)]	Loss: 0.467812
Train Epoch: 2 [20480/36000 (57%)]	Loss: 0.336547
Train Epoch: 2 [21120/36000 (59%)]	Loss: 0.451083
Train Epoch: 2 [21760/36000 (60%)]	Loss: 0.402851
Train Epoch: 2 [22400/36000 (62%)]	Loss: 0.363131
Train Epoch: 2 [23040/36000 (64%)]	Loss: 0.422660
Train Epoch: 2 [23680/36000 (66%)]	Loss: 0.449274
Train Epoch: 2 [24320/36000 (67%)]	Loss: 0.545354
Train Epoch: 2 [24960/36000 (69%)]	Loss: 0.412781
Train Epoch: 2 [25600/36000 (71%)]	Loss: 0.400917
Train Epoch: 2 [26240/36000 (73%)]	Loss: 0.386080
Train Epoch: 2 [26880/36000 (75%)]	Loss: 0.531494
Train Epoch: 2 [27520/36000 (76%)]	Loss: 0.451584
Train Epoch: 2 [28160/36000 (78%)]	Loss: 0.351193
Train Epoch: 2 [28800/36000 (80%)]	Loss: 0.383241
Train Epoch: 2 [29440/36000 (82%)]	Loss: 0.341762
Train Epoch: 2 [30080/36000 (83%)]	Loss: 0.387845
Train Epoch: 2 [30720/36000 (85%)]	Loss: 0.350747
Train Epoch: 2 [31360/36000 (87%)]	Loss: 0.316776
Train Epoch: 2 [32000/36000 (89%)]	Loss: 0.448612
Train Epoch: 2 [32640/36000 (91%)]	Loss: 0.339222
Train Epoch: 2 [33280/36000 (92%)]	Loss: 0.431852
Train Epoch: 2 [33920/36000 (94%)]	Loss: 0.486623
Train Epoch: 2 [34560/36000 (96%)]	Loss: 0.398972
Train Epoch: 2 [35200/36000 (98%)]	Loss: 0.361382
Train Epoch: 2 [35840/36000 (99%)]	Loss: 0.357222
Test set:
Overall: 108608/112000 (97.0%)
Train set:
Overall: 30502/36000 (84.7%)
Train Epoch: 3 [0/36000 (0%)]	Loss: 0.350969
Train Epoch: 3 [640/36000 (2%)]	Loss: 0.387806
Train Epoch: 3 [1280/36000 (4%)]	Loss: 0.477672
Train Epoch: 3 [1920/36000 (5%)]	Loss: 0.384150
Train Epoch: 3 [2560/36000 (7%)]	Loss: 0.397020
Train Epoch: 3 [3200/36000 (9%)]	Loss: 0.548424
Train Epoch: 3 [3840/36000 (11%)]	Loss: 0.278601
Train Epoch: 3 [4480/36000 (12%)]	Loss: 0.349462
Train Epoch: 3 [5120/36000 (14%)]	Loss: 0.351733
Train Epoch: 3 [5760/36000 (16%)]	Loss: 0.392734
Train Epoch: 3 [6400/36000 (18%)]	Loss: 0.496472
Train Epoch: 3 [7040/36000 (20%)]	Loss: 0.272992
Train Epoch: 3 [7680/36000 (21%)]	Loss: 0.359259
Train Epoch: 3 [8320/36000 (23%)]	Loss: 0.404612
Train Epoch: 3 [8960/36000 (25%)]	Loss: 0.314710
Train Epoch: 3 [9600/36000 (27%)]	Loss: 0.400951
Train Epoch: 3 [10240/36000 (28%)]	Loss: 0.416018
Train Epoch: 3 [10880/36000 (30%)]	Loss: 0.317170
Train Epoch: 3 [11520/36000 (32%)]	Loss: 0.437394
Train Epoch: 3 [12160/36000 (34%)]	Loss: 0.358591
Train Epoch: 3 [12800/36000 (36%)]	Loss: 0.389739
Train Epoch: 3 [13440/36000 (37%)]	Loss: 0.318874
Train Epoch: 3 [14080/36000 (39%)]	Loss: 0.528858
Train Epoch: 3 [14720/36000 (41%)]	Loss: 0.415755
Train Epoch: 3 [15360/36000 (43%)]	Loss: 0.375779
Train Epoch: 3 [16000/36000 (44%)]	Loss: 0.351421
Train Epoch: 3 [16640/36000 (46%)]	Loss: 0.392796
Train Epoch: 3 [17280/36000 (48%)]	Loss: 0.379796
Train Epoch: 3 [17920/36000 (50%)]	Loss: 0.436645
Train Epoch: 3 [18560/36000 (52%)]	Loss: 0.424049
Train Epoch: 3 [19200/36000 (53%)]	Loss: 0.273078
Train Epoch: 3 [19840/36000 (55%)]	Loss: 0.412981
Train Epoch: 3 [20480/36000 (57%)]	Loss: 0.323164
Train Epoch: 3 [21120/36000 (59%)]	Loss: 0.369332
Train Epoch: 3 [21760/36000 (60%)]	Loss: 0.286132
Train Epoch: 3 [22400/36000 (62%)]	Loss: 0.368285
Train Epoch: 3 [23040/36000 (64%)]	Loss: 0.275058
Train Epoch: 3 [23680/36000 (66%)]	Loss: 0.498962
Train Epoch: 3 [24320/36000 (67%)]	Loss: 0.458506
Train Epoch: 3 [24960/36000 (69%)]	Loss: 0.362087
Train Epoch: 3 [25600/36000 (71%)]	Loss: 0.398275
Train Epoch: 3 [26240/36000 (73%)]	Loss: 0.495727
Train Epoch: 3 [26880/36000 (75%)]	Loss: 0.518094
Train Epoch: 3 [27520/36000 (76%)]	Loss: 0.444019
Train Epoch: 3 [28160/36000 (78%)]	Loss: 0.418432
Train Epoch: 3 [28800/36000 (80%)]	Loss: 0.322683
Train Epoch: 3 [29440/36000 (82%)]	Loss: 0.388737
Train Epoch: 3 [30080/36000 (83%)]	Loss: 0.251206
Train Epoch: 3 [30720/36000 (85%)]	Loss: 0.420713
Train Epoch: 3 [31360/36000 (87%)]	Loss: 0.413618
Train Epoch: 3 [32000/36000 (89%)]	Loss: 0.475851
Train Epoch: 3 [32640/36000 (91%)]	Loss: 0.474933
Train Epoch: 3 [33280/36000 (92%)]	Loss: 0.438444
Train Epoch: 3 [33920/36000 (94%)]	Loss: 0.400662
Train Epoch: 3 [34560/36000 (96%)]	Loss: 0.376056
Train Epoch: 3 [35200/36000 (98%)]	Loss: 0.253955
Train Epoch: 3 [35840/36000 (99%)]	Loss: 0.383471
Test set:
Overall: 108772/112000 (97.1%)
Train set:
Overall: 30613/36000 (85.0%)
Train Epoch: 4 [0/36000 (0%)]	Loss: 0.378551
Train Epoch: 4 [640/36000 (2%)]	Loss: 0.485671
Train Epoch: 4 [1280/36000 (4%)]	Loss: 0.340504
Train Epoch: 4 [1920/36000 (5%)]	Loss: 0.294991
Train Epoch: 4 [2560/36000 (7%)]	Loss: 0.321912
Train Epoch: 4 [3200/36000 (9%)]	Loss: 0.424976
Train Epoch: 4 [3840/36000 (11%)]	Loss: 0.448300
Train Epoch: 4 [4480/36000 (12%)]	Loss: 0.288615
Train Epoch: 4 [5120/36000 (14%)]	Loss: 0.528388
Train Epoch: 4 [5760/36000 (16%)]	Loss: 0.393041
Train Epoch: 4 [6400/36000 (18%)]	Loss: 0.309123
Train Epoch: 4 [7040/36000 (20%)]	Loss: 0.395678
Train Epoch: 4 [7680/36000 (21%)]	Loss: 0.318814
Train Epoch: 4 [8320/36000 (23%)]	Loss: 0.458004
Train Epoch: 4 [8960/36000 (25%)]	Loss: 0.385144
Train Epoch: 4 [9600/36000 (27%)]	Loss: 0.506904
Train Epoch: 4 [10240/36000 (28%)]	Loss: 0.306476
Train Epoch: 4 [10880/36000 (30%)]	Loss: 0.470828
Train Epoch: 4 [11520/36000 (32%)]	Loss: 0.404261
Train Epoch: 4 [12160/36000 (34%)]	Loss: 0.369441
Train Epoch: 4 [12800/36000 (36%)]	Loss: 0.356661
Train Epoch: 4 [13440/36000 (37%)]	Loss: 0.390069
Train Epoch: 4 [14080/36000 (39%)]	Loss: 0.349987
Train Epoch: 4 [14720/36000 (41%)]	Loss: 0.397623
Train Epoch: 4 [15360/36000 (43%)]	Loss: 0.311767
Train Epoch: 4 [16000/36000 (44%)]	Loss: 0.392848
Train Epoch: 4 [16640/36000 (46%)]	Loss: 0.362408
Train Epoch: 4 [17280/36000 (48%)]	Loss: 0.377164
Train Epoch: 4 [17920/36000 (50%)]	Loss: 0.328208
Train Epoch: 4 [18560/36000 (52%)]	Loss: 0.349067
Train Epoch: 4 [19200/36000 (53%)]	Loss: 0.458703
Train Epoch: 4 [19840/36000 (55%)]	Loss: 0.484344
Train Epoch: 4 [20480/36000 (57%)]	Loss: 0.340095
Train Epoch: 4 [21120/36000 (59%)]	Loss: 0.559518
Train Epoch: 4 [21760/36000 (60%)]	Loss: 0.350056
Train Epoch: 4 [22400/36000 (62%)]	Loss: 0.269623
Train Epoch: 4 [23040/36000 (64%)]	Loss: 0.336332
Train Epoch: 4 [23680/36000 (66%)]	Loss: 0.349191
Train Epoch: 4 [24320/36000 (67%)]	Loss: 0.324605
Train Epoch: 4 [24960/36000 (69%)]	Loss: 0.475623
Train Epoch: 4 [25600/36000 (71%)]	Loss: 0.351966
Train Epoch: 4 [26240/36000 (73%)]	Loss: 0.430271
Train Epoch: 4 [26880/36000 (75%)]	Loss: 0.260383
Train Epoch: 4 [27520/36000 (76%)]	Loss: 0.300795
Train Epoch: 4 [28160/36000 (78%)]	Loss: 0.453289
Train Epoch: 4 [28800/36000 (80%)]	Loss: 0.307261
Train Epoch: 4 [29440/36000 (82%)]	Loss: 0.368776
Train Epoch: 4 [30080/36000 (83%)]	Loss: 0.312063
Train Epoch: 4 [30720/36000 (85%)]	Loss: 0.456529
Train Epoch: 4 [31360/36000 (87%)]	Loss: 0.379826
Train Epoch: 4 [32000/36000 (89%)]	Loss: 0.377903
Train Epoch: 4 [32640/36000 (91%)]	Loss: 0.401171
Train Epoch: 4 [33280/36000 (92%)]	Loss: 0.330891
Train Epoch: 4 [33920/36000 (94%)]	Loss: 0.393486
Train Epoch: 4 [34560/36000 (96%)]	Loss: 0.262522
Train Epoch: 4 [35200/36000 (98%)]	Loss: 0.272855
Train Epoch: 4 [35840/36000 (99%)]	Loss: 0.383003
Test set:
Overall: 108850/112000 (97.2%)
Train set:
Overall: 30941/36000 (85.9%)
Train Epoch: 5 [0/36000 (0%)]	Loss: 0.497409
Train Epoch: 5 [640/36000 (2%)]	Loss: 0.326698
Train Epoch: 5 [1280/36000 (4%)]	Loss: 0.359280
Train Epoch: 5 [1920/36000 (5%)]	Loss: 0.357937
Train Epoch: 5 [2560/36000 (7%)]	Loss: 0.450674
Train Epoch: 5 [3200/36000 (9%)]	Loss: 0.389076
Train Epoch: 5 [3840/36000 (11%)]	Loss: 0.467721
Train Epoch: 5 [4480/36000 (12%)]	Loss: 0.244702
Train Epoch: 5 [5120/36000 (14%)]	Loss: 0.439576
Train Epoch: 5 [5760/36000 (16%)]	Loss: 0.403087
Train Epoch: 5 [6400/36000 (18%)]	Loss: 0.288581
Train Epoch: 5 [7040/36000 (20%)]	Loss: 0.377128
Train Epoch: 5 [7680/36000 (21%)]	Loss: 0.413274
Train Epoch: 5 [8320/36000 (23%)]	Loss: 0.386358
Train Epoch: 5 [8960/36000 (25%)]	Loss: 0.313641
Train Epoch: 5 [9600/36000 (27%)]	Loss: 0.390473
Train Epoch: 5 [10240/36000 (28%)]	Loss: 0.344912
Train Epoch: 5 [10880/36000 (30%)]	Loss: 0.377350
Train Epoch: 5 [11520/36000 (32%)]	Loss: 0.255264
Train Epoch: 5 [12160/36000 (34%)]	Loss: 0.459797
Train Epoch: 5 [12800/36000 (36%)]	Loss: 0.425026
Train Epoch: 5 [13440/36000 (37%)]	Loss: 0.342019
Train Epoch: 5 [14080/36000 (39%)]	Loss: 0.379322
Train Epoch: 5 [14720/36000 (41%)]	Loss: 0.383630
Train Epoch: 5 [15360/36000 (43%)]	Loss: 0.356768
Train Epoch: 5 [16000/36000 (44%)]	Loss: 0.400642
Train Epoch: 5 [16640/36000 (46%)]	Loss: 0.598122
Train Epoch: 5 [17280/36000 (48%)]	Loss: 0.317013
Train Epoch: 5 [17920/36000 (50%)]	Loss: 0.292103
Train Epoch: 5 [18560/36000 (52%)]	Loss: 0.334951
Train Epoch: 5 [19200/36000 (53%)]	Loss: 0.417699
Train Epoch: 5 [19840/36000 (55%)]	Loss: 0.375011
Train Epoch: 5 [20480/36000 (57%)]	Loss: 0.341744
Train Epoch: 5 [21120/36000 (59%)]	Loss: 0.371301
Train Epoch: 5 [21760/36000 (60%)]	Loss: 0.330764
Train Epoch: 5 [22400/36000 (62%)]	Loss: 0.368816
Train Epoch: 5 [23040/36000 (64%)]	Loss: 0.346706
Train Epoch: 5 [23680/36000 (66%)]	Loss: 0.311656
Train Epoch: 5 [24320/36000 (67%)]	Loss: 0.178386
Train Epoch: 5 [24960/36000 (69%)]	Loss: 0.338567
Train Epoch: 5 [25600/36000 (71%)]	Loss: 0.338744
Train Epoch: 5 [26240/36000 (73%)]	Loss: 0.294532
Train Epoch: 5 [26880/36000 (75%)]	Loss: 0.275923
Train Epoch: 5 [27520/36000 (76%)]	Loss: 0.300877
Train Epoch: 5 [28160/36000 (78%)]	Loss: 0.367514
Train Epoch: 5 [28800/36000 (80%)]	Loss: 0.396399
Train Epoch: 5 [29440/36000 (82%)]	Loss: 0.418718
Train Epoch: 5 [30080/36000 (83%)]	Loss: 0.359443
Train Epoch: 5 [30720/36000 (85%)]	Loss: 0.236491
Train Epoch: 5 [31360/36000 (87%)]	Loss: 0.264882
Train Epoch: 5 [32000/36000 (89%)]	Loss: 0.321742
Train Epoch: 5 [32640/36000 (91%)]	Loss: 0.409281
Train Epoch: 5 [33280/36000 (92%)]	Loss: 0.502229
Train Epoch: 5 [33920/36000 (94%)]	Loss: 0.358524
Train Epoch: 5 [34560/36000 (96%)]	Loss: 0.380088
Train Epoch: 5 [35200/36000 (98%)]	Loss: 0.328343
Train Epoch: 5 [35840/36000 (99%)]	Loss: 0.379187
Test set:
Overall: 109190/112000 (97.5%)
Train set:
Overall: 31531/36000 (87.6%)
Train Epoch: 6 [0/36000 (0%)]	Loss: 0.384287
Train Epoch: 6 [640/36000 (2%)]	Loss: 0.320986
Train Epoch: 6 [1280/36000 (4%)]	Loss: 0.471119
Train Epoch: 6 [1920/36000 (5%)]	Loss: 0.389108
Train Epoch: 6 [2560/36000 (7%)]	Loss: 0.370103
Train Epoch: 6 [3200/36000 (9%)]	Loss: 0.484882
Train Epoch: 6 [3840/36000 (11%)]	Loss: 0.403636
Train Epoch: 6 [4480/36000 (12%)]	Loss: 0.336632
Train Epoch: 6 [5120/36000 (14%)]	Loss: 0.316048
Train Epoch: 6 [5760/36000 (16%)]	Loss: 0.232402
Train Epoch: 6 [6400/36000 (18%)]	Loss: 0.535955
Train Epoch: 6 [7040/36000 (20%)]	Loss: 0.264626
Train Epoch: 6 [7680/36000 (21%)]	Loss: 0.432347
Train Epoch: 6 [8320/36000 (23%)]	Loss: 0.412167
Train Epoch: 6 [8960/36000 (25%)]	Loss: 0.380509
Train Epoch: 6 [9600/36000 (27%)]	Loss: 0.241860
Train Epoch: 6 [10240/36000 (28%)]	Loss: 0.275306
Train Epoch: 6 [10880/36000 (30%)]	Loss: 0.408872
Train Epoch: 6 [11520/36000 (32%)]	Loss: 0.363629
Train Epoch: 6 [12160/36000 (34%)]	Loss: 0.318115
Train Epoch: 6 [12800/36000 (36%)]	Loss: 0.245972
Train Epoch: 6 [13440/36000 (37%)]	Loss: 0.250828
Train Epoch: 6 [14080/36000 (39%)]	Loss: 0.323259
Train Epoch: 6 [14720/36000 (41%)]	Loss: 0.270038
Train Epoch: 6 [15360/36000 (43%)]	Loss: 0.323046
Train Epoch: 6 [16000/36000 (44%)]	Loss: 0.295681
Train Epoch: 6 [16640/36000 (46%)]	Loss: 0.339687
Train Epoch: 6 [17280/36000 (48%)]	Loss: 0.384213
Train Epoch: 6 [17920/36000 (50%)]	Loss: 0.373489
Train Epoch: 6 [18560/36000 (52%)]	Loss: 0.310449
Train Epoch: 6 [19200/36000 (53%)]	Loss: 0.400406
Train Epoch: 6 [19840/36000 (55%)]	Loss: 0.264374
Train Epoch: 6 [20480/36000 (57%)]	Loss: 0.388896
Train Epoch: 6 [21120/36000 (59%)]	Loss: 0.345472
Train Epoch: 6 [21760/36000 (60%)]	Loss: 0.430645
Train Epoch: 6 [22400/36000 (62%)]	Loss: 0.510703
Train Epoch: 6 [23040/36000 (64%)]	Loss: 0.316116
Train Epoch: 6 [23680/36000 (66%)]	Loss: 0.376842
Train Epoch: 6 [24320/36000 (67%)]	Loss: 0.277187
Train Epoch: 6 [24960/36000 (69%)]	Loss: 0.220171
Train Epoch: 6 [25600/36000 (71%)]	Loss: 0.241756
Train Epoch: 6 [26240/36000 (73%)]	Loss: 0.381345
Train Epoch: 6 [26880/36000 (75%)]	Loss: 0.439119
Train Epoch: 6 [27520/36000 (76%)]	Loss: 0.380107
Train Epoch: 6 [28160/36000 (78%)]	Loss: 0.527481
Train Epoch: 6 [28800/36000 (80%)]	Loss: 0.380354
Train Epoch: 6 [29440/36000 (82%)]	Loss: 0.470677
Train Epoch: 6 [30080/36000 (83%)]	Loss: 0.226382
Train Epoch: 6 [30720/36000 (85%)]	Loss: 0.319548
Train Epoch: 6 [31360/36000 (87%)]	Loss: 0.323639
Train Epoch: 6 [32000/36000 (89%)]	Loss: 0.496991
Train Epoch: 6 [32640/36000 (91%)]	Loss: 0.336979
Train Epoch: 6 [33280/36000 (92%)]	Loss: 0.304681
Train Epoch: 6 [33920/36000 (94%)]	Loss: 0.328038
Train Epoch: 6 [34560/36000 (96%)]	Loss: 0.365961
Train Epoch: 6 [35200/36000 (98%)]	Loss: 0.352588
Train Epoch: 6 [35840/36000 (99%)]	Loss: 0.352207
Test set:
Overall: 109263/112000 (97.6%)
Train set:
Overall: 31718/36000 (88.1%)
Train Epoch: 7 [0/36000 (0%)]	Loss: 0.269022
Train Epoch: 7 [640/36000 (2%)]	Loss: 0.214865
Train Epoch: 7 [1280/36000 (4%)]	Loss: 0.341197
Train Epoch: 7 [1920/36000 (5%)]	Loss: 0.344760
Train Epoch: 7 [2560/36000 (7%)]	Loss: 0.284823
Train Epoch: 7 [3200/36000 (9%)]	Loss: 0.330084
Train Epoch: 7 [3840/36000 (11%)]	Loss: 0.363313
Train Epoch: 7 [4480/36000 (12%)]	Loss: 0.298697
Train Epoch: 7 [5120/36000 (14%)]	Loss: 0.256868
Train Epoch: 7 [5760/36000 (16%)]	Loss: 0.426888
Train Epoch: 7 [6400/36000 (18%)]	Loss: 0.295565
Train Epoch: 7 [7040/36000 (20%)]	Loss: 0.356111
Train Epoch: 7 [7680/36000 (21%)]	Loss: 0.295635
Train Epoch: 7 [8320/36000 (23%)]	Loss: 0.269321
Train Epoch: 7 [8960/36000 (25%)]	Loss: 0.384475
Train Epoch: 7 [9600/36000 (27%)]	Loss: 0.368036
Train Epoch: 7 [10240/36000 (28%)]	Loss: 0.513343
Train Epoch: 7 [10880/36000 (30%)]	Loss: 0.339819
Train Epoch: 7 [11520/36000 (32%)]	Loss: 0.343558
Train Epoch: 7 [12160/36000 (34%)]	Loss: 0.402841
Train Epoch: 7 [12800/36000 (36%)]	Loss: 0.264155
Train Epoch: 7 [13440/36000 (37%)]	Loss: 0.354701
Train Epoch: 7 [14080/36000 (39%)]	Loss: 0.188640
Train Epoch: 7 [14720/36000 (41%)]	Loss: 0.372471
Train Epoch: 7 [15360/36000 (43%)]	Loss: 0.461228
Train Epoch: 7 [16000/36000 (44%)]	Loss: 0.517690
Train Epoch: 7 [16640/36000 (46%)]	Loss: 0.431197
Train Epoch: 7 [17280/36000 (48%)]	Loss: 0.380398
Train Epoch: 7 [17920/36000 (50%)]	Loss: 0.344432
Train Epoch: 7 [18560/36000 (52%)]	Loss: 0.342415
Train Epoch: 7 [19200/36000 (53%)]	Loss: 0.361525
Train Epoch: 7 [19840/36000 (55%)]	Loss: 0.357179
Train Epoch: 7 [20480/36000 (57%)]	Loss: 0.381365
Train Epoch: 7 [21120/36000 (59%)]	Loss: 0.351402
Train Epoch: 7 [21760/36000 (60%)]	Loss: 0.382683
Train Epoch: 7 [22400/36000 (62%)]	Loss: 0.291003
Train Epoch: 7 [23040/36000 (64%)]	Loss: 0.353249
Train Epoch: 7 [23680/36000 (66%)]	Loss: 0.260276
Train Epoch: 7 [24320/36000 (67%)]	Loss: 0.354909
Train Epoch: 7 [24960/36000 (69%)]	Loss: 0.379764
Train Epoch: 7 [25600/36000 (71%)]	Loss: 0.328963
Train Epoch: 7 [26240/36000 (73%)]	Loss: 0.185326
Train Epoch: 7 [26880/36000 (75%)]	Loss: 0.282814
Train Epoch: 7 [27520/36000 (76%)]	Loss: 0.359283
Train Epoch: 7 [28160/36000 (78%)]	Loss: 0.413884
Train Epoch: 7 [28800/36000 (80%)]	Loss: 0.403033
Train Epoch: 7 [29440/36000 (82%)]	Loss: 0.418938
Train Epoch: 7 [30080/36000 (83%)]	Loss: 0.499980
Train Epoch: 7 [30720/36000 (85%)]	Loss: 0.457266
Train Epoch: 7 [31360/36000 (87%)]	Loss: 0.416721
Train Epoch: 7 [32000/36000 (89%)]	Loss: 0.376655
Train Epoch: 7 [32640/36000 (91%)]	Loss: 0.423897
Train Epoch: 7 [33280/36000 (92%)]	Loss: 0.205949
Train Epoch: 7 [33920/36000 (94%)]	Loss: 0.253649
Train Epoch: 7 [34560/36000 (96%)]	Loss: 0.265720
Train Epoch: 7 [35200/36000 (98%)]	Loss: 0.360232
Train Epoch: 7 [35840/36000 (99%)]	Loss: 0.275319
Test set:
Overall: 109422/112000 (97.7%)
Train set:
Overall: 32124/36000 (89.2%)
Train Epoch: 8 [0/36000 (0%)]	Loss: 0.223170
Train Epoch: 8 [640/36000 (2%)]	Loss: 0.319972
Train Epoch: 8 [1280/36000 (4%)]	Loss: 0.338077
Train Epoch: 8 [1920/36000 (5%)]	Loss: 0.493392
Train Epoch: 8 [2560/36000 (7%)]	Loss: 0.368929
Train Epoch: 8 [3200/36000 (9%)]	Loss: 0.269417
Train Epoch: 8 [3840/36000 (11%)]	Loss: 0.193121
Train Epoch: 8 [4480/36000 (12%)]	Loss: 0.336070
Train Epoch: 8 [5120/36000 (14%)]	Loss: 0.339680
Train Epoch: 8 [5760/36000 (16%)]	Loss: 0.397645
Train Epoch: 8 [6400/36000 (18%)]	Loss: 0.363750
Train Epoch: 8 [7040/36000 (20%)]	Loss: 0.336337
Train Epoch: 8 [7680/36000 (21%)]	Loss: 0.229886
Train Epoch: 8 [8320/36000 (23%)]	Loss: 0.269320
Train Epoch: 8 [8960/36000 (25%)]	Loss: 0.309225
Train Epoch: 8 [9600/36000 (27%)]	Loss: 0.166242
Train Epoch: 8 [10240/36000 (28%)]	Loss: 0.309847
Train Epoch: 8 [10880/36000 (30%)]	Loss: 0.298123
Train Epoch: 8 [11520/36000 (32%)]	Loss: 0.374220
Train Epoch: 8 [12160/36000 (34%)]	Loss: 0.261738
Train Epoch: 8 [12800/36000 (36%)]	Loss: 0.464608
Train Epoch: 8 [13440/36000 (37%)]	Loss: 0.323716
Train Epoch: 8 [14080/36000 (39%)]	Loss: 0.316033
Train Epoch: 8 [14720/36000 (41%)]	Loss: 0.274124
Train Epoch: 8 [15360/36000 (43%)]	Loss: 0.294698
Train Epoch: 8 [16000/36000 (44%)]	Loss: 0.385520
Train Epoch: 8 [16640/36000 (46%)]	Loss: 0.293266
Train Epoch: 8 [17280/36000 (48%)]	Loss: 0.227971
Train Epoch: 8 [17920/36000 (50%)]	Loss: 0.306595
Train Epoch: 8 [18560/36000 (52%)]	Loss: 0.437882
Train Epoch: 8 [19200/36000 (53%)]	Loss: 0.299168
Train Epoch: 8 [19840/36000 (55%)]	Loss: 0.462853
Train Epoch: 8 [20480/36000 (57%)]	Loss: 0.399256
Train Epoch: 8 [21120/36000 (59%)]	Loss: 0.306947
Train Epoch: 8 [21760/36000 (60%)]	Loss: 0.316971
Train Epoch: 8 [22400/36000 (62%)]	Loss: 0.381756
Train Epoch: 8 [23040/36000 (64%)]	Loss: 0.279597
Train Epoch: 8 [23680/36000 (66%)]	Loss: 0.218972
Train Epoch: 8 [24320/36000 (67%)]	Loss: 0.310096
Train Epoch: 8 [24960/36000 (69%)]	Loss: 0.294750
Train Epoch: 8 [25600/36000 (71%)]	Loss: 0.389547
Train Epoch: 8 [26240/36000 (73%)]	Loss: 0.259471
Train Epoch: 8 [26880/36000 (75%)]	Loss: 0.286873
Train Epoch: 8 [27520/36000 (76%)]	Loss: 0.340002
Train Epoch: 8 [28160/36000 (78%)]	Loss: 0.279873
Train Epoch: 8 [28800/36000 (80%)]	Loss: 0.347549
Train Epoch: 8 [29440/36000 (82%)]	Loss: 0.217003
Train Epoch: 8 [30080/36000 (83%)]	Loss: 0.329845
Train Epoch: 8 [30720/36000 (85%)]	Loss: 0.383121
Train Epoch: 8 [31360/36000 (87%)]	Loss: 0.342990
Train Epoch: 8 [32000/36000 (89%)]	Loss: 0.319141
Train Epoch: 8 [32640/36000 (91%)]	Loss: 0.197382
Train Epoch: 8 [33280/36000 (92%)]	Loss: 0.416031
Train Epoch: 8 [33920/36000 (94%)]	Loss: 0.428290
Train Epoch: 8 [34560/36000 (96%)]	Loss: 0.522287
Train Epoch: 8 [35200/36000 (98%)]	Loss: 0.397114
Train Epoch: 8 [35840/36000 (99%)]	Loss: 0.342199
Test set:
Overall: 109292/112000 (97.6%)
Train set:
Overall: 31768/36000 (88.2%)
Train Epoch: 9 [0/36000 (0%)]	Loss: 0.380589
Train Epoch: 9 [640/36000 (2%)]	Loss: 0.533868
Train Epoch: 9 [1280/36000 (4%)]	Loss: 0.217925
Train Epoch: 9 [1920/36000 (5%)]	Loss: 0.321542
Train Epoch: 9 [2560/36000 (7%)]	Loss: 0.285024
Train Epoch: 9 [3200/36000 (9%)]	Loss: 0.329945
Train Epoch: 9 [3840/36000 (11%)]	Loss: 0.379009
Train Epoch: 9 [4480/36000 (12%)]	Loss: 0.388578
Train Epoch: 9 [5120/36000 (14%)]	Loss: 0.356427
Train Epoch: 9 [5760/36000 (16%)]	Loss: 0.310450
Train Epoch: 9 [6400/36000 (18%)]	Loss: 0.214604
Train Epoch: 9 [7040/36000 (20%)]	Loss: 0.342882
Train Epoch: 9 [7680/36000 (21%)]	Loss: 0.431650
Train Epoch: 9 [8320/36000 (23%)]	Loss: 0.315829
Train Epoch: 9 [8960/36000 (25%)]	Loss: 0.337486
Train Epoch: 9 [9600/36000 (27%)]	Loss: 0.293343
Train Epoch: 9 [10240/36000 (28%)]	Loss: 0.341971
Train Epoch: 9 [10880/36000 (30%)]	Loss: 0.296552
Train Epoch: 9 [11520/36000 (32%)]	Loss: 0.259051
Train Epoch: 9 [12160/36000 (34%)]	Loss: 0.491925
Train Epoch: 9 [12800/36000 (36%)]	Loss: 0.298154
Train Epoch: 9 [13440/36000 (37%)]	Loss: 0.247808
Train Epoch: 9 [14080/36000 (39%)]	Loss: 0.341220
Train Epoch: 9 [14720/36000 (41%)]	Loss: 0.230728
Train Epoch: 9 [15360/36000 (43%)]	Loss: 0.411950
Train Epoch: 9 [16000/36000 (44%)]	Loss: 0.364020
Train Epoch: 9 [16640/36000 (46%)]	Loss: 0.280508
Train Epoch: 9 [17280/36000 (48%)]	Loss: 0.413064
Train Epoch: 9 [17920/36000 (50%)]	Loss: 0.240700
Train Epoch: 9 [18560/36000 (52%)]	Loss: 0.413191
Train Epoch: 9 [19200/36000 (53%)]	Loss: 0.290131
Train Epoch: 9 [19840/36000 (55%)]	Loss: 0.371317
Train Epoch: 9 [20480/36000 (57%)]	Loss: 0.451142
Train Epoch: 9 [21120/36000 (59%)]	Loss: 0.262035
Train Epoch: 9 [21760/36000 (60%)]	Loss: 0.404061
Train Epoch: 9 [22400/36000 (62%)]	Loss: 0.341110
Train Epoch: 9 [23040/36000 (64%)]	Loss: 0.310929
Train Epoch: 9 [23680/36000 (66%)]	Loss: 0.297540
Train Epoch: 9 [24320/36000 (67%)]	Loss: 0.357656
Train Epoch: 9 [24960/36000 (69%)]	Loss: 0.346401
Train Epoch: 9 [25600/36000 (71%)]	Loss: 0.380811
Train Epoch: 9 [26240/36000 (73%)]	Loss: 0.364785
Train Epoch: 9 [26880/36000 (75%)]	Loss: 0.207703
Train Epoch: 9 [27520/36000 (76%)]	Loss: 0.296080
Train Epoch: 9 [28160/36000 (78%)]	Loss: 0.382443
Train Epoch: 9 [28800/36000 (80%)]	Loss: 0.293329
Train Epoch: 9 [29440/36000 (82%)]	Loss: 0.296090
Train Epoch: 9 [30080/36000 (83%)]	Loss: 0.423269
Train Epoch: 9 [30720/36000 (85%)]	Loss: 0.292955
Train Epoch: 9 [31360/36000 (87%)]	Loss: 0.233407
Train Epoch: 9 [32000/36000 (89%)]	Loss: 0.182784
Train Epoch: 9 [32640/36000 (91%)]	Loss: 0.320332
Train Epoch: 9 [33280/36000 (92%)]	Loss: 0.269585
Train Epoch: 9 [33920/36000 (94%)]	Loss: 0.377518
Train Epoch: 9 [34560/36000 (96%)]	Loss: 0.365197
Train Epoch: 9 [35200/36000 (98%)]	Loss: 0.350431
Train Epoch: 9 [35840/36000 (99%)]	Loss: 0.245866
Test set:
Overall: 109457/112000 (97.7%)
Train set:
Overall: 32399/36000 (90.0%)
Train Epoch: 10 [0/36000 (0%)]	Loss: 0.211576
Train Epoch: 10 [640/36000 (2%)]	Loss: 0.352006
Train Epoch: 10 [1280/36000 (4%)]	Loss: 0.349229
Train Epoch: 10 [1920/36000 (5%)]	Loss: 0.376678
Train Epoch: 10 [2560/36000 (7%)]	Loss: 0.195008
Train Epoch: 10 [3200/36000 (9%)]	Loss: 0.262490
Train Epoch: 10 [3840/36000 (11%)]	Loss: 0.216753
Train Epoch: 10 [4480/36000 (12%)]	Loss: 0.269932
Train Epoch: 10 [5120/36000 (14%)]	Loss: 0.303463
Train Epoch: 10 [5760/36000 (16%)]	Loss: 0.199095
Train Epoch: 10 [6400/36000 (18%)]	Loss: 0.206612
Train Epoch: 10 [7040/36000 (20%)]	Loss: 0.333899
Train Epoch: 10 [7680/36000 (21%)]	Loss: 0.194478
Train Epoch: 10 [8320/36000 (23%)]	Loss: 0.369634
Train Epoch: 10 [8960/36000 (25%)]	Loss: 0.351925
Train Epoch: 10 [9600/36000 (27%)]	Loss: 0.406187
Train Epoch: 10 [10240/36000 (28%)]	Loss: 0.292873
Train Epoch: 10 [10880/36000 (30%)]	Loss: 0.368242
Train Epoch: 10 [11520/36000 (32%)]	Loss: 0.360175
Train Epoch: 10 [12160/36000 (34%)]	Loss: 0.269173
Train Epoch: 10 [12800/36000 (36%)]	Loss: 0.428384
Train Epoch: 10 [13440/36000 (37%)]	Loss: 0.350721
Train Epoch: 10 [14080/36000 (39%)]	Loss: 0.231038
Train Epoch: 10 [14720/36000 (41%)]	Loss: 0.240847
Train Epoch: 10 [15360/36000 (43%)]	Loss: 0.224761
Train Epoch: 10 [16000/36000 (44%)]	Loss: 0.192651
Train Epoch: 10 [16640/36000 (46%)]	Loss: 0.290579
Train Epoch: 10 [17280/36000 (48%)]	Loss: 0.347416
Train Epoch: 10 [17920/36000 (50%)]	Loss: 0.253586
Train Epoch: 10 [18560/36000 (52%)]	Loss: 0.288555
Train Epoch: 10 [19200/36000 (53%)]	Loss: 0.388179
Train Epoch: 10 [19840/36000 (55%)]	Loss: 0.269171
Train Epoch: 10 [20480/36000 (57%)]	Loss: 0.299026
Train Epoch: 10 [21120/36000 (59%)]	Loss: 0.200933
Train Epoch: 10 [21760/36000 (60%)]	Loss: 0.269696
Train Epoch: 10 [22400/36000 (62%)]	Loss: 0.277857
Train Epoch: 10 [23040/36000 (64%)]	Loss: 0.334015
Train Epoch: 10 [23680/36000 (66%)]	Loss: 0.295934
Train Epoch: 10 [24320/36000 (67%)]	Loss: 0.328016
Train Epoch: 10 [24960/36000 (69%)]	Loss: 0.290142
Train Epoch: 10 [25600/36000 (71%)]	Loss: 0.266872
Train Epoch: 10 [26240/36000 (73%)]	Loss: 0.249490
Train Epoch: 10 [26880/36000 (75%)]	Loss: 0.332145
Train Epoch: 10 [27520/36000 (76%)]	Loss: 0.280273
Train Epoch: 10 [28160/36000 (78%)]	Loss: 0.220586
Train Epoch: 10 [28800/36000 (80%)]	Loss: 0.230060
Train Epoch: 10 [29440/36000 (82%)]	Loss: 0.315323
Train Epoch: 10 [30080/36000 (83%)]	Loss: 0.244681
Train Epoch: 10 [30720/36000 (85%)]	Loss: 0.312447
Train Epoch: 10 [31360/36000 (87%)]	Loss: 0.402464
Train Epoch: 10 [32000/36000 (89%)]	Loss: 0.489674
Train Epoch: 10 [32640/36000 (91%)]	Loss: 0.377766
Train Epoch: 10 [33280/36000 (92%)]	Loss: 0.458588
Train Epoch: 10 [33920/36000 (94%)]	Loss: 0.535319
Train Epoch: 10 [34560/36000 (96%)]	Loss: 0.232786
Train Epoch: 10 [35200/36000 (98%)]	Loss: 0.177164
Train Epoch: 10 [35840/36000 (99%)]	Loss: 0.319827
Test set:
Overall: 109555/112000 (97.8%)
Train set:
Overall: 32606/36000 (90.6%)
Train Epoch: 11 [0/36000 (0%)]	Loss: 0.297890
Train Epoch: 11 [640/36000 (2%)]	Loss: 0.232947
Train Epoch: 11 [1280/36000 (4%)]	Loss: 0.304209
Train Epoch: 11 [1920/36000 (5%)]	Loss: 0.276078
Train Epoch: 11 [2560/36000 (7%)]	Loss: 0.221919
Train Epoch: 11 [3200/36000 (9%)]	Loss: 0.421738
Train Epoch: 11 [3840/36000 (11%)]	Loss: 0.339533
Train Epoch: 11 [4480/36000 (12%)]	Loss: 0.332068
Train Epoch: 11 [5120/36000 (14%)]	Loss: 0.235203
Train Epoch: 11 [5760/36000 (16%)]	Loss: 0.236043
Train Epoch: 11 [6400/36000 (18%)]	Loss: 0.433934
Train Epoch: 11 [7040/36000 (20%)]	Loss: 0.350082
Train Epoch: 11 [7680/36000 (21%)]	Loss: 0.227944
Train Epoch: 11 [8320/36000 (23%)]	Loss: 0.272163
Train Epoch: 11 [8960/36000 (25%)]	Loss: 0.292936
Train Epoch: 11 [9600/36000 (27%)]	Loss: 0.403446
Train Epoch: 11 [10240/36000 (28%)]	Loss: 0.334244
Train Epoch: 11 [10880/36000 (30%)]	Loss: 0.288655
Train Epoch: 11 [11520/36000 (32%)]	Loss: 0.279491
Train Epoch: 11 [12160/36000 (34%)]	Loss: 0.252809
Train Epoch: 11 [12800/36000 (36%)]	Loss: 0.289418
Train Epoch: 11 [13440/36000 (37%)]	Loss: 0.220453
Train Epoch: 11 [14080/36000 (39%)]	Loss: 0.331600
Train Epoch: 11 [14720/36000 (41%)]	Loss: 0.297877
Train Epoch: 11 [15360/36000 (43%)]	Loss: 0.407373
Train Epoch: 11 [16000/36000 (44%)]	Loss: 0.264868
Train Epoch: 11 [16640/36000 (46%)]	Loss: 0.201705
Train Epoch: 11 [17280/36000 (48%)]	Loss: 0.400601
Train Epoch: 11 [17920/36000 (50%)]	Loss: 0.491111
Train Epoch: 11 [18560/36000 (52%)]	Loss: 0.210893
Train Epoch: 11 [19200/36000 (53%)]	Loss: 0.332024
Train Epoch: 11 [19840/36000 (55%)]	Loss: 0.326309
Train Epoch: 11 [20480/36000 (57%)]	Loss: 0.296280
Train Epoch: 11 [21120/36000 (59%)]	Loss: 0.326382
Train Epoch: 11 [21760/36000 (60%)]	Loss: 0.269890
Train Epoch: 11 [22400/36000 (62%)]	Loss: 0.301683
Train Epoch: 11 [23040/36000 (64%)]	Loss: 0.418544
Train Epoch: 11 [23680/36000 (66%)]	Loss: 0.428813
Train Epoch: 11 [24320/36000 (67%)]	Loss: 0.271129
Train Epoch: 11 [24960/36000 (69%)]	Loss: 0.179027
Train Epoch: 11 [25600/36000 (71%)]	Loss: 0.286653
Train Epoch: 11 [26240/36000 (73%)]	Loss: 0.266231
Train Epoch: 11 [26880/36000 (75%)]	Loss: 0.293634
Train Epoch: 11 [27520/36000 (76%)]	Loss: 0.249136
Train Epoch: 11 [28160/36000 (78%)]	Loss: 0.312278
Train Epoch: 11 [28800/36000 (80%)]	Loss: 0.272374
Train Epoch: 11 [29440/36000 (82%)]	Loss: 0.288076
Train Epoch: 11 [30080/36000 (83%)]	Loss: 0.222363
Train Epoch: 11 [30720/36000 (85%)]	Loss: 0.212558
Train Epoch: 11 [31360/36000 (87%)]	Loss: 0.454597
Train Epoch: 11 [32000/36000 (89%)]	Loss: 0.434970
Train Epoch: 11 [32640/36000 (91%)]	Loss: 0.188804
Train Epoch: 11 [33280/36000 (92%)]	Loss: 0.291566
Train Epoch: 11 [33920/36000 (94%)]	Loss: 0.492053
Train Epoch: 11 [34560/36000 (96%)]	Loss: 0.228025
Train Epoch: 11 [35200/36000 (98%)]	Loss: 0.289013
Train Epoch: 11 [35840/36000 (99%)]	Loss: 0.324658
Test set:
Overall: 109733/112000 (98.0%)
Train set:
Overall: 32848/36000 (91.2%)
Train Epoch: 12 [0/36000 (0%)]	Loss: 0.218667
Train Epoch: 12 [640/36000 (2%)]	Loss: 0.377495
Train Epoch: 12 [1280/36000 (4%)]	Loss: 0.230030
Train Epoch: 12 [1920/36000 (5%)]	Loss: 0.172094
Train Epoch: 12 [2560/36000 (7%)]	Loss: 0.273089
Train Epoch: 12 [3200/36000 (9%)]	Loss: 0.222318
Train Epoch: 12 [3840/36000 (11%)]	Loss: 0.262350
Train Epoch: 12 [4480/36000 (12%)]	Loss: 0.387109
Train Epoch: 12 [5120/36000 (14%)]	Loss: 0.374835
Train Epoch: 12 [5760/36000 (16%)]	Loss: 0.334185
Train Epoch: 12 [6400/36000 (18%)]	Loss: 0.203199
Train Epoch: 12 [7040/36000 (20%)]	Loss: 0.232249
Train Epoch: 12 [7680/36000 (21%)]	Loss: 0.295664
Train Epoch: 12 [8320/36000 (23%)]	Loss: 0.242484
Train Epoch: 12 [8960/36000 (25%)]	Loss: 0.250538
Train Epoch: 12 [9600/36000 (27%)]	Loss: 0.350258
Train Epoch: 12 [10240/36000 (28%)]	Loss: 0.311766
Train Epoch: 12 [10880/36000 (30%)]	Loss: 0.234449
Train Epoch: 12 [11520/36000 (32%)]	Loss: 0.241390
Train Epoch: 12 [12160/36000 (34%)]	Loss: 0.243370
Train Epoch: 12 [12800/36000 (36%)]	Loss: 0.389722
Train Epoch: 12 [13440/36000 (37%)]	Loss: 0.280405
Train Epoch: 12 [14080/36000 (39%)]	Loss: 0.422973
Train Epoch: 12 [14720/36000 (41%)]	Loss: 0.209520
Train Epoch: 12 [15360/36000 (43%)]	Loss: 0.318343
Train Epoch: 12 [16000/36000 (44%)]	Loss: 0.390173
Train Epoch: 12 [16640/36000 (46%)]	Loss: 0.154378
Train Epoch: 12 [17280/36000 (48%)]	Loss: 0.352790
Train Epoch: 12 [17920/36000 (50%)]	Loss: 0.303643
Train Epoch: 12 [18560/36000 (52%)]	Loss: 0.442276
Train Epoch: 12 [19200/36000 (53%)]	Loss: 0.256351
Train Epoch: 12 [19840/36000 (55%)]	Loss: 0.291049
Train Epoch: 12 [20480/36000 (57%)]	Loss: 0.272664
Train Epoch: 12 [21120/36000 (59%)]	Loss: 0.543177
Train Epoch: 12 [21760/36000 (60%)]	Loss: 0.316382
Train Epoch: 12 [22400/36000 (62%)]	Loss: 0.346093
Train Epoch: 12 [23040/36000 (64%)]	Loss: 0.266835
Train Epoch: 12 [23680/36000 (66%)]	Loss: 0.310959
Train Epoch: 12 [24320/36000 (67%)]	Loss: 0.206998
Train Epoch: 12 [24960/36000 (69%)]	Loss: 0.249733
Train Epoch: 12 [25600/36000 (71%)]	Loss: 0.213984
Train Epoch: 12 [26240/36000 (73%)]	Loss: 0.446276
Train Epoch: 12 [26880/36000 (75%)]	Loss: 0.284824
Train Epoch: 12 [27520/36000 (76%)]	Loss: 0.141617
Train Epoch: 12 [28160/36000 (78%)]	Loss: 0.438613
Train Epoch: 12 [28800/36000 (80%)]	Loss: 0.328287
Train Epoch: 12 [29440/36000 (82%)]	Loss: 0.318007
Train Epoch: 12 [30080/36000 (83%)]	Loss: 0.308655
Train Epoch: 12 [30720/36000 (85%)]	Loss: 0.201402
Train Epoch: 12 [31360/36000 (87%)]	Loss: 0.267737
Train Epoch: 12 [32000/36000 (89%)]	Loss: 0.263445
Train Epoch: 12 [32640/36000 (91%)]	Loss: 0.284380
Train Epoch: 12 [33280/36000 (92%)]	Loss: 0.555908
Train Epoch: 12 [33920/36000 (94%)]	Loss: 0.264864
Train Epoch: 12 [34560/36000 (96%)]	Loss: 0.312431
Train Epoch: 12 [35200/36000 (98%)]	Loss: 0.295070
Train Epoch: 12 [35840/36000 (99%)]	Loss: 0.355037
Test set:
Overall: 109776/112000 (98.0%)
Train set:
Overall: 32990/36000 (91.6%)
Train Epoch: 13 [0/36000 (0%)]	Loss: 0.288740
Train Epoch: 13 [640/36000 (2%)]	Loss: 0.256257
Train Epoch: 13 [1280/36000 (4%)]	Loss: 0.355907
Train Epoch: 13 [1920/36000 (5%)]	Loss: 0.250606
Train Epoch: 13 [2560/36000 (7%)]	Loss: 0.289146
Train Epoch: 13 [3200/36000 (9%)]	Loss: 0.241930
Train Epoch: 13 [3840/36000 (11%)]	Loss: 0.205425
Train Epoch: 13 [4480/36000 (12%)]	Loss: 0.263980
Train Epoch: 13 [5120/36000 (14%)]	Loss: 0.162263
Train Epoch: 13 [5760/36000 (16%)]	Loss: 0.284173
Train Epoch: 13 [6400/36000 (18%)]	Loss: 0.198546
Train Epoch: 13 [7040/36000 (20%)]	Loss: 0.254019
Train Epoch: 13 [7680/36000 (21%)]	Loss: 0.214884
Train Epoch: 13 [8320/36000 (23%)]	Loss: 0.191693
Train Epoch: 13 [8960/36000 (25%)]	Loss: 0.362503
Train Epoch: 13 [9600/36000 (27%)]	Loss: 0.214349
Train Epoch: 13 [10240/36000 (28%)]	Loss: 0.300387
Train Epoch: 13 [10880/36000 (30%)]	Loss: 0.379287
Train Epoch: 13 [11520/36000 (32%)]	Loss: 0.290680
Train Epoch: 13 [12160/36000 (34%)]	Loss: 0.258789
Train Epoch: 13 [12800/36000 (36%)]	Loss: 0.276448
Train Epoch: 13 [13440/36000 (37%)]	Loss: 0.188352
Train Epoch: 13 [14080/36000 (39%)]	Loss: 0.270361
Train Epoch: 13 [14720/36000 (41%)]	Loss: 0.275281
Train Epoch: 13 [15360/36000 (43%)]	Loss: 0.262328
Train Epoch: 13 [16000/36000 (44%)]	Loss: 0.167607
Train Epoch: 13 [16640/36000 (46%)]	Loss: 0.217631
Train Epoch: 13 [17280/36000 (48%)]	Loss: 0.233074
Train Epoch: 13 [17920/36000 (50%)]	Loss: 0.276133
Train Epoch: 13 [18560/36000 (52%)]	Loss: 0.227033
Train Epoch: 13 [19200/36000 (53%)]	Loss: 0.337116
Train Epoch: 13 [19840/36000 (55%)]	Loss: 0.349948
Train Epoch: 13 [20480/36000 (57%)]	Loss: 0.290984
Train Epoch: 13 [21120/36000 (59%)]	Loss: 0.263170
Train Epoch: 13 [21760/36000 (60%)]	Loss: 0.347754
Train Epoch: 13 [22400/36000 (62%)]	Loss: 0.251686
Train Epoch: 13 [23040/36000 (64%)]	Loss: 0.269121
Train Epoch: 13 [23680/36000 (66%)]	Loss: 0.231368
Train Epoch: 13 [24320/36000 (67%)]	Loss: 0.226534
Train Epoch: 13 [24960/36000 (69%)]	Loss: 0.390863
Train Epoch: 13 [25600/36000 (71%)]	Loss: 0.375835
Train Epoch: 13 [26240/36000 (73%)]	Loss: 0.309110
Train Epoch: 13 [26880/36000 (75%)]	Loss: 0.196388
Train Epoch: 13 [27520/36000 (76%)]	Loss: 0.276868
Train Epoch: 13 [28160/36000 (78%)]	Loss: 0.260860
Train Epoch: 13 [28800/36000 (80%)]	Loss: 0.294181
Train Epoch: 13 [29440/36000 (82%)]	Loss: 0.228613
Train Epoch: 13 [30080/36000 (83%)]	Loss: 0.286169
Train Epoch: 13 [30720/36000 (85%)]	Loss: 0.201112
Train Epoch: 13 [31360/36000 (87%)]	Loss: 0.145966
Train Epoch: 13 [32000/36000 (89%)]	Loss: 0.350295
Train Epoch: 13 [32640/36000 (91%)]	Loss: 0.322955
Train Epoch: 13 [33280/36000 (92%)]	Loss: 0.216098
Train Epoch: 13 [33920/36000 (94%)]	Loss: 0.300550
Train Epoch: 13 [34560/36000 (96%)]	Loss: 0.193567
Train Epoch: 13 [35200/36000 (98%)]	Loss: 0.245608
Train Epoch: 13 [35840/36000 (99%)]	Loss: 0.313728
Test set:
Overall: 109282/112000 (97.6%)
Train set:
Overall: 32869/36000 (91.3%)
Train Epoch: 14 [0/36000 (0%)]	Loss: 0.272917
Train Epoch: 14 [640/36000 (2%)]	Loss: 0.293700
Train Epoch: 14 [1280/36000 (4%)]	Loss: 0.215856
Train Epoch: 14 [1920/36000 (5%)]	Loss: 0.189340
Train Epoch: 14 [2560/36000 (7%)]	Loss: 0.165710
Train Epoch: 14 [3200/36000 (9%)]	Loss: 0.233387
Train Epoch: 14 [3840/36000 (11%)]	Loss: 0.262875
Train Epoch: 14 [4480/36000 (12%)]	Loss: 0.282487
Train Epoch: 14 [5120/36000 (14%)]	Loss: 0.274702
Train Epoch: 14 [5760/36000 (16%)]	Loss: 0.319524
Train Epoch: 14 [6400/36000 (18%)]	Loss: 0.268520
Train Epoch: 14 [7040/36000 (20%)]	Loss: 0.262205
Train Epoch: 14 [7680/36000 (21%)]	Loss: 0.337635
Train Epoch: 14 [8320/36000 (23%)]	Loss: 0.236051
Train Epoch: 14 [8960/36000 (25%)]	Loss: 0.272388
Train Epoch: 14 [9600/36000 (27%)]	Loss: 0.268063
Train Epoch: 14 [10240/36000 (28%)]	Loss: 0.179481
Train Epoch: 14 [10880/36000 (30%)]	Loss: 0.343181
Train Epoch: 14 [11520/36000 (32%)]	Loss: 0.186749
Train Epoch: 14 [12160/36000 (34%)]	Loss: 0.311912
Train Epoch: 14 [12800/36000 (36%)]	Loss: 0.233353
Train Epoch: 14 [13440/36000 (37%)]	Loss: 0.226565
Train Epoch: 14 [14080/36000 (39%)]	Loss: 0.393229
Train Epoch: 14 [14720/36000 (41%)]	Loss: 0.288608
Train Epoch: 14 [15360/36000 (43%)]	Loss: 0.287567
Train Epoch: 14 [16000/36000 (44%)]	Loss: 0.215520
Train Epoch: 14 [16640/36000 (46%)]	Loss: 0.273404
Train Epoch: 14 [17280/36000 (48%)]	Loss: 0.294993
Train Epoch: 14 [17920/36000 (50%)]	Loss: 0.320291
Train Epoch: 14 [18560/36000 (52%)]	Loss: 0.257191
Train Epoch: 14 [19200/36000 (53%)]	Loss: 0.191958
Train Epoch: 14 [19840/36000 (55%)]	Loss: 0.256608
Train Epoch: 14 [20480/36000 (57%)]	Loss: 0.319072
Train Epoch: 14 [21120/36000 (59%)]	Loss: 0.266799
Train Epoch: 14 [21760/36000 (60%)]	Loss: 0.249292
Train Epoch: 14 [22400/36000 (62%)]	Loss: 0.292341
Train Epoch: 14 [23040/36000 (64%)]	Loss: 0.193391
Train Epoch: 14 [23680/36000 (66%)]	Loss: 0.249022
Train Epoch: 14 [24320/36000 (67%)]	Loss: 0.167958
Train Epoch: 14 [24960/36000 (69%)]	Loss: 0.322034
Train Epoch: 14 [25600/36000 (71%)]	Loss: 0.263015
Train Epoch: 14 [26240/36000 (73%)]	Loss: 0.203116
Train Epoch: 14 [26880/36000 (75%)]	Loss: 0.262798
Train Epoch: 14 [27520/36000 (76%)]	Loss: 0.345911
Train Epoch: 14 [28160/36000 (78%)]	Loss: 0.223303
Train Epoch: 14 [28800/36000 (80%)]	Loss: 0.428453
Train Epoch: 14 [29440/36000 (82%)]	Loss: 0.376367
Train Epoch: 14 [30080/36000 (83%)]	Loss: 0.337855
Train Epoch: 14 [30720/36000 (85%)]	Loss: 0.200056
Train Epoch: 14 [31360/36000 (87%)]	Loss: 0.229248
Train Epoch: 14 [32000/36000 (89%)]	Loss: 0.259824
Train Epoch: 14 [32640/36000 (91%)]	Loss: 0.426120
Train Epoch: 14 [33280/36000 (92%)]	Loss: 0.202920
Train Epoch: 14 [33920/36000 (94%)]	Loss: 0.309848
Train Epoch: 14 [34560/36000 (96%)]	Loss: 0.354352
Train Epoch: 14 [35200/36000 (98%)]	Loss: 0.295834
Train Epoch: 14 [35840/36000 (99%)]	Loss: 0.268967
Test set:
Overall: 109280/112000 (97.6%)
Train set:
Overall: 33096/36000 (91.9%)
Train Epoch: 15 [0/36000 (0%)]	Loss: 0.195633
Train Epoch: 15 [640/36000 (2%)]	Loss: 0.210218
Train Epoch: 15 [1280/36000 (4%)]	Loss: 0.136379
Train Epoch: 15 [1920/36000 (5%)]	Loss: 0.170646
Train Epoch: 15 [2560/36000 (7%)]	Loss: 0.259576
Train Epoch: 15 [3200/36000 (9%)]	Loss: 0.191346
Train Epoch: 15 [3840/36000 (11%)]	Loss: 0.235532
Train Epoch: 15 [4480/36000 (12%)]	Loss: 0.197007
Train Epoch: 15 [5120/36000 (14%)]	Loss: 0.186617
Train Epoch: 15 [5760/36000 (16%)]	Loss: 0.233638
Train Epoch: 15 [6400/36000 (18%)]	Loss: 0.316592
Train Epoch: 15 [7040/36000 (20%)]	Loss: 0.293529
Train Epoch: 15 [7680/36000 (21%)]	Loss: 0.164121
Train Epoch: 15 [8320/36000 (23%)]	Loss: 0.252800
Train Epoch: 15 [8960/36000 (25%)]	Loss: 0.442108
Train Epoch: 15 [9600/36000 (27%)]	Loss: 0.230624
Train Epoch: 15 [10240/36000 (28%)]	Loss: 0.192260
Train Epoch: 15 [10880/36000 (30%)]	Loss: 0.172489
Train Epoch: 15 [11520/36000 (32%)]	Loss: 0.368594
Train Epoch: 15 [12160/36000 (34%)]	Loss: 0.381320
Train Epoch: 15 [12800/36000 (36%)]	Loss: 0.193294
Train Epoch: 15 [13440/36000 (37%)]	Loss: 0.251752
Train Epoch: 15 [14080/36000 (39%)]	Loss: 0.232405
Train Epoch: 15 [14720/36000 (41%)]	Loss: 0.332696
Train Epoch: 15 [15360/36000 (43%)]	Loss: 0.217178
Train Epoch: 15 [16000/36000 (44%)]	Loss: 0.323359
Train Epoch: 15 [16640/36000 (46%)]	Loss: 0.422198
Train Epoch: 15 [17280/36000 (48%)]	Loss: 0.360224
Train Epoch: 15 [17920/36000 (50%)]	Loss: 0.210773
Train Epoch: 15 [18560/36000 (52%)]	Loss: 0.353067
Train Epoch: 15 [19200/36000 (53%)]	Loss: 0.289202
Train Epoch: 15 [19840/36000 (55%)]	Loss: 0.401373
Train Epoch: 15 [20480/36000 (57%)]	Loss: 0.214242
Train Epoch: 15 [21120/36000 (59%)]	Loss: 0.262180
Train Epoch: 15 [21760/36000 (60%)]	Loss: 0.336364
Train Epoch: 15 [22400/36000 (62%)]	Loss: 0.378537
Train Epoch: 15 [23040/36000 (64%)]	Loss: 0.271311
Train Epoch: 15 [23680/36000 (66%)]	Loss: 0.155810
Train Epoch: 15 [24320/36000 (67%)]	Loss: 0.303077
Train Epoch: 15 [24960/36000 (69%)]	Loss: 0.278888
Train Epoch: 15 [25600/36000 (71%)]	Loss: 0.221607
Train Epoch: 15 [26240/36000 (73%)]	Loss: 0.116514
Train Epoch: 15 [26880/36000 (75%)]	Loss: 0.235289
Train Epoch: 15 [27520/36000 (76%)]	Loss: 0.362886
Train Epoch: 15 [28160/36000 (78%)]	Loss: 0.187544
Train Epoch: 15 [28800/36000 (80%)]	Loss: 0.212582
Train Epoch: 15 [29440/36000 (82%)]	Loss: 0.303966
Train Epoch: 15 [30080/36000 (83%)]	Loss: 0.335505
Train Epoch: 15 [30720/36000 (85%)]	Loss: 0.279794
Train Epoch: 15 [31360/36000 (87%)]	Loss: 0.369297
Train Epoch: 15 [32000/36000 (89%)]	Loss: 0.310724
Train Epoch: 15 [32640/36000 (91%)]	Loss: 0.385769
Train Epoch: 15 [33280/36000 (92%)]	Loss: 0.215407
Train Epoch: 15 [33920/36000 (94%)]	Loss: 0.347035
Train Epoch: 15 [34560/36000 (96%)]	Loss: 0.364239
Train Epoch: 15 [35200/36000 (98%)]	Loss: 0.326242
Train Epoch: 15 [35840/36000 (99%)]	Loss: 0.268478
Test set:
Overall: 109282/112000 (97.6%)
Train set:
Overall: 32761/36000 (91.0%)
Train Epoch: 16 [0/36000 (0%)]	Loss: 0.282897
Train Epoch: 16 [640/36000 (2%)]	Loss: 0.310429
Train Epoch: 16 [1280/36000 (4%)]	Loss: 0.228707
Train Epoch: 16 [1920/36000 (5%)]	Loss: 0.295853
Train Epoch: 16 [2560/36000 (7%)]	Loss: 0.237279
Train Epoch: 16 [3200/36000 (9%)]	Loss: 0.339256
Train Epoch: 16 [3840/36000 (11%)]	Loss: 0.217269
Train Epoch: 16 [4480/36000 (12%)]	Loss: 0.287600
Train Epoch: 16 [5120/36000 (14%)]	Loss: 0.226431
Train Epoch: 16 [5760/36000 (16%)]	Loss: 0.146158
Train Epoch: 16 [6400/36000 (18%)]	Loss: 0.322808
Train Epoch: 16 [7040/36000 (20%)]	Loss: 0.229106
Train Epoch: 16 [7680/36000 (21%)]	Loss: 0.294981
Train Epoch: 16 [8320/36000 (23%)]	Loss: 0.248525
Train Epoch: 16 [8960/36000 (25%)]	Loss: 0.347075
Train Epoch: 16 [9600/36000 (27%)]	Loss: 0.240026
Train Epoch: 16 [10240/36000 (28%)]	Loss: 0.336255
Train Epoch: 16 [10880/36000 (30%)]	Loss: 0.266723
Train Epoch: 16 [11520/36000 (32%)]	Loss: 0.255383
Train Epoch: 16 [12160/36000 (34%)]	Loss: 0.256320
Train Epoch: 16 [12800/36000 (36%)]	Loss: 0.314986
Train Epoch: 16 [13440/36000 (37%)]	Loss: 0.334741
Train Epoch: 16 [14080/36000 (39%)]	Loss: 0.134372
Train Epoch: 16 [14720/36000 (41%)]	Loss: 0.325689
Train Epoch: 16 [15360/36000 (43%)]	Loss: 0.207702
Train Epoch: 16 [16000/36000 (44%)]	Loss: 0.200529
Train Epoch: 16 [16640/36000 (46%)]	Loss: 0.333302
Train Epoch: 16 [17280/36000 (48%)]	Loss: 0.196414
Train Epoch: 16 [17920/36000 (50%)]	Loss: 0.275281
Train Epoch: 16 [18560/36000 (52%)]	Loss: 0.298763
Train Epoch: 16 [19200/36000 (53%)]	Loss: 0.191345
Train Epoch: 16 [19840/36000 (55%)]	Loss: 0.283609
Train Epoch: 16 [20480/36000 (57%)]	Loss: 0.244366
Train Epoch: 16 [21120/36000 (59%)]	Loss: 0.208372
Train Epoch: 16 [21760/36000 (60%)]	Loss: 0.497256
Train Epoch: 16 [22400/36000 (62%)]	Loss: 0.268555
Train Epoch: 16 [23040/36000 (64%)]	Loss: 0.219946
Train Epoch: 16 [23680/36000 (66%)]	Loss: 0.152978
Train Epoch: 16 [24320/36000 (67%)]	Loss: 0.283746
Train Epoch: 16 [24960/36000 (69%)]	Loss: 0.230109
Train Epoch: 16 [25600/36000 (71%)]	Loss: 0.375731
Train Epoch: 16 [26240/36000 (73%)]	Loss: 0.278827
Train Epoch: 16 [26880/36000 (75%)]	Loss: 0.322078
Train Epoch: 16 [27520/36000 (76%)]	Loss: 0.192394
Train Epoch: 16 [28160/36000 (78%)]	Loss: 0.216565
Train Epoch: 16 [28800/36000 (80%)]	Loss: 0.247913
Train Epoch: 16 [29440/36000 (82%)]	Loss: 0.216455
Train Epoch: 16 [30080/36000 (83%)]	Loss: 0.322339
Train Epoch: 16 [30720/36000 (85%)]	Loss: 0.198508
Train Epoch: 16 [31360/36000 (87%)]	Loss: 0.187503
Train Epoch: 16 [32000/36000 (89%)]	Loss: 0.322177
Train Epoch: 16 [32640/36000 (91%)]	Loss: 0.186310
Train Epoch: 16 [33280/36000 (92%)]	Loss: 0.251238
Train Epoch: 16 [33920/36000 (94%)]	Loss: 0.317861
Train Epoch: 16 [34560/36000 (96%)]	Loss: 0.218477
Train Epoch: 16 [35200/36000 (98%)]	Loss: 0.282409
Train Epoch: 16 [35840/36000 (99%)]	Loss: 0.232450
Test set:
Overall: 109511/112000 (97.8%)
Train set:
Overall: 33435/36000 (92.9%)
Train Epoch: 17 [0/36000 (0%)]	Loss: 0.303357
Train Epoch: 17 [640/36000 (2%)]	Loss: 0.329196
Train Epoch: 17 [1280/36000 (4%)]	Loss: 0.306072
Train Epoch: 17 [1920/36000 (5%)]	Loss: 0.313701
Train Epoch: 17 [2560/36000 (7%)]	Loss: 0.118468
Train Epoch: 17 [3200/36000 (9%)]	Loss: 0.146332
Train Epoch: 17 [3840/36000 (11%)]	Loss: 0.156885
Train Epoch: 17 [4480/36000 (12%)]	Loss: 0.208784
Train Epoch: 17 [5120/36000 (14%)]	Loss: 0.303463
Train Epoch: 17 [5760/36000 (16%)]	Loss: 0.130064
Train Epoch: 17 [6400/36000 (18%)]	Loss: 0.265599
Train Epoch: 17 [7040/36000 (20%)]	Loss: 0.247563
Train Epoch: 17 [7680/36000 (21%)]	Loss: 0.306439
Train Epoch: 17 [8320/36000 (23%)]	Loss: 0.333282
Train Epoch: 17 [8960/36000 (25%)]	Loss: 0.178240
Train Epoch: 17 [9600/36000 (27%)]	Loss: 0.252677
Train Epoch: 17 [10240/36000 (28%)]	Loss: 0.277295
Train Epoch: 17 [10880/36000 (30%)]	Loss: 0.218785
Train Epoch: 17 [11520/36000 (32%)]	Loss: 0.299696
Train Epoch: 17 [12160/36000 (34%)]	Loss: 0.283842
Train Epoch: 17 [12800/36000 (36%)]	Loss: 0.142509
Train Epoch: 17 [13440/36000 (37%)]	Loss: 0.150644
Train Epoch: 17 [14080/36000 (39%)]	Loss: 0.280969
Train Epoch: 17 [14720/36000 (41%)]	Loss: 0.220469
Train Epoch: 17 [15360/36000 (43%)]	Loss: 0.281095
Train Epoch: 17 [16000/36000 (44%)]	Loss: 0.284773
Train Epoch: 17 [16640/36000 (46%)]	Loss: 0.248772
Train Epoch: 17 [17280/36000 (48%)]	Loss: 0.234958
Train Epoch: 17 [17920/36000 (50%)]	Loss: 0.294102
Train Epoch: 17 [18560/36000 (52%)]	Loss: 0.202821
Train Epoch: 17 [19200/36000 (53%)]	Loss: 0.331367
Train Epoch: 17 [19840/36000 (55%)]	Loss: 0.341294
Train Epoch: 17 [20480/36000 (57%)]	Loss: 0.213040
Train Epoch: 17 [21120/36000 (59%)]	Loss: 0.288121
Train Epoch: 17 [21760/36000 (60%)]	Loss: 0.166246
Train Epoch: 17 [22400/36000 (62%)]	Loss: 0.219173
Train Epoch: 17 [23040/36000 (64%)]	Loss: 0.302870
Train Epoch: 17 [23680/36000 (66%)]	Loss: 0.158855
Train Epoch: 17 [24320/36000 (67%)]	Loss: 0.169571
Train Epoch: 17 [24960/36000 (69%)]	Loss: 0.302727
Train Epoch: 17 [25600/36000 (71%)]	Loss: 0.197437
Train Epoch: 17 [26240/36000 (73%)]	Loss: 0.192401
