Running on ax20.rc.zi.columbia.edu
Train Epoch: 1 [0/36000 (0%)]	Loss: 0.690113
Train Epoch: 1 [640/36000 (2%)]	Loss: 0.714318
Train Epoch: 1 [1280/36000 (4%)]	Loss: 0.660681
Train Epoch: 1 [1920/36000 (5%)]	Loss: 0.633808
Train Epoch: 1 [2560/36000 (7%)]	Loss: 0.635638
Train Epoch: 1 [3200/36000 (9%)]	Loss: 0.565189
Train Epoch: 1 [3840/36000 (11%)]	Loss: 0.528383
Train Epoch: 1 [4480/36000 (12%)]	Loss: 0.556465
Train Epoch: 1 [5120/36000 (14%)]	Loss: 0.592847
Train Epoch: 1 [5760/36000 (16%)]	Loss: 0.541945
Train Epoch: 1 [6400/36000 (18%)]	Loss: 0.504929
Train Epoch: 1 [7040/36000 (20%)]	Loss: 0.557671
Train Epoch: 1 [7680/36000 (21%)]	Loss: 0.492022
Train Epoch: 1 [8320/36000 (23%)]	Loss: 0.515999
Train Epoch: 1 [8960/36000 (25%)]	Loss: 0.549041
Train Epoch: 1 [9600/36000 (27%)]	Loss: 0.421783
Train Epoch: 1 [10240/36000 (28%)]	Loss: 0.483686
Train Epoch: 1 [10880/36000 (30%)]	Loss: 0.398924
Train Epoch: 1 [11520/36000 (32%)]	Loss: 0.497930
Train Epoch: 1 [12160/36000 (34%)]	Loss: 0.540498
Train Epoch: 1 [12800/36000 (36%)]	Loss: 0.443867
Train Epoch: 1 [13440/36000 (37%)]	Loss: 0.549110
Train Epoch: 1 [14080/36000 (39%)]	Loss: 0.414038
Train Epoch: 1 [14720/36000 (41%)]	Loss: 0.425625
Train Epoch: 1 [15360/36000 (43%)]	Loss: 0.424025
Train Epoch: 1 [16000/36000 (44%)]	Loss: 0.387041
Train Epoch: 1 [16640/36000 (46%)]	Loss: 0.476010
Train Epoch: 1 [17280/36000 (48%)]	Loss: 0.301775
Train Epoch: 1 [17920/36000 (50%)]	Loss: 0.231189
Train Epoch: 1 [18560/36000 (52%)]	Loss: 0.296540
Train Epoch: 1 [19200/36000 (53%)]	Loss: 0.367746
Train Epoch: 1 [19840/36000 (55%)]	Loss: 0.267692
Train Epoch: 1 [20480/36000 (57%)]	Loss: 0.195995
Train Epoch: 1 [21120/36000 (59%)]	Loss: 0.264356
Train Epoch: 1 [21760/36000 (60%)]	Loss: 0.271667
Train Epoch: 1 [22400/36000 (62%)]	Loss: 0.200507
Train Epoch: 1 [23040/36000 (64%)]	Loss: 0.220510
Train Epoch: 1 [23680/36000 (66%)]	Loss: 0.303943
Train Epoch: 1 [24320/36000 (67%)]	Loss: 0.232457
Train Epoch: 1 [24960/36000 (69%)]	Loss: 0.198626
Train Epoch: 1 [25600/36000 (71%)]	Loss: 0.139308
Train Epoch: 1 [26240/36000 (73%)]	Loss: 0.224612
Train Epoch: 1 [26880/36000 (75%)]	Loss: 0.374422
Train Epoch: 1 [27520/36000 (76%)]	Loss: 0.117889
Train Epoch: 1 [28160/36000 (78%)]	Loss: 0.237394
Train Epoch: 1 [28800/36000 (80%)]	Loss: 0.220961
Train Epoch: 1 [29440/36000 (82%)]	Loss: 0.178274
Train Epoch: 1 [30080/36000 (83%)]	Loss: 0.137004
Train Epoch: 1 [30720/36000 (85%)]	Loss: 0.244987
Train Epoch: 1 [31360/36000 (87%)]	Loss: 0.285883
Train Epoch: 1 [32000/36000 (89%)]	Loss: 0.111388
Train Epoch: 1 [32640/36000 (91%)]	Loss: 0.146019
Train Epoch: 1 [33280/36000 (92%)]	Loss: 0.175497
Train Epoch: 1 [33920/36000 (94%)]	Loss: 0.189919
Train Epoch: 1 [34560/36000 (96%)]	Loss: 0.203907
Train Epoch: 1 [35200/36000 (98%)]	Loss: 0.273467
Train Epoch: 1 [35840/36000 (99%)]	Loss: 0.090892
Test set:
Overall: 77660/112000 (69.3%)
Train set:
Overall: 34765/36000 (96.6%)
Train Epoch: 2 [0/36000 (0%)]	Loss: 0.137246
Train Epoch: 2 [640/36000 (2%)]	Loss: 0.131433
Train Epoch: 2 [1280/36000 (4%)]	Loss: 0.139250
Train Epoch: 2 [1920/36000 (5%)]	Loss: 0.099493
Train Epoch: 2 [2560/36000 (7%)]	Loss: 0.095208
Train Epoch: 2 [3200/36000 (9%)]	Loss: 0.164971
Train Epoch: 2 [3840/36000 (11%)]	Loss: 0.223285
Train Epoch: 2 [4480/36000 (12%)]	Loss: 0.194449
Train Epoch: 2 [5120/36000 (14%)]	Loss: 0.059995
Train Epoch: 2 [5760/36000 (16%)]	Loss: 0.074971
Train Epoch: 2 [6400/36000 (18%)]	Loss: 0.118737
Train Epoch: 2 [7040/36000 (20%)]	Loss: 0.103233
Train Epoch: 2 [7680/36000 (21%)]	Loss: 0.177205
Train Epoch: 2 [8320/36000 (23%)]	Loss: 0.108350
Train Epoch: 2 [8960/36000 (25%)]	Loss: 0.073690
Train Epoch: 2 [9600/36000 (27%)]	Loss: 0.207869
Train Epoch: 2 [10240/36000 (28%)]	Loss: 0.067152
Train Epoch: 2 [10880/36000 (30%)]	Loss: 0.052871
Train Epoch: 2 [11520/36000 (32%)]	Loss: 0.074168
Train Epoch: 2 [12160/36000 (34%)]	Loss: 0.131574
Train Epoch: 2 [12800/36000 (36%)]	Loss: 0.108153
Train Epoch: 2 [13440/36000 (37%)]	Loss: 0.095921
Train Epoch: 2 [14080/36000 (39%)]	Loss: 0.163746
Train Epoch: 2 [14720/36000 (41%)]	Loss: 0.066363
Train Epoch: 2 [15360/36000 (43%)]	Loss: 0.099980
Train Epoch: 2 [16000/36000 (44%)]	Loss: 0.121004
Train Epoch: 2 [16640/36000 (46%)]	Loss: 0.262577
Train Epoch: 2 [17280/36000 (48%)]	Loss: 0.189628
Train Epoch: 2 [17920/36000 (50%)]	Loss: 0.144869
Train Epoch: 2 [18560/36000 (52%)]	Loss: 0.143199
Train Epoch: 2 [19200/36000 (53%)]	Loss: 0.188376
Train Epoch: 2 [19840/36000 (55%)]	Loss: 0.049583
Train Epoch: 2 [20480/36000 (57%)]	Loss: 0.116224
Train Epoch: 2 [21120/36000 (59%)]	Loss: 0.044682
Train Epoch: 2 [21760/36000 (60%)]	Loss: 0.077252
Train Epoch: 2 [22400/36000 (62%)]	Loss: 0.048576
Train Epoch: 2 [23040/36000 (64%)]	Loss: 0.145976
Train Epoch: 2 [23680/36000 (66%)]	Loss: 0.063739
Train Epoch: 2 [24320/36000 (67%)]	Loss: 0.092416
Train Epoch: 2 [24960/36000 (69%)]	Loss: 0.121435
Train Epoch: 2 [25600/36000 (71%)]	Loss: 0.095134
Train Epoch: 2 [26240/36000 (73%)]	Loss: 0.057767
Train Epoch: 2 [26880/36000 (75%)]	Loss: 0.200593
Train Epoch: 2 [27520/36000 (76%)]	Loss: 0.142862
Train Epoch: 2 [28160/36000 (78%)]	Loss: 0.103422
Train Epoch: 2 [28800/36000 (80%)]	Loss: 0.126829
Train Epoch: 2 [29440/36000 (82%)]	Loss: 0.083196
Train Epoch: 2 [30080/36000 (83%)]	Loss: 0.053798
Train Epoch: 2 [30720/36000 (85%)]	Loss: 0.064505
Train Epoch: 2 [31360/36000 (87%)]	Loss: 0.085884
Train Epoch: 2 [32000/36000 (89%)]	Loss: 0.134613
Train Epoch: 2 [32640/36000 (91%)]	Loss: 0.068769
Train Epoch: 2 [33280/36000 (92%)]	Loss: 0.061642
Train Epoch: 2 [33920/36000 (94%)]	Loss: 0.050187
Train Epoch: 2 [34560/36000 (96%)]	Loss: 0.095849
Train Epoch: 2 [35200/36000 (98%)]	Loss: 0.066649
Train Epoch: 2 [35840/36000 (99%)]	Loss: 0.069624
Test set:
Overall: 80182/112000 (71.6%)
Train set:
Overall: 35544/36000 (98.7%)
Train Epoch: 3 [0/36000 (0%)]	Loss: 0.064653
Train Epoch: 3 [640/36000 (2%)]	Loss: 0.072448
Train Epoch: 3 [1280/36000 (4%)]	Loss: 0.042555
Train Epoch: 3 [1920/36000 (5%)]	Loss: 0.135138
Train Epoch: 3 [2560/36000 (7%)]	Loss: 0.029261
Train Epoch: 3 [3200/36000 (9%)]	Loss: 0.076115
Train Epoch: 3 [3840/36000 (11%)]	Loss: 0.033639
Train Epoch: 3 [4480/36000 (12%)]	Loss: 0.038826
Train Epoch: 3 [5120/36000 (14%)]	Loss: 0.115935
Train Epoch: 3 [5760/36000 (16%)]	Loss: 0.099868
Train Epoch: 3 [6400/36000 (18%)]	Loss: 0.041939
Train Epoch: 3 [7040/36000 (20%)]	Loss: 0.099887
Train Epoch: 3 [7680/36000 (21%)]	Loss: 0.033738
Train Epoch: 3 [8320/36000 (23%)]	Loss: 0.126740
Train Epoch: 3 [8960/36000 (25%)]	Loss: 0.091779
Train Epoch: 3 [9600/36000 (27%)]	Loss: 0.084304
Train Epoch: 3 [10240/36000 (28%)]	Loss: 0.097894
Train Epoch: 3 [10880/36000 (30%)]	Loss: 0.079557
Train Epoch: 3 [11520/36000 (32%)]	Loss: 0.258398
Train Epoch: 3 [12160/36000 (34%)]	Loss: 0.082473
Train Epoch: 3 [12800/36000 (36%)]	Loss: 0.076228
Train Epoch: 3 [13440/36000 (37%)]	Loss: 0.053711
Train Epoch: 3 [14080/36000 (39%)]	Loss: 0.124494
Train Epoch: 3 [14720/36000 (41%)]	Loss: 0.062874
Train Epoch: 3 [15360/36000 (43%)]	Loss: 0.065490
Train Epoch: 3 [16000/36000 (44%)]	Loss: 0.149905
Train Epoch: 3 [16640/36000 (46%)]	Loss: 0.038797
Train Epoch: 3 [17280/36000 (48%)]	Loss: 0.147349
Train Epoch: 3 [17920/36000 (50%)]	Loss: 0.074195
Train Epoch: 3 [18560/36000 (52%)]	Loss: 0.070621
Train Epoch: 3 [19200/36000 (53%)]	Loss: 0.200879
Train Epoch: 3 [19840/36000 (55%)]	Loss: 0.044617
Train Epoch: 3 [20480/36000 (57%)]	Loss: 0.048024
Train Epoch: 3 [21120/36000 (59%)]	Loss: 0.035199
Train Epoch: 3 [21760/36000 (60%)]	Loss: 0.076885
Train Epoch: 3 [22400/36000 (62%)]	Loss: 0.048281
Train Epoch: 3 [23040/36000 (64%)]	Loss: 0.045623
Train Epoch: 3 [23680/36000 (66%)]	Loss: 0.069873
Train Epoch: 3 [24320/36000 (67%)]	Loss: 0.041740
Train Epoch: 3 [24960/36000 (69%)]	Loss: 0.139618
Train Epoch: 3 [25600/36000 (71%)]	Loss: 0.127519
Train Epoch: 3 [26240/36000 (73%)]	Loss: 0.295803
Train Epoch: 3 [26880/36000 (75%)]	Loss: 0.083044
Train Epoch: 3 [27520/36000 (76%)]	Loss: 0.100935
Train Epoch: 3 [28160/36000 (78%)]	Loss: 0.063774
Train Epoch: 3 [28800/36000 (80%)]	Loss: 0.078468
Train Epoch: 3 [29440/36000 (82%)]	Loss: 0.037900
Train Epoch: 3 [30080/36000 (83%)]	Loss: 0.044083
