Running on ax11.rc.zi.columbia.edu
Train Epoch: 1 [0/36000 (0%)]	Loss: 0.692173
Train Epoch: 1 [640/36000 (2%)]	Loss: 0.654045
Train Epoch: 1 [1280/36000 (4%)]	Loss: 0.595519
Train Epoch: 1 [1920/36000 (5%)]	Loss: 0.711361
Train Epoch: 1 [2560/36000 (7%)]	Loss: 0.650348
Train Epoch: 1 [3200/36000 (9%)]	Loss: 0.631921
Train Epoch: 1 [3840/36000 (11%)]	Loss: 0.651390
Train Epoch: 1 [4480/36000 (12%)]	Loss: 0.595710
Train Epoch: 1 [5120/36000 (14%)]	Loss: 0.550935
Train Epoch: 1 [5760/36000 (16%)]	Loss: 0.578259
Train Epoch: 1 [6400/36000 (18%)]	Loss: 0.370258
Train Epoch: 1 [7040/36000 (20%)]	Loss: 0.225809
Train Epoch: 1 [7680/36000 (21%)]	Loss: 0.308915
Train Epoch: 1 [8320/36000 (23%)]	Loss: 0.277680
Train Epoch: 1 [8960/36000 (25%)]	Loss: 0.178638
Train Epoch: 1 [9600/36000 (27%)]	Loss: 0.153708
Train Epoch: 1 [10240/36000 (28%)]	Loss: 0.237474
Train Epoch: 1 [10880/36000 (30%)]	Loss: 0.301676
Train Epoch: 1 [11520/36000 (32%)]	Loss: 0.218921
Train Epoch: 1 [12160/36000 (34%)]	Loss: 0.211869
Train Epoch: 1 [12800/36000 (36%)]	Loss: 0.105989
Train Epoch: 1 [13440/36000 (37%)]	Loss: 0.079367
Train Epoch: 1 [14080/36000 (39%)]	Loss: 0.242219
Train Epoch: 1 [14720/36000 (41%)]	Loss: 0.176040
Train Epoch: 1 [15360/36000 (43%)]	Loss: 0.136102
Train Epoch: 1 [16000/36000 (44%)]	Loss: 0.094728
Train Epoch: 1 [16640/36000 (46%)]	Loss: 0.064105
Train Epoch: 1 [17280/36000 (48%)]	Loss: 0.075121
Train Epoch: 1 [17920/36000 (50%)]	Loss: 0.137480
Train Epoch: 1 [18560/36000 (52%)]	Loss: 0.261876
Train Epoch: 1 [19200/36000 (53%)]	Loss: 0.141867
Train Epoch: 1 [19840/36000 (55%)]	Loss: 0.093888
Train Epoch: 1 [20480/36000 (57%)]	Loss: 0.268494
Train Epoch: 1 [21120/36000 (59%)]	Loss: 0.074485
Train Epoch: 1 [21760/36000 (60%)]	Loss: 0.093134
Train Epoch: 1 [22400/36000 (62%)]	Loss: 0.092325
Train Epoch: 1 [23040/36000 (64%)]	Loss: 0.109655
Train Epoch: 1 [23680/36000 (66%)]	Loss: 0.100490
Train Epoch: 1 [24320/36000 (67%)]	Loss: 0.192068
Train Epoch: 1 [24960/36000 (69%)]	Loss: 0.066688
Train Epoch: 1 [25600/36000 (71%)]	Loss: 0.085470
Train Epoch: 1 [26240/36000 (73%)]	Loss: 0.218726
Train Epoch: 1 [26880/36000 (75%)]	Loss: 0.067314
Train Epoch: 1 [27520/36000 (76%)]	Loss: 0.090730
Train Epoch: 1 [28160/36000 (78%)]	Loss: 0.079117
Train Epoch: 1 [28800/36000 (80%)]	Loss: 0.037864
Train Epoch: 1 [29440/36000 (82%)]	Loss: 0.051416
Train Epoch: 1 [30080/36000 (83%)]	Loss: 0.047578
Train Epoch: 1 [30720/36000 (85%)]	Loss: 0.028497
Train Epoch: 1 [31360/36000 (87%)]	Loss: 0.123296
Train Epoch: 1 [32000/36000 (89%)]	Loss: 0.111580
Train Epoch: 1 [32640/36000 (91%)]	Loss: 0.076774
Train Epoch: 1 [33280/36000 (92%)]	Loss: 0.132416
Train Epoch: 1 [33920/36000 (94%)]	Loss: 0.042450
Train Epoch: 1 [34560/36000 (96%)]	Loss: 0.140366
Train Epoch: 1 [35200/36000 (98%)]	Loss: 0.103795
Train Epoch: 1 [35840/36000 (99%)]	Loss: 0.022902
Test set:
Overall: 72901/112000 (65.1%)
Train set:
Overall: 35183/36000 (97.7%)
Train Epoch: 2 [0/36000 (0%)]	Loss: 0.042980
Train Epoch: 2 [640/36000 (2%)]	Loss: 0.083624
Train Epoch: 2 [1280/36000 (4%)]	Loss: 0.017798
Train Epoch: 2 [1920/36000 (5%)]	Loss: 0.072367
Train Epoch: 2 [2560/36000 (7%)]	Loss: 0.090780
Train Epoch: 2 [3200/36000 (9%)]	Loss: 0.014962
Train Epoch: 2 [3840/36000 (11%)]	Loss: 0.104290
Train Epoch: 2 [4480/36000 (12%)]	Loss: 0.057936
Train Epoch: 2 [5120/36000 (14%)]	Loss: 0.101675
Train Epoch: 2 [5760/36000 (16%)]	Loss: 0.074278
Train Epoch: 2 [6400/36000 (18%)]	Loss: 0.020180
Train Epoch: 2 [7040/36000 (20%)]	Loss: 0.222213
Train Epoch: 2 [7680/36000 (21%)]	Loss: 0.081122
Train Epoch: 2 [8320/36000 (23%)]	Loss: 0.079973
Train Epoch: 2 [8960/36000 (25%)]	Loss: 0.039078
Train Epoch: 2 [9600/36000 (27%)]	Loss: 0.015083
Train Epoch: 2 [10240/36000 (28%)]	Loss: 0.030932
Train Epoch: 2 [10880/36000 (30%)]	Loss: 0.070521
Train Epoch: 2 [11520/36000 (32%)]	Loss: 0.006794
Train Epoch: 2 [12160/36000 (34%)]	Loss: 0.097432
Train Epoch: 2 [12800/36000 (36%)]	Loss: 0.050879
Train Epoch: 2 [13440/36000 (37%)]	Loss: 0.079628
Train Epoch: 2 [14080/36000 (39%)]	Loss: 0.046778
Train Epoch: 2 [14720/36000 (41%)]	Loss: 0.018400
Train Epoch: 2 [15360/36000 (43%)]	Loss: 0.015823
Train Epoch: 2 [16000/36000 (44%)]	Loss: 0.020637
Train Epoch: 2 [16640/36000 (46%)]	Loss: 0.008135
Train Epoch: 2 [17280/36000 (48%)]	Loss: 0.030752
Train Epoch: 2 [17920/36000 (50%)]	Loss: 0.036793
Train Epoch: 2 [18560/36000 (52%)]	Loss: 0.081480
Train Epoch: 2 [19200/36000 (53%)]	Loss: 0.031601
Train Epoch: 2 [19840/36000 (55%)]	Loss: 0.016204
Train Epoch: 2 [20480/36000 (57%)]	Loss: 0.010909
Train Epoch: 2 [21120/36000 (59%)]	Loss: 0.014159
Train Epoch: 2 [21760/36000 (60%)]	Loss: 0.036030
Train Epoch: 2 [22400/36000 (62%)]	Loss: 0.039514
Train Epoch: 2 [23040/36000 (64%)]	Loss: 0.098558
Train Epoch: 2 [23680/36000 (66%)]	Loss: 0.071932
Train Epoch: 2 [24320/36000 (67%)]	Loss: 0.012000
Train Epoch: 2 [24960/36000 (69%)]	Loss: 0.037411
Train Epoch: 2 [25600/36000 (71%)]	Loss: 0.036359
Train Epoch: 2 [26240/36000 (73%)]	Loss: 0.053927
Train Epoch: 2 [26880/36000 (75%)]	Loss: 0.018481
Train Epoch: 2 [27520/36000 (76%)]	Loss: 0.061759
Train Epoch: 2 [28160/36000 (78%)]	Loss: 0.104107
Train Epoch: 2 [28800/36000 (80%)]	Loss: 0.034150
Train Epoch: 2 [29440/36000 (82%)]	Loss: 0.025178
Train Epoch: 2 [30080/36000 (83%)]	Loss: 0.055151
Train Epoch: 2 [30720/36000 (85%)]	Loss: 0.019299
Train Epoch: 2 [31360/36000 (87%)]	Loss: 0.008198
Train Epoch: 2 [32000/36000 (89%)]	Loss: 0.038236
Train Epoch: 2 [32640/36000 (91%)]	Loss: 0.018623
Train Epoch: 2 [33280/36000 (92%)]	Loss: 0.017172
Train Epoch: 2 [33920/36000 (94%)]	Loss: 0.037223
Train Epoch: 2 [34560/36000 (96%)]	Loss: 0.072535
Train Epoch: 2 [35200/36000 (98%)]	Loss: 0.008967
Train Epoch: 2 [35840/36000 (99%)]	Loss: 0.024850
Test set:
Overall: 74070/112000 (66.1%)
Train set:
Overall: 35713/36000 (99.2%)
Train Epoch: 3 [0/36000 (0%)]	Loss: 0.014422
Train Epoch: 3 [640/36000 (2%)]	Loss: 0.012911
Train Epoch: 3 [1280/36000 (4%)]	Loss: 0.018641
Train Epoch: 3 [1920/36000 (5%)]	Loss: 0.043705
Train Epoch: 3 [2560/36000 (7%)]	Loss: 0.040832
Train Epoch: 3 [3200/36000 (9%)]	Loss: 0.023122
Train Epoch: 3 [3840/36000 (11%)]	Loss: 0.022209
Train Epoch: 3 [4480/36000 (12%)]	Loss: 0.013701
Train Epoch: 3 [5120/36000 (14%)]	Loss: 0.018881
Train Epoch: 3 [5760/36000 (16%)]	Loss: 0.062290
Train Epoch: 3 [6400/36000 (18%)]	Loss: 0.008312
Train Epoch: 3 [7040/36000 (20%)]	Loss: 0.027602
Train Epoch: 3 [7680/36000 (21%)]	Loss: 0.048979
Train Epoch: 3 [8320/36000 (23%)]	Loss: 0.013403
Train Epoch: 3 [8960/36000 (25%)]	Loss: 0.094597
Train Epoch: 3 [9600/36000 (27%)]	Loss: 0.007294
Train Epoch: 3 [10240/36000 (28%)]	Loss: 0.004822
Train Epoch: 3 [10880/36000 (30%)]	Loss: 0.008007
Train Epoch: 3 [11520/36000 (32%)]	Loss: 0.041849
Train Epoch: 3 [12160/36000 (34%)]	Loss: 0.007924
Train Epoch: 3 [12800/36000 (36%)]	Loss: 0.036461
Train Epoch: 3 [13440/36000 (37%)]	Loss: 0.087216
Train Epoch: 3 [14080/36000 (39%)]	Loss: 0.008320
Train Epoch: 3 [14720/36000 (41%)]	Loss: 0.006496
Train Epoch: 3 [15360/36000 (43%)]	Loss: 0.018144
Train Epoch: 3 [16000/36000 (44%)]	Loss: 0.003541
Train Epoch: 3 [16640/36000 (46%)]	Loss: 0.037514
Train Epoch: 3 [17280/36000 (48%)]	Loss: 0.002087
Train Epoch: 3 [17920/36000 (50%)]	Loss: 0.043619
Train Epoch: 3 [18560/36000 (52%)]	Loss: 0.003243
Train Epoch: 3 [19200/36000 (53%)]	Loss: 0.022120
Train Epoch: 3 [19840/36000 (55%)]	Loss: 0.015044
Train Epoch: 3 [20480/36000 (57%)]	Loss: 0.010911
Train Epoch: 3 [21120/36000 (59%)]	Loss: 0.115709
Train Epoch: 3 [21760/36000 (60%)]	Loss: 0.006179
Train Epoch: 3 [22400/36000 (62%)]	Loss: 0.013558
Train Epoch: 3 [23040/36000 (64%)]	Loss: 0.014211
Train Epoch: 3 [23680/36000 (66%)]	Loss: 0.082778
Train Epoch: 3 [24320/36000 (67%)]	Loss: 0.001259
Train Epoch: 3 [24960/36000 (69%)]	Loss: 0.002868
Train Epoch: 3 [25600/36000 (71%)]	Loss: 0.040635
Train Epoch: 3 [26240/36000 (73%)]	Loss: 0.028444
Train Epoch: 3 [26880/36000 (75%)]	Loss: 0.029092
Train Epoch: 3 [27520/36000 (76%)]	Loss: 0.004140
Train Epoch: 3 [28160/36000 (78%)]	Loss: 0.016312
Train Epoch: 3 [28800/36000 (80%)]	Loss: 0.007885
Train Epoch: 3 [29440/36000 (82%)]	Loss: 0.018827
Train Epoch: 3 [30080/36000 (83%)]	Loss: 0.006372
Train Epoch: 3 [30720/36000 (85%)]	Loss: 0.045902
Train Epoch: 3 [31360/36000 (87%)]	Loss: 0.007234
Train Epoch: 3 [32000/36000 (89%)]	Loss: 0.037598
Train Epoch: 3 [32640/36000 (91%)]	Loss: 0.037712
Train Epoch: 3 [33280/36000 (92%)]	Loss: 0.001813
Train Epoch: 3 [33920/36000 (94%)]	Loss: 0.007707
Train Epoch: 3 [34560/36000 (96%)]	Loss: 0.001887
Train Epoch: 3 [35200/36000 (98%)]	Loss: 0.014052
Train Epoch: 3 [35840/36000 (99%)]	Loss: 0.006560
Test set:
Overall: 73991/112000 (66.1%)
Train set:
Overall: 35888/36000 (99.7%)
Train Epoch: 4 [0/36000 (0%)]	Loss: 0.002706
Train Epoch: 4 [640/36000 (2%)]	Loss: 0.000936
Train Epoch: 4 [1280/36000 (4%)]	Loss: 0.002250
Train Epoch: 4 [1920/36000 (5%)]	Loss: 0.002022
Train Epoch: 4 [2560/36000 (7%)]	Loss: 0.028525
Train Epoch: 4 [3200/36000 (9%)]	Loss: 0.000390
Train Epoch: 4 [3840/36000 (11%)]	Loss: 0.079706
Train Epoch: 4 [4480/36000 (12%)]	Loss: 0.022049
Train Epoch: 4 [5120/36000 (14%)]	Loss: 0.004763
Train Epoch: 4 [5760/36000 (16%)]	Loss: 0.007547
Train Epoch: 4 [6400/36000 (18%)]	Loss: 0.031264
Train Epoch: 4 [7040/36000 (20%)]	Loss: 0.008882
Train Epoch: 4 [7680/36000 (21%)]	Loss: 0.004046
Train Epoch: 4 [8320/36000 (23%)]	Loss: 0.002769
Train Epoch: 4 [8960/36000 (25%)]	Loss: 0.002278
Train Epoch: 4 [9600/36000 (27%)]	Loss: 0.004635
Train Epoch: 4 [10240/36000 (28%)]	Loss: 0.000972
Train Epoch: 4 [10880/36000 (30%)]	Loss: 0.009263
Train Epoch: 4 [11520/36000 (32%)]	Loss: 0.008312
Train Epoch: 4 [12160/36000 (34%)]	Loss: 0.002144
Train Epoch: 4 [12800/36000 (36%)]	Loss: 0.002799
Train Epoch: 4 [13440/36000 (37%)]	Loss: 0.005155
Train Epoch: 4 [14080/36000 (39%)]	Loss: 0.007759
Train Epoch: 4 [14720/36000 (41%)]	Loss: 0.001664
Train Epoch: 4 [15360/36000 (43%)]	Loss: 0.003760
Train Epoch: 4 [16000/36000 (44%)]	Loss: 0.005180
Train Epoch: 4 [16640/36000 (46%)]	Loss: 0.006744
Train Epoch: 4 [17280/36000 (48%)]	Loss: 0.016395
Train Epoch: 4 [17920/36000 (50%)]	Loss: 0.002243
Train Epoch: 4 [18560/36000 (52%)]	Loss: 0.005768
Train Epoch: 4 [19200/36000 (53%)]	Loss: 0.006442
Train Epoch: 4 [19840/36000 (55%)]	Loss: 0.007017
Train Epoch: 4 [20480/36000 (57%)]	Loss: 0.003966
Train Epoch: 4 [21120/36000 (59%)]	Loss: 0.031444
Train Epoch: 4 [21760/36000 (60%)]	Loss: 0.007602
Train Epoch: 4 [22400/36000 (62%)]	Loss: 0.013510
Train Epoch: 4 [23040/36000 (64%)]	Loss: 0.007670
Train Epoch: 4 [23680/36000 (66%)]	Loss: 0.001686
Train Epoch: 4 [24320/36000 (67%)]	Loss: 0.004993
Train Epoch: 4 [24960/36000 (69%)]	Loss: 0.033528
Train Epoch: 4 [25600/36000 (71%)]	Loss: 0.004528
Train Epoch: 4 [26240/36000 (73%)]	Loss: 0.064314
Train Epoch: 4 [26880/36000 (75%)]	Loss: 0.007052
Train Epoch: 4 [27520/36000 (76%)]	Loss: 0.002979
Train Epoch: 4 [28160/36000 (78%)]	Loss: 0.016585
Train Epoch: 4 [28800/36000 (80%)]	Loss: 0.005072
Train Epoch: 4 [29440/36000 (82%)]	Loss: 0.013165
Train Epoch: 4 [30080/36000 (83%)]	Loss: 0.017736
Train Epoch: 4 [30720/36000 (85%)]	Loss: 0.047179
Train Epoch: 4 [31360/36000 (87%)]	Loss: 0.013755
Train Epoch: 4 [32000/36000 (89%)]	Loss: 0.023862
Train Epoch: 4 [32640/36000 (91%)]	Loss: 0.012427
Train Epoch: 4 [33280/36000 (92%)]	Loss: 0.002984
Train Epoch: 4 [33920/36000 (94%)]	Loss: 0.011810
Train Epoch: 4 [34560/36000 (96%)]	Loss: 0.002563
Train Epoch: 4 [35200/36000 (98%)]	Loss: 0.026801
Train Epoch: 4 [35840/36000 (99%)]	Loss: 0.021413
Test set:
Overall: 74372/112000 (66.4%)
Train set:
Overall: 35925/36000 (99.8%)
Train Epoch: 5 [0/36000 (0%)]	Loss: 0.002975
Train Epoch: 5 [640/36000 (2%)]	Loss: 0.003178
Train Epoch: 5 [1280/36000 (4%)]	Loss: 0.011241
Train Epoch: 5 [1920/36000 (5%)]	Loss: 0.001487
Train Epoch: 5 [2560/36000 (7%)]	Loss: 0.000926
Train Epoch: 5 [3200/36000 (9%)]	Loss: 0.009196
Train Epoch: 5 [3840/36000 (11%)]	Loss: 0.000256
Train Epoch: 5 [4480/36000 (12%)]	Loss: 0.001342
Train Epoch: 5 [5120/36000 (14%)]	Loss: 0.001717
Train Epoch: 5 [5760/36000 (16%)]	Loss: 0.014001
Train Epoch: 5 [6400/36000 (18%)]	Loss: 0.001937
Train Epoch: 5 [7040/36000 (20%)]	Loss: 0.000900
Train Epoch: 5 [7680/36000 (21%)]	Loss: 0.003159
Train Epoch: 5 [8320/36000 (23%)]	Loss: 0.002670
Train Epoch: 5 [8960/36000 (25%)]	Loss: 0.003413
Train Epoch: 5 [9600/36000 (27%)]	Loss: 0.002948
Train Epoch: 5 [10240/36000 (28%)]	Loss: 0.003284
Train Epoch: 5 [10880/36000 (30%)]	Loss: 0.001596
Train Epoch: 5 [11520/36000 (32%)]	Loss: 0.004580
Train Epoch: 5 [12160/36000 (34%)]	Loss: 0.001756
Train Epoch: 5 [12800/36000 (36%)]	Loss: 0.002164
Train Epoch: 5 [13440/36000 (37%)]	Loss: 0.001871
Train Epoch: 5 [14080/36000 (39%)]	Loss: 0.004379
Train Epoch: 5 [14720/36000 (41%)]	Loss: 0.002126
Train Epoch: 5 [15360/36000 (43%)]	Loss: 0.007316
Train Epoch: 5 [16000/36000 (44%)]	Loss: 0.000319
Train Epoch: 5 [16640/36000 (46%)]	Loss: 0.006473
Train Epoch: 5 [17280/36000 (48%)]	Loss: 0.003858
Train Epoch: 5 [17920/36000 (50%)]	Loss: 0.001722
Train Epoch: 5 [18560/36000 (52%)]	Loss: 0.001241
Train Epoch: 5 [19200/36000 (53%)]	Loss: 0.000247
Train Epoch: 5 [19840/36000 (55%)]	Loss: 0.029610
Train Epoch: 5 [20480/36000 (57%)]	Loss: 0.011619
Train Epoch: 5 [21120/36000 (59%)]	Loss: 0.004828
Train Epoch: 5 [21760/36000 (60%)]	Loss: 0.000912
Train Epoch: 5 [22400/36000 (62%)]	Loss: 0.010113
Train Epoch: 5 [23040/36000 (64%)]	Loss: 0.001958
Train Epoch: 5 [23680/36000 (66%)]	Loss: 0.000288
Train Epoch: 5 [24320/36000 (67%)]	Loss: 0.000684
Train Epoch: 5 [24960/36000 (69%)]	Loss: 0.005501
Train Epoch: 5 [25600/36000 (71%)]	Loss: 0.000068
Train Epoch: 5 [26240/36000 (73%)]	Loss: 0.000518
Train Epoch: 5 [26880/36000 (75%)]	Loss: 0.007505
Train Epoch: 5 [27520/36000 (76%)]	Loss: 0.006800
Train Epoch: 5 [28160/36000 (78%)]	Loss: 0.000557
Train Epoch: 5 [28800/36000 (80%)]	Loss: 0.000776
Train Epoch: 5 [29440/36000 (82%)]	Loss: 0.015393
Train Epoch: 5 [30080/36000 (83%)]	Loss: 0.075204
Train Epoch: 5 [30720/36000 (85%)]	Loss: 0.009324
Train Epoch: 5 [31360/36000 (87%)]	Loss: 0.023395
Train Epoch: 5 [32000/36000 (89%)]	Loss: 0.010707
Train Epoch: 5 [32640/36000 (91%)]	Loss: 0.013146
Train Epoch: 5 [33280/36000 (92%)]	Loss: 0.001889
Train Epoch: 5 [33920/36000 (94%)]	Loss: 0.002776
Train Epoch: 5 [34560/36000 (96%)]	Loss: 0.001045
Train Epoch: 5 [35200/36000 (98%)]	Loss: 0.013718
Train Epoch: 5 [35840/36000 (99%)]	Loss: 0.001927
Test set:
Overall: 74856/112000 (66.8%)
Train set:
Overall: 35965/36000 (99.9%)
Train Epoch: 6 [0/36000 (0%)]	Loss: 0.002509
Train Epoch: 6 [640/36000 (2%)]	Loss: 0.003181
Train Epoch: 6 [1280/36000 (4%)]	Loss: 0.001125
Train Epoch: 6 [1920/36000 (5%)]	Loss: 0.002256
Train Epoch: 6 [2560/36000 (7%)]	Loss: 0.000842
Train Epoch: 6 [3200/36000 (9%)]	Loss: 0.001493
Train Epoch: 6 [3840/36000 (11%)]	Loss: 0.006032
Train Epoch: 6 [4480/36000 (12%)]	Loss: 0.006445
Train Epoch: 6 [5120/36000 (14%)]	Loss: 0.003918
Train Epoch: 6 [5760/36000 (16%)]	Loss: 0.000372
Train Epoch: 6 [6400/36000 (18%)]	Loss: 0.001348
Train Epoch: 6 [7040/36000 (20%)]	Loss: 0.000558
Train Epoch: 6 [7680/36000 (21%)]	Loss: 0.003864
Train Epoch: 6 [8320/36000 (23%)]	Loss: 0.000189
Train Epoch: 6 [8960/36000 (25%)]	Loss: 0.002454
Train Epoch: 6 [9600/36000 (27%)]	Loss: 0.000571
Train Epoch: 6 [10240/36000 (28%)]	Loss: 0.000900
Train Epoch: 6 [10880/36000 (30%)]	Loss: 0.000485
Train Epoch: 6 [11520/36000 (32%)]	Loss: 0.000360
Train Epoch: 6 [12160/36000 (34%)]	Loss: 0.005007
Train Epoch: 6 [12800/36000 (36%)]	Loss: 0.000647
Train Epoch: 6 [13440/36000 (37%)]	Loss: 0.001034
Train Epoch: 6 [14080/36000 (39%)]	Loss: 0.000583
Train Epoch: 6 [14720/36000 (41%)]	Loss: 0.002326
Train Epoch: 6 [15360/36000 (43%)]	Loss: 0.000254
Train Epoch: 6 [16000/36000 (44%)]	Loss: 0.000020
Train Epoch: 6 [16640/36000 (46%)]	Loss: 0.005786
Train Epoch: 6 [17280/36000 (48%)]	Loss: 0.000160
Train Epoch: 6 [17920/36000 (50%)]	Loss: 0.000983
Train Epoch: 6 [18560/36000 (52%)]	Loss: 0.002120
Train Epoch: 6 [19200/36000 (53%)]	Loss: 0.003617
Train Epoch: 6 [19840/36000 (55%)]	Loss: 0.030739
Train Epoch: 6 [20480/36000 (57%)]	Loss: 0.004792
Train Epoch: 6 [21120/36000 (59%)]	Loss: 0.001365
Train Epoch: 6 [21760/36000 (60%)]	Loss: 0.000053
Train Epoch: 6 [22400/36000 (62%)]	Loss: 0.004172
Train Epoch: 6 [23040/36000 (64%)]	Loss: 0.000510
Train Epoch: 6 [23680/36000 (66%)]	Loss: 0.003875
Train Epoch: 6 [24320/36000 (67%)]	Loss: 0.001313
Train Epoch: 6 [24960/36000 (69%)]	Loss: 0.001146
Train Epoch: 6 [25600/36000 (71%)]	Loss: 0.000378
Train Epoch: 6 [26240/36000 (73%)]	Loss: 0.001615
Train Epoch: 6 [26880/36000 (75%)]	Loss: 0.000214
Train Epoch: 6 [27520/36000 (76%)]	Loss: 0.001616
Train Epoch: 6 [28160/36000 (78%)]	Loss: 0.000938
Train Epoch: 6 [28800/36000 (80%)]	Loss: 0.000284
Train Epoch: 6 [29440/36000 (82%)]	Loss: 0.000920
Train Epoch: 6 [30080/36000 (83%)]	Loss: 0.001660
Train Epoch: 6 [30720/36000 (85%)]	Loss: 0.002501
Train Epoch: 6 [31360/36000 (87%)]	Loss: 0.003015
Train Epoch: 6 [32000/36000 (89%)]	Loss: 0.001976
Train Epoch: 6 [32640/36000 (91%)]	Loss: 0.003677
Train Epoch: 6 [33280/36000 (92%)]	Loss: 0.002054
Train Epoch: 6 [33920/36000 (94%)]	Loss: 0.000930
Train Epoch: 6 [34560/36000 (96%)]	Loss: 0.000756
Train Epoch: 6 [35200/36000 (98%)]	Loss: 0.002054
Train Epoch: 6 [35840/36000 (99%)]	Loss: 0.000281
Test set:
Overall: 74417/112000 (66.4%)
Train set:
Overall: 35992/36000 (100.0%)
Train Epoch: 7 [0/36000 (0%)]	Loss: 0.002163
Train Epoch: 7 [640/36000 (2%)]	Loss: 0.000332
Train Epoch: 7 [1280/36000 (4%)]	Loss: 0.000544
Train Epoch: 7 [1920/36000 (5%)]	Loss: 0.000510
Train Epoch: 7 [2560/36000 (7%)]	Loss: 0.000319
Train Epoch: 7 [3200/36000 (9%)]	Loss: 0.000221
Train Epoch: 7 [3840/36000 (11%)]	Loss: 0.000076
Train Epoch: 7 [4480/36000 (12%)]	Loss: 0.005483
Train Epoch: 7 [5120/36000 (14%)]	Loss: 0.001224
Train Epoch: 7 [5760/36000 (16%)]	Loss: 0.000301
Train Epoch: 7 [6400/36000 (18%)]	Loss: 0.004681
Train Epoch: 7 [7040/36000 (20%)]	Loss: 0.000111
Train Epoch: 7 [7680/36000 (21%)]	Loss: 0.000205
Train Epoch: 7 [8320/36000 (23%)]	Loss: 0.000161
Train Epoch: 7 [8960/36000 (25%)]	Loss: 0.003262
Train Epoch: 7 [9600/36000 (27%)]	Loss: 0.000463
Train Epoch: 7 [10240/36000 (28%)]	Loss: 0.000051
Train Epoch: 7 [10880/36000 (30%)]	Loss: 0.001696
Train Epoch: 7 [11520/36000 (32%)]	Loss: 0.002250
Train Epoch: 7 [12160/36000 (34%)]	Loss: 0.000286
Train Epoch: 7 [12800/36000 (36%)]	Loss: 0.000594
Train Epoch: 7 [13440/36000 (37%)]	Loss: 0.000383
Train Epoch: 7 [14080/36000 (39%)]	Loss: 0.000204
Train Epoch: 7 [14720/36000 (41%)]	Loss: 0.000481
Train Epoch: 7 [15360/36000 (43%)]	Loss: 0.000718
Train Epoch: 7 [16000/36000 (44%)]	Loss: 0.000039
Train Epoch: 7 [16640/36000 (46%)]	Loss: 0.000337
Train Epoch: 7 [17280/36000 (48%)]	Loss: 0.000418
Train Epoch: 7 [17920/36000 (50%)]	Loss: 0.000694
Train Epoch: 7 [18560/36000 (52%)]	Loss: 0.000072
Train Epoch: 7 [19200/36000 (53%)]	Loss: 0.005817
Train Epoch: 7 [19840/36000 (55%)]	Loss: 0.000045
Train Epoch: 7 [20480/36000 (57%)]	Loss: 0.000133
Train Epoch: 7 [21120/36000 (59%)]	Loss: 0.000041
Train Epoch: 7 [21760/36000 (60%)]	Loss: 0.000259
Train Epoch: 7 [22400/36000 (62%)]	Loss: 0.000676
Train Epoch: 7 [23040/36000 (64%)]	Loss: 0.001875
Train Epoch: 7 [23680/36000 (66%)]	Loss: 0.000249
Train Epoch: 7 [24320/36000 (67%)]	Loss: 0.012563
Train Epoch: 7 [24960/36000 (69%)]	Loss: 0.004578
Train Epoch: 7 [25600/36000 (71%)]	Loss: 0.000168
Train Epoch: 7 [26240/36000 (73%)]	Loss: 0.003810
Train Epoch: 7 [26880/36000 (75%)]	Loss: 0.002858
Train Epoch: 7 [27520/36000 (76%)]	Loss: 0.002359
Train Epoch: 7 [28160/36000 (78%)]	Loss: 0.000240
Train Epoch: 7 [28800/36000 (80%)]	Loss: 0.000147
Train Epoch: 7 [29440/36000 (82%)]	Loss: 0.000235
Train Epoch: 7 [30080/36000 (83%)]	Loss: 0.000411
Train Epoch: 7 [30720/36000 (85%)]	Loss: 0.000340
Train Epoch: 7 [31360/36000 (87%)]	Loss: 0.000450
Train Epoch: 7 [32000/36000 (89%)]	Loss: 0.000413
Train Epoch: 7 [32640/36000 (91%)]	Loss: 0.000016
Train Epoch: 7 [33280/36000 (92%)]	Loss: 0.000122
Train Epoch: 7 [33920/36000 (94%)]	Loss: 0.000804
Train Epoch: 7 [34560/36000 (96%)]	Loss: 0.009690
Train Epoch: 7 [35200/36000 (98%)]	Loss: 0.000629
Train Epoch: 7 [35840/36000 (99%)]	Loss: 0.000284
Test set:
Overall: 74824/112000 (66.8%)
Train set:
Overall: 35999/36000 (100.0%)
Train Epoch: 8 [0/36000 (0%)]	Loss: 0.000667
Train Epoch: 8 [640/36000 (2%)]	Loss: 0.000072
Train Epoch: 8 [1280/36000 (4%)]	Loss: 0.000132
Train Epoch: 8 [1920/36000 (5%)]	Loss: 0.001048
Train Epoch: 8 [2560/36000 (7%)]	Loss: 0.000192
Train Epoch: 8 [3200/36000 (9%)]	Loss: 0.000070
Train Epoch: 8 [3840/36000 (11%)]	Loss: 0.000264
Train Epoch: 8 [4480/36000 (12%)]	Loss: 0.000195
Train Epoch: 8 [5120/36000 (14%)]	Loss: 0.000011
Train Epoch: 8 [5760/36000 (16%)]	Loss: 0.000005
Train Epoch: 8 [6400/36000 (18%)]	Loss: 0.000113
Train Epoch: 8 [7040/36000 (20%)]	Loss: 0.000527
Train Epoch: 8 [7680/36000 (21%)]	Loss: 0.000123
Train Epoch: 8 [8320/36000 (23%)]	Loss: 0.000137
Train Epoch: 8 [8960/36000 (25%)]	Loss: 0.000167
Train Epoch: 8 [9600/36000 (27%)]	Loss: 0.000226
Train Epoch: 8 [10240/36000 (28%)]	Loss: 0.000075
Train Epoch: 8 [10880/36000 (30%)]	Loss: 0.000198
Train Epoch: 8 [11520/36000 (32%)]	Loss: 0.000130
Train Epoch: 8 [12160/36000 (34%)]	Loss: 0.000362
Train Epoch: 8 [12800/36000 (36%)]	Loss: 0.000125
Train Epoch: 8 [13440/36000 (37%)]	Loss: 0.000256
Train Epoch: 8 [14080/36000 (39%)]	Loss: 0.001171
Train Epoch: 8 [14720/36000 (41%)]	Loss: 0.000122
Train Epoch: 8 [15360/36000 (43%)]	Loss: 0.001872
Train Epoch: 8 [16000/36000 (44%)]	Loss: 0.000055
Train Epoch: 8 [16640/36000 (46%)]	Loss: 0.000059
Train Epoch: 8 [17280/36000 (48%)]	Loss: 0.000069
Train Epoch: 8 [17920/36000 (50%)]	Loss: 0.001709
Train Epoch: 8 [18560/36000 (52%)]	Loss: 0.000241
Train Epoch: 8 [19200/36000 (53%)]	Loss: 0.000091
Train Epoch: 8 [19840/36000 (55%)]	Loss: 0.000380
Train Epoch: 8 [20480/36000 (57%)]	Loss: 0.000282
Train Epoch: 8 [21120/36000 (59%)]	Loss: 0.000814
Train Epoch: 8 [21760/36000 (60%)]	Loss: 0.000101
Train Epoch: 8 [22400/36000 (62%)]	Loss: 0.000020
Train Epoch: 8 [23040/36000 (64%)]	Loss: 0.000159
Train Epoch: 8 [23680/36000 (66%)]	Loss: 0.000191
Train Epoch: 8 [24320/36000 (67%)]	Loss: 0.002600
Train Epoch: 8 [24960/36000 (69%)]	Loss: 0.000130
Train Epoch: 8 [25600/36000 (71%)]	Loss: 0.000062
Train Epoch: 8 [26240/36000 (73%)]	Loss: 0.000084
Train Epoch: 8 [26880/36000 (75%)]	Loss: 0.000164
Train Epoch: 8 [27520/36000 (76%)]	Loss: 0.000338
Train Epoch: 8 [28160/36000 (78%)]	Loss: 0.000439
Train Epoch: 8 [28800/36000 (80%)]	Loss: 0.000056
Train Epoch: 8 [29440/36000 (82%)]	Loss: 0.000076
Train Epoch: 8 [30080/36000 (83%)]	Loss: 0.000113
Train Epoch: 8 [30720/36000 (85%)]	Loss: 0.002889
Train Epoch: 8 [31360/36000 (87%)]	Loss: 0.000058
Train Epoch: 8 [32000/36000 (89%)]	Loss: 0.000026
Train Epoch: 8 [32640/36000 (91%)]	Loss: 0.000501
Train Epoch: 8 [33280/36000 (92%)]	Loss: 0.000334
Train Epoch: 8 [33920/36000 (94%)]	Loss: 0.000007
Train Epoch: 8 [34560/36000 (96%)]	Loss: 0.000141
Train Epoch: 8 [35200/36000 (98%)]	Loss: 0.000129
Train Epoch: 8 [35840/36000 (99%)]	Loss: 0.000123
Test set:
Overall: 74472/112000 (66.5%)
Train set:
Overall: 36000/36000 (100.0%)
Train Epoch: 9 [0/36000 (0%)]	Loss: 0.000654
Train Epoch: 9 [640/36000 (2%)]	Loss: 0.000022
Train Epoch: 9 [1280/36000 (4%)]	Loss: 0.000041
Train Epoch: 9 [1920/36000 (5%)]	Loss: 0.000269
Train Epoch: 9 [2560/36000 (7%)]	Loss: 0.000400
Train Epoch: 9 [3200/36000 (9%)]	Loss: 0.000049
Train Epoch: 9 [3840/36000 (11%)]	Loss: 0.000266
Train Epoch: 9 [4480/36000 (12%)]	Loss: 0.000022
Train Epoch: 9 [5120/36000 (14%)]	Loss: 0.000261
Train Epoch: 9 [5760/36000 (16%)]	Loss: 0.000213
Train Epoch: 9 [6400/36000 (18%)]	Loss: 0.000082
Train Epoch: 9 [7040/36000 (20%)]	Loss: 0.000058
Train Epoch: 9 [7680/36000 (21%)]	Loss: 0.000134
Train Epoch: 9 [8320/36000 (23%)]	Loss: 0.000688
Train Epoch: 9 [8960/36000 (25%)]	Loss: 0.000055
Train Epoch: 9 [9600/36000 (27%)]	Loss: 0.000159
Train Epoch: 9 [10240/36000 (28%)]	Loss: 0.001151
Train Epoch: 9 [10880/36000 (30%)]	Loss: 0.000105
Train Epoch: 9 [11520/36000 (32%)]	Loss: 0.000104
Train Epoch: 9 [12160/36000 (34%)]	Loss: 0.000163
Train Epoch: 9 [12800/36000 (36%)]	Loss: 0.000003
Train Epoch: 9 [13440/36000 (37%)]	Loss: 0.000196
Train Epoch: 9 [14080/36000 (39%)]	Loss: 0.000449
Train Epoch: 9 [14720/36000 (41%)]	Loss: 0.000029
Train Epoch: 9 [15360/36000 (43%)]	Loss: 0.000088
Train Epoch: 9 [16000/36000 (44%)]	Loss: 0.000421
