Running on ax14.rc.zi.columbia.edu
Train Epoch: 1 [0/32000 (0%)]	Loss: 0.695204
Train Epoch: 1 [640/32000 (2%)]	Loss: 0.696202
Train Epoch: 1 [1280/32000 (4%)]	Loss: 0.657180
Train Epoch: 1 [1920/32000 (6%)]	Loss: 0.635478
Train Epoch: 1 [2560/32000 (8%)]	Loss: 0.647408
Train Epoch: 1 [3200/32000 (10%)]	Loss: 0.579439
Train Epoch: 1 [3840/32000 (12%)]	Loss: 0.622735
Train Epoch: 1 [4480/32000 (14%)]	Loss: 0.594400
Train Epoch: 1 [5120/32000 (16%)]	Loss: 0.583507
Train Epoch: 1 [5760/32000 (18%)]	Loss: 0.602608
Train Epoch: 1 [6400/32000 (20%)]	Loss: 0.606228
Train Epoch: 1 [7040/32000 (22%)]	Loss: 0.643041
Train Epoch: 1 [7680/32000 (24%)]	Loss: 0.595115
Train Epoch: 1 [8320/32000 (26%)]	Loss: 0.662541
Train Epoch: 1 [8960/32000 (28%)]	Loss: 0.606945
Train Epoch: 1 [9600/32000 (30%)]	Loss: 0.562364
Train Epoch: 1 [10240/32000 (32%)]	Loss: 0.573599
Train Epoch: 1 [10880/32000 (34%)]	Loss: 0.551037
Train Epoch: 1 [11520/32000 (36%)]	Loss: 0.574262
Train Epoch: 1 [12160/32000 (38%)]	Loss: 0.709324
Train Epoch: 1 [12800/32000 (40%)]	Loss: 0.534046
Train Epoch: 1 [13440/32000 (42%)]	Loss: 0.549104
Train Epoch: 1 [14080/32000 (44%)]	Loss: 0.549136
Train Epoch: 1 [14720/32000 (46%)]	Loss: 0.556299
Train Epoch: 1 [15360/32000 (48%)]	Loss: 0.582021
Train Epoch: 1 [16000/32000 (50%)]	Loss: 0.658143
Train Epoch: 1 [16640/32000 (52%)]	Loss: 0.563324
Train Epoch: 1 [17280/32000 (54%)]	Loss: 0.515279
Train Epoch: 1 [17920/32000 (56%)]	Loss: 0.562252
Train Epoch: 1 [18560/32000 (58%)]	Loss: 0.548708
Train Epoch: 1 [19200/32000 (60%)]	Loss: 0.580168
Train Epoch: 1 [19840/32000 (62%)]	Loss: 0.531329
Train Epoch: 1 [20480/32000 (64%)]	Loss: 0.621391
Train Epoch: 1 [21120/32000 (66%)]	Loss: 0.499589
Train Epoch: 1 [21760/32000 (68%)]	Loss: 0.563651
Train Epoch: 1 [22400/32000 (70%)]	Loss: 0.543288
Train Epoch: 1 [23040/32000 (72%)]	Loss: 0.492792
Train Epoch: 1 [23680/32000 (74%)]	Loss: 0.530702
Train Epoch: 1 [24320/32000 (76%)]	Loss: 0.548607
Train Epoch: 1 [24960/32000 (78%)]	Loss: 0.533607
Train Epoch: 1 [25600/32000 (80%)]	Loss: 0.629973
Train Epoch: 1 [26240/32000 (82%)]	Loss: 0.500761
Train Epoch: 1 [26880/32000 (84%)]	Loss: 0.618288
Train Epoch: 1 [27520/32000 (86%)]	Loss: 0.502442
Train Epoch: 1 [28160/32000 (88%)]	Loss: 0.539064
Train Epoch: 1 [28800/32000 (90%)]	Loss: 0.498247
Train Epoch: 1 [29440/32000 (92%)]	Loss: 0.471562
Train Epoch: 1 [30080/32000 (94%)]	Loss: 0.666344
Train Epoch: 1 [30720/32000 (96%)]	Loss: 0.593298
Train Epoch: 1 [31360/32000 (98%)]	Loss: 0.560986
Test set:
Overall: 61094/112000 (54.5%)
Train set:
Overall: 22908/32000 (71.6%)
Train Epoch: 2 [0/32000 (0%)]	Loss: 0.534796
Train Epoch: 2 [640/32000 (2%)]	Loss: 0.522028
Train Epoch: 2 [1280/32000 (4%)]	Loss: 0.530727
Train Epoch: 2 [1920/32000 (6%)]	Loss: 0.511822
Train Epoch: 2 [2560/32000 (8%)]	Loss: 0.536845
Train Epoch: 2 [3200/32000 (10%)]	Loss: 0.517617
Train Epoch: 2 [3840/32000 (12%)]	Loss: 0.491758
Train Epoch: 2 [4480/32000 (14%)]	Loss: 0.531880
Train Epoch: 2 [5120/32000 (16%)]	Loss: 0.566063
Train Epoch: 2 [5760/32000 (18%)]	Loss: 0.609831
Train Epoch: 2 [6400/32000 (20%)]	Loss: 0.464150
Train Epoch: 2 [7040/32000 (22%)]	Loss: 0.514529
Train Epoch: 2 [7680/32000 (24%)]	Loss: 0.550835
Train Epoch: 2 [8320/32000 (26%)]	Loss: 0.529236
Train Epoch: 2 [8960/32000 (28%)]	Loss: 0.528899
Train Epoch: 2 [9600/32000 (30%)]	Loss: 0.538348
Train Epoch: 2 [10240/32000 (32%)]	Loss: 0.467259
Train Epoch: 2 [10880/32000 (34%)]	Loss: 0.560507
Train Epoch: 2 [11520/32000 (36%)]	Loss: 0.547118
Train Epoch: 2 [12160/32000 (38%)]	Loss: 0.560619
Train Epoch: 2 [12800/32000 (40%)]	Loss: 0.589717
Train Epoch: 2 [13440/32000 (42%)]	Loss: 0.569515
Train Epoch: 2 [14080/32000 (44%)]	Loss: 0.515698
Train Epoch: 2 [14720/32000 (46%)]	Loss: 0.406626
Train Epoch: 2 [15360/32000 (48%)]	Loss: 0.411747
Train Epoch: 2 [16000/32000 (50%)]	Loss: 0.443663
Train Epoch: 2 [16640/32000 (52%)]	Loss: 0.490888
Train Epoch: 2 [17280/32000 (54%)]	Loss: 0.551304
Train Epoch: 2 [17920/32000 (56%)]	Loss: 0.486813
Train Epoch: 2 [18560/32000 (58%)]	Loss: 0.579681
Train Epoch: 2 [19200/32000 (60%)]	Loss: 0.526604
Train Epoch: 2 [19840/32000 (62%)]	Loss: 0.613551
Train Epoch: 2 [20480/32000 (64%)]	Loss: 0.609268
Train Epoch: 2 [21120/32000 (66%)]	Loss: 0.442892
Train Epoch: 2 [21760/32000 (68%)]	Loss: 0.511367
Train Epoch: 2 [22400/32000 (70%)]	Loss: 0.677372
Train Epoch: 2 [23040/32000 (72%)]	Loss: 0.424534
Train Epoch: 2 [23680/32000 (74%)]	Loss: 0.437513
Train Epoch: 2 [24320/32000 (76%)]	Loss: 0.462883
Train Epoch: 2 [24960/32000 (78%)]	Loss: 0.468567
Train Epoch: 2 [25600/32000 (80%)]	Loss: 0.529590
Train Epoch: 2 [26240/32000 (82%)]	Loss: 0.499874
Train Epoch: 2 [26880/32000 (84%)]	Loss: 0.471941
Train Epoch: 2 [27520/32000 (86%)]	Loss: 0.499248
Train Epoch: 2 [28160/32000 (88%)]	Loss: 0.600009
Train Epoch: 2 [28800/32000 (90%)]	Loss: 0.447472
Train Epoch: 2 [29440/32000 (92%)]	Loss: 0.470269
Train Epoch: 2 [30080/32000 (94%)]	Loss: 0.495631
Train Epoch: 2 [30720/32000 (96%)]	Loss: 0.540580
Train Epoch: 2 [31360/32000 (98%)]	Loss: 0.557912
Test set:
Overall: 59773/112000 (53.4%)
Train set:
Overall: 24091/32000 (75.3%)
Train Epoch: 3 [0/32000 (0%)]	Loss: 0.466903
Train Epoch: 3 [640/32000 (2%)]	Loss: 0.498905
Train Epoch: 3 [1280/32000 (4%)]	Loss: 0.461776
Train Epoch: 3 [1920/32000 (6%)]	Loss: 0.487838
Train Epoch: 3 [2560/32000 (8%)]	Loss: 0.404437
Train Epoch: 3 [3200/32000 (10%)]	Loss: 0.364629
Train Epoch: 3 [3840/32000 (12%)]	Loss: 0.411078
Train Epoch: 3 [4480/32000 (14%)]	Loss: 0.482310
Train Epoch: 3 [5120/32000 (16%)]	Loss: 0.387501
Train Epoch: 3 [5760/32000 (18%)]	Loss: 0.457322
Train Epoch: 3 [6400/32000 (20%)]	Loss: 0.465656
Train Epoch: 3 [7040/32000 (22%)]	Loss: 0.417682
Train Epoch: 3 [7680/32000 (24%)]	Loss: 0.425341
Train Epoch: 3 [8320/32000 (26%)]	Loss: 0.549691
Train Epoch: 3 [8960/32000 (28%)]	Loss: 0.454073
Train Epoch: 3 [9600/32000 (30%)]	Loss: 0.492669
Train Epoch: 3 [10240/32000 (32%)]	Loss: 0.592160
Train Epoch: 3 [10880/32000 (34%)]	Loss: 0.560794
Train Epoch: 3 [11520/32000 (36%)]	Loss: 0.361149
Train Epoch: 3 [12160/32000 (38%)]	Loss: 0.504592
Train Epoch: 3 [12800/32000 (40%)]	Loss: 0.492327
Train Epoch: 3 [13440/32000 (42%)]	Loss: 0.518617
Train Epoch: 3 [14080/32000 (44%)]	Loss: 0.481131
Train Epoch: 3 [14720/32000 (46%)]	Loss: 0.479082
Train Epoch: 3 [15360/32000 (48%)]	Loss: 0.568747
Train Epoch: 3 [16000/32000 (50%)]	Loss: 0.537025
Train Epoch: 3 [16640/32000 (52%)]	Loss: 0.505447
Train Epoch: 3 [17280/32000 (54%)]	Loss: 0.518229
Train Epoch: 3 [17920/32000 (56%)]	Loss: 0.389756
Train Epoch: 3 [18560/32000 (58%)]	Loss: 0.478577
Train Epoch: 3 [19200/32000 (60%)]	Loss: 0.436605
Train Epoch: 3 [19840/32000 (62%)]	Loss: 0.445738
Train Epoch: 3 [20480/32000 (64%)]	Loss: 0.428532
Train Epoch: 3 [21120/32000 (66%)]	Loss: 0.540514
Train Epoch: 3 [21760/32000 (68%)]	Loss: 0.383400
Train Epoch: 3 [22400/32000 (70%)]	Loss: 0.512597
Train Epoch: 3 [23040/32000 (72%)]	Loss: 0.461087
Train Epoch: 3 [23680/32000 (74%)]	Loss: 0.517041
Train Epoch: 3 [24320/32000 (76%)]	Loss: 0.538919
Train Epoch: 3 [24960/32000 (78%)]	Loss: 0.459653
Train Epoch: 3 [25600/32000 (80%)]	Loss: 0.440733
Train Epoch: 3 [26240/32000 (82%)]	Loss: 0.438290
Train Epoch: 3 [26880/32000 (84%)]	Loss: 0.493298
Train Epoch: 3 [27520/32000 (86%)]	Loss: 0.464424
Train Epoch: 3 [28160/32000 (88%)]	Loss: 0.452606
Train Epoch: 3 [28800/32000 (90%)]	Loss: 0.512280
Train Epoch: 3 [29440/32000 (92%)]	Loss: 0.433883
Train Epoch: 3 [30080/32000 (94%)]	Loss: 0.526460
Train Epoch: 3 [30720/32000 (96%)]	Loss: 0.398660
Train Epoch: 3 [31360/32000 (98%)]	Loss: 0.481152
Test set:
Overall: 58984/112000 (52.7%)
Train set:
Overall: 25503/32000 (79.7%)
Train Epoch: 4 [0/32000 (0%)]	Loss: 0.413620
Train Epoch: 4 [640/32000 (2%)]	Loss: 0.411127
Train Epoch: 4 [1280/32000 (4%)]	Loss: 0.433790
Train Epoch: 4 [1920/32000 (6%)]	Loss: 0.416445
Train Epoch: 4 [2560/32000 (8%)]	Loss: 0.515530
Train Epoch: 4 [3200/32000 (10%)]	Loss: 0.460032
Train Epoch: 4 [3840/32000 (12%)]	Loss: 0.416108
Train Epoch: 4 [4480/32000 (14%)]	Loss: 0.400137
Train Epoch: 4 [5120/32000 (16%)]	Loss: 0.490999
Train Epoch: 4 [5760/32000 (18%)]	Loss: 0.480224
Train Epoch: 4 [6400/32000 (20%)]	Loss: 0.489776
Train Epoch: 4 [7040/32000 (22%)]	Loss: 0.556397
Train Epoch: 4 [7680/32000 (24%)]	Loss: 0.572278
Train Epoch: 4 [8320/32000 (26%)]	Loss: 0.503701
Train Epoch: 4 [8960/32000 (28%)]	Loss: 0.459775
Train Epoch: 4 [9600/32000 (30%)]	Loss: 0.444792
Train Epoch: 4 [10240/32000 (32%)]	Loss: 0.338044
Train Epoch: 4 [10880/32000 (34%)]	Loss: 0.519852
Train Epoch: 4 [11520/32000 (36%)]	Loss: 0.449789
Train Epoch: 4 [12160/32000 (38%)]	Loss: 0.427497
Train Epoch: 4 [12800/32000 (40%)]	Loss: 0.378302
Train Epoch: 4 [13440/32000 (42%)]	Loss: 0.546253
Train Epoch: 4 [14080/32000 (44%)]	Loss: 0.513106
Train Epoch: 4 [14720/32000 (46%)]	Loss: 0.556235
Train Epoch: 4 [15360/32000 (48%)]	Loss: 0.399780
Train Epoch: 4 [16000/32000 (50%)]	Loss: 0.412425
Train Epoch: 4 [16640/32000 (52%)]	Loss: 0.451301
Train Epoch: 4 [17280/32000 (54%)]	Loss: 0.494902
Train Epoch: 4 [17920/32000 (56%)]	Loss: 0.468664
Train Epoch: 4 [18560/32000 (58%)]	Loss: 0.445727
Train Epoch: 4 [19200/32000 (60%)]	Loss: 0.455136
Train Epoch: 4 [19840/32000 (62%)]	Loss: 0.393393
Train Epoch: 4 [20480/32000 (64%)]	Loss: 0.414859
Train Epoch: 4 [21120/32000 (66%)]	Loss: 0.384049
Train Epoch: 4 [21760/32000 (68%)]	Loss: 0.522974
Train Epoch: 4 [22400/32000 (70%)]	Loss: 0.393118
Train Epoch: 4 [23040/32000 (72%)]	Loss: 0.712985
Train Epoch: 4 [23680/32000 (74%)]	Loss: 0.452843
Train Epoch: 4 [24320/32000 (76%)]	Loss: 0.393882
Train Epoch: 4 [24960/32000 (78%)]	Loss: 0.287855
Train Epoch: 4 [25600/32000 (80%)]	Loss: 0.478006
Train Epoch: 4 [26240/32000 (82%)]	Loss: 0.466536
Train Epoch: 4 [26880/32000 (84%)]	Loss: 0.426755
Train Epoch: 4 [27520/32000 (86%)]	Loss: 0.387545
Train Epoch: 4 [28160/32000 (88%)]	Loss: 0.427865
Train Epoch: 4 [28800/32000 (90%)]	Loss: 0.437954
Train Epoch: 4 [29440/32000 (92%)]	Loss: 0.364519
Train Epoch: 4 [30080/32000 (94%)]	Loss: 0.434322
Train Epoch: 4 [30720/32000 (96%)]	Loss: 0.424117
Train Epoch: 4 [31360/32000 (98%)]	Loss: 0.430925
Test set:
Overall: 57929/112000 (51.7%)
Train set:
Overall: 26113/32000 (81.6%)
Train Epoch: 5 [0/32000 (0%)]	Loss: 0.444514
Train Epoch: 5 [640/32000 (2%)]	Loss: 0.382763
Train Epoch: 5 [1280/32000 (4%)]	Loss: 0.407292
Train Epoch: 5 [1920/32000 (6%)]	Loss: 0.422027
Train Epoch: 5 [2560/32000 (8%)]	Loss: 0.437463
Train Epoch: 5 [3200/32000 (10%)]	Loss: 0.427617
Train Epoch: 5 [3840/32000 (12%)]	Loss: 0.545441
Train Epoch: 5 [4480/32000 (14%)]	Loss: 0.510186
Train Epoch: 5 [5120/32000 (16%)]	Loss: 0.401471
Train Epoch: 5 [5760/32000 (18%)]	Loss: 0.366626
Train Epoch: 5 [6400/32000 (20%)]	Loss: 0.436734
Train Epoch: 5 [7040/32000 (22%)]	Loss: 0.443907
Train Epoch: 5 [7680/32000 (24%)]	Loss: 0.575601
Train Epoch: 5 [8320/32000 (26%)]	Loss: 0.443811
Train Epoch: 5 [8960/32000 (28%)]	Loss: 0.411104
Train Epoch: 5 [9600/32000 (30%)]	Loss: 0.320781
Train Epoch: 5 [10240/32000 (32%)]	Loss: 0.400320
Train Epoch: 5 [10880/32000 (34%)]	Loss: 0.368858
Train Epoch: 5 [11520/32000 (36%)]	Loss: 0.383201
Train Epoch: 5 [12160/32000 (38%)]	Loss: 0.533810
Train Epoch: 5 [12800/32000 (40%)]	Loss: 0.383666
Train Epoch: 5 [13440/32000 (42%)]	Loss: 0.397460
Train Epoch: 5 [14080/32000 (44%)]	Loss: 0.505157
Train Epoch: 5 [14720/32000 (46%)]	Loss: 0.490533
Train Epoch: 5 [15360/32000 (48%)]	Loss: 0.312432
Train Epoch: 5 [16000/32000 (50%)]	Loss: 0.428287
Train Epoch: 5 [16640/32000 (52%)]	Loss: 0.427756
Train Epoch: 5 [17280/32000 (54%)]	Loss: 0.509060
Train Epoch: 5 [17920/32000 (56%)]	Loss: 0.424555
Train Epoch: 5 [18560/32000 (58%)]	Loss: 0.453532
Train Epoch: 5 [19200/32000 (60%)]	Loss: 0.569060
Train Epoch: 5 [19840/32000 (62%)]	Loss: 0.710182
Train Epoch: 5 [20480/32000 (64%)]	Loss: 0.362803
Train Epoch: 5 [21120/32000 (66%)]	Loss: 0.517744
Train Epoch: 5 [21760/32000 (68%)]	Loss: 0.322453
Train Epoch: 5 [22400/32000 (70%)]	Loss: 0.438614
Train Epoch: 5 [23040/32000 (72%)]	Loss: 0.393766
Train Epoch: 5 [23680/32000 (74%)]	Loss: 0.359114
Train Epoch: 5 [24320/32000 (76%)]	Loss: 0.276630
Train Epoch: 5 [24960/32000 (78%)]	Loss: 0.473068
Train Epoch: 5 [25600/32000 (80%)]	Loss: 0.431952
Train Epoch: 5 [26240/32000 (82%)]	Loss: 0.315142
Train Epoch: 5 [26880/32000 (84%)]	Loss: 0.396890
Train Epoch: 5 [27520/32000 (86%)]	Loss: 0.343932
Train Epoch: 5 [28160/32000 (88%)]	Loss: 0.456527
Train Epoch: 5 [28800/32000 (90%)]	Loss: 0.541201
Train Epoch: 5 [29440/32000 (92%)]	Loss: 0.366496
Train Epoch: 5 [30080/32000 (94%)]	Loss: 0.392337
Train Epoch: 5 [30720/32000 (96%)]	Loss: 0.435135
Train Epoch: 5 [31360/32000 (98%)]	Loss: 0.547172
Test set:
Overall: 57115/112000 (51.0%)
Train set:
Overall: 26392/32000 (82.5%)
Train Epoch: 6 [0/32000 (0%)]	Loss: 0.447202
Train Epoch: 6 [640/32000 (2%)]	Loss: 0.393736
Train Epoch: 6 [1280/32000 (4%)]	Loss: 0.500500
Train Epoch: 6 [1920/32000 (6%)]	Loss: 0.375897
Train Epoch: 6 [2560/32000 (8%)]	Loss: 0.401208
Train Epoch: 6 [3200/32000 (10%)]	Loss: 0.426115
Train Epoch: 6 [3840/32000 (12%)]	Loss: 0.409783
Train Epoch: 6 [4480/32000 (14%)]	Loss: 0.376674
Train Epoch: 6 [5120/32000 (16%)]	Loss: 0.499960
Train Epoch: 6 [5760/32000 (18%)]	Loss: 0.389380
Train Epoch: 6 [6400/32000 (20%)]	Loss: 0.490921
Train Epoch: 6 [7040/32000 (22%)]	Loss: 0.430259
Train Epoch: 6 [7680/32000 (24%)]	Loss: 0.378558
Train Epoch: 6 [8320/32000 (26%)]	Loss: 0.381379
Train Epoch: 6 [8960/32000 (28%)]	Loss: 0.384619
Train Epoch: 6 [9600/32000 (30%)]	Loss: 0.411292
Train Epoch: 6 [10240/32000 (32%)]	Loss: 0.413881
Train Epoch: 6 [10880/32000 (34%)]	Loss: 0.469929
Train Epoch: 6 [11520/32000 (36%)]	Loss: 0.368703
Train Epoch: 6 [12160/32000 (38%)]	Loss: 0.465581
Train Epoch: 6 [12800/32000 (40%)]	Loss: 0.503839
Train Epoch: 6 [13440/32000 (42%)]	Loss: 0.465553
Train Epoch: 6 [14080/32000 (44%)]	Loss: 0.548487
Train Epoch: 6 [14720/32000 (46%)]	Loss: 0.413636
Train Epoch: 6 [15360/32000 (48%)]	Loss: 0.353319
Train Epoch: 6 [16000/32000 (50%)]	Loss: 0.375760
Train Epoch: 6 [16640/32000 (52%)]	Loss: 0.455655
Train Epoch: 6 [17280/32000 (54%)]	Loss: 0.527642
Train Epoch: 6 [17920/32000 (56%)]	Loss: 0.388587
Train Epoch: 6 [18560/32000 (58%)]	Loss: 0.511892
Train Epoch: 6 [19200/32000 (60%)]	Loss: 0.450502
Train Epoch: 6 [19840/32000 (62%)]	Loss: 0.457450
Train Epoch: 6 [20480/32000 (64%)]	Loss: 0.388138
Train Epoch: 6 [21120/32000 (66%)]	Loss: 0.542459
Train Epoch: 6 [21760/32000 (68%)]	Loss: 0.372339
Train Epoch: 6 [22400/32000 (70%)]	Loss: 0.379793
Train Epoch: 6 [23040/32000 (72%)]	Loss: 0.420535
Train Epoch: 6 [23680/32000 (74%)]	Loss: 0.378598
Train Epoch: 6 [24320/32000 (76%)]	Loss: 0.375243
Train Epoch: 6 [24960/32000 (78%)]	Loss: 0.410167
Train Epoch: 6 [25600/32000 (80%)]	Loss: 0.390077
Train Epoch: 6 [26240/32000 (82%)]	Loss: 0.373271
Train Epoch: 6 [26880/32000 (84%)]	Loss: 0.362153
Train Epoch: 6 [27520/32000 (86%)]	Loss: 0.461881
Train Epoch: 6 [28160/32000 (88%)]	Loss: 0.352422
Train Epoch: 6 [28800/32000 (90%)]	Loss: 0.460726
Train Epoch: 6 [29440/32000 (92%)]	Loss: 0.424236
Train Epoch: 6 [30080/32000 (94%)]	Loss: 0.316306
Train Epoch: 6 [30720/32000 (96%)]	Loss: 0.508423
Train Epoch: 6 [31360/32000 (98%)]	Loss: 0.433027
Test set:
Overall: 59583/112000 (53.2%)
Train set:
Overall: 25995/32000 (81.2%)
Train Epoch: 7 [0/32000 (0%)]	Loss: 0.400848
Train Epoch: 7 [640/32000 (2%)]	Loss: 0.427765
Train Epoch: 7 [1280/32000 (4%)]	Loss: 0.372560
Train Epoch: 7 [1920/32000 (6%)]	Loss: 0.334541
Train Epoch: 7 [2560/32000 (8%)]	Loss: 0.420812
Train Epoch: 7 [3200/32000 (10%)]	Loss: 0.388828
Train Epoch: 7 [3840/32000 (12%)]	Loss: 0.391428
Train Epoch: 7 [4480/32000 (14%)]	Loss: 0.428702
Train Epoch: 7 [5120/32000 (16%)]	Loss: 0.391306
Train Epoch: 7 [5760/32000 (18%)]	Loss: 0.424845
Train Epoch: 7 [6400/32000 (20%)]	Loss: 0.302547
Train Epoch: 7 [7040/32000 (22%)]	Loss: 0.442122
Train Epoch: 7 [7680/32000 (24%)]	Loss: 0.328494
Train Epoch: 7 [8320/32000 (26%)]	Loss: 0.339249
Train Epoch: 7 [8960/32000 (28%)]	Loss: 0.438353
Train Epoch: 7 [9600/32000 (30%)]	Loss: 0.332922
Train Epoch: 7 [10240/32000 (32%)]	Loss: 0.353763
Train Epoch: 7 [10880/32000 (34%)]	Loss: 0.463755
Train Epoch: 7 [11520/32000 (36%)]	Loss: 0.457042
Train Epoch: 7 [12160/32000 (38%)]	Loss: 0.381936
Train Epoch: 7 [12800/32000 (40%)]	Loss: 0.430174
Train Epoch: 7 [13440/32000 (42%)]	Loss: 0.376545
Train Epoch: 7 [14080/32000 (44%)]	Loss: 0.377556
Train Epoch: 7 [14720/32000 (46%)]	Loss: 0.406004
Train Epoch: 7 [15360/32000 (48%)]	Loss: 0.445381
Train Epoch: 7 [16000/32000 (50%)]	Loss: 0.523402
Train Epoch: 7 [16640/32000 (52%)]	Loss: 0.548250
Train Epoch: 7 [17280/32000 (54%)]	Loss: 0.361023
Train Epoch: 7 [17920/32000 (56%)]	Loss: 0.336058
Train Epoch: 7 [18560/32000 (58%)]	Loss: 0.321023
Train Epoch: 7 [19200/32000 (60%)]	Loss: 0.308744
Train Epoch: 7 [19840/32000 (62%)]	Loss: 0.266811
Train Epoch: 7 [20480/32000 (64%)]	Loss: 0.371777
Train Epoch: 7 [21120/32000 (66%)]	Loss: 0.454795
Train Epoch: 7 [21760/32000 (68%)]	Loss: 0.444260
Train Epoch: 7 [22400/32000 (70%)]	Loss: 0.294525
Train Epoch: 7 [23040/32000 (72%)]	Loss: 0.471811
Train Epoch: 7 [23680/32000 (74%)]	Loss: 0.408605
Train Epoch: 7 [24320/32000 (76%)]	Loss: 0.369795
Train Epoch: 7 [24960/32000 (78%)]	Loss: 0.421222
Train Epoch: 7 [25600/32000 (80%)]	Loss: 0.535027
Train Epoch: 7 [26240/32000 (82%)]	Loss: 0.364985
Train Epoch: 7 [26880/32000 (84%)]	Loss: 0.379825
Train Epoch: 7 [27520/32000 (86%)]	Loss: 0.412782
Train Epoch: 7 [28160/32000 (88%)]	Loss: 0.388191
Train Epoch: 7 [28800/32000 (90%)]	Loss: 0.250496
Train Epoch: 7 [29440/32000 (92%)]	Loss: 0.480609
Train Epoch: 7 [30080/32000 (94%)]	Loss: 0.493201
Train Epoch: 7 [30720/32000 (96%)]	Loss: 0.402428
Train Epoch: 7 [31360/32000 (98%)]	Loss: 0.590417
Test set:
Overall: 58206/112000 (52.0%)
Train set:
Overall: 27198/32000 (85.0%)
Train Epoch: 8 [0/32000 (0%)]	Loss: 0.362009
Train Epoch: 8 [640/32000 (2%)]	Loss: 0.249166
Train Epoch: 8 [1280/32000 (4%)]	Loss: 0.445625
Train Epoch: 8 [1920/32000 (6%)]	Loss: 0.407232
Train Epoch: 8 [2560/32000 (8%)]	Loss: 0.272684
Train Epoch: 8 [3200/32000 (10%)]	Loss: 0.424499
Train Epoch: 8 [3840/32000 (12%)]	Loss: 0.264079
Train Epoch: 8 [4480/32000 (14%)]	Loss: 0.367675
Train Epoch: 8 [5120/32000 (16%)]	Loss: 0.318998
Train Epoch: 8 [5760/32000 (18%)]	Loss: 0.394241
Train Epoch: 8 [6400/32000 (20%)]	Loss: 0.289583
Train Epoch: 8 [7040/32000 (22%)]	Loss: 0.288973
Train Epoch: 8 [7680/32000 (24%)]	Loss: 0.352149
Train Epoch: 8 [8320/32000 (26%)]	Loss: 0.312502
Train Epoch: 8 [8960/32000 (28%)]	Loss: 0.410105
Train Epoch: 8 [9600/32000 (30%)]	Loss: 0.552619
Train Epoch: 8 [10240/32000 (32%)]	Loss: 0.270852
Train Epoch: 8 [10880/32000 (34%)]	Loss: 0.393142
Train Epoch: 8 [11520/32000 (36%)]	Loss: 0.564617
Train Epoch: 8 [12160/32000 (38%)]	Loss: 0.327468
Train Epoch: 8 [12800/32000 (40%)]	Loss: 0.394870
Train Epoch: 8 [13440/32000 (42%)]	Loss: 0.273347
Train Epoch: 8 [14080/32000 (44%)]	Loss: 0.307218
Train Epoch: 8 [14720/32000 (46%)]	Loss: 0.403254
Train Epoch: 8 [15360/32000 (48%)]	Loss: 0.408392
Train Epoch: 8 [16000/32000 (50%)]	Loss: 0.350121
Train Epoch: 8 [16640/32000 (52%)]	Loss: 0.394210
Train Epoch: 8 [17280/32000 (54%)]	Loss: 0.423426
Train Epoch: 8 [17920/32000 (56%)]	Loss: 0.300039
Train Epoch: 8 [18560/32000 (58%)]	Loss: 0.471235
Train Epoch: 8 [19200/32000 (60%)]	Loss: 0.378260
Train Epoch: 8 [19840/32000 (62%)]	Loss: 0.404030
Train Epoch: 8 [20480/32000 (64%)]	Loss: 0.364752
Train Epoch: 8 [21120/32000 (66%)]	Loss: 0.424683
Train Epoch: 8 [21760/32000 (68%)]	Loss: 0.412611
Train Epoch: 8 [22400/32000 (70%)]	Loss: 0.461328
Train Epoch: 8 [23040/32000 (72%)]	Loss: 0.400445
Train Epoch: 8 [23680/32000 (74%)]	Loss: 0.538341
Train Epoch: 8 [24320/32000 (76%)]	Loss: 0.302342
Train Epoch: 8 [24960/32000 (78%)]	Loss: 0.362881
Train Epoch: 8 [25600/32000 (80%)]	Loss: 0.326331
Train Epoch: 8 [26240/32000 (82%)]	Loss: 0.333348
Train Epoch: 8 [26880/32000 (84%)]	Loss: 0.494539
Train Epoch: 8 [27520/32000 (86%)]	Loss: 0.375655
Train Epoch: 8 [28160/32000 (88%)]	Loss: 0.259438
Train Epoch: 8 [28800/32000 (90%)]	Loss: 0.271695
Train Epoch: 8 [29440/32000 (92%)]	Loss: 0.340286
Train Epoch: 8 [30080/32000 (94%)]	Loss: 0.302322
Train Epoch: 8 [30720/32000 (96%)]	Loss: 0.404017
Train Epoch: 8 [31360/32000 (98%)]	Loss: 0.482525
Test set:
Overall: 57696/112000 (51.5%)
Train set:
Overall: 27339/32000 (85.4%)
Train Epoch: 9 [0/32000 (0%)]	Loss: 0.288117
Train Epoch: 9 [640/32000 (2%)]	Loss: 0.276888
Train Epoch: 9 [1280/32000 (4%)]	Loss: 0.418967
Train Epoch: 9 [1920/32000 (6%)]	Loss: 0.325067
Train Epoch: 9 [2560/32000 (8%)]	Loss: 0.252407
Train Epoch: 9 [3200/32000 (10%)]	Loss: 0.445106
Train Epoch: 9 [3840/32000 (12%)]	Loss: 0.287957
Train Epoch: 9 [4480/32000 (14%)]	Loss: 0.294562
Train Epoch: 9 [5120/32000 (16%)]	Loss: 0.431715
Train Epoch: 9 [5760/32000 (18%)]	Loss: 0.332501
Train Epoch: 9 [6400/32000 (20%)]	Loss: 0.379274
Train Epoch: 9 [7040/32000 (22%)]	Loss: 0.254683
Train Epoch: 9 [7680/32000 (24%)]	Loss: 0.355199
Train Epoch: 9 [8320/32000 (26%)]	Loss: 0.249682
Train Epoch: 9 [8960/32000 (28%)]	Loss: 0.346382
Train Epoch: 9 [9600/32000 (30%)]	Loss: 0.394382
Train Epoch: 9 [10240/32000 (32%)]	Loss: 0.352617
Train Epoch: 9 [10880/32000 (34%)]	Loss: 0.377776
Train Epoch: 9 [11520/32000 (36%)]	Loss: 0.401805
Train Epoch: 9 [12160/32000 (38%)]	Loss: 0.410920
Train Epoch: 9 [12800/32000 (40%)]	Loss: 0.431985
Train Epoch: 9 [13440/32000 (42%)]	Loss: 0.400837
Train Epoch: 9 [14080/32000 (44%)]	Loss: 0.331052
Train Epoch: 9 [14720/32000 (46%)]	Loss: 0.376221
Train Epoch: 9 [15360/32000 (48%)]	Loss: 0.428040
Train Epoch: 9 [16000/32000 (50%)]	Loss: 0.343540
Train Epoch: 9 [16640/32000 (52%)]	Loss: 0.496761
Train Epoch: 9 [17280/32000 (54%)]	Loss: 0.415161
Train Epoch: 9 [17920/32000 (56%)]	Loss: 0.327256
Train Epoch: 9 [18560/32000 (58%)]	Loss: 0.356749
Train Epoch: 9 [19200/32000 (60%)]	Loss: 0.460621
Train Epoch: 9 [19840/32000 (62%)]	Loss: 0.390865
Train Epoch: 9 [20480/32000 (64%)]	Loss: 0.341642
Train Epoch: 9 [21120/32000 (66%)]	Loss: 0.331787
Train Epoch: 9 [21760/32000 (68%)]	Loss: 0.439886
Train Epoch: 9 [22400/32000 (70%)]	Loss: 0.460257
Train Epoch: 9 [23040/32000 (72%)]	Loss: 0.258400
Train Epoch: 9 [23680/32000 (74%)]	Loss: 0.405870
Train Epoch: 9 [24320/32000 (76%)]	Loss: 0.280421
Train Epoch: 9 [24960/32000 (78%)]	Loss: 0.346723
Train Epoch: 9 [25600/32000 (80%)]	Loss: 0.379760
Train Epoch: 9 [26240/32000 (82%)]	Loss: 0.237446
Train Epoch: 9 [26880/32000 (84%)]	Loss: 0.552633
Train Epoch: 9 [27520/32000 (86%)]	Loss: 0.279829
Train Epoch: 9 [28160/32000 (88%)]	Loss: 0.448526
Train Epoch: 9 [28800/32000 (90%)]	Loss: 0.384720
Train Epoch: 9 [29440/32000 (92%)]	Loss: 0.302711
Train Epoch: 9 [30080/32000 (94%)]	Loss: 0.309237
Train Epoch: 9 [30720/32000 (96%)]	Loss: 0.427760
Train Epoch: 9 [31360/32000 (98%)]	Loss: 0.411448
Test set:
Overall: 58637/112000 (52.4%)
Train set:
Overall: 27004/32000 (84.4%)
Train Epoch: 10 [0/32000 (0%)]	Loss: 0.364596
Train Epoch: 10 [640/32000 (2%)]	Loss: 0.323377
Train Epoch: 10 [1280/32000 (4%)]	Loss: 0.364192
Train Epoch: 10 [1920/32000 (6%)]	Loss: 0.245811
Train Epoch: 10 [2560/32000 (8%)]	Loss: 0.231980
Train Epoch: 10 [3200/32000 (10%)]	Loss: 0.355851
Train Epoch: 10 [3840/32000 (12%)]	Loss: 0.640703
Train Epoch: 10 [4480/32000 (14%)]	Loss: 0.361219
Train Epoch: 10 [5120/32000 (16%)]	Loss: 0.285325
Train Epoch: 10 [5760/32000 (18%)]	Loss: 0.266873
Train Epoch: 10 [6400/32000 (20%)]	Loss: 0.281401
Train Epoch: 10 [7040/32000 (22%)]	Loss: 0.391806
Train Epoch: 10 [7680/32000 (24%)]	Loss: 0.433227
Train Epoch: 10 [8320/32000 (26%)]	Loss: 0.465815
Train Epoch: 10 [8960/32000 (28%)]	Loss: 0.251594
Train Epoch: 10 [9600/32000 (30%)]	Loss: 0.302209
Train Epoch: 10 [10240/32000 (32%)]	Loss: 0.379341
Train Epoch: 10 [10880/32000 (34%)]	Loss: 0.388699
Train Epoch: 10 [11520/32000 (36%)]	Loss: 0.306844
Train Epoch: 10 [12160/32000 (38%)]	Loss: 0.260941
Train Epoch: 10 [12800/32000 (40%)]	Loss: 0.306084
Train Epoch: 10 [13440/32000 (42%)]	Loss: 0.382739
Train Epoch: 10 [14080/32000 (44%)]	Loss: 0.302370
Train Epoch: 10 [14720/32000 (46%)]	Loss: 0.379920
Train Epoch: 10 [15360/32000 (48%)]	Loss: 0.219829
Train Epoch: 10 [16000/32000 (50%)]	Loss: 0.314649
Train Epoch: 10 [16640/32000 (52%)]	Loss: 0.334900
Train Epoch: 10 [17280/32000 (54%)]	Loss: 0.578012
Train Epoch: 10 [17920/32000 (56%)]	Loss: 0.316608
Train Epoch: 10 [18560/32000 (58%)]	Loss: 0.461039
Train Epoch: 10 [19200/32000 (60%)]	Loss: 0.264542
Train Epoch: 10 [19840/32000 (62%)]	Loss: 0.259352
Train Epoch: 10 [20480/32000 (64%)]	Loss: 0.373202
Train Epoch: 10 [21120/32000 (66%)]	Loss: 0.225158
Train Epoch: 10 [21760/32000 (68%)]	Loss: 0.253740
Train Epoch: 10 [22400/32000 (70%)]	Loss: 0.536040
Train Epoch: 10 [23040/32000 (72%)]	Loss: 0.369133
Train Epoch: 10 [23680/32000 (74%)]	Loss: 0.375334
Train Epoch: 10 [24320/32000 (76%)]	Loss: 0.341731
Train Epoch: 10 [24960/32000 (78%)]	Loss: 0.312880
Train Epoch: 10 [25600/32000 (80%)]	Loss: 0.424928
Train Epoch: 10 [26240/32000 (82%)]	Loss: 0.400181
Train Epoch: 10 [26880/32000 (84%)]	Loss: 0.279483
Train Epoch: 10 [27520/32000 (86%)]	Loss: 0.383331
Train Epoch: 10 [28160/32000 (88%)]	Loss: 0.346042
Train Epoch: 10 [28800/32000 (90%)]	Loss: 0.299080
Train Epoch: 10 [29440/32000 (92%)]	Loss: 0.379985
Train Epoch: 10 [30080/32000 (94%)]	Loss: 0.409334
Train Epoch: 10 [30720/32000 (96%)]	Loss: 0.498249
Train Epoch: 10 [31360/32000 (98%)]	Loss: 0.218661
Test set:
Overall: 58092/112000 (51.9%)
Train set:
Overall: 27639/32000 (86.4%)
Train Epoch: 11 [0/32000 (0%)]	Loss: 0.525471
Train Epoch: 11 [640/32000 (2%)]	Loss: 0.358632
Train Epoch: 11 [1280/32000 (4%)]	Loss: 0.253914
Train Epoch: 11 [1920/32000 (6%)]	Loss: 0.181659
Train Epoch: 11 [2560/32000 (8%)]	Loss: 0.330699
Train Epoch: 11 [3200/32000 (10%)]	Loss: 0.287939
Train Epoch: 11 [3840/32000 (12%)]	Loss: 0.298086
Train Epoch: 11 [4480/32000 (14%)]	Loss: 0.260301
Train Epoch: 11 [5120/32000 (16%)]	Loss: 0.362612
Train Epoch: 11 [5760/32000 (18%)]	Loss: 0.558122
Train Epoch: 11 [6400/32000 (20%)]	Loss: 0.363781
Train Epoch: 11 [7040/32000 (22%)]	Loss: 0.351662
Train Epoch: 11 [7680/32000 (24%)]	Loss: 0.326558
Train Epoch: 11 [8320/32000 (26%)]	Loss: 0.340781
Train Epoch: 11 [8960/32000 (28%)]	Loss: 0.254497
Train Epoch: 11 [9600/32000 (30%)]	Loss: 0.375748
Train Epoch: 11 [10240/32000 (32%)]	Loss: 0.242347
Train Epoch: 11 [10880/32000 (34%)]	Loss: 0.300973
Train Epoch: 11 [11520/32000 (36%)]	Loss: 0.324135
Train Epoch: 11 [12160/32000 (38%)]	Loss: 0.272875
Train Epoch: 11 [12800/32000 (40%)]	Loss: 0.338605
Train Epoch: 11 [13440/32000 (42%)]	Loss: 0.415750
Train Epoch: 11 [14080/32000 (44%)]	Loss: 0.326254
Train Epoch: 11 [14720/32000 (46%)]	Loss: 0.289795
Train Epoch: 11 [15360/32000 (48%)]	Loss: 0.309690
Train Epoch: 11 [16000/32000 (50%)]	Loss: 0.380280
Train Epoch: 11 [16640/32000 (52%)]	Loss: 0.415305
Train Epoch: 11 [17280/32000 (54%)]	Loss: 0.415758
Train Epoch: 11 [17920/32000 (56%)]	Loss: 0.279288
Train Epoch: 11 [18560/32000 (58%)]	Loss: 0.272481
Train Epoch: 11 [19200/32000 (60%)]	Loss: 0.299188
Train Epoch: 11 [19840/32000 (62%)]	Loss: 0.326564
Train Epoch: 11 [20480/32000 (64%)]	Loss: 0.376051
Train Epoch: 11 [21120/32000 (66%)]	Loss: 0.587068
Train Epoch: 11 [21760/32000 (68%)]	Loss: 0.461806
Train Epoch: 11 [22400/32000 (70%)]	Loss: 0.207334
Train Epoch: 11 [23040/32000 (72%)]	Loss: 0.328705
Train Epoch: 11 [23680/32000 (74%)]	Loss: 0.451207
Train Epoch: 11 [24320/32000 (76%)]	Loss: 0.310415
Train Epoch: 11 [24960/32000 (78%)]	Loss: 0.343175
Train Epoch: 11 [25600/32000 (80%)]	Loss: 0.433474
Train Epoch: 11 [26240/32000 (82%)]	Loss: 0.320667
Train Epoch: 11 [26880/32000 (84%)]	Loss: 0.306115
Train Epoch: 11 [27520/32000 (86%)]	Loss: 0.357413
Train Epoch: 11 [28160/32000 (88%)]	Loss: 0.210835
Train Epoch: 11 [28800/32000 (90%)]	Loss: 0.342613
Train Epoch: 11 [29440/32000 (92%)]	Loss: 0.162274
Train Epoch: 11 [30080/32000 (94%)]	Loss: 0.478168
Train Epoch: 11 [30720/32000 (96%)]	Loss: 0.383135
Train Epoch: 11 [31360/32000 (98%)]	Loss: 0.412739
Test set:
Overall: 58763/112000 (52.5%)
Train set:
Overall: 28045/32000 (87.6%)
Train Epoch: 12 [0/32000 (0%)]	Loss: 0.346260
Train Epoch: 12 [640/32000 (2%)]	Loss: 0.289535
Train Epoch: 12 [1280/32000 (4%)]	Loss: 0.209832
Train Epoch: 12 [1920/32000 (6%)]	Loss: 0.266170
Train Epoch: 12 [2560/32000 (8%)]	Loss: 0.273174
Train Epoch: 12 [3200/32000 (10%)]	Loss: 0.316410
Train Epoch: 12 [3840/32000 (12%)]	Loss: 0.369930
Train Epoch: 12 [4480/32000 (14%)]	Loss: 0.267680
Train Epoch: 12 [5120/32000 (16%)]	Loss: 0.314495
Train Epoch: 12 [5760/32000 (18%)]	Loss: 0.213416
Train Epoch: 12 [6400/32000 (20%)]	Loss: 0.302701
Train Epoch: 12 [7040/32000 (22%)]	Loss: 0.369619
Train Epoch: 12 [7680/32000 (24%)]	Loss: 0.375271
Train Epoch: 12 [8320/32000 (26%)]	Loss: 0.267893
Train Epoch: 12 [8960/32000 (28%)]	Loss: 0.296222
Train Epoch: 12 [9600/32000 (30%)]	Loss: 0.338354
Train Epoch: 12 [10240/32000 (32%)]	Loss: 0.267256
Train Epoch: 12 [10880/32000 (34%)]	Loss: 0.318273
Train Epoch: 12 [11520/32000 (36%)]	Loss: 0.275889
Train Epoch: 12 [12160/32000 (38%)]	Loss: 0.215170
Train Epoch: 12 [12800/32000 (40%)]	Loss: 0.255389
Train Epoch: 12 [13440/32000 (42%)]	Loss: 0.328408
Train Epoch: 12 [14080/32000 (44%)]	Loss: 0.390374
Train Epoch: 12 [14720/32000 (46%)]	Loss: 0.347521
Train Epoch: 12 [15360/32000 (48%)]	Loss: 0.405026
Train Epoch: 12 [16000/32000 (50%)]	Loss: 0.214760
Train Epoch: 12 [16640/32000 (52%)]	Loss: 0.318668
Train Epoch: 12 [17280/32000 (54%)]	Loss: 0.301549
Train Epoch: 12 [17920/32000 (56%)]	Loss: 0.277681
Train Epoch: 12 [18560/32000 (58%)]	Loss: 0.266933
Train Epoch: 12 [19200/32000 (60%)]	Loss: 0.291432
Train Epoch: 12 [19840/32000 (62%)]	Loss: 0.347367
Train Epoch: 12 [20480/32000 (64%)]	Loss: 0.295564
Train Epoch: 12 [21120/32000 (66%)]	Loss: 0.321361
Train Epoch: 12 [21760/32000 (68%)]	Loss: 0.356306
Train Epoch: 12 [22400/32000 (70%)]	Loss: 0.311716
Train Epoch: 12 [23040/32000 (72%)]	Loss: 0.342957
Train Epoch: 12 [23680/32000 (74%)]	Loss: 0.328878
Train Epoch: 12 [24320/32000 (76%)]	Loss: 0.363730
Train Epoch: 12 [24960/32000 (78%)]	Loss: 0.324614
Train Epoch: 12 [25600/32000 (80%)]	Loss: 0.204745
Train Epoch: 12 [26240/32000 (82%)]	Loss: 0.324983
Train Epoch: 12 [26880/32000 (84%)]	Loss: 0.460471
Train Epoch: 12 [27520/32000 (86%)]	Loss: 0.330058
Train Epoch: 12 [28160/32000 (88%)]	Loss: 0.309760
Train Epoch: 12 [28800/32000 (90%)]	Loss: 0.344189
Train Epoch: 12 [29440/32000 (92%)]	Loss: 0.251380
Train Epoch: 12 [30080/32000 (94%)]	Loss: 0.355134
Train Epoch: 12 [30720/32000 (96%)]	Loss: 0.299422
Train Epoch: 12 [31360/32000 (98%)]	Loss: 0.303051
Test set:
Overall: 57519/112000 (51.4%)
Train set:
Overall: 28316/32000 (88.5%)
Train Epoch: 13 [0/32000 (0%)]	Loss: 0.234150
Train Epoch: 13 [640/32000 (2%)]	Loss: 0.232608
Train Epoch: 13 [1280/32000 (4%)]	Loss: 0.259864
Train Epoch: 13 [1920/32000 (6%)]	Loss: 0.247820
Train Epoch: 13 [2560/32000 (8%)]	Loss: 0.232001
Train Epoch: 13 [3200/32000 (10%)]	Loss: 0.401412
Train Epoch: 13 [3840/32000 (12%)]	Loss: 0.384523
Train Epoch: 13 [4480/32000 (14%)]	Loss: 0.214977
Train Epoch: 13 [5120/32000 (16%)]	Loss: 0.273676
Train Epoch: 13 [5760/32000 (18%)]	Loss: 0.277374
Train Epoch: 13 [6400/32000 (20%)]	Loss: 0.334986
Train Epoch: 13 [7040/32000 (22%)]	Loss: 0.355786
Train Epoch: 13 [7680/32000 (24%)]	Loss: 0.346980
Train Epoch: 13 [8320/32000 (26%)]	Loss: 0.264879
Train Epoch: 13 [8960/32000 (28%)]	Loss: 0.239103
Train Epoch: 13 [9600/32000 (30%)]	Loss: 0.239740
Train Epoch: 13 [10240/32000 (32%)]	Loss: 0.380814
Train Epoch: 13 [10880/32000 (34%)]	Loss: 0.252402
Train Epoch: 13 [11520/32000 (36%)]	Loss: 0.196620
Train Epoch: 13 [12160/32000 (38%)]	Loss: 0.302124
Train Epoch: 13 [12800/32000 (40%)]	Loss: 0.285745
Train Epoch: 13 [13440/32000 (42%)]	Loss: 0.288780
Train Epoch: 13 [14080/32000 (44%)]	Loss: 0.294956
Train Epoch: 13 [14720/32000 (46%)]	Loss: 0.265217
Train Epoch: 13 [15360/32000 (48%)]	Loss: 0.314268
Train Epoch: 13 [16000/32000 (50%)]	Loss: 0.301882
Train Epoch: 13 [16640/32000 (52%)]	Loss: 0.348343
Train Epoch: 13 [17280/32000 (54%)]	Loss: 0.281524
Train Epoch: 13 [17920/32000 (56%)]	Loss: 0.275591
Train Epoch: 13 [18560/32000 (58%)]	Loss: 0.551693
Train Epoch: 13 [19200/32000 (60%)]	Loss: 0.287099
Train Epoch: 13 [19840/32000 (62%)]	Loss: 0.343919
Train Epoch: 13 [20480/32000 (64%)]	Loss: 0.218502
Train Epoch: 13 [21120/32000 (66%)]	Loss: 0.379185
Train Epoch: 13 [21760/32000 (68%)]	Loss: 0.400663
Train Epoch: 13 [22400/32000 (70%)]	Loss: 0.286215
Train Epoch: 13 [23040/32000 (72%)]	Loss: 0.226160
Train Epoch: 13 [23680/32000 (74%)]	Loss: 0.362012
Train Epoch: 13 [24320/32000 (76%)]	Loss: 0.285453
Train Epoch: 13 [24960/32000 (78%)]	Loss: 0.334660
Train Epoch: 13 [25600/32000 (80%)]	Loss: 0.263094
Train Epoch: 13 [26240/32000 (82%)]	Loss: 0.422852
Train Epoch: 13 [26880/32000 (84%)]	Loss: 0.324550
Train Epoch: 13 [27520/32000 (86%)]	Loss: 0.273531
Train Epoch: 13 [28160/32000 (88%)]	Loss: 0.276374
Train Epoch: 13 [28800/32000 (90%)]	Loss: 0.349076
Train Epoch: 13 [29440/32000 (92%)]	Loss: 0.221656
Train Epoch: 13 [30080/32000 (94%)]	Loss: 0.290655
Train Epoch: 13 [30720/32000 (96%)]	Loss: 0.391048
Train Epoch: 13 [31360/32000 (98%)]	Loss: 0.262299
Test set:
Overall: 57850/112000 (51.7%)
Train set:
Overall: 28201/32000 (88.1%)
Train Epoch: 14 [0/32000 (0%)]	Loss: 0.323175
Train Epoch: 14 [640/32000 (2%)]	Loss: 0.312314
Train Epoch: 14 [1280/32000 (4%)]	Loss: 0.185413
Train Epoch: 14 [1920/32000 (6%)]	Loss: 0.224404
Train Epoch: 14 [2560/32000 (8%)]	Loss: 0.308153
Train Epoch: 14 [3200/32000 (10%)]	Loss: 0.300026
Train Epoch: 14 [3840/32000 (12%)]	Loss: 0.270542
Train Epoch: 14 [4480/32000 (14%)]	Loss: 0.334982
Train Epoch: 14 [5120/32000 (16%)]	Loss: 0.313094
Train Epoch: 14 [5760/32000 (18%)]	Loss: 0.341162
Train Epoch: 14 [6400/32000 (20%)]	Loss: 0.443040
Train Epoch: 14 [7040/32000 (22%)]	Loss: 0.395722
Train Epoch: 14 [7680/32000 (24%)]	Loss: 0.238673
Train Epoch: 14 [8320/32000 (26%)]	Loss: 0.320934
Train Epoch: 14 [8960/32000 (28%)]	Loss: 0.202457
Train Epoch: 14 [9600/32000 (30%)]	Loss: 0.307655
Train Epoch: 14 [10240/32000 (32%)]	Loss: 0.339441
Train Epoch: 14 [10880/32000 (34%)]	Loss: 0.327886
Train Epoch: 14 [11520/32000 (36%)]	Loss: 0.258009
Train Epoch: 14 [12160/32000 (38%)]	Loss: 0.394367
Train Epoch: 14 [12800/32000 (40%)]	Loss: 0.359316
Train Epoch: 14 [13440/32000 (42%)]	Loss: 0.370158
Train Epoch: 14 [14080/32000 (44%)]	Loss: 0.306559
Train Epoch: 14 [14720/32000 (46%)]	Loss: 0.243660
Train Epoch: 14 [15360/32000 (48%)]	Loss: 0.296084
Train Epoch: 14 [16000/32000 (50%)]	Loss: 0.204588
Train Epoch: 14 [16640/32000 (52%)]	Loss: 0.235249
Train Epoch: 14 [17280/32000 (54%)]	Loss: 0.270667
Train Epoch: 14 [17920/32000 (56%)]	Loss: 0.282220
Train Epoch: 14 [18560/32000 (58%)]	Loss: 0.283048
Train Epoch: 14 [19200/32000 (60%)]	Loss: 0.261645
Train Epoch: 14 [19840/32000 (62%)]	Loss: 0.237302
Train Epoch: 14 [20480/32000 (64%)]	Loss: 0.218007
Train Epoch: 14 [21120/32000 (66%)]	Loss: 0.296903
Train Epoch: 14 [21760/32000 (68%)]	Loss: 0.271147
Train Epoch: 14 [22400/32000 (70%)]	Loss: 0.184055
Train Epoch: 14 [23040/32000 (72%)]	Loss: 0.404469
Train Epoch: 14 [23680/32000 (74%)]	Loss: 0.276693
Train Epoch: 14 [24320/32000 (76%)]	Loss: 0.426686
Train Epoch: 14 [24960/32000 (78%)]	Loss: 0.289388
Train Epoch: 14 [25600/32000 (80%)]	Loss: 0.246713
Train Epoch: 14 [26240/32000 (82%)]	Loss: 0.252001
Train Epoch: 14 [26880/32000 (84%)]	Loss: 0.221804
Train Epoch: 14 [27520/32000 (86%)]	Loss: 0.372302
Train Epoch: 14 [28160/32000 (88%)]	Loss: 0.179402
Train Epoch: 14 [28800/32000 (90%)]	Loss: 0.296828
Train Epoch: 14 [29440/32000 (92%)]	Loss: 0.367136
Train Epoch: 14 [30080/32000 (94%)]	Loss: 0.344582
Train Epoch: 14 [30720/32000 (96%)]	Loss: 0.399731
Train Epoch: 14 [31360/32000 (98%)]	Loss: 0.283199
Test set:
Overall: 58326/112000 (52.1%)
Train set:
Overall: 28968/32000 (90.5%)
Train Epoch: 15 [0/32000 (0%)]	Loss: 0.325665
Train Epoch: 15 [640/32000 (2%)]	Loss: 0.267929
Train Epoch: 15 [1280/32000 (4%)]	Loss: 0.269344
Train Epoch: 15 [1920/32000 (6%)]	Loss: 0.258787
Train Epoch: 15 [2560/32000 (8%)]	Loss: 0.297555
Train Epoch: 15 [3200/32000 (10%)]	Loss: 0.300445
Train Epoch: 15 [3840/32000 (12%)]	Loss: 0.319494
Train Epoch: 15 [4480/32000 (14%)]	Loss: 0.272095
Train Epoch: 15 [5120/32000 (16%)]	Loss: 0.310329
Train Epoch: 15 [5760/32000 (18%)]	Loss: 0.286157
Train Epoch: 15 [6400/32000 (20%)]	Loss: 0.388506
Train Epoch: 15 [7040/32000 (22%)]	Loss: 0.332487
Train Epoch: 15 [7680/32000 (24%)]	Loss: 0.275381
Train Epoch: 15 [8320/32000 (26%)]	Loss: 0.353298
Train Epoch: 15 [8960/32000 (28%)]	Loss: 0.218972
Train Epoch: 15 [9600/32000 (30%)]	Loss: 0.243170
Train Epoch: 15 [10240/32000 (32%)]	Loss: 0.160235
Train Epoch: 15 [10880/32000 (34%)]	Loss: 0.202289
Train Epoch: 15 [11520/32000 (36%)]	Loss: 0.242344
Train Epoch: 15 [12160/32000 (38%)]	Loss: 0.427291
Train Epoch: 15 [12800/32000 (40%)]	Loss: 0.302443
Train Epoch: 15 [13440/32000 (42%)]	Loss: 0.362217
Train Epoch: 15 [14080/32000 (44%)]	Loss: 0.261321
Train Epoch: 15 [14720/32000 (46%)]	Loss: 0.282186
Train Epoch: 15 [15360/32000 (48%)]	Loss: 0.150836
Train Epoch: 15 [16000/32000 (50%)]	Loss: 0.218517
Train Epoch: 15 [16640/32000 (52%)]	Loss: 0.189998
Train Epoch: 15 [17280/32000 (54%)]	Loss: 0.317742
Train Epoch: 15 [17920/32000 (56%)]	Loss: 0.470300
Train Epoch: 15 [18560/32000 (58%)]	Loss: 0.199610
Train Epoch: 15 [19200/32000 (60%)]	Loss: 0.502110
Train Epoch: 15 [19840/32000 (62%)]	Loss: 0.202386
Train Epoch: 15 [20480/32000 (64%)]	Loss: 0.344688
Train Epoch: 15 [21120/32000 (66%)]	Loss: 0.429828
Train Epoch: 15 [21760/32000 (68%)]	Loss: 0.209260
Train Epoch: 15 [22400/32000 (70%)]	Loss: 0.320307
Train Epoch: 15 [23040/32000 (72%)]	Loss: 0.262712
Train Epoch: 15 [23680/32000 (74%)]	Loss: 0.257226
Train Epoch: 15 [24320/32000 (76%)]	Loss: 0.308361
Train Epoch: 15 [24960/32000 (78%)]	Loss: 0.323315
Train Epoch: 15 [25600/32000 (80%)]	Loss: 0.301985
Train Epoch: 15 [26240/32000 (82%)]	Loss: 0.366915
Train Epoch: 15 [26880/32000 (84%)]	Loss: 0.257962
Train Epoch: 15 [27520/32000 (86%)]	Loss: 0.240102
Train Epoch: 15 [28160/32000 (88%)]	Loss: 0.425492
Train Epoch: 15 [28800/32000 (90%)]	Loss: 0.222597
Train Epoch: 15 [29440/32000 (92%)]	Loss: 0.318334
Train Epoch: 15 [30080/32000 (94%)]	Loss: 0.278628
Train Epoch: 15 [30720/32000 (96%)]	Loss: 0.300791
Train Epoch: 15 [31360/32000 (98%)]	Loss: 0.218122
Test set:
Overall: 57158/112000 (51.0%)
Train set:
Overall: 29141/32000 (91.1%)
Train Epoch: 16 [0/32000 (0%)]	Loss: 0.230356
Train Epoch: 16 [640/32000 (2%)]	Loss: 0.255677
Train Epoch: 16 [1280/32000 (4%)]	Loss: 0.279718
Train Epoch: 16 [1920/32000 (6%)]	Loss: 0.354513
Train Epoch: 16 [2560/32000 (8%)]	Loss: 0.237607
Train Epoch: 16 [3200/32000 (10%)]	Loss: 0.287199
Train Epoch: 16 [3840/32000 (12%)]	Loss: 0.253585
Train Epoch: 16 [4480/32000 (14%)]	Loss: 0.302006
Train Epoch: 16 [5120/32000 (16%)]	Loss: 0.179694
Train Epoch: 16 [5760/32000 (18%)]	Loss: 0.282163
Train Epoch: 16 [6400/32000 (20%)]	Loss: 0.175107
Train Epoch: 16 [7040/32000 (22%)]	Loss: 0.303479
Train Epoch: 16 [7680/32000 (24%)]	Loss: 0.212129
Train Epoch: 16 [8320/32000 (26%)]	Loss: 0.262412
Train Epoch: 16 [8960/32000 (28%)]	Loss: 0.250654
Train Epoch: 16 [9600/32000 (30%)]	Loss: 0.393304
Train Epoch: 16 [10240/32000 (32%)]	Loss: 0.304526
Train Epoch: 16 [10880/32000 (34%)]	Loss: 0.313185
Train Epoch: 16 [11520/32000 (36%)]	Loss: 0.354425
Train Epoch: 16 [12160/32000 (38%)]	Loss: 0.173454
Train Epoch: 16 [12800/32000 (40%)]	Loss: 0.212614
Train Epoch: 16 [13440/32000 (42%)]	Loss: 0.252739
Train Epoch: 16 [14080/32000 (44%)]	Loss: 0.240098
Train Epoch: 16 [14720/32000 (46%)]	Loss: 0.293574
Train Epoch: 16 [15360/32000 (48%)]	Loss: 0.312941
Train Epoch: 16 [16000/32000 (50%)]	Loss: 0.478816
Train Epoch: 16 [16640/32000 (52%)]	Loss: 0.227958
Train Epoch: 16 [17280/32000 (54%)]	Loss: 0.180792
Train Epoch: 16 [17920/32000 (56%)]	Loss: 0.228764
Train Epoch: 16 [18560/32000 (58%)]	Loss: 0.239011
Train Epoch: 16 [19200/32000 (60%)]	Loss: 0.322403
Train Epoch: 16 [19840/32000 (62%)]	Loss: 0.280245
Train Epoch: 16 [20480/32000 (64%)]	Loss: 0.297841
Train Epoch: 16 [21120/32000 (66%)]	Loss: 0.205619
Train Epoch: 16 [21760/32000 (68%)]	Loss: 0.283482
Train Epoch: 16 [22400/32000 (70%)]	Loss: 0.256358
Train Epoch: 16 [23040/32000 (72%)]	Loss: 0.245212
Train Epoch: 16 [23680/32000 (74%)]	Loss: 0.331339
Train Epoch: 16 [24320/32000 (76%)]	Loss: 0.314115
Train Epoch: 16 [24960/32000 (78%)]	Loss: 0.255779
Train Epoch: 16 [25600/32000 (80%)]	Loss: 0.276611
Train Epoch: 16 [26240/32000 (82%)]	Loss: 0.207265
Train Epoch: 16 [26880/32000 (84%)]	Loss: 0.296825
Train Epoch: 16 [27520/32000 (86%)]	Loss: 0.368906
Train Epoch: 16 [28160/32000 (88%)]	Loss: 0.153083
Train Epoch: 16 [28800/32000 (90%)]	Loss: 0.289422
Train Epoch: 16 [29440/32000 (92%)]	Loss: 0.372442
Train Epoch: 16 [30080/32000 (94%)]	Loss: 0.182090
Train Epoch: 16 [30720/32000 (96%)]	Loss: 0.173250
Train Epoch: 16 [31360/32000 (98%)]	Loss: 0.146987
Test set:
Overall: 57285/112000 (51.1%)
Train set:
Overall: 28997/32000 (90.6%)
Train Epoch: 17 [0/32000 (0%)]	Loss: 0.294577
Train Epoch: 17 [640/32000 (2%)]	Loss: 0.236991
Train Epoch: 17 [1280/32000 (4%)]	Loss: 0.212919
Train Epoch: 17 [1920/32000 (6%)]	Loss: 0.187719
Train Epoch: 17 [2560/32000 (8%)]	Loss: 0.122742
Train Epoch: 17 [3200/32000 (10%)]	Loss: 0.268970
Train Epoch: 17 [3840/32000 (12%)]	Loss: 0.295701
Train Epoch: 17 [4480/32000 (14%)]	Loss: 0.265973
Train Epoch: 17 [5120/32000 (16%)]	Loss: 0.166128
Train Epoch: 17 [5760/32000 (18%)]	Loss: 0.228920
Train Epoch: 17 [6400/32000 (20%)]	Loss: 0.345281
Train Epoch: 17 [7040/32000 (22%)]	Loss: 0.270116
Train Epoch: 17 [7680/32000 (24%)]	Loss: 0.248427
Train Epoch: 17 [8320/32000 (26%)]	Loss: 0.346824
Train Epoch: 17 [8960/32000 (28%)]	Loss: 0.201219
Train Epoch: 17 [9600/32000 (30%)]	Loss: 0.195428
Train Epoch: 17 [10240/32000 (32%)]	Loss: 0.296986
Train Epoch: 17 [10880/32000 (34%)]	Loss: 0.225101
Train Epoch: 17 [11520/32000 (36%)]	Loss: 0.214181
Train Epoch: 17 [12160/32000 (38%)]	Loss: 0.207259
Train Epoch: 17 [12800/32000 (40%)]	Loss: 0.225487
Train Epoch: 17 [13440/32000 (42%)]	Loss: 0.254181
Train Epoch: 17 [14080/32000 (44%)]	Loss: 0.462869
Train Epoch: 17 [14720/32000 (46%)]	Loss: 0.242673
Train Epoch: 17 [15360/32000 (48%)]	Loss: 0.322765
Train Epoch: 17 [16000/32000 (50%)]	Loss: 0.334261
Train Epoch: 17 [16640/32000 (52%)]	Loss: 0.167874
Train Epoch: 17 [17280/32000 (54%)]	Loss: 0.272291
Train Epoch: 17 [17920/32000 (56%)]	Loss: 0.163162
Train Epoch: 17 [18560/32000 (58%)]	Loss: 0.217535
Train Epoch: 17 [19200/32000 (60%)]	Loss: 0.331243
Train Epoch: 17 [19840/32000 (62%)]	Loss: 0.415637
Train Epoch: 17 [20480/32000 (64%)]	Loss: 0.197446
Train Epoch: 17 [21120/32000 (66%)]	Loss: 0.220238
Train Epoch: 17 [21760/32000 (68%)]	Loss: 0.310269
Train Epoch: 17 [22400/32000 (70%)]	Loss: 0.189407
Train Epoch: 17 [23040/32000 (72%)]	Loss: 0.271534
Train Epoch: 17 [23680/32000 (74%)]	Loss: 0.191540
Train Epoch: 17 [24320/32000 (76%)]	Loss: 0.352484
Train Epoch: 17 [24960/32000 (78%)]	Loss: 0.213375
Train Epoch: 17 [25600/32000 (80%)]	Loss: 0.270297
Train Epoch: 17 [26240/32000 (82%)]	Loss: 0.300770
Train Epoch: 17 [26880/32000 (84%)]	Loss: 0.292486
Train Epoch: 17 [27520/32000 (86%)]	Loss: 0.185262
Train Epoch: 17 [28160/32000 (88%)]	Loss: 0.203941
Train Epoch: 17 [28800/32000 (90%)]	Loss: 0.305130
Train Epoch: 17 [29440/32000 (92%)]	Loss: 0.309502
Train Epoch: 17 [30080/32000 (94%)]	Loss: 0.304787
Train Epoch: 17 [30720/32000 (96%)]	Loss: 0.168205
Train Epoch: 17 [31360/32000 (98%)]	Loss: 0.261891
Test set:
Overall: 57802/112000 (51.6%)
Train set:
Overall: 29308/32000 (91.6%)
Train Epoch: 18 [0/32000 (0%)]	Loss: 0.257052
Train Epoch: 18 [640/32000 (2%)]	Loss: 0.301755
Train Epoch: 18 [1280/32000 (4%)]	Loss: 0.220854
Train Epoch: 18 [1920/32000 (6%)]	Loss: 0.264922
Train Epoch: 18 [2560/32000 (8%)]	Loss: 0.203927
Train Epoch: 18 [3200/32000 (10%)]	Loss: 0.248428
Train Epoch: 18 [3840/32000 (12%)]	Loss: 0.216315
Train Epoch: 18 [4480/32000 (14%)]	Loss: 0.213622
Train Epoch: 18 [5120/32000 (16%)]	Loss: 0.139976
Train Epoch: 18 [5760/32000 (18%)]	Loss: 0.213990
Train Epoch: 18 [6400/32000 (20%)]	Loss: 0.178953
Train Epoch: 18 [7040/32000 (22%)]	Loss: 0.200629
Train Epoch: 18 [7680/32000 (24%)]	Loss: 0.196142
Train Epoch: 18 [8320/32000 (26%)]	Loss: 0.236947
Train Epoch: 18 [8960/32000 (28%)]	Loss: 0.279560
Train Epoch: 18 [9600/32000 (30%)]	Loss: 0.230662
Train Epoch: 18 [10240/32000 (32%)]	Loss: 0.256272
Train Epoch: 18 [10880/32000 (34%)]	Loss: 0.258919
Train Epoch: 18 [11520/32000 (36%)]	Loss: 0.257034
Train Epoch: 18 [12160/32000 (38%)]	Loss: 0.280708
Train Epoch: 18 [12800/32000 (40%)]	Loss: 0.288911
Train Epoch: 18 [13440/32000 (42%)]	Loss: 0.334058
Train Epoch: 18 [14080/32000 (44%)]	Loss: 0.272283
Train Epoch: 18 [14720/32000 (46%)]	Loss: 0.148854
Train Epoch: 18 [15360/32000 (48%)]	Loss: 0.167322
Train Epoch: 18 [16000/32000 (50%)]	Loss: 0.140255
Train Epoch: 18 [16640/32000 (52%)]	Loss: 0.465453
Train Epoch: 18 [17280/32000 (54%)]	Loss: 0.411797
Train Epoch: 18 [17920/32000 (56%)]	Loss: 0.308637
Train Epoch: 18 [18560/32000 (58%)]	Loss: 0.298057
Train Epoch: 18 [19200/32000 (60%)]	Loss: 0.372195
Train Epoch: 18 [19840/32000 (62%)]	Loss: 0.283846
Train Epoch: 18 [20480/32000 (64%)]	Loss: 0.097474
Train Epoch: 18 [21120/32000 (66%)]	Loss: 0.202519
Train Epoch: 18 [21760/32000 (68%)]	Loss: 0.256498
Train Epoch: 18 [22400/32000 (70%)]	Loss: 0.214936
Train Epoch: 18 [23040/32000 (72%)]	Loss: 0.261706
Train Epoch: 18 [23680/32000 (74%)]	Loss: 0.423248
Train Epoch: 18 [24320/32000 (76%)]	Loss: 0.290706
Train Epoch: 18 [24960/32000 (78%)]	Loss: 0.216404
Train Epoch: 18 [25600/32000 (80%)]	Loss: 0.261357
Train Epoch: 18 [26240/32000 (82%)]	Loss: 0.306282
Train Epoch: 18 [26880/32000 (84%)]	Loss: 0.293560
Train Epoch: 18 [27520/32000 (86%)]	Loss: 0.345399
Train Epoch: 18 [28160/32000 (88%)]	Loss: 0.313052
Train Epoch: 18 [28800/32000 (90%)]	Loss: 0.230284
Train Epoch: 18 [29440/32000 (92%)]	Loss: 0.338015
Train Epoch: 18 [30080/32000 (94%)]	Loss: 0.225554
Train Epoch: 18 [30720/32000 (96%)]	Loss: 0.303301
Train Epoch: 18 [31360/32000 (98%)]	Loss: 0.183771
Test set:
Overall: 57490/112000 (51.3%)
Train set:
Overall: 29328/32000 (91.7%)
Train Epoch: 19 [0/32000 (0%)]	Loss: 0.244268
Train Epoch: 19 [640/32000 (2%)]	Loss: 0.195147
Train Epoch: 19 [1280/32000 (4%)]	Loss: 0.272825
Train Epoch: 19 [1920/32000 (6%)]	Loss: 0.273241
Train Epoch: 19 [2560/32000 (8%)]	Loss: 0.152974
Train Epoch: 19 [3200/32000 (10%)]	Loss: 0.256427
Train Epoch: 19 [3840/32000 (12%)]	Loss: 0.182138
Train Epoch: 19 [4480/32000 (14%)]	Loss: 0.167062
Train Epoch: 19 [5120/32000 (16%)]	Loss: 0.322437
Train Epoch: 19 [5760/32000 (18%)]	Loss: 0.173729
Train Epoch: 19 [6400/32000 (20%)]	Loss: 0.286844
Train Epoch: 19 [7040/32000 (22%)]	Loss: 0.178905
Train Epoch: 19 [7680/32000 (24%)]	Loss: 0.192359
Train Epoch: 19 [8320/32000 (26%)]	Loss: 0.197384
Train Epoch: 19 [8960/32000 (28%)]	Loss: 0.154318
Train Epoch: 19 [9600/32000 (30%)]	Loss: 0.309054
Train Epoch: 19 [10240/32000 (32%)]	Loss: 0.242025
Train Epoch: 19 [10880/32000 (34%)]	Loss: 0.182107
Train Epoch: 19 [11520/32000 (36%)]	Loss: 0.273084
Train Epoch: 19 [12160/32000 (38%)]	Loss: 0.170512
Train Epoch: 19 [12800/32000 (40%)]	Loss: 0.201546
Train Epoch: 19 [13440/32000 (42%)]	Loss: 0.187242
Train Epoch: 19 [14080/32000 (44%)]	Loss: 0.147684
Train Epoch: 19 [14720/32000 (46%)]	Loss: 0.157624
Train Epoch: 19 [15360/32000 (48%)]	Loss: 0.240860
Train Epoch: 19 [16000/32000 (50%)]	Loss: 0.242847
Train Epoch: 19 [16640/32000 (52%)]	Loss: 0.380510
Train Epoch: 19 [17280/32000 (54%)]	Loss: 0.232224
Train Epoch: 19 [17920/32000 (56%)]	Loss: 0.295769
Train Epoch: 19 [18560/32000 (58%)]	Loss: 0.226851
Train Epoch: 19 [19200/32000 (60%)]	Loss: 0.298682
Train Epoch: 19 [19840/32000 (62%)]	Loss: 0.275588
Train Epoch: 19 [20480/32000 (64%)]	Loss: 0.253392
Train Epoch: 19 [21120/32000 (66%)]	Loss: 0.233949
Train Epoch: 19 [21760/32000 (68%)]	Loss: 0.171957
Train Epoch: 19 [22400/32000 (70%)]	Loss: 0.214533
Train Epoch: 19 [23040/32000 (72%)]	Loss: 0.361701
Train Epoch: 19 [23680/32000 (74%)]	Loss: 0.344481
Train Epoch: 19 [24320/32000 (76%)]	Loss: 0.265411
Train Epoch: 19 [24960/32000 (78%)]	Loss: 0.379765
Train Epoch: 19 [25600/32000 (80%)]	Loss: 0.153420
Train Epoch: 19 [26240/32000 (82%)]	Loss: 0.297792
Train Epoch: 19 [26880/32000 (84%)]	Loss: 0.290784
Train Epoch: 19 [27520/32000 (86%)]	Loss: 0.233147
Train Epoch: 19 [28160/32000 (88%)]	Loss: 0.223585
Train Epoch: 19 [28800/32000 (90%)]	Loss: 0.424741
Train Epoch: 19 [29440/32000 (92%)]	Loss: 0.236165
Train Epoch: 19 [30080/32000 (94%)]	Loss: 0.220576
Train Epoch: 19 [30720/32000 (96%)]	Loss: 0.156811
Train Epoch: 19 [31360/32000 (98%)]	Loss: 0.278734
Test set:
Overall: 57209/112000 (51.1%)
Train set:
Overall: 29178/32000 (91.2%)
Train Epoch: 20 [0/32000 (0%)]	Loss: 0.154154
Train Epoch: 20 [640/32000 (2%)]	Loss: 0.254869
Train Epoch: 20 [1280/32000 (4%)]	Loss: 0.201835
Train Epoch: 20 [1920/32000 (6%)]	Loss: 0.174330
Train Epoch: 20 [2560/32000 (8%)]	Loss: 0.123584
Train Epoch: 20 [3200/32000 (10%)]	Loss: 0.105445
Train Epoch: 20 [3840/32000 (12%)]	Loss: 0.143907
Train Epoch: 20 [4480/32000 (14%)]	Loss: 0.210598
Train Epoch: 20 [5120/32000 (16%)]	Loss: 0.243938
Train Epoch: 20 [5760/32000 (18%)]	Loss: 0.179174
Train Epoch: 20 [6400/32000 (20%)]	Loss: 0.218976
Train Epoch: 20 [7040/32000 (22%)]	Loss: 0.204298
Train Epoch: 20 [7680/32000 (24%)]	Loss: 0.232433
Train Epoch: 20 [8320/32000 (26%)]	Loss: 0.287739
Train Epoch: 20 [8960/32000 (28%)]	Loss: 0.243629
Train Epoch: 20 [9600/32000 (30%)]	Loss: 0.275728
Train Epoch: 20 [10240/32000 (32%)]	Loss: 0.227402
Train Epoch: 20 [10880/32000 (34%)]	Loss: 0.212788
Train Epoch: 20 [11520/32000 (36%)]	Loss: 0.330491
Train Epoch: 20 [12160/32000 (38%)]	Loss: 0.398739
Train Epoch: 20 [12800/32000 (40%)]	Loss: 0.176188
Train Epoch: 20 [13440/32000 (42%)]	Loss: 0.110877
Train Epoch: 20 [14080/32000 (44%)]	Loss: 0.249910
Train Epoch: 20 [14720/32000 (46%)]	Loss: 0.157716
Train Epoch: 20 [15360/32000 (48%)]	Loss: 0.258967
Train Epoch: 20 [16000/32000 (50%)]	Loss: 0.119504
Train Epoch: 20 [16640/32000 (52%)]	Loss: 0.220126
Train Epoch: 20 [17280/32000 (54%)]	Loss: 0.176770
Train Epoch: 20 [17920/32000 (56%)]	Loss: 0.222339
Train Epoch: 20 [18560/32000 (58%)]	Loss: 0.332594
Train Epoch: 20 [19200/32000 (60%)]	Loss: 0.191030
Train Epoch: 20 [19840/32000 (62%)]	Loss: 0.202156
Train Epoch: 20 [20480/32000 (64%)]	Loss: 0.245347
Train Epoch: 20 [21120/32000 (66%)]	Loss: 0.234587
Train Epoch: 20 [21760/32000 (68%)]	Loss: 0.207681
Train Epoch: 20 [22400/32000 (70%)]	Loss: 0.223788
Train Epoch: 20 [23040/32000 (72%)]	Loss: 0.183084
Train Epoch: 20 [23680/32000 (74%)]	Loss: 0.214750
Train Epoch: 20 [24320/32000 (76%)]	Loss: 0.323257
Train Epoch: 20 [24960/32000 (78%)]	Loss: 0.187087
Train Epoch: 20 [25600/32000 (80%)]	Loss: 0.245801
Train Epoch: 20 [26240/32000 (82%)]	Loss: 0.203248
Train Epoch: 20 [26880/32000 (84%)]	Loss: 0.480385
Train Epoch: 20 [27520/32000 (86%)]	Loss: 0.346053
Train Epoch: 20 [28160/32000 (88%)]	Loss: 0.209732
Train Epoch: 20 [28800/32000 (90%)]	Loss: 0.297034
Train Epoch: 20 [29440/32000 (92%)]	Loss: 0.188939
Train Epoch: 20 [30080/32000 (94%)]	Loss: 0.347157
Train Epoch: 20 [30720/32000 (96%)]	Loss: 0.390549
Train Epoch: 20 [31360/32000 (98%)]	Loss: 0.229941
Test set:
Overall: 57766/112000 (51.6%)
Train set:
Overall: 29302/32000 (91.6%)
Train Epoch: 21 [0/32000 (0%)]	Loss: 0.234763
Train Epoch: 21 [640/32000 (2%)]	Loss: 0.141487
Train Epoch: 21 [1280/32000 (4%)]	Loss: 0.218119
Train Epoch: 21 [1920/32000 (6%)]	Loss: 0.256750
Train Epoch: 21 [2560/32000 (8%)]	Loss: 0.194508
Train Epoch: 21 [3200/32000 (10%)]	Loss: 0.294645
Train Epoch: 21 [3840/32000 (12%)]	Loss: 0.211546
Train Epoch: 21 [4480/32000 (14%)]	Loss: 0.132964
Train Epoch: 21 [5120/32000 (16%)]	Loss: 0.184112
Train Epoch: 21 [5760/32000 (18%)]	Loss: 0.197994
Train Epoch: 21 [6400/32000 (20%)]	Loss: 0.123848
Train Epoch: 21 [7040/32000 (22%)]	Loss: 0.328593
Train Epoch: 21 [7680/32000 (24%)]	Loss: 0.214272
Train Epoch: 21 [8320/32000 (26%)]	Loss: 0.157623
Train Epoch: 21 [8960/32000 (28%)]	Loss: 0.178842
Train Epoch: 21 [9600/32000 (30%)]	Loss: 0.115471
Train Epoch: 21 [10240/32000 (32%)]	Loss: 0.184584
Train Epoch: 21 [10880/32000 (34%)]	Loss: 0.441616
Train Epoch: 21 [11520/32000 (36%)]	Loss: 0.115444
Train Epoch: 21 [12160/32000 (38%)]	Loss: 0.225587
Train Epoch: 21 [12800/32000 (40%)]	Loss: 0.224823
Train Epoch: 21 [13440/32000 (42%)]	Loss: 0.261214
Train Epoch: 21 [14080/32000 (44%)]	Loss: 0.223629
Train Epoch: 21 [14720/32000 (46%)]	Loss: 0.241511
Train Epoch: 21 [15360/32000 (48%)]	Loss: 0.181771
Train Epoch: 21 [16000/32000 (50%)]	Loss: 0.230660
Train Epoch: 21 [16640/32000 (52%)]	Loss: 0.415904
Train Epoch: 21 [17280/32000 (54%)]	Loss: 0.283220
Train Epoch: 21 [17920/32000 (56%)]	Loss: 0.287173
Train Epoch: 21 [18560/32000 (58%)]	Loss: 0.227469
Train Epoch: 21 [19200/32000 (60%)]	Loss: 0.154500
Train Epoch: 21 [19840/32000 (62%)]	Loss: 0.173724
Train Epoch: 21 [20480/32000 (64%)]	Loss: 0.119880
Train Epoch: 21 [21120/32000 (66%)]	Loss: 0.288526
Train Epoch: 21 [21760/32000 (68%)]	Loss: 0.270983
Train Epoch: 21 [22400/32000 (70%)]	Loss: 0.203766
Train Epoch: 21 [23040/32000 (72%)]	Loss: 0.314092
Train Epoch: 21 [23680/32000 (74%)]	Loss: 0.170541
Train Epoch: 21 [24320/32000 (76%)]	Loss: 0.174182
Train Epoch: 21 [24960/32000 (78%)]	Loss: 0.276895
Train Epoch: 21 [25600/32000 (80%)]	Loss: 0.409001
Train Epoch: 21 [26240/32000 (82%)]	Loss: 0.185409
Train Epoch: 21 [26880/32000 (84%)]	Loss: 0.190644
Train Epoch: 21 [27520/32000 (86%)]	Loss: 0.196862
Train Epoch: 21 [28160/32000 (88%)]	Loss: 0.195120
Train Epoch: 21 [28800/32000 (90%)]	Loss: 0.335057
Train Epoch: 21 [29440/32000 (92%)]	Loss: 0.319082
Train Epoch: 21 [30080/32000 (94%)]	Loss: 0.200806
Train Epoch: 21 [30720/32000 (96%)]	Loss: 0.215544
Train Epoch: 21 [31360/32000 (98%)]	Loss: 0.164824
Test set:
Overall: 57579/112000 (51.4%)
Train set:
Overall: 29379/32000 (91.8%)
Train Epoch: 22 [0/32000 (0%)]	Loss: 0.427404
Train Epoch: 22 [640/32000 (2%)]	Loss: 0.161784
Train Epoch: 22 [1280/32000 (4%)]	Loss: 0.134400
Train Epoch: 22 [1920/32000 (6%)]	Loss: 0.169888
Train Epoch: 22 [2560/32000 (8%)]	Loss: 0.170574
Train Epoch: 22 [3200/32000 (10%)]	Loss: 0.160506
Train Epoch: 22 [3840/32000 (12%)]	Loss: 0.154012
Train Epoch: 22 [4480/32000 (14%)]	Loss: 0.212217
Train Epoch: 22 [5120/32000 (16%)]	Loss: 0.159181
Train Epoch: 22 [5760/32000 (18%)]	Loss: 0.136656
Train Epoch: 22 [6400/32000 (20%)]	Loss: 0.140163
Train Epoch: 22 [7040/32000 (22%)]	Loss: 0.100138
Train Epoch: 22 [7680/32000 (24%)]	Loss: 0.224117
Train Epoch: 22 [8320/32000 (26%)]	Loss: 0.261305
Train Epoch: 22 [8960/32000 (28%)]	Loss: 0.195568
Train Epoch: 22 [9600/32000 (30%)]	Loss: 0.217154
Train Epoch: 22 [10240/32000 (32%)]	Loss: 0.192593
Train Epoch: 22 [10880/32000 (34%)]	Loss: 0.133562
Train Epoch: 22 [11520/32000 (36%)]	Loss: 0.161021
Train Epoch: 22 [12160/32000 (38%)]	Loss: 0.216599
Train Epoch: 22 [12800/32000 (40%)]	Loss: 0.129336
Train Epoch: 22 [13440/32000 (42%)]	Loss: 0.120796
Train Epoch: 22 [14080/32000 (44%)]	Loss: 0.199990
Train Epoch: 22 [14720/32000 (46%)]	Loss: 0.196073
Train Epoch: 22 [15360/32000 (48%)]	Loss: 0.192478
Train Epoch: 22 [16000/32000 (50%)]	Loss: 0.205429
Train Epoch: 22 [16640/32000 (52%)]	Loss: 0.410595
Train Epoch: 22 [17280/32000 (54%)]	Loss: 0.256406
Train Epoch: 22 [17920/32000 (56%)]	Loss: 0.127392
Train Epoch: 22 [18560/32000 (58%)]	Loss: 0.161141
Train Epoch: 22 [19200/32000 (60%)]	Loss: 0.233339
Train Epoch: 22 [19840/32000 (62%)]	Loss: 0.195414
Train Epoch: 22 [20480/32000 (64%)]	Loss: 0.310443
Train Epoch: 22 [21120/32000 (66%)]	Loss: 0.193312
Train Epoch: 22 [21760/32000 (68%)]	Loss: 0.265853
Train Epoch: 22 [22400/32000 (70%)]	Loss: 0.250002
Train Epoch: 22 [23040/32000 (72%)]	Loss: 0.242569
Train Epoch: 22 [23680/32000 (74%)]	Loss: 0.195849
Train Epoch: 22 [24320/32000 (76%)]	Loss: 0.189881
Train Epoch: 22 [24960/32000 (78%)]	Loss: 0.299257
Train Epoch: 22 [25600/32000 (80%)]	Loss: 0.378131
Train Epoch: 22 [26240/32000 (82%)]	Loss: 0.240319
Train Epoch: 22 [26880/32000 (84%)]	Loss: 0.262594
Train Epoch: 22 [27520/32000 (86%)]	Loss: 0.193708
Train Epoch: 22 [28160/32000 (88%)]	Loss: 0.111666
Train Epoch: 22 [28800/32000 (90%)]	Loss: 0.188168
Train Epoch: 22 [29440/32000 (92%)]	Loss: 0.355056
Train Epoch: 22 [30080/32000 (94%)]	Loss: 0.191293
Train Epoch: 22 [30720/32000 (96%)]	Loss: 0.232684
Train Epoch: 22 [31360/32000 (98%)]	Loss: 0.317915
Test set:
Overall: 57613/112000 (51.4%)
Train set:
Overall: 29819/32000 (93.2%)
Train Epoch: 23 [0/32000 (0%)]	Loss: 0.198926
Train Epoch: 23 [640/32000 (2%)]	Loss: 0.117017
Train Epoch: 23 [1280/32000 (4%)]	Loss: 0.214533
Train Epoch: 23 [1920/32000 (6%)]	Loss: 0.112150
Train Epoch: 23 [2560/32000 (8%)]	Loss: 0.074975
Train Epoch: 23 [3200/32000 (10%)]	Loss: 0.166285
