Running on ax04.rc.zi.columbia.edu
Conv layers frozen
Conv layers frozen
Train Epoch: 1 [0/36000 (0%)]	Loss: 0.692797
Train Epoch: 1 [640/36000 (2%)]	Loss: 0.738558
Train Epoch: 1 [1280/36000 (4%)]	Loss: 0.875261
Train Epoch: 1 [1920/36000 (5%)]	Loss: 1.759386
Train Epoch: 1 [2560/36000 (7%)]	Loss: 1.064384
Train Epoch: 1 [3200/36000 (9%)]	Loss: 1.109018
Train Epoch: 1 [3840/36000 (11%)]	Loss: 1.001638
Train Epoch: 1 [4480/36000 (12%)]	Loss: 1.080301
Train Epoch: 1 [5120/36000 (14%)]	Loss: 0.667440
Train Epoch: 1 [5760/36000 (16%)]	Loss: 2.074519
Train Epoch: 1 [6400/36000 (18%)]	Loss: 1.312988
Train Epoch: 1 [7040/36000 (20%)]	Loss: 2.206800
Train Epoch: 1 [7680/36000 (21%)]	Loss: 0.961992
Train Epoch: 1 [8320/36000 (23%)]	Loss: 0.690766
Train Epoch: 1 [8960/36000 (25%)]	Loss: 0.642931
Train Epoch: 1 [9600/36000 (27%)]	Loss: 0.643397
Train Epoch: 1 [10240/36000 (28%)]	Loss: 1.016513
Train Epoch: 1 [10880/36000 (30%)]	Loss: 0.558902
Train Epoch: 1 [11520/36000 (32%)]	Loss: 0.758628
Train Epoch: 1 [12160/36000 (34%)]	Loss: 1.309557
Train Epoch: 1 [12800/36000 (36%)]	Loss: 1.125871
Train Epoch: 1 [13440/36000 (37%)]	Loss: 1.308671
Train Epoch: 1 [14080/36000 (39%)]	Loss: 0.625287
Train Epoch: 1 [14720/36000 (41%)]	Loss: 2.227076
Train Epoch: 1 [15360/36000 (43%)]	Loss: 1.159755
Train Epoch: 1 [16000/36000 (44%)]	Loss: 1.173012
Train Epoch: 1 [16640/36000 (46%)]	Loss: 0.648141
Train Epoch: 1 [17280/36000 (48%)]	Loss: 0.560996
Train Epoch: 1 [17920/36000 (50%)]	Loss: 0.567080
Train Epoch: 1 [18560/36000 (52%)]	Loss: 0.749443
Train Epoch: 1 [19200/36000 (53%)]	Loss: 0.884071
Train Epoch: 1 [19840/36000 (55%)]	Loss: 1.967574
Train Epoch: 1 [20480/36000 (57%)]	Loss: 0.793036
Train Epoch: 1 [21120/36000 (59%)]	Loss: 1.338861
Train Epoch: 1 [21760/36000 (60%)]	Loss: 1.339130
Train Epoch: 1 [22400/36000 (62%)]	Loss: 0.483498
Train Epoch: 1 [23040/36000 (64%)]	Loss: 0.907660
Train Epoch: 1 [23680/36000 (66%)]	Loss: 0.770065
Train Epoch: 1 [24320/36000 (67%)]	Loss: 1.746174
Train Epoch: 1 [24960/36000 (69%)]	Loss: 2.613845
Train Epoch: 1 [25600/36000 (71%)]	Loss: 1.201049
Train Epoch: 1 [26240/36000 (73%)]	Loss: 0.783545
Train Epoch: 1 [26880/36000 (75%)]	Loss: 0.536531
Train Epoch: 1 [27520/36000 (76%)]	Loss: 0.960983
Train Epoch: 1 [28160/36000 (78%)]	Loss: 1.312417
Train Epoch: 1 [28800/36000 (80%)]	Loss: 1.203420
Train Epoch: 1 [29440/36000 (82%)]	Loss: 0.697751
Train Epoch: 1 [30080/36000 (83%)]	Loss: 0.702310
Train Epoch: 1 [30720/36000 (85%)]	Loss: 0.634094
Train Epoch: 1 [31360/36000 (87%)]	Loss: 0.800401
Train Epoch: 1 [32000/36000 (89%)]	Loss: 0.467531
Train Epoch: 1 [32640/36000 (91%)]	Loss: 1.038137
Train Epoch: 1 [33280/36000 (92%)]	Loss: 0.648605
Train Epoch: 1 [33920/36000 (94%)]	Loss: 0.521475
Train Epoch: 1 [34560/36000 (96%)]	Loss: 0.664643
Train Epoch: 1 [35200/36000 (98%)]	Loss: 1.062526
Train Epoch: 1 [35840/36000 (99%)]	Loss: 0.586167
Test set:
Overall: 102222/112000 (91.3%)
Train set:
Overall: 25649/36000 (71.2%)
Train Epoch: 2 [0/36000 (0%)]	Loss: 0.849948
Train Epoch: 2 [640/36000 (2%)]	Loss: 0.896052
Train Epoch: 2 [1280/36000 (4%)]	Loss: 0.518939
Train Epoch: 2 [1920/36000 (5%)]	Loss: 1.159265
Train Epoch: 2 [2560/36000 (7%)]	Loss: 0.996501
Train Epoch: 2 [3200/36000 (9%)]	Loss: 1.064676
Train Epoch: 2 [3840/36000 (11%)]	Loss: 2.202133
Train Epoch: 2 [4480/36000 (12%)]	Loss: 1.727807
Train Epoch: 2 [5120/36000 (14%)]	Loss: 0.437692
Train Epoch: 2 [5760/36000 (16%)]	Loss: 0.897693
Train Epoch: 2 [6400/36000 (18%)]	Loss: 1.948678
Train Epoch: 2 [7040/36000 (20%)]	Loss: 0.809069
Train Epoch: 2 [7680/36000 (21%)]	Loss: 0.700671
Train Epoch: 2 [8320/36000 (23%)]	Loss: 0.872007
Train Epoch: 2 [8960/36000 (25%)]	Loss: 0.457629
Train Epoch: 2 [9600/36000 (27%)]	Loss: 0.595586
Train Epoch: 2 [10240/36000 (28%)]	Loss: 0.532864
Train Epoch: 2 [10880/36000 (30%)]	Loss: 0.607029
Train Epoch: 2 [11520/36000 (32%)]	Loss: 0.714438
Train Epoch: 2 [12160/36000 (34%)]	Loss: 0.491166
Train Epoch: 2 [12800/36000 (36%)]	Loss: 0.524028
Train Epoch: 2 [13440/36000 (37%)]	Loss: 0.774646
Train Epoch: 2 [14080/36000 (39%)]	Loss: 1.726098
Train Epoch: 2 [14720/36000 (41%)]	Loss: 0.287814
Train Epoch: 2 [15360/36000 (43%)]	Loss: 0.861168
Train Epoch: 2 [16000/36000 (44%)]	Loss: 0.609270
Train Epoch: 2 [16640/36000 (46%)]	Loss: 0.562530
Train Epoch: 2 [17280/36000 (48%)]	Loss: 0.992184
Train Epoch: 2 [17920/36000 (50%)]	Loss: 0.643852
Train Epoch: 2 [18560/36000 (52%)]	Loss: 1.008427
Train Epoch: 2 [19200/36000 (53%)]	Loss: 0.864624
Train Epoch: 2 [19840/36000 (55%)]	Loss: 0.495469
Train Epoch: 2 [20480/36000 (57%)]	Loss: 0.332669
Train Epoch: 2 [21120/36000 (59%)]	Loss: 0.879260
Train Epoch: 2 [21760/36000 (60%)]	Loss: 0.589214
Train Epoch: 2 [22400/36000 (62%)]	Loss: 0.599515
Train Epoch: 2 [23040/36000 (64%)]	Loss: 0.446163
Train Epoch: 2 [23680/36000 (66%)]	Loss: 1.043803
Train Epoch: 2 [24320/36000 (67%)]	Loss: 0.594781
Train Epoch: 2 [24960/36000 (69%)]	Loss: 0.471569
Train Epoch: 2 [25600/36000 (71%)]	Loss: 0.698830
Train Epoch: 2 [26240/36000 (73%)]	Loss: 0.509377
Train Epoch: 2 [26880/36000 (75%)]	Loss: 0.792960
Train Epoch: 2 [27520/36000 (76%)]	Loss: 0.706847
Train Epoch: 2 [28160/36000 (78%)]	Loss: 0.649269
Train Epoch: 2 [28800/36000 (80%)]	Loss: 0.863880
Train Epoch: 2 [29440/36000 (82%)]	Loss: 0.505562
Train Epoch: 2 [30080/36000 (83%)]	Loss: 0.496647
Train Epoch: 2 [30720/36000 (85%)]	Loss: 1.296329
Train Epoch: 2 [31360/36000 (87%)]	Loss: 0.896080
Train Epoch: 2 [32000/36000 (89%)]	Loss: 0.597790
Train Epoch: 2 [32640/36000 (91%)]	Loss: 0.473525
Train Epoch: 2 [33280/36000 (92%)]	Loss: 0.590509
Train Epoch: 2 [33920/36000 (94%)]	Loss: 1.419546
Train Epoch: 2 [34560/36000 (96%)]	Loss: 0.805012
Train Epoch: 2 [35200/36000 (98%)]	Loss: 0.675671
Train Epoch: 2 [35840/36000 (99%)]	Loss: 0.520769
Test set:
Overall: 89058/112000 (79.5%)
Train set:
Overall: 21363/36000 (59.3%)
Train Epoch: 3 [0/36000 (0%)]	Loss: 1.948078
Train Epoch: 3 [640/36000 (2%)]	Loss: 0.913286
Train Epoch: 3 [1280/36000 (4%)]	Loss: 0.933848
Train Epoch: 3 [1920/36000 (5%)]	Loss: 0.449911
Train Epoch: 3 [2560/36000 (7%)]	Loss: 0.874409
Train Epoch: 3 [3200/36000 (9%)]	Loss: 0.512266
Train Epoch: 3 [3840/36000 (11%)]	Loss: 1.233806
Train Epoch: 3 [4480/36000 (12%)]	Loss: 0.618300
Train Epoch: 3 [5120/36000 (14%)]	Loss: 0.442785
Train Epoch: 3 [5760/36000 (16%)]	Loss: 1.004149
Train Epoch: 3 [6400/36000 (18%)]	Loss: 1.274064
Train Epoch: 3 [7040/36000 (20%)]	Loss: 0.881013
Train Epoch: 3 [7680/36000 (21%)]	Loss: 0.630138
Train Epoch: 3 [8320/36000 (23%)]	Loss: 0.663486
Train Epoch: 3 [8960/36000 (25%)]	Loss: 0.494467
Train Epoch: 3 [9600/36000 (27%)]	Loss: 0.453080
Train Epoch: 3 [10240/36000 (28%)]	Loss: 0.661431
Train Epoch: 3 [10880/36000 (30%)]	Loss: 0.382722
Train Epoch: 3 [11520/36000 (32%)]	Loss: 0.624842
Train Epoch: 3 [12160/36000 (34%)]	Loss: 0.450144
Train Epoch: 3 [12800/36000 (36%)]	Loss: 0.604660
Train Epoch: 3 [13440/36000 (37%)]	Loss: 0.916274
Train Epoch: 3 [14080/36000 (39%)]	Loss: 0.593176
Train Epoch: 3 [14720/36000 (41%)]	Loss: 0.351891
Train Epoch: 3 [15360/36000 (43%)]	Loss: 0.472088
Train Epoch: 3 [16000/36000 (44%)]	Loss: 0.550031
Train Epoch: 3 [16640/36000 (46%)]	Loss: 0.323304
Train Epoch: 3 [17280/36000 (48%)]	Loss: 0.429559
Train Epoch: 3 [17920/36000 (50%)]	Loss: 0.558036
Train Epoch: 3 [18560/36000 (52%)]	Loss: 0.508558
Train Epoch: 3 [19200/36000 (53%)]	Loss: 0.560277
Train Epoch: 3 [19840/36000 (55%)]	Loss: 0.485389
Train Epoch: 3 [20480/36000 (57%)]	Loss: 0.420964
Train Epoch: 3 [21120/36000 (59%)]	Loss: 1.692496
Train Epoch: 3 [21760/36000 (60%)]	Loss: 0.613328
Train Epoch: 3 [22400/36000 (62%)]	Loss: 0.686253
Train Epoch: 3 [23040/36000 (64%)]	Loss: 1.044515
Train Epoch: 3 [23680/36000 (66%)]	Loss: 0.429278
Train Epoch: 3 [24320/36000 (67%)]	Loss: 1.478779
Train Epoch: 3 [24960/36000 (69%)]	Loss: 0.950430
Train Epoch: 3 [25600/36000 (71%)]	Loss: 0.663178
Train Epoch: 3 [26240/36000 (73%)]	Loss: 0.373848
Train Epoch: 3 [26880/36000 (75%)]	Loss: 0.549245
Train Epoch: 3 [27520/36000 (76%)]	Loss: 0.580207
Train Epoch: 3 [28160/36000 (78%)]	Loss: 0.288468
Train Epoch: 3 [28800/36000 (80%)]	Loss: 0.464548
Train Epoch: 3 [29440/36000 (82%)]	Loss: 0.632347
Train Epoch: 3 [30080/36000 (83%)]	Loss: 0.588364
Train Epoch: 1 [0/36000 (0%)]	Loss: 0.692797
Train Epoch: 1 [640/36000 (2%)]	Loss: 0.738558
Train Epoch: 1 [1280/36000 (4%)]	Loss: 0.875261
Train Epoch: 1 [1920/36000 (5%)]	Loss: 1.759386
Train Epoch: 1 [2560/36000 (7%)]	Loss: 1.064384
Train Epoch: 1 [3200/36000 (9%)]	Loss: 1.109018
Train Epoch: 1 [3840/36000 (11%)]	Loss: 1.001638
Train Epoch: 1 [4480/36000 (12%)]	Loss: 1.080301
Train Epoch: 1 [5120/36000 (14%)]	Loss: 0.667440
Train Epoch: 1 [5760/36000 (16%)]	Loss: 2.074519
Train Epoch: 1 [6400/36000 (18%)]	Loss: 1.312988
Train Epoch: 1 [7040/36000 (20%)]	Loss: 2.206800
Train Epoch: 1 [7680/36000 (21%)]	Loss: 0.961992
Train Epoch: 1 [8320/36000 (23%)]	Loss: 0.690766
Train Epoch: 1 [8960/36000 (25%)]	Loss: 0.642931
Train Epoch: 1 [9600/36000 (27%)]	Loss: 0.643397
Train Epoch: 1 [10240/36000 (28%)]	Loss: 1.016513
Train Epoch: 1 [10880/36000 (30%)]	Loss: 0.558902
Train Epoch: 1 [11520/36000 (32%)]	Loss: 0.758628
Train Epoch: 1 [12160/36000 (34%)]	Loss: 1.309557
Train Epoch: 1 [12800/36000 (36%)]	Loss: 1.125871
Train Epoch: 1 [13440/36000 (37%)]	Loss: 1.308671
Train Epoch: 1 [14080/36000 (39%)]	Loss: 0.625287
Train Epoch: 1 [14720/36000 (41%)]	Loss: 2.227076
Train Epoch: 1 [15360/36000 (43%)]	Loss: 1.159755
Train Epoch: 1 [16000/36000 (44%)]	Loss: 1.173012
Train Epoch: 1 [16640/36000 (46%)]	Loss: 0.648141
Train Epoch: 1 [17280/36000 (48%)]	Loss: 0.560996
Train Epoch: 1 [17920/36000 (50%)]	Loss: 0.567080
Train Epoch: 1 [18560/36000 (52%)]	Loss: 0.749443
Train Epoch: 1 [19200/36000 (53%)]	Loss: 0.884071
Train Epoch: 1 [19840/36000 (55%)]	Loss: 1.967574
Train Epoch: 1 [20480/36000 (57%)]	Loss: 0.793036
Train Epoch: 1 [21120/36000 (59%)]	Loss: 1.338861
Train Epoch: 1 [21760/36000 (60%)]	Loss: 1.339130
Train Epoch: 1 [22400/36000 (62%)]	Loss: 0.483498
Train Epoch: 1 [23040/36000 (64%)]	Loss: 0.907660
Train Epoch: 1 [23680/36000 (66%)]	Loss: 0.770065
Train Epoch: 1 [24320/36000 (67%)]	Loss: 1.746174
Train Epoch: 1 [24960/36000 (69%)]	Loss: 2.613845
Train Epoch: 1 [25600/36000 (71%)]	Loss: 1.201049
Train Epoch: 1 [26240/36000 (73%)]	Loss: 0.783545
Train Epoch: 1 [26880/36000 (75%)]	Loss: 0.536531
Train Epoch: 1 [27520/36000 (76%)]	Loss: 0.960983
Train Epoch: 1 [28160/36000 (78%)]	Loss: 1.312417
Train Epoch: 1 [28800/36000 (80%)]	Loss: 1.203420
Train Epoch: 1 [29440/36000 (82%)]	Loss: 0.697751
Train Epoch: 1 [30080/36000 (83%)]	Loss: 0.702310
Train Epoch: 1 [30720/36000 (85%)]	Loss: 0.634094
Train Epoch: 1 [31360/36000 (87%)]	Loss: 0.800401
Train Epoch: 1 [32000/36000 (89%)]	Loss: 0.467531
Train Epoch: 1 [32640/36000 (91%)]	Loss: 1.038137
Train Epoch: 1 [33280/36000 (92%)]	Loss: 0.648605
Train Epoch: 1 [33920/36000 (94%)]	Loss: 0.521475
Train Epoch: 1 [34560/36000 (96%)]	Loss: 0.664643
Train Epoch: 1 [35200/36000 (98%)]	Loss: 1.062526
Train Epoch: 1 [35840/36000 (99%)]	Loss: 0.586167
Test set:
Overall: 102222/112000 (91.3%)
Train set:
Overall: 25649/36000 (71.2%)
Train Epoch: 2 [0/36000 (0%)]	Loss: 0.849948
Train Epoch: 2 [640/36000 (2%)]	Loss: 0.896052
Train Epoch: 2 [1280/36000 (4%)]	Loss: 0.518939
Train Epoch: 2 [1920/36000 (5%)]	Loss: 1.159265
Train Epoch: 2 [2560/36000 (7%)]	Loss: 0.996501
Train Epoch: 2 [3200/36000 (9%)]	Loss: 1.064676
Train Epoch: 2 [3840/36000 (11%)]	Loss: 2.202133
Train Epoch: 2 [4480/36000 (12%)]	Loss: 1.727807
Train Epoch: 2 [5120/36000 (14%)]	Loss: 0.437692
Train Epoch: 2 [5760/36000 (16%)]	Loss: 0.897693
Train Epoch: 2 [6400/36000 (18%)]	Loss: 1.948678
Train Epoch: 2 [7040/36000 (20%)]	Loss: 0.809069
Train Epoch: 2 [7680/36000 (21%)]	Loss: 0.700671
Train Epoch: 2 [8320/36000 (23%)]	Loss: 0.872007
Train Epoch: 2 [8960/36000 (25%)]	Loss: 0.457629
Train Epoch: 2 [9600/36000 (27%)]	Loss: 0.595586
Train Epoch: 2 [10240/36000 (28%)]	Loss: 0.532864
Train Epoch: 2 [10880/36000 (30%)]	Loss: 0.607029
Train Epoch: 2 [11520/36000 (32%)]	Loss: 0.714438
Train Epoch: 2 [12160/36000 (34%)]	Loss: 0.491166
Train Epoch: 2 [12800/36000 (36%)]	Loss: 0.524028
Train Epoch: 2 [13440/36000 (37%)]	Loss: 0.774646
Train Epoch: 2 [14080/36000 (39%)]	Loss: 1.726098
Train Epoch: 2 [14720/36000 (41%)]	Loss: 0.287814
Train Epoch: 2 [15360/36000 (43%)]	Loss: 0.861168
Train Epoch: 2 [16000/36000 (44%)]	Loss: 0.609270
Train Epoch: 2 [16640/36000 (46%)]	Loss: 0.562530
Train Epoch: 2 [17280/36000 (48%)]	Loss: 0.992184
Train Epoch: 2 [17920/36000 (50%)]	Loss: 0.643852
Train Epoch: 2 [18560/36000 (52%)]	Loss: 1.008427
Train Epoch: 2 [19200/36000 (53%)]	Loss: 0.864624
Train Epoch: 2 [19840/36000 (55%)]	Loss: 0.495469
Train Epoch: 2 [20480/36000 (57%)]	Loss: 0.332669
Train Epoch: 2 [21120/36000 (59%)]	Loss: 0.879260
Train Epoch: 2 [21760/36000 (60%)]	Loss: 0.589214
Train Epoch: 2 [22400/36000 (62%)]	Loss: 0.599515
Train Epoch: 2 [23040/36000 (64%)]	Loss: 0.446163
Train Epoch: 2 [23680/36000 (66%)]	Loss: 1.043803
Train Epoch: 2 [24320/36000 (67%)]	Loss: 0.594781
Train Epoch: 2 [24960/36000 (69%)]	Loss: 0.471569
Train Epoch: 2 [25600/36000 (71%)]	Loss: 0.698830
Train Epoch: 2 [26240/36000 (73%)]	Loss: 0.509377
Train Epoch: 2 [26880/36000 (75%)]	Loss: 0.792960
Train Epoch: 2 [27520/36000 (76%)]	Loss: 0.706847
Train Epoch: 2 [28160/36000 (78%)]	Loss: 0.649269
Train Epoch: 2 [28800/36000 (80%)]	Loss: 0.863880
Train Epoch: 2 [29440/36000 (82%)]	Loss: 0.505562
Train Epoch: 2 [30080/36000 (83%)]	Loss: 0.496647
Train Epoch: 2 [30720/36000 (85%)]	Loss: 1.296329
Train Epoch: 2 [31360/36000 (87%)]	Loss: 0.896080
Train Epoch: 2 [32000/36000 (89%)]	Loss: 0.597790
Train Epoch: 2 [32640/36000 (91%)]	Loss: 0.473525
Train Epoch: 2 [33280/36000 (92%)]	Loss: 0.590509
Train Epoch: 2 [33920/36000 (94%)]	Loss: 1.419546
Train Epoch: 2 [34560/36000 (96%)]	Loss: 0.805012
Train Epoch: 2 [35200/36000 (98%)]	Loss: 0.675671
Train Epoch: 2 [35840/36000 (99%)]	Loss: 0.520769
Test set:
Overall: 89058/112000 (79.5%)
Train set:
Overall: 21363/36000 (59.3%)
Train Epoch: 3 [0/36000 (0%)]	Loss: 1.948078
Train Epoch: 3 [640/36000 (2%)]	Loss: 0.913286
Train Epoch: 3 [1280/36000 (4%)]	Loss: 0.933848
Train Epoch: 3 [1920/36000 (5%)]	Loss: 0.449911
Train Epoch: 3 [2560/36000 (7%)]	Loss: 0.874409
Train Epoch: 3 [3200/36000 (9%)]	Loss: 0.512266
Train Epoch: 3 [3840/36000 (11%)]	Loss: 1.233806
Train Epoch: 3 [4480/36000 (12%)]	Loss: 0.618300
Train Epoch: 3 [5120/36000 (14%)]	Loss: 0.442785
Train Epoch: 3 [5760/36000 (16%)]	Loss: 1.004149
Train Epoch: 3 [6400/36000 (18%)]	Loss: 1.274064
Train Epoch: 3 [7040/36000 (20%)]	Loss: 0.881013
Train Epoch: 3 [7680/36000 (21%)]	Loss: 0.630138
Train Epoch: 3 [8320/36000 (23%)]	Loss: 0.663486
Train Epoch: 3 [8960/36000 (25%)]	Loss: 0.494467
Train Epoch: 3 [9600/36000 (27%)]	Loss: 0.453080
Train Epoch: 3 [10240/36000 (28%)]	Loss: 0.661431
Train Epoch: 3 [10880/36000 (30%)]	Loss: 0.382722
Train Epoch: 3 [11520/36000 (32%)]	Loss: 0.624842
Train Epoch: 3 [12160/36000 (34%)]	Loss: 0.450144
Train Epoch: 3 [12800/36000 (36%)]	Loss: 0.604660
Train Epoch: 3 [13440/36000 (37%)]	Loss: 0.916274
Train Epoch: 3 [14080/36000 (39%)]	Loss: 0.593176
Train Epoch: 3 [14720/36000 (41%)]	Loss: 0.351891
Train Epoch: 3 [15360/36000 (43%)]	Loss: 0.472088
Train Epoch: 3 [16000/36000 (44%)]	Loss: 0.550031
Train Epoch: 3 [16640/36000 (46%)]	Loss: 0.323304
Train Epoch: 3 [17280/36000 (48%)]	Loss: 0.429559
Train Epoch: 3 [17920/36000 (50%)]	Loss: 0.558036
Train Epoch: 3 [18560/36000 (52%)]	Loss: 0.508558
Train Epoch: 3 [19200/36000 (53%)]	Loss: 0.560277
Train Epoch: 3 [19840/36000 (55%)]	Loss: 0.485389
Train Epoch: 3 [20480/36000 (57%)]	Loss: 0.420964
Train Epoch: 3 [21120/36000 (59%)]	Loss: 1.692496
Train Epoch: 3 [21760/36000 (60%)]	Loss: 0.613328
Train Epoch: 3 [22400/36000 (62%)]	Loss: 0.686253
Train Epoch: 3 [23040/36000 (64%)]	Loss: 1.044515
Train Epoch: 3 [23680/36000 (66%)]	Loss: 0.429278
Train Epoch: 3 [24320/36000 (67%)]	Loss: 1.478779
Train Epoch: 3 [24960/36000 (69%)]	Loss: 0.950430
Train Epoch: 3 [25600/36000 (71%)]	Loss: 0.663178
Train Epoch: 3 [26240/36000 (73%)]	Loss: 0.373848
Train Epoch: 3 [26880/36000 (75%)]	Loss: 0.549245
Train Epoch: 3 [27520/36000 (76%)]	Loss: 0.580207
Train Epoch: 3 [28160/36000 (78%)]	Loss: 0.288468
Train Epoch: 3 [28800/36000 (80%)]	Loss: 0.464548
Train Epoch: 3 [29440/36000 (82%)]	Loss: 0.632347
Train Epoch: 3 [30080/36000 (83%)]	Loss: 0.588364
Train Epoch: 3 [30720/36000 (85%)]	Loss: 0.543918
Train Epoch: 3 [31360/36000 (87%)]	Loss: 0.698126
Train Epoch: 3 [32000/36000 (89%)]	Loss: 0.813873
Train Epoch: 3 [32640/36000 (91%)]	Loss: 0.329700
Train Epoch: 3 [33280/36000 (92%)]	Loss: 0.460343
Train Epoch: 3 [33920/36000 (94%)]	Loss: 0.397693
Train Epoch: 3 [34560/36000 (96%)]	Loss: 0.671290
Train Epoch: 3 [35200/36000 (98%)]	Loss: 1.380030
Train Epoch: 3 [35840/36000 (99%)]	Loss: 0.765248
Test set:
Overall: 103459/112000 (92.4%)
Train set:
Overall: 26208/36000 (72.8%)
Train Epoch: 4 [0/36000 (0%)]	Loss: 0.570067
Train Epoch: 4 [640/36000 (2%)]	Loss: 0.730163
Train Epoch: 4 [1280/36000 (4%)]	Loss: 0.601986
Train Epoch: 4 [1920/36000 (5%)]	Loss: 1.354737
Train Epoch: 4 [2560/36000 (7%)]	Loss: 0.434933
Train Epoch: 4 [3200/36000 (9%)]	Loss: 1.061832
Train Epoch: 4 [3840/36000 (11%)]	Loss: 1.114182
Train Epoch: 4 [4480/36000 (12%)]	Loss: 0.618181
Train Epoch: 4 [5120/36000 (14%)]	Loss: 0.753220
Train Epoch: 4 [5760/36000 (16%)]	Loss: 0.552201
Train Epoch: 4 [6400/36000 (18%)]	Loss: 0.623375
Train Epoch: 4 [7040/36000 (20%)]	Loss: 0.477864
Train Epoch: 4 [7680/36000 (21%)]	Loss: 0.804048
Train Epoch: 4 [8320/36000 (23%)]	Loss: 1.078746
Train Epoch: 4 [8960/36000 (25%)]	Loss: 0.408847
Train Epoch: 4 [9600/36000 (27%)]	Loss: 1.334376
Train Epoch: 4 [10240/36000 (28%)]	Loss: 0.588680
Train Epoch: 4 [10880/36000 (30%)]	Loss: 0.681315
Train Epoch: 4 [11520/36000 (32%)]	Loss: 0.631778
Train Epoch: 4 [12160/36000 (34%)]	Loss: 0.533861
Train Epoch: 4 [12800/36000 (36%)]	Loss: 0.965820
Train Epoch: 4 [13440/36000 (37%)]	Loss: 0.762466
Train Epoch: 4 [14080/36000 (39%)]	Loss: 0.509067
Train Epoch: 4 [14720/36000 (41%)]	Loss: 0.573011
Train Epoch: 4 [15360/36000 (43%)]	Loss: 0.471565
Train Epoch: 4 [16000/36000 (44%)]	Loss: 0.316039
Train Epoch: 4 [16640/36000 (46%)]	Loss: 1.517213
Train Epoch: 4 [17280/36000 (48%)]	Loss: 0.733281
Train Epoch: 4 [17920/36000 (50%)]	Loss: 0.558658
Train Epoch: 4 [18560/36000 (52%)]	Loss: 0.442499
Train Epoch: 4 [19200/36000 (53%)]	Loss: 1.252752
Train Epoch: 4 [19840/36000 (55%)]	Loss: 0.433051
Train Epoch: 4 [20480/36000 (57%)]	Loss: 0.985555
Train Epoch: 4 [21120/36000 (59%)]	Loss: 1.007507
Train Epoch: 4 [21760/36000 (60%)]	Loss: 1.400614
Train Epoch: 4 [22400/36000 (62%)]	Loss: 0.989673
Train Epoch: 4 [23040/36000 (64%)]	Loss: 0.641374
Train Epoch: 4 [23680/36000 (66%)]	Loss: 0.511868
Train Epoch: 4 [24320/36000 (67%)]	Loss: 2.016642
Train Epoch: 4 [24960/36000 (69%)]	Loss: 0.803653
Train Epoch: 4 [25600/36000 (71%)]	Loss: 0.576678
Train Epoch: 4 [26240/36000 (73%)]	Loss: 0.519476
Train Epoch: 4 [26880/36000 (75%)]	Loss: 0.516546
Train Epoch: 4 [27520/36000 (76%)]	Loss: 0.384278
Train Epoch: 4 [28160/36000 (78%)]	Loss: 0.554936
Train Epoch: 4 [28800/36000 (80%)]	Loss: 0.833981
Train Epoch: 4 [29440/36000 (82%)]	Loss: 0.709557
Train Epoch: 4 [30080/36000 (83%)]	Loss: 0.602934
Train Epoch: 4 [30720/36000 (85%)]	Loss: 0.585485
Train Epoch: 4 [31360/36000 (87%)]	Loss: 0.609833
Train Epoch: 4 [32000/36000 (89%)]	Loss: 0.522085
Train Epoch: 4 [32640/36000 (91%)]	Loss: 0.455707
Train Epoch: 4 [33280/36000 (92%)]	Loss: 1.379922
Train Epoch: 4 [33920/36000 (94%)]	Loss: 1.536012
Train Epoch: 4 [34560/36000 (96%)]	Loss: 0.439422
Train Epoch: 4 [35200/36000 (98%)]	Loss: 0.684422
Train Epoch: 4 [35840/36000 (99%)]	Loss: 0.683455
Test set:
Overall: 105314/112000 (94.0%)
Train set:
Overall: 27715/36000 (77.0%)
Train Epoch: 5 [0/36000 (0%)]	Loss: 0.484189
Train Epoch: 5 [640/36000 (2%)]	Loss: 0.482940
Train Epoch: 5 [1280/36000 (4%)]	Loss: 0.451904
Train Epoch: 5 [1920/36000 (5%)]	Loss: 0.483986
Train Epoch: 5 [2560/36000 (7%)]	Loss: 0.408749
Train Epoch: 5 [3200/36000 (9%)]	Loss: 2.279065
Train Epoch: 5 [3840/36000 (11%)]	Loss: 0.723849
Train Epoch: 5 [4480/36000 (12%)]	Loss: 1.053057
Train Epoch: 5 [5120/36000 (14%)]	Loss: 0.524109
Train Epoch: 5 [5760/36000 (16%)]	Loss: 1.393360
Train Epoch: 5 [6400/36000 (18%)]	Loss: 0.766355
Train Epoch: 5 [7040/36000 (20%)]	Loss: 0.605999
Train Epoch: 5 [7680/36000 (21%)]	Loss: 0.489486
Train Epoch: 5 [8320/36000 (23%)]	Loss: 0.379193
Train Epoch: 5 [8960/36000 (25%)]	Loss: 0.387514
Train Epoch: 5 [9600/36000 (27%)]	Loss: 0.393450
Train Epoch: 5 [10240/36000 (28%)]	Loss: 0.517759
Train Epoch: 5 [10880/36000 (30%)]	Loss: 0.348935
Train Epoch: 5 [11520/36000 (32%)]	Loss: 1.021750
Train Epoch: 5 [12160/36000 (34%)]	Loss: 0.447020
Train Epoch: 5 [12800/36000 (36%)]	Loss: 0.711874
Train Epoch: 5 [13440/36000 (37%)]	Loss: 0.501489
Train Epoch: 5 [14080/36000 (39%)]	Loss: 1.036459
Train Epoch: 5 [14720/36000 (41%)]	Loss: 1.010069
Train Epoch: 5 [15360/36000 (43%)]	Loss: 0.931360
Train Epoch: 5 [16000/36000 (44%)]	Loss: 0.531386
Train Epoch: 5 [16640/36000 (46%)]	Loss: 0.400539
Train Epoch: 5 [17280/36000 (48%)]	Loss: 0.840244
Train Epoch: 5 [17920/36000 (50%)]	Loss: 0.737729
Train Epoch: 5 [18560/36000 (52%)]	Loss: 0.234587
Train Epoch: 5 [19200/36000 (53%)]	Loss: 0.743545
Train Epoch: 5 [19840/36000 (55%)]	Loss: 0.578307
Train Epoch: 5 [20480/36000 (57%)]	Loss: 0.535640
Train Epoch: 5 [21120/36000 (59%)]	Loss: 0.945867
Train Epoch: 5 [21760/36000 (60%)]	Loss: 0.425335
Train Epoch: 5 [22400/36000 (62%)]	Loss: 1.643063
Train Epoch: 5 [23040/36000 (64%)]	Loss: 1.145469
Train Epoch: 5 [23680/36000 (66%)]	Loss: 0.511164
Train Epoch: 5 [24320/36000 (67%)]	Loss: 0.428398
Train Epoch: 5 [24960/36000 (69%)]	Loss: 0.354732
Train Epoch: 5 [25600/36000 (71%)]	Loss: 0.638614
Train Epoch: 5 [26240/36000 (73%)]	Loss: 0.482363
Train Epoch: 5 [26880/36000 (75%)]	Loss: 0.525069
Train Epoch: 5 [27520/36000 (76%)]	Loss: 1.100016
Train Epoch: 5 [28160/36000 (78%)]	Loss: 0.629153
Train Epoch: 5 [28800/36000 (80%)]	Loss: 0.647362
Train Epoch: 5 [29440/36000 (82%)]	Loss: 0.455605
Train Epoch: 5 [30080/36000 (83%)]	Loss: 0.252054
Train Epoch: 5 [30720/36000 (85%)]	Loss: 0.623117
Train Epoch: 5 [31360/36000 (87%)]	Loss: 0.768067
Train Epoch: 5 [32000/36000 (89%)]	Loss: 0.529609
Train Epoch: 5 [32640/36000 (91%)]	Loss: 0.740481
Train Epoch: 5 [33280/36000 (92%)]	Loss: 0.797607
Train Epoch: 5 [33920/36000 (94%)]	Loss: 0.759177
Train Epoch: 5 [34560/36000 (96%)]	Loss: 0.485650
Train Epoch: 5 [35200/36000 (98%)]	Loss: 0.750567
Train Epoch: 5 [35840/36000 (99%)]	Loss: 0.739625
Test set:
Overall: 98729/112000 (88.2%)
Train set:
Overall: 23325/36000 (64.8%)
Train Epoch: 6 [0/36000 (0%)]	Loss: 0.812955
Train Epoch: 6 [640/36000 (2%)]	Loss: 0.972457
Train Epoch: 6 [1280/36000 (4%)]	Loss: 0.477602
Train Epoch: 6 [1920/36000 (5%)]	Loss: 0.661694
Train Epoch: 6 [2560/36000 (7%)]	Loss: 0.511095
Train Epoch: 6 [3200/36000 (9%)]	Loss: 0.903753
Train Epoch: 6 [3840/36000 (11%)]	Loss: 1.083846
Train Epoch: 6 [4480/36000 (12%)]	Loss: 0.624087
Train Epoch: 6 [5120/36000 (14%)]	Loss: 0.942814
Train Epoch: 6 [5760/36000 (16%)]	Loss: 0.585772
Train Epoch: 6 [6400/36000 (18%)]	Loss: 1.769727
Train Epoch: 6 [7040/36000 (20%)]	Loss: 0.387554
Train Epoch: 6 [7680/36000 (21%)]	Loss: 0.832474
Train Epoch: 6 [8320/36000 (23%)]	Loss: 0.255191
Train Epoch: 6 [8960/36000 (25%)]	Loss: 0.417454
Train Epoch: 6 [9600/36000 (27%)]	Loss: 1.113442
Train Epoch: 6 [10240/36000 (28%)]	Loss: 0.775612
Train Epoch: 6 [10880/36000 (30%)]	Loss: 0.398035
Train Epoch: 6 [11520/36000 (32%)]	Loss: 1.740773
Train Epoch: 6 [12160/36000 (34%)]	Loss: 0.518895
Train Epoch: 6 [12800/36000 (36%)]	Loss: 0.520654
Train Epoch: 6 [13440/36000 (37%)]	Loss: 0.554501
Train Epoch: 6 [14080/36000 (39%)]	Loss: 0.484572
Train Epoch: 6 [14720/36000 (41%)]	Loss: 0.531970
Train Epoch: 6 [15360/36000 (43%)]	Loss: 1.292216
Train Epoch: 6 [16000/36000 (44%)]	Loss: 0.446882
Train Epoch: 6 [16640/36000 (46%)]	Loss: 0.746303
Train Epoch: 6 [17280/36000 (48%)]	Loss: 0.712413
Train Epoch: 6 [17920/36000 (50%)]	Loss: 0.491635
Train Epoch: 6 [18560/36000 (52%)]	Loss: 0.452324
Train Epoch: 6 [19200/36000 (53%)]	Loss: 0.536870
Train Epoch: 6 [19840/36000 (55%)]	Loss: 0.961794
Train Epoch: 6 [20480/36000 (57%)]	Loss: 0.861607
Train Epoch: 6 [21120/36000 (59%)]	Loss: 0.958533
Train Epoch: 6 [21760/36000 (60%)]	Loss: 1.221978
Train Epoch: 6 [22400/36000 (62%)]	Loss: 0.421404
Train Epoch: 6 [23040/36000 (64%)]	Loss: 0.672612
Train Epoch: 3 [30720/36000 (85%)]	Loss: 0.543918
Train Epoch: 3 [31360/36000 (87%)]	Loss: 0.698126
Train Epoch: 3 [32000/36000 (89%)]	Loss: 0.813873
Train Epoch: 3 [32640/36000 (91%)]	Loss: 0.329700
Train Epoch: 3 [33280/36000 (92%)]	Loss: 0.460343
Train Epoch: 3 [33920/36000 (94%)]	Loss: 0.397693
Train Epoch: 3 [34560/36000 (96%)]	Loss: 0.671290
Train Epoch: 3 [35200/36000 (98%)]	Loss: 1.380030
Train Epoch: 3 [35840/36000 (99%)]	Loss: 0.765248
Test set:
Overall: 103459/112000 (92.4%)
Train set:
Overall: 26208/36000 (72.8%)
Train Epoch: 4 [0/36000 (0%)]	Loss: 0.570067
Train Epoch: 4 [640/36000 (2%)]	Loss: 0.730163
Train Epoch: 4 [1280/36000 (4%)]	Loss: 0.601986
Train Epoch: 4 [1920/36000 (5%)]	Loss: 1.354737
Train Epoch: 4 [2560/36000 (7%)]	Loss: 0.434933
Train Epoch: 4 [3200/36000 (9%)]	Loss: 1.061832
Train Epoch: 4 [3840/36000 (11%)]	Loss: 1.114182
Train Epoch: 4 [4480/36000 (12%)]	Loss: 0.618181
Train Epoch: 4 [5120/36000 (14%)]	Loss: 0.753220
Train Epoch: 4 [5760/36000 (16%)]	Loss: 0.552201
Train Epoch: 4 [6400/36000 (18%)]	Loss: 0.623375
Train Epoch: 4 [7040/36000 (20%)]	Loss: 0.477864
Train Epoch: 4 [7680/36000 (21%)]	Loss: 0.804048
Train Epoch: 4 [8320/36000 (23%)]	Loss: 1.078746
Train Epoch: 4 [8960/36000 (25%)]	Loss: 0.408847
Train Epoch: 4 [9600/36000 (27%)]	Loss: 1.334376
Train Epoch: 4 [10240/36000 (28%)]	Loss: 0.588680
Train Epoch: 4 [10880/36000 (30%)]	Loss: 0.681315
Train Epoch: 4 [11520/36000 (32%)]	Loss: 0.631778
Train Epoch: 4 [12160/36000 (34%)]	Loss: 0.533861
Train Epoch: 4 [12800/36000 (36%)]	Loss: 0.965820
Train Epoch: 4 [13440/36000 (37%)]	Loss: 0.762466
Train Epoch: 4 [14080/36000 (39%)]	Loss: 0.509067
Train Epoch: 4 [14720/36000 (41%)]	Loss: 0.573011
Train Epoch: 4 [15360/36000 (43%)]	Loss: 0.471565
Train Epoch: 4 [16000/36000 (44%)]	Loss: 0.316039
Train Epoch: 4 [16640/36000 (46%)]	Loss: 1.517213
Train Epoch: 4 [17280/36000 (48%)]	Loss: 0.733281
Train Epoch: 4 [17920/36000 (50%)]	Loss: 0.558658
Train Epoch: 4 [18560/36000 (52%)]	Loss: 0.442499
Train Epoch: 4 [19200/36000 (53%)]	Loss: 1.252752
Train Epoch: 4 [19840/36000 (55%)]	Loss: 0.433051
Train Epoch: 4 [20480/36000 (57%)]	Loss: 0.985555
Train Epoch: 4 [21120/36000 (59%)]	Loss: 1.007507
Train Epoch: 4 [21760/36000 (60%)]	Loss: 1.400614
Train Epoch: 4 [22400/36000 (62%)]	Loss: 0.989673
Train Epoch: 4 [23040/36000 (64%)]	Loss: 0.641374
Train Epoch: 4 [23680/36000 (66%)]	Loss: 0.511868
Train Epoch: 4 [24320/36000 (67%)]	Loss: 2.016642
Train Epoch: 4 [24960/36000 (69%)]	Loss: 0.803653
Train Epoch: 4 [25600/36000 (71%)]	Loss: 0.576678
Train Epoch: 4 [26240/36000 (73%)]	Loss: 0.519476
Train Epoch: 4 [26880/36000 (75%)]	Loss: 0.516546
Train Epoch: 4 [27520/36000 (76%)]	Loss: 0.384278
Train Epoch: 4 [28160/36000 (78%)]	Loss: 0.554936
Train Epoch: 4 [28800/36000 (80%)]	Loss: 0.833981
Train Epoch: 4 [29440/36000 (82%)]	Loss: 0.709557
Train Epoch: 4 [30080/36000 (83%)]	Loss: 0.602934
Train Epoch: 4 [30720/36000 (85%)]	Loss: 0.585485
Train Epoch: 4 [31360/36000 (87%)]	Loss: 0.609833
Train Epoch: 4 [32000/36000 (89%)]	Loss: 0.522085
Train Epoch: 4 [32640/36000 (91%)]	Loss: 0.455707
Train Epoch: 4 [33280/36000 (92%)]	Loss: 1.379922
Train Epoch: 4 [33920/36000 (94%)]	Loss: 1.536012
Train Epoch: 4 [34560/36000 (96%)]	Loss: 0.439422
Train Epoch: 4 [35200/36000 (98%)]	Loss: 0.684422
Train Epoch: 4 [35840/36000 (99%)]	Loss: 0.683455
Test set:
Overall: 105314/112000 (94.0%)
Train set:
Overall: 27715/36000 (77.0%)
Train Epoch: 5 [0/36000 (0%)]	Loss: 0.484189
Train Epoch: 5 [640/36000 (2%)]	Loss: 0.482940
Train Epoch: 5 [1280/36000 (4%)]	Loss: 0.451904
Train Epoch: 5 [1920/36000 (5%)]	Loss: 0.483986
Train Epoch: 5 [2560/36000 (7%)]	Loss: 0.408749
Train Epoch: 5 [3200/36000 (9%)]	Loss: 2.279065
Train Epoch: 5 [3840/36000 (11%)]	Loss: 0.723849
Train Epoch: 5 [4480/36000 (12%)]	Loss: 1.053057
Train Epoch: 5 [5120/36000 (14%)]	Loss: 0.524109
Train Epoch: 5 [5760/36000 (16%)]	Loss: 1.393360
Train Epoch: 5 [6400/36000 (18%)]	Loss: 0.766355
Train Epoch: 5 [7040/36000 (20%)]	Loss: 0.605999
Train Epoch: 5 [7680/36000 (21%)]	Loss: 0.489486
Train Epoch: 5 [8320/36000 (23%)]	Loss: 0.379193
Train Epoch: 5 [8960/36000 (25%)]	Loss: 0.387514
Train Epoch: 5 [9600/36000 (27%)]	Loss: 0.393450
Train Epoch: 5 [10240/36000 (28%)]	Loss: 0.517759
Train Epoch: 5 [10880/36000 (30%)]	Loss: 0.348935
Train Epoch: 5 [11520/36000 (32%)]	Loss: 1.021750
Train Epoch: 5 [12160/36000 (34%)]	Loss: 0.447020
Train Epoch: 5 [12800/36000 (36%)]	Loss: 0.711874
Train Epoch: 5 [13440/36000 (37%)]	Loss: 0.501489
Train Epoch: 5 [14080/36000 (39%)]	Loss: 1.036459
Train Epoch: 5 [14720/36000 (41%)]	Loss: 1.010069
Train Epoch: 5 [15360/36000 (43%)]	Loss: 0.931360
Train Epoch: 5 [16000/36000 (44%)]	Loss: 0.531386
Train Epoch: 5 [16640/36000 (46%)]	Loss: 0.400539
Train Epoch: 5 [17280/36000 (48%)]	Loss: 0.840244
Train Epoch: 5 [17920/36000 (50%)]	Loss: 0.737729
Train Epoch: 5 [18560/36000 (52%)]	Loss: 0.234587
Train Epoch: 5 [19200/36000 (53%)]	Loss: 0.743545
Train Epoch: 5 [19840/36000 (55%)]	Loss: 0.578307
Train Epoch: 5 [20480/36000 (57%)]	Loss: 0.535640
Train Epoch: 5 [21120/36000 (59%)]	Loss: 0.945867
Train Epoch: 5 [21760/36000 (60%)]	Loss: 0.425335
Train Epoch: 5 [22400/36000 (62%)]	Loss: 1.643063
Train Epoch: 5 [23040/36000 (64%)]	Loss: 1.145469
Train Epoch: 5 [23680/36000 (66%)]	Loss: 0.511164
Train Epoch: 5 [24320/36000 (67%)]	Loss: 0.428398
Train Epoch: 5 [24960/36000 (69%)]	Loss: 0.354732
Train Epoch: 5 [25600/36000 (71%)]	Loss: 0.638614
Train Epoch: 5 [26240/36000 (73%)]	Loss: 0.482363
Train Epoch: 5 [26880/36000 (75%)]	Loss: 0.525069
Train Epoch: 5 [27520/36000 (76%)]	Loss: 1.100016
Train Epoch: 5 [28160/36000 (78%)]	Loss: 0.629153
Train Epoch: 5 [28800/36000 (80%)]	Loss: 0.647362
Train Epoch: 5 [29440/36000 (82%)]	Loss: 0.455605
Train Epoch: 5 [30080/36000 (83%)]	Loss: 0.252054
Train Epoch: 5 [30720/36000 (85%)]	Loss: 0.623117
Train Epoch: 5 [31360/36000 (87%)]	Loss: 0.768067
Train Epoch: 5 [32000/36000 (89%)]	Loss: 0.529609
Train Epoch: 5 [32640/36000 (91%)]	Loss: 0.740481
Train Epoch: 5 [33280/36000 (92%)]	Loss: 0.797607
Train Epoch: 5 [33920/36000 (94%)]	Loss: 0.759177
Train Epoch: 5 [34560/36000 (96%)]	Loss: 0.485650
Train Epoch: 5 [35200/36000 (98%)]	Loss: 0.750567
Train Epoch: 5 [35840/36000 (99%)]	Loss: 0.739625
Test set:
Overall: 98729/112000 (88.2%)
Train set:
Overall: 23325/36000 (64.8%)
Train Epoch: 6 [0/36000 (0%)]	Loss: 0.812955
Train Epoch: 6 [640/36000 (2%)]	Loss: 0.972457
Train Epoch: 6 [1280/36000 (4%)]	Loss: 0.477602
Train Epoch: 6 [1920/36000 (5%)]	Loss: 0.661694
Train Epoch: 6 [2560/36000 (7%)]	Loss: 0.511095
Train Epoch: 6 [3200/36000 (9%)]	Loss: 0.903753
Train Epoch: 6 [3840/36000 (11%)]	Loss: 1.083846
Train Epoch: 6 [4480/36000 (12%)]	Loss: 0.624087
Train Epoch: 6 [5120/36000 (14%)]	Loss: 0.942814
Train Epoch: 6 [5760/36000 (16%)]	Loss: 0.585772
Train Epoch: 6 [6400/36000 (18%)]	Loss: 1.769727
Train Epoch: 6 [7040/36000 (20%)]	Loss: 0.387554
Train Epoch: 6 [7680/36000 (21%)]	Loss: 0.832474
Train Epoch: 6 [8320/36000 (23%)]	Loss: 0.255191
Train Epoch: 6 [8960/36000 (25%)]	Loss: 0.417454
Train Epoch: 6 [9600/36000 (27%)]	Loss: 1.113442
Train Epoch: 6 [10240/36000 (28%)]	Loss: 0.775612
Train Epoch: 6 [10880/36000 (30%)]	Loss: 0.398035
Train Epoch: 6 [11520/36000 (32%)]	Loss: 1.740773
Train Epoch: 6 [12160/36000 (34%)]	Loss: 0.518895
Train Epoch: 6 [12800/36000 (36%)]	Loss: 0.520654
Train Epoch: 6 [13440/36000 (37%)]	Loss: 0.554501
Train Epoch: 6 [14080/36000 (39%)]	Loss: 0.484572
Train Epoch: 6 [14720/36000 (41%)]	Loss: 0.531970
Train Epoch: 6 [15360/36000 (43%)]	Loss: 1.292216
Train Epoch: 6 [16000/36000 (44%)]	Loss: 0.446882
Train Epoch: 6 [16640/36000 (46%)]	Loss: 0.746303
Train Epoch: 6 [17280/36000 (48%)]	Loss: 0.712413
Train Epoch: 6 [17920/36000 (50%)]	Loss: 0.491635
Train Epoch: 6 [18560/36000 (52%)]	Loss: 0.452324
Train Epoch: 6 [19200/36000 (53%)]	Loss: 0.536870
Train Epoch: 6 [19840/36000 (55%)]	Loss: 0.961794
Train Epoch: 6 [20480/36000 (57%)]	Loss: 0.861607
Train Epoch: 6 [21120/36000 (59%)]	Loss: 0.958533
Train Epoch: 6 [21760/36000 (60%)]	Loss: 1.221978
Train Epoch: 6 [22400/36000 (62%)]	Loss: 0.421404
Train Epoch: 6 [23040/36000 (64%)]	Loss: 0.672612
Train Epoch: 6 [23680/36000 (66%)]	Loss: 0.514231
Train Epoch: 6 [24320/36000 (67%)]	Loss: 0.356902
Train Epoch: 6 [24960/36000 (69%)]	Loss: 0.791094
Train Epoch: 6 [25600/36000 (71%)]	Loss: 0.763198
Train Epoch: 6 [26240/36000 (73%)]	Loss: 0.706807
Train Epoch: 6 [26880/36000 (75%)]	Loss: 0.516380
Train Epoch: 6 [27520/36000 (76%)]	Loss: 0.534579
Train Epoch: 6 [28160/36000 (78%)]	Loss: 0.549130
Train Epoch: 6 [28800/36000 (80%)]	Loss: 1.019861
Train Epoch: 6 [29440/36000 (82%)]	Loss: 1.838608
Train Epoch: 6 [30080/36000 (83%)]	Loss: 0.878999
Train Epoch: 6 [30720/36000 (85%)]	Loss: 0.377824
Train Epoch: 6 [31360/36000 (87%)]	Loss: 0.515807
Train Epoch: 6 [32000/36000 (89%)]	Loss: 1.435738
Train Epoch: 6 [32640/36000 (91%)]	Loss: 0.601270
Train Epoch: 6 [33280/36000 (92%)]	Loss: 0.402863
Train Epoch: 6 [33920/36000 (94%)]	Loss: 0.638161
Train Epoch: 6 [34560/36000 (96%)]	Loss: 0.764818
Train Epoch: 6 [35200/36000 (98%)]	Loss: 1.973426
Train Epoch: 6 [35840/36000 (99%)]	Loss: 0.618408
Test set:
Overall: 104876/112000 (93.6%)
Train set:
Overall: 27712/36000 (77.0%)
Train Epoch: 7 [0/36000 (0%)]	Loss: 0.334568
Train Epoch: 7 [640/36000 (2%)]	Loss: 1.214681
Train Epoch: 7 [1280/36000 (4%)]	Loss: 1.041218
Train Epoch: 7 [1920/36000 (5%)]	Loss: 0.698124
Train Epoch: 7 [2560/36000 (7%)]	Loss: 0.484852
Train Epoch: 7 [3200/36000 (9%)]	Loss: 0.878047
Train Epoch: 7 [3840/36000 (11%)]	Loss: 0.595648
Train Epoch: 7 [4480/36000 (12%)]	Loss: 0.646132
Train Epoch: 7 [5120/36000 (14%)]	Loss: 0.327637
Train Epoch: 7 [5760/36000 (16%)]	Loss: 0.950309
Train Epoch: 7 [6400/36000 (18%)]	Loss: 0.393046
Train Epoch: 7 [7040/36000 (20%)]	Loss: 0.451196
Train Epoch: 7 [7680/36000 (21%)]	Loss: 1.198187
Train Epoch: 7 [8320/36000 (23%)]	Loss: 0.832926
Train Epoch: 7 [8960/36000 (25%)]	Loss: 0.594181
Train Epoch: 7 [9600/36000 (27%)]	Loss: 0.498225
Train Epoch: 7 [10240/36000 (28%)]	Loss: 0.401084
Train Epoch: 7 [10880/36000 (30%)]	Loss: 0.629361
Train Epoch: 7 [11520/36000 (32%)]	Loss: 0.336842
Train Epoch: 7 [12160/36000 (34%)]	Loss: 0.523771
Train Epoch: 7 [12800/36000 (36%)]	Loss: 0.850116
Train Epoch: 7 [13440/36000 (37%)]	Loss: 1.128192
Train Epoch: 7 [14080/36000 (39%)]	Loss: 0.334505
Train Epoch: 7 [14720/36000 (41%)]	Loss: 0.337338
Train Epoch: 7 [15360/36000 (43%)]	Loss: 1.105952
Train Epoch: 7 [16000/36000 (44%)]	Loss: 0.462075
Train Epoch: 7 [16640/36000 (46%)]	Loss: 0.774038
Train Epoch: 7 [17280/36000 (48%)]	Loss: 0.852664
Train Epoch: 7 [17920/36000 (50%)]	Loss: 0.425289
Train Epoch: 7 [18560/36000 (52%)]	Loss: 0.451716
Train Epoch: 7 [19200/36000 (53%)]	Loss: 0.627904
Train Epoch: 7 [19840/36000 (55%)]	Loss: 0.674582
Train Epoch: 7 [20480/36000 (57%)]	Loss: 0.804370
Train Epoch: 7 [21120/36000 (59%)]	Loss: 0.340886
Train Epoch: 7 [21760/36000 (60%)]	Loss: 0.442720
Train Epoch: 7 [22400/36000 (62%)]	Loss: 0.701505
Train Epoch: 7 [23040/36000 (64%)]	Loss: 0.737953
Train Epoch: 7 [23680/36000 (66%)]	Loss: 0.394073
Train Epoch: 7 [24320/36000 (67%)]	Loss: 0.449986
Train Epoch: 7 [24960/36000 (69%)]	Loss: 0.462069
Train Epoch: 7 [25600/36000 (71%)]	Loss: 0.482687
Train Epoch: 7 [26240/36000 (73%)]	Loss: 0.483509
Train Epoch: 7 [26880/36000 (75%)]	Loss: 0.281386
Train Epoch: 7 [27520/36000 (76%)]	Loss: 0.478035
Train Epoch: 7 [28160/36000 (78%)]	Loss: 0.523988
Train Epoch: 7 [28800/36000 (80%)]	Loss: 0.420891
Train Epoch: 7 [29440/36000 (82%)]	Loss: 1.204318
Train Epoch: 7 [30080/36000 (83%)]	Loss: 0.544175
Train Epoch: 7 [30720/36000 (85%)]	Loss: 0.459410
Train Epoch: 7 [31360/36000 (87%)]	Loss: 0.372240
Train Epoch: 7 [32000/36000 (89%)]	Loss: 0.431403
Train Epoch: 7 [32640/36000 (91%)]	Loss: 0.560655
Train Epoch: 7 [33280/36000 (92%)]	Loss: 0.264249
Train Epoch: 7 [33920/36000 (94%)]	Loss: 0.417348
Train Epoch: 7 [34560/36000 (96%)]	Loss: 0.421829
Train Epoch: 7 [35200/36000 (98%)]	Loss: 0.910489
Train Epoch: 7 [35840/36000 (99%)]	Loss: 0.506514
Test set:
Overall: 107678/112000 (96.1%)
Train set:
Overall: 29784/36000 (82.7%)
Train Epoch: 8 [0/36000 (0%)]	Loss: 0.415160
Train Epoch: 8 [640/36000 (2%)]	Loss: 0.354683
Train Epoch: 8 [1280/36000 (4%)]	Loss: 0.424483
Train Epoch: 8 [1920/36000 (5%)]	Loss: 1.380224
Train Epoch: 8 [2560/36000 (7%)]	Loss: 0.439327
Train Epoch: 8 [3200/36000 (9%)]	Loss: 0.685518
Train Epoch: 8 [3840/36000 (11%)]	Loss: 0.470395
Train Epoch: 8 [4480/36000 (12%)]	Loss: 0.474397
Train Epoch: 8 [5120/36000 (14%)]	Loss: 0.390265
Train Epoch: 8 [5760/36000 (16%)]	Loss: 0.410469
Train Epoch: 8 [6400/36000 (18%)]	Loss: 0.547794
Train Epoch: 8 [7040/36000 (20%)]	Loss: 0.418271
Train Epoch: 8 [7680/36000 (21%)]	Loss: 0.491500
Train Epoch: 8 [8320/36000 (23%)]	Loss: 0.789420
Train Epoch: 8 [8960/36000 (25%)]	Loss: 0.907905
Train Epoch: 8 [9600/36000 (27%)]	Loss: 0.521613
Train Epoch: 8 [10240/36000 (28%)]	Loss: 0.606910
Train Epoch: 8 [10880/36000 (30%)]	Loss: 0.360078
Train Epoch: 8 [11520/36000 (32%)]	Loss: 0.422782
Train Epoch: 8 [12160/36000 (34%)]	Loss: 0.610131
Train Epoch: 8 [12800/36000 (36%)]	Loss: 0.381020
Train Epoch: 8 [13440/36000 (37%)]	Loss: 0.622117
Train Epoch: 8 [14080/36000 (39%)]	Loss: 0.717831
Train Epoch: 8 [14720/36000 (41%)]	Loss: 0.375705
Train Epoch: 8 [15360/36000 (43%)]	Loss: 0.351202
Train Epoch: 8 [16000/36000 (44%)]	Loss: 0.306876
Train Epoch: 8 [16640/36000 (46%)]	Loss: 0.909919
Train Epoch: 8 [17280/36000 (48%)]	Loss: 0.852664
Train Epoch: 8 [17920/36000 (50%)]	Loss: 1.220091
Train Epoch: 8 [18560/36000 (52%)]	Loss: 0.822799
Train Epoch: 8 [19200/36000 (53%)]	Loss: 3.148736
Train Epoch: 8 [19840/36000 (55%)]	Loss: 0.973293
Train Epoch: 8 [20480/36000 (57%)]	Loss: 0.781671
Train Epoch: 8 [21120/36000 (59%)]	Loss: 0.645091
Train Epoch: 8 [21760/36000 (60%)]	Loss: 0.733730
Train Epoch: 8 [22400/36000 (62%)]	Loss: 0.462341
Train Epoch: 8 [23040/36000 (64%)]	Loss: 0.841600
Train Epoch: 8 [23680/36000 (66%)]	Loss: 0.574201
Train Epoch: 8 [24320/36000 (67%)]	Loss: 0.330386
Train Epoch: 8 [24960/36000 (69%)]	Loss: 0.450596
Train Epoch: 8 [25600/36000 (71%)]	Loss: 0.466526
Train Epoch: 8 [26240/36000 (73%)]	Loss: 0.514593
Train Epoch: 8 [26880/36000 (75%)]	Loss: 0.597523
Train Epoch: 8 [27520/36000 (76%)]	Loss: 0.499733
Train Epoch: 8 [28160/36000 (78%)]	Loss: 0.466392
Train Epoch: 8 [28800/36000 (80%)]	Loss: 0.427472
Train Epoch: 8 [29440/36000 (82%)]	Loss: 0.398206
Train Epoch: 8 [30080/36000 (83%)]	Loss: 0.919580
Train Epoch: 8 [30720/36000 (85%)]	Loss: 0.423360
Train Epoch: 8 [31360/36000 (87%)]	Loss: 0.304317
Train Epoch: 8 [32000/36000 (89%)]	Loss: 0.574685
Train Epoch: 8 [32640/36000 (91%)]	Loss: 0.672597
Train Epoch: 8 [33280/36000 (92%)]	Loss: 0.539124
Train Epoch: 8 [33920/36000 (94%)]	Loss: 0.813524
Train Epoch: 8 [34560/36000 (96%)]	Loss: 0.435535
Train Epoch: 8 [35200/36000 (98%)]	Loss: 0.627049
Train Epoch: 8 [35840/36000 (99%)]	Loss: 0.499318
Test set:
Overall: 108119/112000 (96.5%)
Train set:
Overall: 30028/36000 (83.4%)
Train Epoch: 9 [0/36000 (0%)]	Loss: 0.307147
Train Epoch: 9 [640/36000 (2%)]	Loss: 1.152473
Train Epoch: 9 [1280/36000 (4%)]	Loss: 0.500868
Train Epoch: 9 [1920/36000 (5%)]	Loss: 0.509252
Train Epoch: 9 [2560/36000 (7%)]	Loss: 0.390397
Train Epoch: 9 [3200/36000 (9%)]	Loss: 0.163366
Train Epoch: 9 [3840/36000 (11%)]	Loss: 0.277354
Train Epoch: 9 [4480/36000 (12%)]	Loss: 1.004277
Train Epoch: 9 [5120/36000 (14%)]	Loss: 0.746572
Train Epoch: 9 [5760/36000 (16%)]	Loss: 0.775969
Train Epoch: 9 [6400/36000 (18%)]	Loss: 0.425815
Train Epoch: 9 [7040/36000 (20%)]	Loss: 1.561811
Train Epoch: 9 [7680/36000 (21%)]	Loss: 0.755987
Train Epoch: 9 [8320/36000 (23%)]	Loss: 1.235468
Train Epoch: 9 [8960/36000 (25%)]	Loss: 0.619911
Train Epoch: 9 [9600/36000 (27%)]	Loss: 0.561645
Train Epoch: 9 [10240/36000 (28%)]	Loss: 0.666658
Train Epoch: 9 [10880/36000 (30%)]	Loss: 1.161818
Train Epoch: 9 [11520/36000 (32%)]	Loss: 0.542445
Train Epoch: 9 [12160/36000 (34%)]	Loss: 0.949511
Train Epoch: 9 [12800/36000 (36%)]	Loss: 0.422128
Train Epoch: 9 [13440/36000 (37%)]	Loss: 0.506838
Train Epoch: 9 [14080/36000 (39%)]	Loss: 0.486955
Train Epoch: 9 [14720/36000 (41%)]	Loss: 0.274538
Train Epoch: 9 [15360/36000 (43%)]	Loss: 0.311459
Train Epoch: 9 [16000/36000 (44%)]	Loss: 0.666540
Train Epoch: 6 [23680/36000 (66%)]	Loss: 0.514231
Train Epoch: 6 [24320/36000 (67%)]	Loss: 0.356902
Train Epoch: 6 [24960/36000 (69%)]	Loss: 0.791094
Train Epoch: 6 [25600/36000 (71%)]	Loss: 0.763198
Train Epoch: 6 [26240/36000 (73%)]	Loss: 0.706807
Train Epoch: 6 [26880/36000 (75%)]	Loss: 0.516380
Train Epoch: 6 [27520/36000 (76%)]	Loss: 0.534579
Train Epoch: 6 [28160/36000 (78%)]	Loss: 0.549130
Train Epoch: 6 [28800/36000 (80%)]	Loss: 1.019861
Train Epoch: 6 [29440/36000 (82%)]	Loss: 1.838608
Train Epoch: 6 [30080/36000 (83%)]	Loss: 0.878999
Train Epoch: 6 [30720/36000 (85%)]	Loss: 0.377824
Train Epoch: 6 [31360/36000 (87%)]	Loss: 0.515807
Train Epoch: 6 [32000/36000 (89%)]	Loss: 1.435738
Train Epoch: 6 [32640/36000 (91%)]	Loss: 0.601270
Train Epoch: 6 [33280/36000 (92%)]	Loss: 0.402863
Train Epoch: 6 [33920/36000 (94%)]	Loss: 0.638161
Train Epoch: 6 [34560/36000 (96%)]	Loss: 0.764818
Train Epoch: 6 [35200/36000 (98%)]	Loss: 1.973426
Train Epoch: 6 [35840/36000 (99%)]	Loss: 0.618408
Test set:
Overall: 104876/112000 (93.6%)
Train set:
Overall: 27712/36000 (77.0%)
Train Epoch: 7 [0/36000 (0%)]	Loss: 0.334568
Train Epoch: 7 [640/36000 (2%)]	Loss: 1.214681
Train Epoch: 7 [1280/36000 (4%)]	Loss: 1.041218
Train Epoch: 7 [1920/36000 (5%)]	Loss: 0.698124
Train Epoch: 7 [2560/36000 (7%)]	Loss: 0.484852
Train Epoch: 7 [3200/36000 (9%)]	Loss: 0.878047
Train Epoch: 7 [3840/36000 (11%)]	Loss: 0.595648
Train Epoch: 7 [4480/36000 (12%)]	Loss: 0.646132
Train Epoch: 7 [5120/36000 (14%)]	Loss: 0.327637
Train Epoch: 7 [5760/36000 (16%)]	Loss: 0.950309
Train Epoch: 7 [6400/36000 (18%)]	Loss: 0.393046
Train Epoch: 7 [7040/36000 (20%)]	Loss: 0.451196
Train Epoch: 7 [7680/36000 (21%)]	Loss: 1.198187
Train Epoch: 7 [8320/36000 (23%)]	Loss: 0.832926
Train Epoch: 7 [8960/36000 (25%)]	Loss: 0.594181
Train Epoch: 7 [9600/36000 (27%)]	Loss: 0.498225
Train Epoch: 7 [10240/36000 (28%)]	Loss: 0.401084
Train Epoch: 7 [10880/36000 (30%)]	Loss: 0.629361
Train Epoch: 7 [11520/36000 (32%)]	Loss: 0.336842
Train Epoch: 7 [12160/36000 (34%)]	Loss: 0.523771
Train Epoch: 7 [12800/36000 (36%)]	Loss: 0.850116
Train Epoch: 7 [13440/36000 (37%)]	Loss: 1.128192
Train Epoch: 7 [14080/36000 (39%)]	Loss: 0.334505
Train Epoch: 7 [14720/36000 (41%)]	Loss: 0.337338
Train Epoch: 7 [15360/36000 (43%)]	Loss: 1.105952
Train Epoch: 7 [16000/36000 (44%)]	Loss: 0.462075
Train Epoch: 7 [16640/36000 (46%)]	Loss: 0.774038
Train Epoch: 7 [17280/36000 (48%)]	Loss: 0.852664
Train Epoch: 7 [17920/36000 (50%)]	Loss: 0.425289
Train Epoch: 7 [18560/36000 (52%)]	Loss: 0.451716
Train Epoch: 7 [19200/36000 (53%)]	Loss: 0.627904
Train Epoch: 7 [19840/36000 (55%)]	Loss: 0.674582
Train Epoch: 7 [20480/36000 (57%)]	Loss: 0.804370
Train Epoch: 7 [21120/36000 (59%)]	Loss: 0.340886
Train Epoch: 7 [21760/36000 (60%)]	Loss: 0.442720
Train Epoch: 7 [22400/36000 (62%)]	Loss: 0.701505
Train Epoch: 7 [23040/36000 (64%)]	Loss: 0.737953
Train Epoch: 7 [23680/36000 (66%)]	Loss: 0.394073
Train Epoch: 7 [24320/36000 (67%)]	Loss: 0.449986
Train Epoch: 7 [24960/36000 (69%)]	Loss: 0.462069
Train Epoch: 7 [25600/36000 (71%)]	Loss: 0.482687
Train Epoch: 7 [26240/36000 (73%)]	Loss: 0.483509
Train Epoch: 7 [26880/36000 (75%)]	Loss: 0.281386
Train Epoch: 7 [27520/36000 (76%)]	Loss: 0.478035
Train Epoch: 7 [28160/36000 (78%)]	Loss: 0.523988
Train Epoch: 7 [28800/36000 (80%)]	Loss: 0.420891
Train Epoch: 7 [29440/36000 (82%)]	Loss: 1.204318
Train Epoch: 7 [30080/36000 (83%)]	Loss: 0.544175
Train Epoch: 7 [30720/36000 (85%)]	Loss: 0.459410
Train Epoch: 7 [31360/36000 (87%)]	Loss: 0.372240
Train Epoch: 7 [32000/36000 (89%)]	Loss: 0.431403
Train Epoch: 7 [32640/36000 (91%)]	Loss: 0.560655
Train Epoch: 7 [33280/36000 (92%)]	Loss: 0.264249
Train Epoch: 7 [33920/36000 (94%)]	Loss: 0.417348
Train Epoch: 7 [34560/36000 (96%)]	Loss: 0.421829
Train Epoch: 7 [35200/36000 (98%)]	Loss: 0.910489
Train Epoch: 7 [35840/36000 (99%)]	Loss: 0.506514
Test set:
Overall: 107678/112000 (96.1%)
Train set:
Overall: 29784/36000 (82.7%)
Train Epoch: 8 [0/36000 (0%)]	Loss: 0.415160
Train Epoch: 8 [640/36000 (2%)]	Loss: 0.354683
Train Epoch: 8 [1280/36000 (4%)]	Loss: 0.424483
Train Epoch: 8 [1920/36000 (5%)]	Loss: 1.380224
Train Epoch: 8 [2560/36000 (7%)]	Loss: 0.439327
Train Epoch: 8 [3200/36000 (9%)]	Loss: 0.685518
Train Epoch: 8 [3840/36000 (11%)]	Loss: 0.470395
Train Epoch: 8 [4480/36000 (12%)]	Loss: 0.474397
Train Epoch: 8 [5120/36000 (14%)]	Loss: 0.390265
Train Epoch: 8 [5760/36000 (16%)]	Loss: 0.410469
Train Epoch: 8 [6400/36000 (18%)]	Loss: 0.547794
Train Epoch: 8 [7040/36000 (20%)]	Loss: 0.418271
Train Epoch: 8 [7680/36000 (21%)]	Loss: 0.491500
Train Epoch: 8 [8320/36000 (23%)]	Loss: 0.789420
Train Epoch: 8 [8960/36000 (25%)]	Loss: 0.907905
Train Epoch: 8 [9600/36000 (27%)]	Loss: 0.521613
Train Epoch: 8 [10240/36000 (28%)]	Loss: 0.606910
Train Epoch: 8 [10880/36000 (30%)]	Loss: 0.360078
Train Epoch: 8 [11520/36000 (32%)]	Loss: 0.422782
Train Epoch: 8 [12160/36000 (34%)]	Loss: 0.610131
Train Epoch: 8 [12800/36000 (36%)]	Loss: 0.381020
Train Epoch: 8 [13440/36000 (37%)]	Loss: 0.622117
Train Epoch: 8 [14080/36000 (39%)]	Loss: 0.717831
Train Epoch: 8 [14720/36000 (41%)]	Loss: 0.375705
Train Epoch: 8 [15360/36000 (43%)]	Loss: 0.351202
Train Epoch: 8 [16000/36000 (44%)]	Loss: 0.306876
Train Epoch: 8 [16640/36000 (46%)]	Loss: 0.909919
Train Epoch: 8 [17280/36000 (48%)]	Loss: 0.852664
Train Epoch: 8 [17920/36000 (50%)]	Loss: 1.220091
Train Epoch: 8 [18560/36000 (52%)]	Loss: 0.822799
Train Epoch: 8 [19200/36000 (53%)]	Loss: 3.148736
Train Epoch: 8 [19840/36000 (55%)]	Loss: 0.973293
Train Epoch: 8 [20480/36000 (57%)]	Loss: 0.781671
Train Epoch: 8 [21120/36000 (59%)]	Loss: 0.645091
Train Epoch: 8 [21760/36000 (60%)]	Loss: 0.733730
Train Epoch: 8 [22400/36000 (62%)]	Loss: 0.462341
Train Epoch: 8 [23040/36000 (64%)]	Loss: 0.841600
Train Epoch: 8 [23680/36000 (66%)]	Loss: 0.574201
Train Epoch: 8 [24320/36000 (67%)]	Loss: 0.330386
Train Epoch: 8 [24960/36000 (69%)]	Loss: 0.450596
Train Epoch: 8 [25600/36000 (71%)]	Loss: 0.466526
Train Epoch: 8 [26240/36000 (73%)]	Loss: 0.514593
Train Epoch: 8 [26880/36000 (75%)]	Loss: 0.597523
Train Epoch: 8 [27520/36000 (76%)]	Loss: 0.499733
Train Epoch: 8 [28160/36000 (78%)]	Loss: 0.466392
Train Epoch: 8 [28800/36000 (80%)]	Loss: 0.427472
Train Epoch: 8 [29440/36000 (82%)]	Loss: 0.398206
Train Epoch: 8 [30080/36000 (83%)]	Loss: 0.919580
Train Epoch: 8 [30720/36000 (85%)]	Loss: 0.423360
Train Epoch: 8 [31360/36000 (87%)]	Loss: 0.304317
Train Epoch: 8 [32000/36000 (89%)]	Loss: 0.574685
Train Epoch: 8 [32640/36000 (91%)]	Loss: 0.672597
Train Epoch: 8 [33280/36000 (92%)]	Loss: 0.539124
Train Epoch: 8 [33920/36000 (94%)]	Loss: 0.813524
Train Epoch: 8 [34560/36000 (96%)]	Loss: 0.435535
Train Epoch: 8 [35200/36000 (98%)]	Loss: 0.627049
Train Epoch: 8 [35840/36000 (99%)]	Loss: 0.499318
Test set:
Overall: 108119/112000 (96.5%)
Train set:
Overall: 30028/36000 (83.4%)
Train Epoch: 9 [0/36000 (0%)]	Loss: 0.307147
Train Epoch: 9 [640/36000 (2%)]	Loss: 1.152473
Train Epoch: 9 [1280/36000 (4%)]	Loss: 0.500868
Train Epoch: 9 [1920/36000 (5%)]	Loss: 0.509252
Train Epoch: 9 [2560/36000 (7%)]	Loss: 0.390397
Train Epoch: 9 [3200/36000 (9%)]	Loss: 0.163366
Train Epoch: 9 [3840/36000 (11%)]	Loss: 0.277354
Train Epoch: 9 [4480/36000 (12%)]	Loss: 1.004277
Train Epoch: 9 [5120/36000 (14%)]	Loss: 0.746572
Train Epoch: 9 [5760/36000 (16%)]	Loss: 0.775969
Train Epoch: 9 [6400/36000 (18%)]	Loss: 0.425815
Train Epoch: 9 [7040/36000 (20%)]	Loss: 1.561811
Train Epoch: 9 [7680/36000 (21%)]	Loss: 0.755987
Train Epoch: 9 [8320/36000 (23%)]	Loss: 1.235468
Train Epoch: 9 [8960/36000 (25%)]	Loss: 0.619911
Train Epoch: 9 [9600/36000 (27%)]	Loss: 0.561645
Train Epoch: 9 [10240/36000 (28%)]	Loss: 0.666658
Train Epoch: 9 [10880/36000 (30%)]	Loss: 1.161818
Train Epoch: 9 [11520/36000 (32%)]	Loss: 0.542445
Train Epoch: 9 [12160/36000 (34%)]	Loss: 0.949511
Train Epoch: 9 [12800/36000 (36%)]	Loss: 0.422128
Train Epoch: 9 [13440/36000 (37%)]	Loss: 0.506838
Train Epoch: 9 [14080/36000 (39%)]	Loss: 0.486955
Train Epoch: 9 [14720/36000 (41%)]	Loss: 0.274538
Train Epoch: 9 [15360/36000 (43%)]	Loss: 0.311459
Train Epoch: 9 [16000/36000 (44%)]	Loss: 0.666540
Train Epoch: 9 [16640/36000 (46%)]	Loss: 0.528435
Train Epoch: 9 [17280/36000 (48%)]	Loss: 0.895069
Train Epoch: 9 [17920/36000 (50%)]	Loss: 0.341632
Train Epoch: 9 [18560/36000 (52%)]	Loss: 0.889934
Train Epoch: 9 [19200/36000 (53%)]	Loss: 0.688624
Train Epoch: 9 [19840/36000 (55%)]	Loss: 0.350666
Train Epoch: 9 [20480/36000 (57%)]	Loss: 0.321489
Train Epoch: 9 [21120/36000 (59%)]	Loss: 0.337968
Train Epoch: 9 [21760/36000 (60%)]	Loss: 0.515589
Train Epoch: 9 [22400/36000 (62%)]	Loss: 0.756233
Train Epoch: 9 [23040/36000 (64%)]	Loss: 0.413945
Train Epoch: 9 [23680/36000 (66%)]	Loss: 0.595047
Train Epoch: 9 [24320/36000 (67%)]	Loss: 0.432858
Train Epoch: 9 [24960/36000 (69%)]	Loss: 0.726598
Train Epoch: 9 [25600/36000 (71%)]	Loss: 0.802536
Train Epoch: 9 [26240/36000 (73%)]	Loss: 0.501207
Train Epoch: 9 [26880/36000 (75%)]	Loss: 1.410901
Train Epoch: 9 [27520/36000 (76%)]	Loss: 1.403318
Train Epoch: 9 [28160/36000 (78%)]	Loss: 0.890042
Train Epoch: 9 [28800/36000 (80%)]	Loss: 0.614773
Train Epoch: 9 [29440/36000 (82%)]	Loss: 0.590272
Train Epoch: 9 [30080/36000 (83%)]	Loss: 0.342070
Train Epoch: 9 [30720/36000 (85%)]	Loss: 0.511662
Train Epoch: 9 [31360/36000 (87%)]	Loss: 0.766473
Train Epoch: 9 [32000/36000 (89%)]	Loss: 0.514739
Train Epoch: 9 [32640/36000 (91%)]	Loss: 0.766553
Train Epoch: 9 [33280/36000 (92%)]	Loss: 0.627032
Train Epoch: 9 [33920/36000 (94%)]	Loss: 0.364707
Train Epoch: 9 [34560/36000 (96%)]	Loss: 0.282551
Train Epoch: 9 [35200/36000 (98%)]	Loss: 0.328098
Train Epoch: 9 [35840/36000 (99%)]	Loss: 0.399558
Test set:
Overall: 107166/112000 (95.7%)
Train set:
Overall: 29209/36000 (81.1%)
Train Epoch: 10 [0/36000 (0%)]	Loss: 0.447460
Train Epoch: 10 [640/36000 (2%)]	Loss: 0.643499
Train Epoch: 10 [1280/36000 (4%)]	Loss: 0.525902
Train Epoch: 10 [1920/36000 (5%)]	Loss: 0.431695
Train Epoch: 10 [2560/36000 (7%)]	Loss: 0.485644
Train Epoch: 10 [3200/36000 (9%)]	Loss: 0.592477
Train Epoch: 10 [3840/36000 (11%)]	Loss: 0.375717
Train Epoch: 10 [4480/36000 (12%)]	Loss: 0.543489
Train Epoch: 10 [5120/36000 (14%)]	Loss: 0.731980
Train Epoch: 10 [5760/36000 (16%)]	Loss: 0.671069
Train Epoch: 10 [6400/36000 (18%)]	Loss: 0.518472
Train Epoch: 10 [7040/36000 (20%)]	Loss: 0.468394
Train Epoch: 10 [7680/36000 (21%)]	Loss: 0.508814
Train Epoch: 10 [8320/36000 (23%)]	Loss: 0.564459
Train Epoch: 10 [8960/36000 (25%)]	Loss: 0.527048
Train Epoch: 10 [9600/36000 (27%)]	Loss: 0.586958
Train Epoch: 10 [10240/36000 (28%)]	Loss: 0.765072
Train Epoch: 10 [10880/36000 (30%)]	Loss: 0.650440
Train Epoch: 10 [11520/36000 (32%)]	Loss: 0.462321
Train Epoch: 10 [12160/36000 (34%)]	Loss: 0.218943
Train Epoch: 10 [12800/36000 (36%)]	Loss: 0.613730
Train Epoch: 10 [13440/36000 (37%)]	Loss: 0.273976
Train Epoch: 10 [14080/36000 (39%)]	Loss: 0.294058
Train Epoch: 10 [14720/36000 (41%)]	Loss: 0.391947
Train Epoch: 10 [15360/36000 (43%)]	Loss: 0.807957
Train Epoch: 10 [16000/36000 (44%)]	Loss: 0.481178
Train Epoch: 10 [16640/36000 (46%)]	Loss: 0.838265
Train Epoch: 10 [17280/36000 (48%)]	Loss: 0.578313
Train Epoch: 10 [17920/36000 (50%)]	Loss: 0.358860
Train Epoch: 10 [18560/36000 (52%)]	Loss: 0.374553
Train Epoch: 10 [19200/36000 (53%)]	Loss: 0.578951
Train Epoch: 10 [19840/36000 (55%)]	Loss: 0.578131
Train Epoch: 10 [20480/36000 (57%)]	Loss: 0.611251
Train Epoch: 10 [21120/36000 (59%)]	Loss: 0.430324
Train Epoch: 10 [21760/36000 (60%)]	Loss: 0.733416
Train Epoch: 10 [22400/36000 (62%)]	Loss: 0.510994
Train Epoch: 10 [23040/36000 (64%)]	Loss: 0.431682
Train Epoch: 10 [23680/36000 (66%)]	Loss: 1.453058
Train Epoch: 10 [24320/36000 (67%)]	Loss: 0.371596
Train Epoch: 10 [24960/36000 (69%)]	Loss: 0.407801
Train Epoch: 10 [25600/36000 (71%)]	Loss: 0.525621
Train Epoch: 10 [26240/36000 (73%)]	Loss: 0.253332
Train Epoch: 10 [26880/36000 (75%)]	Loss: 0.899255
Train Epoch: 10 [27520/36000 (76%)]	Loss: 0.798445
Train Epoch: 10 [28160/36000 (78%)]	Loss: 0.617983
Train Epoch: 10 [28800/36000 (80%)]	Loss: 0.439661
Train Epoch: 10 [29440/36000 (82%)]	Loss: 0.967670
Train Epoch: 10 [30080/36000 (83%)]	Loss: 0.443714
Train Epoch: 10 [30720/36000 (85%)]	Loss: 0.332426
Train Epoch: 10 [31360/36000 (87%)]	Loss: 0.707732
Train Epoch: 10 [32000/36000 (89%)]	Loss: 0.595942
Train Epoch: 10 [32640/36000 (91%)]	Loss: 1.189511
Train Epoch: 10 [33280/36000 (92%)]	Loss: 0.681584
Train Epoch: 10 [33920/36000 (94%)]	Loss: 0.394927
Train Epoch: 10 [34560/36000 (96%)]	Loss: 0.668747
Train Epoch: 10 [35200/36000 (98%)]	Loss: 0.428314
Train Epoch: 10 [35840/36000 (99%)]	Loss: 0.718138
Test set:
Overall: 102307/112000 (91.3%)
Train set:
Overall: 25571/36000 (71.0%)
Train Epoch: 11 [0/36000 (0%)]	Loss: 0.673634
Train Epoch: 11 [640/36000 (2%)]	Loss: 0.293063
Train Epoch: 11 [1280/36000 (4%)]	Loss: 0.533591
Train Epoch: 11 [1920/36000 (5%)]	Loss: 0.541454
Train Epoch: 11 [2560/36000 (7%)]	Loss: 0.571774
Train Epoch: 11 [3200/36000 (9%)]	Loss: 0.739222
Train Epoch: 11 [3840/36000 (11%)]	Loss: 0.305838
Train Epoch: 11 [4480/36000 (12%)]	Loss: 0.706529
Train Epoch: 11 [5120/36000 (14%)]	Loss: 0.498650
Train Epoch: 11 [5760/36000 (16%)]	Loss: 0.417493
Train Epoch: 11 [6400/36000 (18%)]	Loss: 0.715059
Train Epoch: 11 [7040/36000 (20%)]	Loss: 0.540658
Train Epoch: 11 [7680/36000 (21%)]	Loss: 0.312499
Train Epoch: 11 [8320/36000 (23%)]	Loss: 0.511631
Train Epoch: 11 [8960/36000 (25%)]	Loss: 0.373535
Train Epoch: 11 [9600/36000 (27%)]	Loss: 0.290802
Train Epoch: 11 [10240/36000 (28%)]	Loss: 0.621428
Train Epoch: 11 [10880/36000 (30%)]	Loss: 1.786094
Train Epoch: 11 [11520/36000 (32%)]	Loss: 1.033568
Train Epoch: 11 [12160/36000 (34%)]	Loss: 0.391986
Train Epoch: 11 [12800/36000 (36%)]	Loss: 0.230187
Train Epoch: 11 [13440/36000 (37%)]	Loss: 1.148807
Train Epoch: 11 [14080/36000 (39%)]	Loss: 0.623103
Train Epoch: 11 [14720/36000 (41%)]	Loss: 1.020540
Train Epoch: 11 [15360/36000 (43%)]	Loss: 0.826312
Train Epoch: 11 [16000/36000 (44%)]	Loss: 0.703586
Train Epoch: 11 [16640/36000 (46%)]	Loss: 0.599641
Train Epoch: 11 [17280/36000 (48%)]	Loss: 0.537309
Train Epoch: 11 [17920/36000 (50%)]	Loss: 0.793205
Train Epoch: 11 [18560/36000 (52%)]	Loss: 0.410158
Train Epoch: 11 [19200/36000 (53%)]	Loss: 0.405548
Train Epoch: 11 [19840/36000 (55%)]	Loss: 0.318213
Train Epoch: 11 [20480/36000 (57%)]	Loss: 0.384987
Train Epoch: 11 [21120/36000 (59%)]	Loss: 0.384952
Train Epoch: 11 [21760/36000 (60%)]	Loss: 0.335527
Train Epoch: 11 [22400/36000 (62%)]	Loss: 0.276871
Train Epoch: 11 [23040/36000 (64%)]	Loss: 0.385669
Train Epoch: 11 [23680/36000 (66%)]	Loss: 0.387441
Train Epoch: 11 [24320/36000 (67%)]	Loss: 0.555163
Train Epoch: 11 [24960/36000 (69%)]	Loss: 0.419508
Train Epoch: 11 [25600/36000 (71%)]	Loss: 0.557137
Train Epoch: 11 [26240/36000 (73%)]	Loss: 0.839286
Train Epoch: 11 [26880/36000 (75%)]	Loss: 0.448946
Train Epoch: 11 [27520/36000 (76%)]	Loss: 0.846985
Train Epoch: 11 [28160/36000 (78%)]	Loss: 0.834253
Train Epoch: 11 [28800/36000 (80%)]	Loss: 1.046402
Train Epoch: 11 [29440/36000 (82%)]	Loss: 0.287392
Train Epoch: 11 [30080/36000 (83%)]	Loss: 0.369433
Train Epoch: 11 [30720/36000 (85%)]	Loss: 0.780565
Train Epoch: 11 [31360/36000 (87%)]	Loss: 0.266918
Train Epoch: 11 [32000/36000 (89%)]	Loss: 0.424422
Train Epoch: 11 [32640/36000 (91%)]	Loss: 0.317161
Train Epoch: 11 [33280/36000 (92%)]	Loss: 0.411591
Train Epoch: 11 [33920/36000 (94%)]	Loss: 0.495079
Train Epoch: 11 [34560/36000 (96%)]	Loss: 0.543279
Train Epoch: 11 [35200/36000 (98%)]	Loss: 0.287615
Train Epoch: 11 [35840/36000 (99%)]	Loss: 0.654480
Test set:
Overall: 108288/112000 (96.7%)
Train set:
Overall: 30361/36000 (84.3%)
Train Epoch: 12 [0/36000 (0%)]	Loss: 0.361171
Train Epoch: 12 [640/36000 (2%)]	Loss: 0.728941
Train Epoch: 12 [1280/36000 (4%)]	Loss: 0.482567
Train Epoch: 12 [1920/36000 (5%)]	Loss: 0.370095
Train Epoch: 12 [2560/36000 (7%)]	Loss: 0.502406
Train Epoch: 12 [3200/36000 (9%)]	Loss: 0.514731
Train Epoch: 12 [3840/36000 (11%)]	Loss: 0.281479
Train Epoch: 12 [4480/36000 (12%)]	Loss: 0.504381
Train Epoch: 12 [5120/36000 (14%)]	Loss: 1.304710
Train Epoch: 12 [5760/36000 (16%)]	Loss: 0.425838
Train Epoch: 12 [6400/36000 (18%)]	Loss: 0.309918
Train Epoch: 12 [7040/36000 (20%)]	Loss: 0.495773
Train Epoch: 9 [16640/36000 (46%)]	Loss: 0.528435
Train Epoch: 9 [17280/36000 (48%)]	Loss: 0.895069
Train Epoch: 9 [17920/36000 (50%)]	Loss: 0.341632
Train Epoch: 9 [18560/36000 (52%)]	Loss: 0.889934
Train Epoch: 9 [19200/36000 (53%)]	Loss: 0.688624
Train Epoch: 9 [19840/36000 (55%)]	Loss: 0.350666
Train Epoch: 9 [20480/36000 (57%)]	Loss: 0.321489
Train Epoch: 9 [21120/36000 (59%)]	Loss: 0.337968
Train Epoch: 9 [21760/36000 (60%)]	Loss: 0.515589
Train Epoch: 9 [22400/36000 (62%)]	Loss: 0.756233
Train Epoch: 9 [23040/36000 (64%)]	Loss: 0.413945
Train Epoch: 9 [23680/36000 (66%)]	Loss: 0.595047
Train Epoch: 9 [24320/36000 (67%)]	Loss: 0.432858
Train Epoch: 9 [24960/36000 (69%)]	Loss: 0.726598
Train Epoch: 9 [25600/36000 (71%)]	Loss: 0.802536
Train Epoch: 9 [26240/36000 (73%)]	Loss: 0.501207
Train Epoch: 9 [26880/36000 (75%)]	Loss: 1.410901
Train Epoch: 9 [27520/36000 (76%)]	Loss: 1.403318
Train Epoch: 9 [28160/36000 (78%)]	Loss: 0.890042
Train Epoch: 9 [28800/36000 (80%)]	Loss: 0.614773
Train Epoch: 9 [29440/36000 (82%)]	Loss: 0.590272
Train Epoch: 9 [30080/36000 (83%)]	Loss: 0.342070
Train Epoch: 9 [30720/36000 (85%)]	Loss: 0.511662
Train Epoch: 9 [31360/36000 (87%)]	Loss: 0.766473
Train Epoch: 9 [32000/36000 (89%)]	Loss: 0.514739
Train Epoch: 9 [32640/36000 (91%)]	Loss: 0.766553
Train Epoch: 9 [33280/36000 (92%)]	Loss: 0.627032
Train Epoch: 9 [33920/36000 (94%)]	Loss: 0.364707
Train Epoch: 9 [34560/36000 (96%)]	Loss: 0.282551
Train Epoch: 9 [35200/36000 (98%)]	Loss: 0.328098
Train Epoch: 9 [35840/36000 (99%)]	Loss: 0.399558
Test set:
Overall: 107166/112000 (95.7%)
Train set:
Overall: 29209/36000 (81.1%)
Train Epoch: 10 [0/36000 (0%)]	Loss: 0.447460
Train Epoch: 10 [640/36000 (2%)]	Loss: 0.643499
Train Epoch: 10 [1280/36000 (4%)]	Loss: 0.525902
Train Epoch: 10 [1920/36000 (5%)]	Loss: 0.431695
Train Epoch: 10 [2560/36000 (7%)]	Loss: 0.485644
Train Epoch: 10 [3200/36000 (9%)]	Loss: 0.592477
Train Epoch: 10 [3840/36000 (11%)]	Loss: 0.375717
Train Epoch: 10 [4480/36000 (12%)]	Loss: 0.543489
Train Epoch: 10 [5120/36000 (14%)]	Loss: 0.731980
Train Epoch: 10 [5760/36000 (16%)]	Loss: 0.671069
Train Epoch: 10 [6400/36000 (18%)]	Loss: 0.518472
Train Epoch: 10 [7040/36000 (20%)]	Loss: 0.468394
Train Epoch: 10 [7680/36000 (21%)]	Loss: 0.508814
Train Epoch: 10 [8320/36000 (23%)]	Loss: 0.564459
Train Epoch: 10 [8960/36000 (25%)]	Loss: 0.527048
Train Epoch: 10 [9600/36000 (27%)]	Loss: 0.586958
Train Epoch: 10 [10240/36000 (28%)]	Loss: 0.765072
Train Epoch: 10 [10880/36000 (30%)]	Loss: 0.650440
Train Epoch: 10 [11520/36000 (32%)]	Loss: 0.462321
Train Epoch: 10 [12160/36000 (34%)]	Loss: 0.218943
Train Epoch: 10 [12800/36000 (36%)]	Loss: 0.613730
Train Epoch: 10 [13440/36000 (37%)]	Loss: 0.273976
Train Epoch: 10 [14080/36000 (39%)]	Loss: 0.294058
Train Epoch: 10 [14720/36000 (41%)]	Loss: 0.391947
Train Epoch: 10 [15360/36000 (43%)]	Loss: 0.807957
Train Epoch: 10 [16000/36000 (44%)]	Loss: 0.481178
Train Epoch: 10 [16640/36000 (46%)]	Loss: 0.838265
Train Epoch: 10 [17280/36000 (48%)]	Loss: 0.578313
Train Epoch: 10 [17920/36000 (50%)]	Loss: 0.358860
Train Epoch: 10 [18560/36000 (52%)]	Loss: 0.374553
Train Epoch: 10 [19200/36000 (53%)]	Loss: 0.578951
Train Epoch: 10 [19840/36000 (55%)]	Loss: 0.578131
Train Epoch: 10 [20480/36000 (57%)]	Loss: 0.611251
Train Epoch: 10 [21120/36000 (59%)]	Loss: 0.430324
Train Epoch: 10 [21760/36000 (60%)]	Loss: 0.733416
Train Epoch: 10 [22400/36000 (62%)]	Loss: 0.510994
Train Epoch: 10 [23040/36000 (64%)]	Loss: 0.431682
Train Epoch: 10 [23680/36000 (66%)]	Loss: 1.453058
Train Epoch: 10 [24320/36000 (67%)]	Loss: 0.371596
Train Epoch: 10 [24960/36000 (69%)]	Loss: 0.407801
Train Epoch: 10 [25600/36000 (71%)]	Loss: 0.525621
Train Epoch: 10 [26240/36000 (73%)]	Loss: 0.253332
Train Epoch: 10 [26880/36000 (75%)]	Loss: 0.899255
Train Epoch: 10 [27520/36000 (76%)]	Loss: 0.798445
Train Epoch: 10 [28160/36000 (78%)]	Loss: 0.617983
Train Epoch: 10 [28800/36000 (80%)]	Loss: 0.439661
Train Epoch: 10 [29440/36000 (82%)]	Loss: 0.967670
Train Epoch: 10 [30080/36000 (83%)]	Loss: 0.443714
Train Epoch: 10 [30720/36000 (85%)]	Loss: 0.332426
Train Epoch: 10 [31360/36000 (87%)]	Loss: 0.707732
Train Epoch: 10 [32000/36000 (89%)]	Loss: 0.595942
Train Epoch: 10 [32640/36000 (91%)]	Loss: 1.189511
Train Epoch: 10 [33280/36000 (92%)]	Loss: 0.681584
Train Epoch: 10 [33920/36000 (94%)]	Loss: 0.394927
Train Epoch: 10 [34560/36000 (96%)]	Loss: 0.668747
Train Epoch: 10 [35200/36000 (98%)]	Loss: 0.428314
Train Epoch: 10 [35840/36000 (99%)]	Loss: 0.718138
Test set:
Overall: 102307/112000 (91.3%)
Train set:
Overall: 25571/36000 (71.0%)
Train Epoch: 11 [0/36000 (0%)]	Loss: 0.673634
Train Epoch: 11 [640/36000 (2%)]	Loss: 0.293063
Train Epoch: 11 [1280/36000 (4%)]	Loss: 0.533591
Train Epoch: 11 [1920/36000 (5%)]	Loss: 0.541454
Train Epoch: 11 [2560/36000 (7%)]	Loss: 0.571774
Train Epoch: 11 [3200/36000 (9%)]	Loss: 0.739222
Train Epoch: 11 [3840/36000 (11%)]	Loss: 0.305838
Train Epoch: 11 [4480/36000 (12%)]	Loss: 0.706529
Train Epoch: 11 [5120/36000 (14%)]	Loss: 0.498650
Train Epoch: 11 [5760/36000 (16%)]	Loss: 0.417493
Train Epoch: 11 [6400/36000 (18%)]	Loss: 0.715059
Train Epoch: 11 [7040/36000 (20%)]	Loss: 0.540658
Train Epoch: 11 [7680/36000 (21%)]	Loss: 0.312499
Train Epoch: 11 [8320/36000 (23%)]	Loss: 0.511631
Train Epoch: 11 [8960/36000 (25%)]	Loss: 0.373535
Train Epoch: 11 [9600/36000 (27%)]	Loss: 0.290802
Train Epoch: 11 [10240/36000 (28%)]	Loss: 0.621428
Train Epoch: 11 [10880/36000 (30%)]	Loss: 1.786094
Train Epoch: 11 [11520/36000 (32%)]	Loss: 1.033568
Train Epoch: 11 [12160/36000 (34%)]	Loss: 0.391986
Train Epoch: 11 [12800/36000 (36%)]	Loss: 0.230187
Train Epoch: 11 [13440/36000 (37%)]	Loss: 1.148807
Train Epoch: 11 [14080/36000 (39%)]	Loss: 0.623103
Train Epoch: 11 [14720/36000 (41%)]	Loss: 1.020540
Train Epoch: 11 [15360/36000 (43%)]	Loss: 0.826312
Train Epoch: 11 [16000/36000 (44%)]	Loss: 0.703586
Train Epoch: 11 [16640/36000 (46%)]	Loss: 0.599641
Train Epoch: 11 [17280/36000 (48%)]	Loss: 0.537309
Train Epoch: 11 [17920/36000 (50%)]	Loss: 0.793205
Train Epoch: 11 [18560/36000 (52%)]	Loss: 0.410158
Train Epoch: 11 [19200/36000 (53%)]	Loss: 0.405548
Train Epoch: 11 [19840/36000 (55%)]	Loss: 0.318213
Train Epoch: 11 [20480/36000 (57%)]	Loss: 0.384987
Train Epoch: 11 [21120/36000 (59%)]	Loss: 0.384952
Train Epoch: 11 [21760/36000 (60%)]	Loss: 0.335527
Train Epoch: 11 [22400/36000 (62%)]	Loss: 0.276871
Train Epoch: 11 [23040/36000 (64%)]	Loss: 0.385669
Train Epoch: 11 [23680/36000 (66%)]	Loss: 0.387441
Train Epoch: 11 [24320/36000 (67%)]	Loss: 0.555163
Train Epoch: 11 [24960/36000 (69%)]	Loss: 0.419508
Train Epoch: 11 [25600/36000 (71%)]	Loss: 0.557137
Train Epoch: 11 [26240/36000 (73%)]	Loss: 0.839286
Train Epoch: 11 [26880/36000 (75%)]	Loss: 0.448946
Train Epoch: 11 [27520/36000 (76%)]	Loss: 0.846985
Train Epoch: 11 [28160/36000 (78%)]	Loss: 0.834253
Train Epoch: 11 [28800/36000 (80%)]	Loss: 1.046402
Train Epoch: 11 [29440/36000 (82%)]	Loss: 0.287392
Train Epoch: 11 [30080/36000 (83%)]	Loss: 0.369433
Train Epoch: 11 [30720/36000 (85%)]	Loss: 0.780565
Train Epoch: 11 [31360/36000 (87%)]	Loss: 0.266918
Train Epoch: 11 [32000/36000 (89%)]	Loss: 0.424422
Train Epoch: 11 [32640/36000 (91%)]	Loss: 0.317161
Train Epoch: 11 [33280/36000 (92%)]	Loss: 0.411591
Train Epoch: 11 [33920/36000 (94%)]	Loss: 0.495079
Train Epoch: 11 [34560/36000 (96%)]	Loss: 0.543279
Train Epoch: 11 [35200/36000 (98%)]	Loss: 0.287615
Train Epoch: 11 [35840/36000 (99%)]	Loss: 0.654480
Test set:
Overall: 108288/112000 (96.7%)
Train set:
Overall: 30361/36000 (84.3%)
Train Epoch: 12 [0/36000 (0%)]	Loss: 0.361171
Train Epoch: 12 [640/36000 (2%)]	Loss: 0.728941
Train Epoch: 12 [1280/36000 (4%)]	Loss: 0.482567
Train Epoch: 12 [1920/36000 (5%)]	Loss: 0.370095
Train Epoch: 12 [2560/36000 (7%)]	Loss: 0.502406
Train Epoch: 12 [3200/36000 (9%)]	Loss: 0.514731
Train Epoch: 12 [3840/36000 (11%)]	Loss: 0.281479
Train Epoch: 12 [4480/36000 (12%)]	Loss: 0.504381
Train Epoch: 12 [5120/36000 (14%)]	Loss: 1.304710
Train Epoch: 12 [5760/36000 (16%)]	Loss: 0.425838
Train Epoch: 12 [6400/36000 (18%)]	Loss: 0.309918
Train Epoch: 12 [7040/36000 (20%)]	Loss: 0.495773
Train Epoch: 12 [7680/36000 (21%)]	Loss: 0.803847
Train Epoch: 12 [8320/36000 (23%)]	Loss: 0.538408
Train Epoch: 12 [8960/36000 (25%)]	Loss: 0.229280
Train Epoch: 12 [9600/36000 (27%)]	Loss: 0.476811
Train Epoch: 12 [10240/36000 (28%)]	Loss: 0.565674
Train Epoch: 12 [10880/36000 (30%)]	Loss: 0.682403
Train Epoch: 12 [11520/36000 (32%)]	Loss: 0.581291
Train Epoch: 12 [12160/36000 (34%)]	Loss: 0.562668
Train Epoch: 12 [12800/36000 (36%)]	Loss: 0.443129
Train Epoch: 12 [13440/36000 (37%)]	Loss: 0.337005
Train Epoch: 12 [14080/36000 (39%)]	Loss: 0.424217
Train Epoch: 12 [14720/36000 (41%)]	Loss: 0.808967
Train Epoch: 12 [15360/36000 (43%)]	Loss: 0.556157
Train Epoch: 12 [16000/36000 (44%)]	Loss: 0.567083
Train Epoch: 12 [16640/36000 (46%)]	Loss: 0.547801
Train Epoch: 12 [17280/36000 (48%)]	Loss: 0.436379
Train Epoch: 12 [17920/36000 (50%)]	Loss: 1.097576
Train Epoch: 12 [18560/36000 (52%)]	Loss: 0.848659
Train Epoch: 12 [19200/36000 (53%)]	Loss: 0.394337
Train Epoch: 12 [19840/36000 (55%)]	Loss: 0.561325
Train Epoch: 12 [20480/36000 (57%)]	Loss: 0.271902
Train Epoch: 12 [21120/36000 (59%)]	Loss: 0.627497
Train Epoch: 12 [21760/36000 (60%)]	Loss: 0.579111
Train Epoch: 12 [22400/36000 (62%)]	Loss: 1.261997
Train Epoch: 12 [23040/36000 (64%)]	Loss: 0.705272
Train Epoch: 12 [23680/36000 (66%)]	Loss: 0.382719
Train Epoch: 12 [24320/36000 (67%)]	Loss: 0.410893
Train Epoch: 12 [24960/36000 (69%)]	Loss: 0.749597
Train Epoch: 12 [25600/36000 (71%)]	Loss: 0.890701
Train Epoch: 12 [26240/36000 (73%)]	Loss: 1.200909
Train Epoch: 12 [26880/36000 (75%)]	Loss: 0.240292
Train Epoch: 12 [27520/36000 (76%)]	Loss: 0.353927
Train Epoch: 12 [28160/36000 (78%)]	Loss: 0.471112
Train Epoch: 12 [28800/36000 (80%)]	Loss: 0.503733
Train Epoch: 12 [29440/36000 (82%)]	Loss: 0.545146
Train Epoch: 12 [30080/36000 (83%)]	Loss: 0.392301
Train Epoch: 12 [30720/36000 (85%)]	Loss: 0.252600
Train Epoch: 12 [31360/36000 (87%)]	Loss: 0.421634
Train Epoch: 12 [32000/36000 (89%)]	Loss: 0.269030
Train Epoch: 12 [32640/36000 (91%)]	Loss: 0.409493
Train Epoch: 12 [33280/36000 (92%)]	Loss: 0.500437
Train Epoch: 12 [33920/36000 (94%)]	Loss: 0.254403
Train Epoch: 12 [34560/36000 (96%)]	Loss: 0.337177
Train Epoch: 12 [35200/36000 (98%)]	Loss: 0.305137
Train Epoch: 12 [35840/36000 (99%)]	Loss: 0.352081
Test set:
Overall: 106742/112000 (95.3%)
Train set:
Overall: 29012/36000 (80.6%)
Train Epoch: 13 [0/36000 (0%)]	Loss: 0.709309
Train Epoch: 13 [640/36000 (2%)]	Loss: 0.412316
Train Epoch: 13 [1280/36000 (4%)]	Loss: 0.443680
Train Epoch: 13 [1920/36000 (5%)]	Loss: 0.402592
Train Epoch: 13 [2560/36000 (7%)]	Loss: 0.406699
Train Epoch: 13 [3200/36000 (9%)]	Loss: 0.443702
Train Epoch: 13 [3840/36000 (11%)]	Loss: 0.403298
Train Epoch: 13 [4480/36000 (12%)]	Loss: 0.364977
Train Epoch: 13 [5120/36000 (14%)]	Loss: 0.385918
Train Epoch: 13 [5760/36000 (16%)]	Loss: 0.455506
Train Epoch: 13 [6400/36000 (18%)]	Loss: 0.465471
Train Epoch: 13 [7040/36000 (20%)]	Loss: 0.276111
Train Epoch: 13 [7680/36000 (21%)]	Loss: 0.372113
Train Epoch: 13 [8320/36000 (23%)]	Loss: 0.518366
Train Epoch: 13 [8960/36000 (25%)]	Loss: 0.475804
Train Epoch: 13 [9600/36000 (27%)]	Loss: 0.330361
Train Epoch: 13 [10240/36000 (28%)]	Loss: 0.467852
Train Epoch: 13 [10880/36000 (30%)]	Loss: 0.794267
Train Epoch: 13 [11520/36000 (32%)]	Loss: 0.398811
Train Epoch: 13 [12160/36000 (34%)]	Loss: 0.432888
Train Epoch: 13 [12800/36000 (36%)]	Loss: 0.326174
Train Epoch: 13 [13440/36000 (37%)]	Loss: 0.826193
Train Epoch: 13 [14080/36000 (39%)]	Loss: 0.993257
Train Epoch: 13 [14720/36000 (41%)]	Loss: 0.543275
Train Epoch: 13 [15360/36000 (43%)]	Loss: 0.539701
Train Epoch: 13 [16000/36000 (44%)]	Loss: 0.859345
Train Epoch: 13 [16640/36000 (46%)]	Loss: 0.956241
Train Epoch: 13 [17280/36000 (48%)]	Loss: 0.511012
Train Epoch: 13 [17920/36000 (50%)]	Loss: 0.656839
Train Epoch: 13 [18560/36000 (52%)]	Loss: 0.530999
Train Epoch: 13 [19200/36000 (53%)]	Loss: 0.543603
Train Epoch: 13 [19840/36000 (55%)]	Loss: 0.355126
Train Epoch: 13 [20480/36000 (57%)]	Loss: 0.614022
Train Epoch: 13 [21120/36000 (59%)]	Loss: 0.820616
Train Epoch: 13 [21760/36000 (60%)]	Loss: 0.532338
Train Epoch: 13 [22400/36000 (62%)]	Loss: 0.425530
Train Epoch: 13 [23040/36000 (64%)]	Loss: 0.791671
Train Epoch: 13 [23680/36000 (66%)]	Loss: 0.391461
Train Epoch: 13 [24320/36000 (67%)]	Loss: 0.424714
Train Epoch: 13 [24960/36000 (69%)]	Loss: 0.532544
Train Epoch: 13 [25600/36000 (71%)]	Loss: 0.587943
Train Epoch: 13 [26240/36000 (73%)]	Loss: 0.392279
Train Epoch: 13 [26880/36000 (75%)]	Loss: 0.337647
Train Epoch: 13 [27520/36000 (76%)]	Loss: 0.596458
Train Epoch: 13 [28160/36000 (78%)]	Loss: 0.553537
Train Epoch: 13 [28800/36000 (80%)]	Loss: 0.664513
Train Epoch: 13 [29440/36000 (82%)]	Loss: 0.436035
Train Epoch: 13 [30080/36000 (83%)]	Loss: 0.916567
Train Epoch: 13 [30720/36000 (85%)]	Loss: 0.483285
Train Epoch: 13 [31360/36000 (87%)]	Loss: 0.398183
Train Epoch: 13 [32000/36000 (89%)]	Loss: 0.473782
Train Epoch: 13 [32640/36000 (91%)]	Loss: 0.532427
Train Epoch: 13 [33280/36000 (92%)]	Loss: 0.606269
Train Epoch: 13 [33920/36000 (94%)]	Loss: 0.569742
Train Epoch: 13 [34560/36000 (96%)]	Loss: 0.849570
Train Epoch: 13 [35200/36000 (98%)]	Loss: 0.385785
Train Epoch: 13 [35840/36000 (99%)]	Loss: 0.479479
Test set:
Overall: 107474/112000 (96.0%)
Train set:
Overall: 29902/36000 (83.1%)
Train Epoch: 14 [0/36000 (0%)]	Loss: 0.697783
Train Epoch: 14 [640/36000 (2%)]	Loss: 0.555889
Train Epoch: 14 [1280/36000 (4%)]	Loss: 0.562016
Train Epoch: 14 [1920/36000 (5%)]	Loss: 0.347554
Train Epoch: 14 [2560/36000 (7%)]	Loss: 0.447423
Train Epoch: 14 [3200/36000 (9%)]	Loss: 0.485570
Train Epoch: 14 [3840/36000 (11%)]	Loss: 0.730505
Train Epoch: 14 [4480/36000 (12%)]	Loss: 1.423265
Train Epoch: 14 [5120/36000 (14%)]	Loss: 1.783487
Train Epoch: 14 [5760/36000 (16%)]	Loss: 0.946568
Train Epoch: 14 [6400/36000 (18%)]	Loss: 0.347713
Train Epoch: 14 [7040/36000 (20%)]	Loss: 0.548052
Train Epoch: 14 [7680/36000 (21%)]	Loss: 0.359388
Train Epoch: 14 [8320/36000 (23%)]	Loss: 0.535269
Train Epoch: 14 [8960/36000 (25%)]	Loss: 0.448966
Train Epoch: 14 [9600/36000 (27%)]	Loss: 0.484389
Train Epoch: 14 [10240/36000 (28%)]	Loss: 0.315064
Train Epoch: 14 [10880/36000 (30%)]	Loss: 0.361489
Train Epoch: 14 [11520/36000 (32%)]	Loss: 0.268528
Train Epoch: 14 [12160/36000 (34%)]	Loss: 0.828280
Train Epoch: 14 [12800/36000 (36%)]	Loss: 0.239480
Train Epoch: 14 [13440/36000 (37%)]	Loss: 0.442097
Train Epoch: 14 [14080/36000 (39%)]	Loss: 0.488123
Train Epoch: 14 [14720/36000 (41%)]	Loss: 0.352115
Train Epoch: 14 [15360/36000 (43%)]	Loss: 0.324988
Train Epoch: 14 [16000/36000 (44%)]	Loss: 1.019476
Train Epoch: 14 [16640/36000 (46%)]	Loss: 0.568978
Train Epoch: 14 [17280/36000 (48%)]	Loss: 0.459355
Train Epoch: 14 [17920/36000 (50%)]	Loss: 0.323577
Train Epoch: 14 [18560/36000 (52%)]	Loss: 0.378693
Train Epoch: 14 [19200/36000 (53%)]	Loss: 0.581435
Train Epoch: 14 [19840/36000 (55%)]	Loss: 0.818177
Train Epoch: 14 [20480/36000 (57%)]	Loss: 0.566779
Train Epoch: 14 [21120/36000 (59%)]	Loss: 0.264262
Train Epoch: 14 [21760/36000 (60%)]	Loss: 0.380217
Train Epoch: 14 [22400/36000 (62%)]	Loss: 0.549246
Train Epoch: 14 [23040/36000 (64%)]	Loss: 0.491196
Train Epoch: 14 [23680/36000 (66%)]	Loss: 0.441264
Train Epoch: 14 [24320/36000 (67%)]	Loss: 0.527491
Train Epoch: 14 [24960/36000 (69%)]	Loss: 0.452257
Train Epoch: 14 [25600/36000 (71%)]	Loss: 0.323549
Train Epoch: 14 [26240/36000 (73%)]	Loss: 0.318635
Train Epoch: 14 [26880/36000 (75%)]	Loss: 0.390024
Train Epoch: 14 [27520/36000 (76%)]	Loss: 0.464696
Train Epoch: 14 [28160/36000 (78%)]	Loss: 0.758272
Train Epoch: 14 [28800/36000 (80%)]	Loss: 1.698680
Train Epoch: 14 [29440/36000 (82%)]	Loss: 1.319690
Train Epoch: 14 [30080/36000 (83%)]	Loss: 0.779765
Train Epoch: 14 [30720/36000 (85%)]	Loss: 0.368121
Train Epoch: 14 [31360/36000 (87%)]	Loss: 0.597278
Train Epoch: 14 [32000/36000 (89%)]	Loss: 0.515867
Train Epoch: 14 [32640/36000 (91%)]	Loss: 0.623165
Train Epoch: 14 [33280/36000 (92%)]	Loss: 1.338058
Train Epoch: 14 [33920/36000 (94%)]	Loss: 1.623774
Train Epoch: 14 [34560/36000 (96%)]	Loss: 1.037444
Train Epoch: 14 [35200/36000 (98%)]	Loss: 0.662973
Train Epoch: 12 [7680/36000 (21%)]	Loss: 0.803847
Train Epoch: 12 [8320/36000 (23%)]	Loss: 0.538408
Train Epoch: 12 [8960/36000 (25%)]	Loss: 0.229280
Train Epoch: 12 [9600/36000 (27%)]	Loss: 0.476811
Train Epoch: 12 [10240/36000 (28%)]	Loss: 0.565674
Train Epoch: 12 [10880/36000 (30%)]	Loss: 0.682403
Train Epoch: 12 [11520/36000 (32%)]	Loss: 0.581291
Train Epoch: 12 [12160/36000 (34%)]	Loss: 0.562668
Train Epoch: 12 [12800/36000 (36%)]	Loss: 0.443129
Train Epoch: 12 [13440/36000 (37%)]	Loss: 0.337005
Train Epoch: 12 [14080/36000 (39%)]	Loss: 0.424217
Train Epoch: 12 [14720/36000 (41%)]	Loss: 0.808967
Train Epoch: 12 [15360/36000 (43%)]	Loss: 0.556157
Train Epoch: 12 [16000/36000 (44%)]	Loss: 0.567083
Train Epoch: 12 [16640/36000 (46%)]	Loss: 0.547801
Train Epoch: 12 [17280/36000 (48%)]	Loss: 0.436379
Train Epoch: 12 [17920/36000 (50%)]	Loss: 1.097576
Train Epoch: 12 [18560/36000 (52%)]	Loss: 0.848659
Train Epoch: 12 [19200/36000 (53%)]	Loss: 0.394337
Train Epoch: 12 [19840/36000 (55%)]	Loss: 0.561325
Train Epoch: 12 [20480/36000 (57%)]	Loss: 0.271902
Train Epoch: 12 [21120/36000 (59%)]	Loss: 0.627497
Train Epoch: 12 [21760/36000 (60%)]	Loss: 0.579111
Train Epoch: 12 [22400/36000 (62%)]	Loss: 1.261997
Train Epoch: 12 [23040/36000 (64%)]	Loss: 0.705272
Train Epoch: 12 [23680/36000 (66%)]	Loss: 0.382719
Train Epoch: 12 [24320/36000 (67%)]	Loss: 0.410893
Train Epoch: 12 [24960/36000 (69%)]	Loss: 0.749597
Train Epoch: 12 [25600/36000 (71%)]	Loss: 0.890701
Train Epoch: 12 [26240/36000 (73%)]	Loss: 1.200909
Train Epoch: 12 [26880/36000 (75%)]	Loss: 0.240292
Train Epoch: 12 [27520/36000 (76%)]	Loss: 0.353927
Train Epoch: 12 [28160/36000 (78%)]	Loss: 0.471112
Train Epoch: 12 [28800/36000 (80%)]	Loss: 0.503733
Train Epoch: 12 [29440/36000 (82%)]	Loss: 0.545146
Train Epoch: 12 [30080/36000 (83%)]	Loss: 0.392301
Train Epoch: 12 [30720/36000 (85%)]	Loss: 0.252600
Train Epoch: 12 [31360/36000 (87%)]	Loss: 0.421634
Train Epoch: 12 [32000/36000 (89%)]	Loss: 0.269030
Train Epoch: 12 [32640/36000 (91%)]	Loss: 0.409493
Train Epoch: 12 [33280/36000 (92%)]	Loss: 0.500437
Train Epoch: 12 [33920/36000 (94%)]	Loss: 0.254403
Train Epoch: 12 [34560/36000 (96%)]	Loss: 0.337177
Train Epoch: 12 [35200/36000 (98%)]	Loss: 0.305137
Train Epoch: 12 [35840/36000 (99%)]	Loss: 0.352081
Test set:
Overall: 106742/112000 (95.3%)
Train set:
Overall: 29012/36000 (80.6%)
Train Epoch: 13 [0/36000 (0%)]	Loss: 0.709309
Train Epoch: 13 [640/36000 (2%)]	Loss: 0.412316
Train Epoch: 13 [1280/36000 (4%)]	Loss: 0.443680
Train Epoch: 13 [1920/36000 (5%)]	Loss: 0.402592
Train Epoch: 13 [2560/36000 (7%)]	Loss: 0.406699
Train Epoch: 13 [3200/36000 (9%)]	Loss: 0.443702
Train Epoch: 13 [3840/36000 (11%)]	Loss: 0.403298
Train Epoch: 13 [4480/36000 (12%)]	Loss: 0.364977
Train Epoch: 13 [5120/36000 (14%)]	Loss: 0.385918
Train Epoch: 13 [5760/36000 (16%)]	Loss: 0.455506
Train Epoch: 13 [6400/36000 (18%)]	Loss: 0.465471
Train Epoch: 13 [7040/36000 (20%)]	Loss: 0.276111
Train Epoch: 13 [7680/36000 (21%)]	Loss: 0.372113
Train Epoch: 13 [8320/36000 (23%)]	Loss: 0.518366
Train Epoch: 13 [8960/36000 (25%)]	Loss: 0.475804
Train Epoch: 13 [9600/36000 (27%)]	Loss: 0.330361
Train Epoch: 13 [10240/36000 (28%)]	Loss: 0.467852
Train Epoch: 13 [10880/36000 (30%)]	Loss: 0.794267
Train Epoch: 13 [11520/36000 (32%)]	Loss: 0.398811
Train Epoch: 13 [12160/36000 (34%)]	Loss: 0.432888
Train Epoch: 13 [12800/36000 (36%)]	Loss: 0.326174
Train Epoch: 13 [13440/36000 (37%)]	Loss: 0.826193
Train Epoch: 13 [14080/36000 (39%)]	Loss: 0.993257
Train Epoch: 13 [14720/36000 (41%)]	Loss: 0.543275
Train Epoch: 13 [15360/36000 (43%)]	Loss: 0.539701
Train Epoch: 13 [16000/36000 (44%)]	Loss: 0.859345
Train Epoch: 13 [16640/36000 (46%)]	Loss: 0.956241
Train Epoch: 13 [17280/36000 (48%)]	Loss: 0.511012
Train Epoch: 13 [17920/36000 (50%)]	Loss: 0.656839
Train Epoch: 13 [18560/36000 (52%)]	Loss: 0.530999
Train Epoch: 13 [19200/36000 (53%)]	Loss: 0.543603
Train Epoch: 13 [19840/36000 (55%)]	Loss: 0.355126
Train Epoch: 13 [20480/36000 (57%)]	Loss: 0.614022
Train Epoch: 13 [21120/36000 (59%)]	Loss: 0.820616
Train Epoch: 13 [21760/36000 (60%)]	Loss: 0.532338
Train Epoch: 13 [22400/36000 (62%)]	Loss: 0.425530
Train Epoch: 13 [23040/36000 (64%)]	Loss: 0.791671
Train Epoch: 13 [23680/36000 (66%)]	Loss: 0.391461
Train Epoch: 13 [24320/36000 (67%)]	Loss: 0.424714
Train Epoch: 13 [24960/36000 (69%)]	Loss: 0.532544
Train Epoch: 13 [25600/36000 (71%)]	Loss: 0.587943
Train Epoch: 13 [26240/36000 (73%)]	Loss: 0.392279
Train Epoch: 13 [26880/36000 (75%)]	Loss: 0.337647
Train Epoch: 13 [27520/36000 (76%)]	Loss: 0.596458
Train Epoch: 13 [28160/36000 (78%)]	Loss: 0.553537
Train Epoch: 13 [28800/36000 (80%)]	Loss: 0.664513
Train Epoch: 13 [29440/36000 (82%)]	Loss: 0.436035
Train Epoch: 13 [30080/36000 (83%)]	Loss: 0.916567
Train Epoch: 13 [30720/36000 (85%)]	Loss: 0.483285
Train Epoch: 13 [31360/36000 (87%)]	Loss: 0.398183
Train Epoch: 13 [32000/36000 (89%)]	Loss: 0.473782
Train Epoch: 13 [32640/36000 (91%)]	Loss: 0.532427
Train Epoch: 13 [33280/36000 (92%)]	Loss: 0.606269
Train Epoch: 13 [33920/36000 (94%)]	Loss: 0.569742
Train Epoch: 13 [34560/36000 (96%)]	Loss: 0.849570
Train Epoch: 13 [35200/36000 (98%)]	Loss: 0.385785
Train Epoch: 13 [35840/36000 (99%)]	Loss: 0.479479
Test set:
Overall: 107474/112000 (96.0%)
Train set:
Overall: 29902/36000 (83.1%)
Train Epoch: 14 [0/36000 (0%)]	Loss: 0.697783
Train Epoch: 14 [640/36000 (2%)]	Loss: 0.555889
Train Epoch: 14 [1280/36000 (4%)]	Loss: 0.562016
Train Epoch: 14 [1920/36000 (5%)]	Loss: 0.347554
Train Epoch: 14 [2560/36000 (7%)]	Loss: 0.447423
Train Epoch: 14 [3200/36000 (9%)]	Loss: 0.485570
Train Epoch: 14 [3840/36000 (11%)]	Loss: 0.730505
Train Epoch: 14 [4480/36000 (12%)]	Loss: 1.423265
Train Epoch: 14 [5120/36000 (14%)]	Loss: 1.783487
Train Epoch: 14 [5760/36000 (16%)]	Loss: 0.946568
Train Epoch: 14 [6400/36000 (18%)]	Loss: 0.347713
Train Epoch: 14 [7040/36000 (20%)]	Loss: 0.548052
Train Epoch: 14 [7680/36000 (21%)]	Loss: 0.359388
Train Epoch: 14 [8320/36000 (23%)]	Loss: 0.535269
Train Epoch: 14 [8960/36000 (25%)]	Loss: 0.448966
Train Epoch: 14 [9600/36000 (27%)]	Loss: 0.484389
Train Epoch: 14 [10240/36000 (28%)]	Loss: 0.315064
Train Epoch: 14 [10880/36000 (30%)]	Loss: 0.361489
Train Epoch: 14 [11520/36000 (32%)]	Loss: 0.268528
Train Epoch: 14 [12160/36000 (34%)]	Loss: 0.828280
Train Epoch: 14 [12800/36000 (36%)]	Loss: 0.239480
Train Epoch: 14 [13440/36000 (37%)]	Loss: 0.442097
Train Epoch: 14 [14080/36000 (39%)]	Loss: 0.488123
Train Epoch: 14 [14720/36000 (41%)]	Loss: 0.352115
Train Epoch: 14 [15360/36000 (43%)]	Loss: 0.324988
Train Epoch: 14 [16000/36000 (44%)]	Loss: 1.019476
Train Epoch: 14 [16640/36000 (46%)]	Loss: 0.568978
Train Epoch: 14 [17280/36000 (48%)]	Loss: 0.459355
Train Epoch: 14 [17920/36000 (50%)]	Loss: 0.323577
Train Epoch: 14 [18560/36000 (52%)]	Loss: 0.378693
Train Epoch: 14 [19200/36000 (53%)]	Loss: 0.581435
Train Epoch: 14 [19840/36000 (55%)]	Loss: 0.818177
Train Epoch: 14 [20480/36000 (57%)]	Loss: 0.566779
Train Epoch: 14 [21120/36000 (59%)]	Loss: 0.264262
Train Epoch: 14 [21760/36000 (60%)]	Loss: 0.380217
Train Epoch: 14 [22400/36000 (62%)]	Loss: 0.549246
Train Epoch: 14 [23040/36000 (64%)]	Loss: 0.491196
Train Epoch: 14 [23680/36000 (66%)]	Loss: 0.441264
Train Epoch: 14 [24320/36000 (67%)]	Loss: 0.527491
Train Epoch: 14 [24960/36000 (69%)]	Loss: 0.452257
Train Epoch: 14 [25600/36000 (71%)]	Loss: 0.323549
Train Epoch: 14 [26240/36000 (73%)]	Loss: 0.318635
Train Epoch: 14 [26880/36000 (75%)]	Loss: 0.390024
Train Epoch: 14 [27520/36000 (76%)]	Loss: 0.464696
Train Epoch: 14 [28160/36000 (78%)]	Loss: 0.758272
Train Epoch: 14 [28800/36000 (80%)]	Loss: 1.698680
Train Epoch: 14 [29440/36000 (82%)]	Loss: 1.319690
Train Epoch: 14 [30080/36000 (83%)]	Loss: 0.779765
Train Epoch: 14 [30720/36000 (85%)]	Loss: 0.368121
Train Epoch: 14 [31360/36000 (87%)]	Loss: 0.597278
Train Epoch: 14 [32000/36000 (89%)]	Loss: 0.515867
Train Epoch: 14 [32640/36000 (91%)]	Loss: 0.623165
Train Epoch: 14 [33280/36000 (92%)]	Loss: 1.338058
Train Epoch: 14 [33920/36000 (94%)]	Loss: 1.623774
Train Epoch: 14 [34560/36000 (96%)]	Loss: 1.037444
Train Epoch: 14 [35200/36000 (98%)]	Loss: 0.662973
Train Epoch: 14 [35840/36000 (99%)]	Loss: 0.615628
Test set:
Overall: 107823/112000 (96.3%)
Train set:
Overall: 29183/36000 (81.1%)
Train Epoch: 15 [0/36000 (0%)]	Loss: 0.538750
Train Epoch: 15 [640/36000 (2%)]	Loss: 0.326955
Train Epoch: 15 [1280/36000 (4%)]	Loss: 0.347190
Train Epoch: 15 [1920/36000 (5%)]	Loss: 0.990241
Train Epoch: 15 [2560/36000 (7%)]	Loss: 0.490032
Train Epoch: 15 [3200/36000 (9%)]	Loss: 0.340150
Train Epoch: 15 [3840/36000 (11%)]	Loss: 0.446234
Train Epoch: 15 [4480/36000 (12%)]	Loss: 0.514605
Train Epoch: 15 [5120/36000 (14%)]	Loss: 0.640027
Train Epoch: 15 [5760/36000 (16%)]	Loss: 0.653422
Train Epoch: 15 [6400/36000 (18%)]	Loss: 0.453591
Train Epoch: 15 [7040/36000 (20%)]	Loss: 0.649345
Train Epoch: 15 [7680/36000 (21%)]	Loss: 0.385189
Train Epoch: 15 [8320/36000 (23%)]	Loss: 0.326677
Train Epoch: 15 [8960/36000 (25%)]	Loss: 0.350844
Train Epoch: 15 [9600/36000 (27%)]	Loss: 0.689592
Train Epoch: 15 [10240/36000 (28%)]	Loss: 0.996734
Train Epoch: 15 [10880/36000 (30%)]	Loss: 0.519645
Train Epoch: 15 [11520/36000 (32%)]	Loss: 0.326499
Train Epoch: 15 [12160/36000 (34%)]	Loss: 0.364668
Train Epoch: 15 [12800/36000 (36%)]	Loss: 0.381049
Train Epoch: 15 [13440/36000 (37%)]	Loss: 0.313463
Train Epoch: 15 [14080/36000 (39%)]	Loss: 0.487453
Train Epoch: 15 [14720/36000 (41%)]	Loss: 0.424405
Train Epoch: 15 [15360/36000 (43%)]	Loss: 0.499102
Train Epoch: 15 [16000/36000 (44%)]	Loss: 0.391735
Train Epoch: 15 [16640/36000 (46%)]	Loss: 0.538298
Train Epoch: 15 [17280/36000 (48%)]	Loss: 0.545179
Train Epoch: 15 [17920/36000 (50%)]	Loss: 0.588755
Train Epoch: 15 [18560/36000 (52%)]	Loss: 0.320494
Train Epoch: 15 [19200/36000 (53%)]	Loss: 0.832196
Train Epoch: 15 [19840/36000 (55%)]	Loss: 1.620799
Train Epoch: 15 [20480/36000 (57%)]	Loss: 1.166697
Train Epoch: 15 [21120/36000 (59%)]	Loss: 0.366227
Train Epoch: 15 [21760/36000 (60%)]	Loss: 0.559172
Train Epoch: 15 [22400/36000 (62%)]	Loss: 0.352723
Train Epoch: 15 [23040/36000 (64%)]	Loss: 0.660361
Train Epoch: 15 [23680/36000 (66%)]	Loss: 0.583081
Train Epoch: 15 [24320/36000 (67%)]	Loss: 0.384431
Train Epoch: 15 [24960/36000 (69%)]	Loss: 0.540563
Train Epoch: 15 [25600/36000 (71%)]	Loss: 0.725731
Train Epoch: 15 [26240/36000 (73%)]	Loss: 0.291505
Train Epoch: 15 [26880/36000 (75%)]	Loss: 0.370191
Train Epoch: 15 [27520/36000 (76%)]	Loss: 0.697767
Train Epoch: 15 [28160/36000 (78%)]	Loss: 0.865454
Train Epoch: 15 [28800/36000 (80%)]	Loss: 0.417187
Train Epoch: 15 [29440/36000 (82%)]	Loss: 0.322269
Train Epoch: 15 [30080/36000 (83%)]	Loss: 0.602160
Train Epoch: 15 [30720/36000 (85%)]	Loss: 0.480076
Train Epoch: 15 [31360/36000 (87%)]	Loss: 0.478016
Train Epoch: 15 [32000/36000 (89%)]	Loss: 0.320408
Train Epoch: 15 [32640/36000 (91%)]	Loss: 0.488672
Train Epoch: 15 [33280/36000 (92%)]	Loss: 0.412656
Train Epoch: 15 [33920/36000 (94%)]	Loss: 0.526674
Train Epoch: 15 [34560/36000 (96%)]	Loss: 0.743545
Train Epoch: 15 [35200/36000 (98%)]	Loss: 0.362232
Train Epoch: 15 [35840/36000 (99%)]	Loss: 0.448227
Test set:
Overall: 107166/112000 (95.7%)
Train set:
Overall: 28908/36000 (80.3%)
Train Epoch: 16 [0/36000 (0%)]	Loss: 0.687536
Train Epoch: 16 [640/36000 (2%)]	Loss: 0.463941
Train Epoch: 16 [1280/36000 (4%)]	Loss: 0.324272
Train Epoch: 16 [1920/36000 (5%)]	Loss: 0.588602
Train Epoch: 16 [2560/36000 (7%)]	Loss: 0.499708
Train Epoch: 16 [3200/36000 (9%)]	Loss: 0.448423
Train Epoch: 16 [3840/36000 (11%)]	Loss: 0.468742
Train Epoch: 16 [4480/36000 (12%)]	Loss: 0.391638
Train Epoch: 16 [5120/36000 (14%)]	Loss: 0.501425
Train Epoch: 16 [5760/36000 (16%)]	Loss: 0.878699
Train Epoch: 16 [6400/36000 (18%)]	Loss: 0.272879
Train Epoch: 16 [7040/36000 (20%)]	Loss: 0.375101
Train Epoch: 16 [7680/36000 (21%)]	Loss: 0.349401
Train Epoch: 16 [8320/36000 (23%)]	Loss: 0.551204
Train Epoch: 16 [8960/36000 (25%)]	Loss: 0.317416
Train Epoch: 16 [9600/36000 (27%)]	Loss: 0.925909
Train Epoch: 16 [10240/36000 (28%)]	Loss: 0.525112
Train Epoch: 16 [10880/36000 (30%)]	Loss: 0.519563
Train Epoch: 16 [11520/36000 (32%)]	Loss: 0.492635
Train Epoch: 16 [12160/36000 (34%)]	Loss: 0.548621
Train Epoch: 16 [12800/36000 (36%)]	Loss: 0.346984
Train Epoch: 16 [13440/36000 (37%)]	Loss: 0.721900
Train Epoch: 16 [14080/36000 (39%)]	Loss: 0.326728
Train Epoch: 16 [14720/36000 (41%)]	Loss: 0.581817
Train Epoch: 16 [15360/36000 (43%)]	Loss: 0.127042
Train Epoch: 16 [16000/36000 (44%)]	Loss: 0.956146
Train Epoch: 16 [16640/36000 (46%)]	Loss: 0.386128
Train Epoch: 16 [17280/36000 (48%)]	Loss: 0.711811
Train Epoch: 16 [17920/36000 (50%)]	Loss: 0.406456
Train Epoch: 16 [18560/36000 (52%)]	Loss: 0.406685
Train Epoch: 16 [19200/36000 (53%)]	Loss: 0.916496
Train Epoch: 16 [19840/36000 (55%)]	Loss: 0.801964
Train Epoch: 16 [20480/36000 (57%)]	Loss: 0.276032
Train Epoch: 16 [21120/36000 (59%)]	Loss: 0.386952
Train Epoch: 16 [21760/36000 (60%)]	Loss: 0.344284
Train Epoch: 16 [22400/36000 (62%)]	Loss: 0.242257
Train Epoch: 16 [23040/36000 (64%)]	Loss: 0.258221
Train Epoch: 16 [23680/36000 (66%)]	Loss: 0.411778
Train Epoch: 16 [24320/36000 (67%)]	Loss: 0.410371
Train Epoch: 16 [24960/36000 (69%)]	Loss: 0.610715
Train Epoch: 16 [25600/36000 (71%)]	Loss: 0.651909
Train Epoch: 16 [26240/36000 (73%)]	Loss: 0.612085
Train Epoch: 16 [26880/36000 (75%)]	Loss: 0.296928
Train Epoch: 16 [27520/36000 (76%)]	Loss: 0.696710
Train Epoch: 16 [28160/36000 (78%)]	Loss: 0.563143
Train Epoch: 16 [28800/36000 (80%)]	Loss: 0.295712
Train Epoch: 16 [29440/36000 (82%)]	Loss: 0.555737
Train Epoch: 16 [30080/36000 (83%)]	Loss: 0.467891
Train Epoch: 16 [30720/36000 (85%)]	Loss: 0.468024
Train Epoch: 16 [31360/36000 (87%)]	Loss: 0.457127
Train Epoch: 16 [32000/36000 (89%)]	Loss: 0.444222
Train Epoch: 16 [32640/36000 (91%)]	Loss: 0.580920
Train Epoch: 16 [33280/36000 (92%)]	Loss: 0.381651
Train Epoch: 16 [33920/36000 (94%)]	Loss: 0.674677
Train Epoch: 16 [34560/36000 (96%)]	Loss: 0.446177
Train Epoch: 16 [35200/36000 (98%)]	Loss: 0.359788
Train Epoch: 16 [35840/36000 (99%)]	Loss: 0.599463
Test set:
Overall: 108249/112000 (96.7%)
Train set:
Overall: 30045/36000 (83.5%)
Train Epoch: 17 [0/36000 (0%)]	Loss: 0.323666
Train Epoch: 17 [640/36000 (2%)]	Loss: 0.513332
Train Epoch: 17 [1280/36000 (4%)]	Loss: 0.359439
Train Epoch: 17 [1920/36000 (5%)]	Loss: 0.227140
Train Epoch: 17 [2560/36000 (7%)]	Loss: 0.283919
Train Epoch: 17 [3200/36000 (9%)]	Loss: 0.429615
Train Epoch: 17 [3840/36000 (11%)]	Loss: 1.084684
Train Epoch: 17 [4480/36000 (12%)]	Loss: 0.557118
Train Epoch: 17 [5120/36000 (14%)]	Loss: 0.388887
Train Epoch: 17 [5760/36000 (16%)]	Loss: 0.880883
Train Epoch: 17 [6400/36000 (18%)]	Loss: 1.291777
Train Epoch: 17 [7040/36000 (20%)]	Loss: 0.332523
Train Epoch: 17 [7680/36000 (21%)]	Loss: 0.380623
Train Epoch: 17 [8320/36000 (23%)]	Loss: 0.505906
Train Epoch: 17 [8960/36000 (25%)]	Loss: 0.256955
Train Epoch: 17 [9600/36000 (27%)]	Loss: 0.260204
Train Epoch: 17 [10240/36000 (28%)]	Loss: 0.384341
Train Epoch: 17 [10880/36000 (30%)]	Loss: 0.611973
Train Epoch: 17 [11520/36000 (32%)]	Loss: 0.692814
Train Epoch: 17 [12160/36000 (34%)]	Loss: 0.474758
Train Epoch: 17 [12800/36000 (36%)]	Loss: 0.392967
Train Epoch: 17 [13440/36000 (37%)]	Loss: 0.404143
Train Epoch: 17 [14080/36000 (39%)]	Loss: 0.357943
Train Epoch: 17 [14720/36000 (41%)]	Loss: 0.809278
Train Epoch: 17 [15360/36000 (43%)]	Loss: 0.466768
Train Epoch: 17 [16000/36000 (44%)]	Loss: 0.443373
Train Epoch: 17 [16640/36000 (46%)]	Loss: 0.591065
Train Epoch: 17 [17280/36000 (48%)]	Loss: 0.363041
Train Epoch: 17 [17920/36000 (50%)]	Loss: 0.321753
Train Epoch: 17 [18560/36000 (52%)]	Loss: 0.319401
Train Epoch: 17 [19200/36000 (53%)]	Loss: 0.311880
Train Epoch: 17 [19840/36000 (55%)]	Loss: 0.506009
Train Epoch: 17 [20480/36000 (57%)]	Loss: 0.558691
Train Epoch: 17 [21120/36000 (59%)]	Loss: 0.985231
Train Epoch: 17 [21760/36000 (60%)]	Loss: 1.315134
Train Epoch: 17 [22400/36000 (62%)]	Loss: 1.527470
Train Epoch: 17 [23040/36000 (64%)]	Loss: 0.567213
Train Epoch: 17 [23680/36000 (66%)]	Loss: 1.131861
Train Epoch: 17 [24320/36000 (67%)]	Loss: 0.892794
Train Epoch: 17 [24960/36000 (69%)]	Loss: 0.836268
Train Epoch: 17 [25600/36000 (71%)]	Loss: 1.066395
Train Epoch: 17 [26240/36000 (73%)]	Loss: 0.370505
Train Epoch: 14 [35840/36000 (99%)]	Loss: 0.615628
Test set:
Overall: 107823/112000 (96.3%)
Train set:
Overall: 29183/36000 (81.1%)
Train Epoch: 15 [0/36000 (0%)]	Loss: 0.538750
Train Epoch: 15 [640/36000 (2%)]	Loss: 0.326955
Train Epoch: 15 [1280/36000 (4%)]	Loss: 0.347190
Train Epoch: 15 [1920/36000 (5%)]	Loss: 0.990241
Train Epoch: 15 [2560/36000 (7%)]	Loss: 0.490032
Train Epoch: 15 [3200/36000 (9%)]	Loss: 0.340150
Train Epoch: 15 [3840/36000 (11%)]	Loss: 0.446234
Train Epoch: 15 [4480/36000 (12%)]	Loss: 0.514605
Train Epoch: 15 [5120/36000 (14%)]	Loss: 0.640027
Train Epoch: 15 [5760/36000 (16%)]	Loss: 0.653422
Train Epoch: 15 [6400/36000 (18%)]	Loss: 0.453591
Train Epoch: 15 [7040/36000 (20%)]	Loss: 0.649345
Train Epoch: 15 [7680/36000 (21%)]	Loss: 0.385189
Train Epoch: 15 [8320/36000 (23%)]	Loss: 0.326677
Train Epoch: 15 [8960/36000 (25%)]	Loss: 0.350844
Train Epoch: 15 [9600/36000 (27%)]	Loss: 0.689592
Train Epoch: 15 [10240/36000 (28%)]	Loss: 0.996734
Train Epoch: 15 [10880/36000 (30%)]	Loss: 0.519645
Train Epoch: 15 [11520/36000 (32%)]	Loss: 0.326499
Train Epoch: 15 [12160/36000 (34%)]	Loss: 0.364668
Train Epoch: 15 [12800/36000 (36%)]	Loss: 0.381049
Train Epoch: 15 [13440/36000 (37%)]	Loss: 0.313463
Train Epoch: 15 [14080/36000 (39%)]	Loss: 0.487453
Train Epoch: 15 [14720/36000 (41%)]	Loss: 0.424405
Train Epoch: 15 [15360/36000 (43%)]	Loss: 0.499102
Train Epoch: 15 [16000/36000 (44%)]	Loss: 0.391735
Train Epoch: 15 [16640/36000 (46%)]	Loss: 0.538298
Train Epoch: 15 [17280/36000 (48%)]	Loss: 0.545179
Train Epoch: 15 [17920/36000 (50%)]	Loss: 0.588755
Train Epoch: 15 [18560/36000 (52%)]	Loss: 0.320494
Train Epoch: 15 [19200/36000 (53%)]	Loss: 0.832196
Train Epoch: 15 [19840/36000 (55%)]	Loss: 1.620799
Train Epoch: 15 [20480/36000 (57%)]	Loss: 1.166697
Train Epoch: 15 [21120/36000 (59%)]	Loss: 0.366227
Train Epoch: 15 [21760/36000 (60%)]	Loss: 0.559172
Train Epoch: 15 [22400/36000 (62%)]	Loss: 0.352723
Train Epoch: 15 [23040/36000 (64%)]	Loss: 0.660361
Train Epoch: 15 [23680/36000 (66%)]	Loss: 0.583081
Train Epoch: 15 [24320/36000 (67%)]	Loss: 0.384431
Train Epoch: 15 [24960/36000 (69%)]	Loss: 0.540563
Train Epoch: 15 [25600/36000 (71%)]	Loss: 0.725731
Train Epoch: 15 [26240/36000 (73%)]	Loss: 0.291505
Train Epoch: 15 [26880/36000 (75%)]	Loss: 0.370191
Train Epoch: 15 [27520/36000 (76%)]	Loss: 0.697767
Train Epoch: 15 [28160/36000 (78%)]	Loss: 0.865454
Train Epoch: 15 [28800/36000 (80%)]	Loss: 0.417187
Train Epoch: 15 [29440/36000 (82%)]	Loss: 0.322269
Train Epoch: 15 [30080/36000 (83%)]	Loss: 0.602160
Train Epoch: 15 [30720/36000 (85%)]	Loss: 0.480076
Train Epoch: 15 [31360/36000 (87%)]	Loss: 0.478016
Train Epoch: 15 [32000/36000 (89%)]	Loss: 0.320408
Train Epoch: 15 [32640/36000 (91%)]	Loss: 0.488672
Train Epoch: 15 [33280/36000 (92%)]	Loss: 0.412656
Train Epoch: 15 [33920/36000 (94%)]	Loss: 0.526674
Train Epoch: 15 [34560/36000 (96%)]	Loss: 0.743545
Train Epoch: 15 [35200/36000 (98%)]	Loss: 0.362232
Train Epoch: 15 [35840/36000 (99%)]	Loss: 0.448227
Test set:
Overall: 107166/112000 (95.7%)
Train set:
Overall: 28908/36000 (80.3%)
Train Epoch: 16 [0/36000 (0%)]	Loss: 0.687536
Train Epoch: 16 [640/36000 (2%)]	Loss: 0.463941
Train Epoch: 16 [1280/36000 (4%)]	Loss: 0.324272
Train Epoch: 16 [1920/36000 (5%)]	Loss: 0.588602
Train Epoch: 16 [2560/36000 (7%)]	Loss: 0.499708
Train Epoch: 16 [3200/36000 (9%)]	Loss: 0.448423
Train Epoch: 16 [3840/36000 (11%)]	Loss: 0.468742
Train Epoch: 16 [4480/36000 (12%)]	Loss: 0.391638
Train Epoch: 16 [5120/36000 (14%)]	Loss: 0.501425
Train Epoch: 16 [5760/36000 (16%)]	Loss: 0.878699
Train Epoch: 16 [6400/36000 (18%)]	Loss: 0.272879
Train Epoch: 16 [7040/36000 (20%)]	Loss: 0.375101
Train Epoch: 16 [7680/36000 (21%)]	Loss: 0.349401
Train Epoch: 16 [8320/36000 (23%)]	Loss: 0.551204
Train Epoch: 16 [8960/36000 (25%)]	Loss: 0.317416
Train Epoch: 16 [9600/36000 (27%)]	Loss: 0.925909
Train Epoch: 16 [10240/36000 (28%)]	Loss: 0.525112
Train Epoch: 16 [10880/36000 (30%)]	Loss: 0.519563
Train Epoch: 16 [11520/36000 (32%)]	Loss: 0.492635
Train Epoch: 16 [12160/36000 (34%)]	Loss: 0.548621
Train Epoch: 16 [12800/36000 (36%)]	Loss: 0.346984
Train Epoch: 16 [13440/36000 (37%)]	Loss: 0.721900
Train Epoch: 16 [14080/36000 (39%)]	Loss: 0.326728
Train Epoch: 16 [14720/36000 (41%)]	Loss: 0.581817
Train Epoch: 16 [15360/36000 (43%)]	Loss: 0.127042
Train Epoch: 16 [16000/36000 (44%)]	Loss: 0.956146
Train Epoch: 16 [16640/36000 (46%)]	Loss: 0.386128
Train Epoch: 16 [17280/36000 (48%)]	Loss: 0.711811
Train Epoch: 16 [17920/36000 (50%)]	Loss: 0.406456
Train Epoch: 16 [18560/36000 (52%)]	Loss: 0.406685
Train Epoch: 16 [19200/36000 (53%)]	Loss: 0.916496
Train Epoch: 16 [19840/36000 (55%)]	Loss: 0.801964
Train Epoch: 16 [20480/36000 (57%)]	Loss: 0.276032
Train Epoch: 16 [21120/36000 (59%)]	Loss: 0.386952
Train Epoch: 16 [21760/36000 (60%)]	Loss: 0.344284
Train Epoch: 16 [22400/36000 (62%)]	Loss: 0.242257
Train Epoch: 16 [23040/36000 (64%)]	Loss: 0.258221
Train Epoch: 16 [23680/36000 (66%)]	Loss: 0.411778
Train Epoch: 16 [24320/36000 (67%)]	Loss: 0.410371
Train Epoch: 16 [24960/36000 (69%)]	Loss: 0.610715
Train Epoch: 16 [25600/36000 (71%)]	Loss: 0.651909
Train Epoch: 16 [26240/36000 (73%)]	Loss: 0.612085
Train Epoch: 16 [26880/36000 (75%)]	Loss: 0.296928
Train Epoch: 16 [27520/36000 (76%)]	Loss: 0.696710
Train Epoch: 16 [28160/36000 (78%)]	Loss: 0.563143
Train Epoch: 16 [28800/36000 (80%)]	Loss: 0.295712
Train Epoch: 16 [29440/36000 (82%)]	Loss: 0.555737
Train Epoch: 16 [30080/36000 (83%)]	Loss: 0.467891
Train Epoch: 16 [30720/36000 (85%)]	Loss: 0.468024
Train Epoch: 16 [31360/36000 (87%)]	Loss: 0.457127
Train Epoch: 16 [32000/36000 (89%)]	Loss: 0.444222
Train Epoch: 16 [32640/36000 (91%)]	Loss: 0.580920
Train Epoch: 16 [33280/36000 (92%)]	Loss: 0.381651
Train Epoch: 16 [33920/36000 (94%)]	Loss: 0.674677
Train Epoch: 16 [34560/36000 (96%)]	Loss: 0.446177
Train Epoch: 16 [35200/36000 (98%)]	Loss: 0.359788
Train Epoch: 16 [35840/36000 (99%)]	Loss: 0.599463
Test set:
Overall: 108249/112000 (96.7%)
Train set:
Overall: 30045/36000 (83.5%)
Train Epoch: 17 [0/36000 (0%)]	Loss: 0.323666
Train Epoch: 17 [640/36000 (2%)]	Loss: 0.513332
Train Epoch: 17 [1280/36000 (4%)]	Loss: 0.359439
Train Epoch: 17 [1920/36000 (5%)]	Loss: 0.227140
Train Epoch: 17 [2560/36000 (7%)]	Loss: 0.283919
Train Epoch: 17 [3200/36000 (9%)]	Loss: 0.429615
Train Epoch: 17 [3840/36000 (11%)]	Loss: 1.084684
Train Epoch: 17 [4480/36000 (12%)]	Loss: 0.557118
Train Epoch: 17 [5120/36000 (14%)]	Loss: 0.388887
Train Epoch: 17 [5760/36000 (16%)]	Loss: 0.880883
Train Epoch: 17 [6400/36000 (18%)]	Loss: 1.291777
Train Epoch: 17 [7040/36000 (20%)]	Loss: 0.332523
Train Epoch: 17 [7680/36000 (21%)]	Loss: 0.380623
Train Epoch: 17 [8320/36000 (23%)]	Loss: 0.505906
Train Epoch: 17 [8960/36000 (25%)]	Loss: 0.256955
Train Epoch: 17 [9600/36000 (27%)]	Loss: 0.260204
Train Epoch: 17 [10240/36000 (28%)]	Loss: 0.384341
Train Epoch: 17 [10880/36000 (30%)]	Loss: 0.611973
Train Epoch: 17 [11520/36000 (32%)]	Loss: 0.692814
Train Epoch: 17 [12160/36000 (34%)]	Loss: 0.474758
Train Epoch: 17 [12800/36000 (36%)]	Loss: 0.392967
Train Epoch: 17 [13440/36000 (37%)]	Loss: 0.404143
Train Epoch: 17 [14080/36000 (39%)]	Loss: 0.357943
Train Epoch: 17 [14720/36000 (41%)]	Loss: 0.809278
Train Epoch: 17 [15360/36000 (43%)]	Loss: 0.466768
Train Epoch: 17 [16000/36000 (44%)]	Loss: 0.443373
Train Epoch: 17 [16640/36000 (46%)]	Loss: 0.591065
Train Epoch: 17 [17280/36000 (48%)]	Loss: 0.363041
Train Epoch: 17 [17920/36000 (50%)]	Loss: 0.321753
Train Epoch: 17 [18560/36000 (52%)]	Loss: 0.319401
Train Epoch: 17 [19200/36000 (53%)]	Loss: 0.311880
Train Epoch: 17 [19840/36000 (55%)]	Loss: 0.506009
Train Epoch: 17 [20480/36000 (57%)]	Loss: 0.558691
Train Epoch: 17 [21120/36000 (59%)]	Loss: 0.985231
Train Epoch: 17 [21760/36000 (60%)]	Loss: 1.315134
Train Epoch: 17 [22400/36000 (62%)]	Loss: 1.527470
Train Epoch: 17 [23040/36000 (64%)]	Loss: 0.567213
Train Epoch: 17 [23680/36000 (66%)]	Loss: 1.131861
Train Epoch: 17 [24320/36000 (67%)]	Loss: 0.892794
Train Epoch: 17 [24960/36000 (69%)]	Loss: 0.836268
Train Epoch: 17 [25600/36000 (71%)]	Loss: 1.066395
Train Epoch: 17 [26240/36000 (73%)]	Loss: 0.370505
