Running on ax16.rc.zi.columbia.edu
Loaded pretrained conv weights from /home/lc3616/Projects/Mnist_pretrain_TI/mnist_cnn.pt
Conv layers frozen
Train Epoch: 1 [0/36000 (0%)]	Loss: 0.688821
Train Epoch: 1 [640/36000 (2%)]	Loss: 0.583700
Train Epoch: 1 [1280/36000 (4%)]	Loss: 0.433995
Train Epoch: 1 [1920/36000 (5%)]	Loss: 0.416319
Train Epoch: 1 [2560/36000 (7%)]	Loss: 0.259654
Train Epoch: 1 [3200/36000 (9%)]	Loss: 0.334660
Train Epoch: 1 [3840/36000 (11%)]	Loss: 0.227156
Train Epoch: 1 [4480/36000 (12%)]	Loss: 0.285157
Train Epoch: 1 [5120/36000 (14%)]	Loss: 0.127109
Train Epoch: 1 [5760/36000 (16%)]	Loss: 0.154849
Train Epoch: 1 [6400/36000 (18%)]	Loss: 0.199584
Train Epoch: 1 [7040/36000 (20%)]	Loss: 0.137815
Train Epoch: 1 [7680/36000 (21%)]	Loss: 0.106701
Train Epoch: 1 [8320/36000 (23%)]	Loss: 0.102116
Train Epoch: 1 [8960/36000 (25%)]	Loss: 0.105215
Train Epoch: 1 [9600/36000 (27%)]	Loss: 0.114609
Train Epoch: 1 [10240/36000 (28%)]	Loss: 0.138511
Train Epoch: 1 [10880/36000 (30%)]	Loss: 0.179143
Train Epoch: 1 [11520/36000 (32%)]	Loss: 0.083767
Train Epoch: 1 [12160/36000 (34%)]	Loss: 0.081563
Train Epoch: 1 [12800/36000 (36%)]	Loss: 0.076480
Train Epoch: 1 [13440/36000 (37%)]	Loss: 0.137114
Train Epoch: 1 [14080/36000 (39%)]	Loss: 0.123786
Train Epoch: 1 [14720/36000 (41%)]	Loss: 0.064811
Train Epoch: 1 [15360/36000 (43%)]	Loss: 0.235134
Train Epoch: 1 [16000/36000 (44%)]	Loss: 0.123381
Train Epoch: 1 [16640/36000 (46%)]	Loss: 0.070968
Train Epoch: 1 [17280/36000 (48%)]	Loss: 0.077337
Train Epoch: 1 [17920/36000 (50%)]	Loss: 0.091173
Train Epoch: 1 [18560/36000 (52%)]	Loss: 0.238095
Train Epoch: 1 [19200/36000 (53%)]	Loss: 0.169304
Train Epoch: 1 [19840/36000 (55%)]	Loss: 0.048124
Train Epoch: 1 [20480/36000 (57%)]	Loss: 0.156245
Train Epoch: 1 [21120/36000 (59%)]	Loss: 0.013711
Train Epoch: 1 [21760/36000 (60%)]	Loss: 0.040756
Train Epoch: 1 [22400/36000 (62%)]	Loss: 0.084032
Train Epoch: 1 [23040/36000 (64%)]	Loss: 0.166613
Train Epoch: 1 [23680/36000 (66%)]	Loss: 0.042705
Train Epoch: 1 [24320/36000 (67%)]	Loss: 0.152467
Train Epoch: 1 [24960/36000 (69%)]	Loss: 0.023121
Train Epoch: 1 [25600/36000 (71%)]	Loss: 0.120311
Train Epoch: 1 [26240/36000 (73%)]	Loss: 0.364737
Train Epoch: 1 [26880/36000 (75%)]	Loss: 0.077885
Train Epoch: 1 [27520/36000 (76%)]	Loss: 0.033069
Train Epoch: 1 [28160/36000 (78%)]	Loss: 0.067863
Train Epoch: 1 [28800/36000 (80%)]	Loss: 0.075503
Train Epoch: 1 [29440/36000 (82%)]	Loss: 0.093758
Train Epoch: 1 [30080/36000 (83%)]	Loss: 0.054191
Train Epoch: 1 [30720/36000 (85%)]	Loss: 0.049513
Train Epoch: 1 [31360/36000 (87%)]	Loss: 0.086432
Train Epoch: 1 [32000/36000 (89%)]	Loss: 0.054493
Train Epoch: 1 [32640/36000 (91%)]	Loss: 0.097037
Train Epoch: 1 [33280/36000 (92%)]	Loss: 0.116746
Train Epoch: 1 [33920/36000 (94%)]	Loss: 0.059094
Train Epoch: 1 [34560/36000 (96%)]	Loss: 0.020676
Train Epoch: 1 [35200/36000 (98%)]	Loss: 0.100862
Train Epoch: 1 [35840/36000 (99%)]	Loss: 0.043675
Test set:
Overall: 75205/112000 (67.1%)
Train set:
Overall: 35611/36000 (98.9%)
Train Epoch: 2 [0/36000 (0%)]	Loss: 0.028148
Train Epoch: 2 [640/36000 (2%)]	Loss: 0.056202
Train Epoch: 2 [1280/36000 (4%)]	Loss: 0.053929
Train Epoch: 2 [1920/36000 (5%)]	Loss: 0.054644
Train Epoch: 2 [2560/36000 (7%)]	Loss: 0.049846
Train Epoch: 2 [3200/36000 (9%)]	Loss: 0.100683
Train Epoch: 2 [3840/36000 (11%)]	Loss: 0.062695
Train Epoch: 2 [4480/36000 (12%)]	Loss: 0.140968
Train Epoch: 2 [5120/36000 (14%)]	Loss: 0.143520
Train Epoch: 2 [5760/36000 (16%)]	Loss: 0.152300
Train Epoch: 2 [6400/36000 (18%)]	Loss: 0.038665
Train Epoch: 2 [7040/36000 (20%)]	Loss: 0.164410
Train Epoch: 2 [7680/36000 (21%)]	Loss: 0.090816
Train Epoch: 2 [8320/36000 (23%)]	Loss: 0.121905
Train Epoch: 2 [8960/36000 (25%)]	Loss: 0.053071
Train Epoch: 2 [9600/36000 (27%)]	Loss: 0.027965
Train Epoch: 2 [10240/36000 (28%)]	Loss: 0.039911
Train Epoch: 2 [10880/36000 (30%)]	Loss: 0.054616
Train Epoch: 2 [11520/36000 (32%)]	Loss: 0.023675
Train Epoch: 2 [12160/36000 (34%)]	Loss: 0.064473
Train Epoch: 2 [12800/36000 (36%)]	Loss: 0.191468
Train Epoch: 2 [13440/36000 (37%)]	Loss: 0.064212
Train Epoch: 2 [14080/36000 (39%)]	Loss: 0.034174
Train Epoch: 2 [14720/36000 (41%)]	Loss: 0.055272
Train Epoch: 2 [15360/36000 (43%)]	Loss: 0.011479
Train Epoch: 2 [16000/36000 (44%)]	Loss: 0.023296
Train Epoch: 2 [16640/36000 (46%)]	Loss: 0.009270
Train Epoch: 2 [17280/36000 (48%)]	Loss: 0.035749
Train Epoch: 2 [17920/36000 (50%)]	Loss: 0.096734
Train Epoch: 2 [18560/36000 (52%)]	Loss: 0.072605
Train Epoch: 2 [19200/36000 (53%)]	Loss: 0.063851
Train Epoch: 2 [19840/36000 (55%)]	Loss: 0.064287
Train Epoch: 2 [20480/36000 (57%)]	Loss: 0.022811
Train Epoch: 2 [21120/36000 (59%)]	Loss: 0.040563
Train Epoch: 2 [21760/36000 (60%)]	Loss: 0.023772
Train Epoch: 2 [22400/36000 (62%)]	Loss: 0.043671
Train Epoch: 2 [23040/36000 (64%)]	Loss: 0.022570
Train Epoch: 2 [23680/36000 (66%)]	Loss: 0.044517
Train Epoch: 2 [24320/36000 (67%)]	Loss: 0.038663
Train Epoch: 2 [24960/36000 (69%)]	Loss: 0.067645
Train Epoch: 2 [25600/36000 (71%)]	Loss: 0.070935
Train Epoch: 2 [26240/36000 (73%)]	Loss: 0.019407
Train Epoch: 2 [26880/36000 (75%)]	Loss: 0.019859
Train Epoch: 2 [27520/36000 (76%)]	Loss: 0.036404
Train Epoch: 2 [28160/36000 (78%)]	Loss: 0.044744
Train Epoch: 2 [28800/36000 (80%)]	Loss: 0.071879
Train Epoch: 2 [29440/36000 (82%)]	Loss: 0.024948
Train Epoch: 2 [30080/36000 (83%)]	Loss: 0.091203
Train Epoch: 2 [30720/36000 (85%)]	Loss: 0.099853
Train Epoch: 2 [31360/36000 (87%)]	Loss: 0.014384
Train Epoch: 2 [32000/36000 (89%)]	Loss: 0.029880
Train Epoch: 2 [32640/36000 (91%)]	Loss: 0.009611
Train Epoch: 2 [33280/36000 (92%)]	Loss: 0.016373
Train Epoch: 2 [33920/36000 (94%)]	Loss: 0.079888
Train Epoch: 2 [34560/36000 (96%)]	Loss: 0.090530
Train Epoch: 2 [35200/36000 (98%)]	Loss: 0.032471
Train Epoch: 2 [35840/36000 (99%)]	Loss: 0.054934
Test set:
Overall: 75308/112000 (67.2%)
Train set:
Overall: 35813/36000 (99.5%)
Train Epoch: 3 [0/36000 (0%)]	Loss: 0.016132
Train Epoch: 3 [640/36000 (2%)]	Loss: 0.019708
Train Epoch: 3 [1280/36000 (4%)]	Loss: 0.045693
Train Epoch: 3 [1920/36000 (5%)]	Loss: 0.029103
Train Epoch: 3 [2560/36000 (7%)]	Loss: 0.005956
Train Epoch: 3 [3200/36000 (9%)]	Loss: 0.090003
Train Epoch: 3 [3840/36000 (11%)]	Loss: 0.012543
Train Epoch: 3 [4480/36000 (12%)]	Loss: 0.007702
Train Epoch: 3 [5120/36000 (14%)]	Loss: 0.074956
Train Epoch: 3 [5760/36000 (16%)]	Loss: 0.036880
Train Epoch: 3 [6400/36000 (18%)]	Loss: 0.022608
Train Epoch: 3 [7040/36000 (20%)]	Loss: 0.031900
Train Epoch: 3 [7680/36000 (21%)]	Loss: 0.135999
Train Epoch: 3 [8320/36000 (23%)]	Loss: 0.016175
Train Epoch: 3 [8960/36000 (25%)]	Loss: 0.093940
Train Epoch: 3 [9600/36000 (27%)]	Loss: 0.004046
Train Epoch: 3 [10240/36000 (28%)]	Loss: 0.010639
Train Epoch: 3 [10880/36000 (30%)]	Loss: 0.011105
Train Epoch: 3 [11520/36000 (32%)]	Loss: 0.031786
Train Epoch: 3 [12160/36000 (34%)]	Loss: 0.034524
Train Epoch: 3 [12800/36000 (36%)]	Loss: 0.035952
Train Epoch: 3 [13440/36000 (37%)]	Loss: 0.021442
Train Epoch: 3 [14080/36000 (39%)]	Loss: 0.033818
Train Epoch: 3 [14720/36000 (41%)]	Loss: 0.053374
Train Epoch: 3 [15360/36000 (43%)]	Loss: 0.024799
Train Epoch: 3 [16000/36000 (44%)]	Loss: 0.033676
Train Epoch: 3 [16640/36000 (46%)]	Loss: 0.106284
Train Epoch: 3 [17280/36000 (48%)]	Loss: 0.018822
Train Epoch: 3 [17920/36000 (50%)]	Loss: 0.056253
Train Epoch: 3 [18560/36000 (52%)]	Loss: 0.010901
Train Epoch: 3 [19200/36000 (53%)]	Loss: 0.043086
Train Epoch: 3 [19840/36000 (55%)]	Loss: 0.029838
Train Epoch: 3 [20480/36000 (57%)]	Loss: 0.012325
Train Epoch: 3 [21120/36000 (59%)]	Loss: 0.029427
Train Epoch: 3 [21760/36000 (60%)]	Loss: 0.019073
Train Epoch: 3 [22400/36000 (62%)]	Loss: 0.068129
Train Epoch: 3 [23040/36000 (64%)]	Loss: 0.025727
Train Epoch: 3 [23680/36000 (66%)]	Loss: 0.010101
Train Epoch: 3 [24320/36000 (67%)]	Loss: 0.011684
Train Epoch: 3 [24960/36000 (69%)]	Loss: 0.006119
Train Epoch: 3 [25600/36000 (71%)]	Loss: 0.059867
Train Epoch: 3 [26240/36000 (73%)]	Loss: 0.067118
Train Epoch: 3 [26880/36000 (75%)]	Loss: 0.022177
Train Epoch: 3 [27520/36000 (76%)]	Loss: 0.032853
Train Epoch: 3 [28160/36000 (78%)]	Loss: 0.014394
Train Epoch: 3 [28800/36000 (80%)]	Loss: 0.014746
Train Epoch: 3 [29440/36000 (82%)]	Loss: 0.016871
Train Epoch: 3 [30080/36000 (83%)]	Loss: 0.031967
Train Epoch: 3 [30720/36000 (85%)]	Loss: 0.021570
Train Epoch: 3 [31360/36000 (87%)]	Loss: 0.019386
Train Epoch: 3 [32000/36000 (89%)]	Loss: 0.069216
Train Epoch: 3 [32640/36000 (91%)]	Loss: 0.067237
Train Epoch: 3 [33280/36000 (92%)]	Loss: 0.008403
Train Epoch: 3 [33920/36000 (94%)]	Loss: 0.051455
Train Epoch: 3 [34560/36000 (96%)]	Loss: 0.002598
Train Epoch: 3 [35200/36000 (98%)]	Loss: 0.018726
Train Epoch: 3 [35840/36000 (99%)]	Loss: 0.235357
Test set:
Overall: 75206/112000 (67.1%)
Train set:
Overall: 35887/36000 (99.7%)
Train Epoch: 4 [0/36000 (0%)]	Loss: 0.006758
Train Epoch: 4 [640/36000 (2%)]	Loss: 0.004636
Train Epoch: 4 [1280/36000 (4%)]	Loss: 0.018642
Train Epoch: 4 [1920/36000 (5%)]	Loss: 0.032761
Train Epoch: 4 [2560/36000 (7%)]	Loss: 0.062261
Train Epoch: 4 [3200/36000 (9%)]	Loss: 0.006815
Train Epoch: 4 [3840/36000 (11%)]	Loss: 0.047191
Train Epoch: 4 [4480/36000 (12%)]	Loss: 0.007847
Train Epoch: 4 [5120/36000 (14%)]	Loss: 0.036242
Train Epoch: 4 [5760/36000 (16%)]	Loss: 0.003373
Train Epoch: 4 [6400/36000 (18%)]	Loss: 0.039362
Train Epoch: 4 [7040/36000 (20%)]	Loss: 0.007302
Train Epoch: 4 [7680/36000 (21%)]	Loss: 0.077872
Train Epoch: 4 [8320/36000 (23%)]	Loss: 0.003444
Train Epoch: 4 [8960/36000 (25%)]	Loss: 0.013052
Train Epoch: 4 [9600/36000 (27%)]	Loss: 0.017039
Train Epoch: 4 [10240/36000 (28%)]	Loss: 0.008828
Train Epoch: 4 [10880/36000 (30%)]	Loss: 0.035812
Train Epoch: 4 [11520/36000 (32%)]	Loss: 0.015757
Train Epoch: 4 [12160/36000 (34%)]	Loss: 0.005158
Train Epoch: 4 [12800/36000 (36%)]	Loss: 0.009570
Train Epoch: 4 [13440/36000 (37%)]	Loss: 0.007422
Train Epoch: 4 [14080/36000 (39%)]	Loss: 0.035832
Train Epoch: 4 [14720/36000 (41%)]	Loss: 0.006286
Train Epoch: 4 [15360/36000 (43%)]	Loss: 0.036529
Train Epoch: 4 [16000/36000 (44%)]	Loss: 0.076242
Train Epoch: 4 [16640/36000 (46%)]	Loss: 0.018711
Train Epoch: 4 [17280/36000 (48%)]	Loss: 0.006676
Train Epoch: 4 [17920/36000 (50%)]	Loss: 0.008020
Train Epoch: 4 [18560/36000 (52%)]	Loss: 0.021715
Train Epoch: 4 [19200/36000 (53%)]	Loss: 0.118574
Train Epoch: 4 [19840/36000 (55%)]	Loss: 0.124333
Train Epoch: 4 [20480/36000 (57%)]	Loss: 0.023145
Train Epoch: 4 [21120/36000 (59%)]	Loss: 0.005437
Train Epoch: 4 [21760/36000 (60%)]	Loss: 0.095349
Train Epoch: 4 [22400/36000 (62%)]	Loss: 0.010088
Train Epoch: 4 [23040/36000 (64%)]	Loss: 0.014358
Train Epoch: 4 [23680/36000 (66%)]	Loss: 0.014371
Train Epoch: 4 [24320/36000 (67%)]	Loss: 0.015001
Train Epoch: 4 [24960/36000 (69%)]	Loss: 0.008739
Train Epoch: 4 [25600/36000 (71%)]	Loss: 0.058719
Train Epoch: 4 [26240/36000 (73%)]	Loss: 0.118659
Train Epoch: 4 [26880/36000 (75%)]	Loss: 0.007459
Train Epoch: 4 [27520/36000 (76%)]	Loss: 0.045622
Train Epoch: 4 [28160/36000 (78%)]	Loss: 0.034576
Train Epoch: 4 [28800/36000 (80%)]	Loss: 0.028953
Train Epoch: 4 [29440/36000 (82%)]	Loss: 0.034764
Train Epoch: 4 [30080/36000 (83%)]	Loss: 0.005086
Train Epoch: 4 [30720/36000 (85%)]	Loss: 0.042273
Train Epoch: 4 [31360/36000 (87%)]	Loss: 0.038075
Train Epoch: 4 [32000/36000 (89%)]	Loss: 0.046620
Train Epoch: 4 [32640/36000 (91%)]	Loss: 0.021797
Train Epoch: 4 [33280/36000 (92%)]	Loss: 0.046256
Train Epoch: 4 [33920/36000 (94%)]	Loss: 0.070332
Train Epoch: 4 [34560/36000 (96%)]	Loss: 0.018269
Train Epoch: 4 [35200/36000 (98%)]	Loss: 0.011295
Train Epoch: 4 [35840/36000 (99%)]	Loss: 0.006121
Test set:
Overall: 75846/112000 (67.7%)
Train set:
Overall: 35921/36000 (99.8%)
Train Epoch: 5 [0/36000 (0%)]	Loss: 0.002312
Train Epoch: 5 [640/36000 (2%)]	Loss: 0.018520
Train Epoch: 5 [1280/36000 (4%)]	Loss: 0.124465
Train Epoch: 5 [1920/36000 (5%)]	Loss: 0.005985
Train Epoch: 5 [2560/36000 (7%)]	Loss: 0.010220
Train Epoch: 5 [3200/36000 (9%)]	Loss: 0.015887
Train Epoch: 5 [3840/36000 (11%)]	Loss: 0.010024
Train Epoch: 5 [4480/36000 (12%)]	Loss: 0.002568
Train Epoch: 5 [5120/36000 (14%)]	Loss: 0.005601
Train Epoch: 5 [5760/36000 (16%)]	Loss: 0.013421
Train Epoch: 5 [6400/36000 (18%)]	Loss: 0.005524
Train Epoch: 5 [7040/36000 (20%)]	Loss: 0.016630
Train Epoch: 5 [7680/36000 (21%)]	Loss: 0.011244
Train Epoch: 5 [8320/36000 (23%)]	Loss: 0.013952
Train Epoch: 5 [8960/36000 (25%)]	Loss: 0.013600
Train Epoch: 5 [9600/36000 (27%)]	Loss: 0.002324
Train Epoch: 5 [10240/36000 (28%)]	Loss: 0.060895
Train Epoch: 5 [10880/36000 (30%)]	Loss: 0.071333
Train Epoch: 5 [11520/36000 (32%)]	Loss: 0.036255
Train Epoch: 5 [12160/36000 (34%)]	Loss: 0.004294
Train Epoch: 5 [12800/36000 (36%)]	Loss: 0.006933
Train Epoch: 5 [13440/36000 (37%)]	Loss: 0.032137
Train Epoch: 5 [14080/36000 (39%)]	Loss: 0.058419
Train Epoch: 5 [14720/36000 (41%)]	Loss: 0.003532
Train Epoch: 5 [15360/36000 (43%)]	Loss: 0.049422
Train Epoch: 5 [16000/36000 (44%)]	Loss: 0.001874
Train Epoch: 5 [16640/36000 (46%)]	Loss: 0.016219
Train Epoch: 5 [17280/36000 (48%)]	Loss: 0.003003
Train Epoch: 5 [17920/36000 (50%)]	Loss: 0.001554
Train Epoch: 5 [18560/36000 (52%)]	Loss: 0.001270
Train Epoch: 5 [19200/36000 (53%)]	Loss: 0.001922
Train Epoch: 5 [19840/36000 (55%)]	Loss: 0.047100
Train Epoch: 5 [20480/36000 (57%)]	Loss: 0.010417
Train Epoch: 5 [21120/36000 (59%)]	Loss: 0.003486
Train Epoch: 5 [21760/36000 (60%)]	Loss: 0.000657
Train Epoch: 5 [22400/36000 (62%)]	Loss: 0.002181
Train Epoch: 5 [23040/36000 (64%)]	Loss: 0.022371
Train Epoch: 5 [23680/36000 (66%)]	Loss: 0.002699
Train Epoch: 5 [24320/36000 (67%)]	Loss: 0.006283
Train Epoch: 5 [24960/36000 (69%)]	Loss: 0.132793
Train Epoch: 5 [25600/36000 (71%)]	Loss: 0.001412
Train Epoch: 5 [26240/36000 (73%)]	Loss: 0.003247
Train Epoch: 5 [26880/36000 (75%)]	Loss: 0.014331
Train Epoch: 5 [27520/36000 (76%)]	Loss: 0.041153
Train Epoch: 5 [28160/36000 (78%)]	Loss: 0.019052
Train Epoch: 5 [28800/36000 (80%)]	Loss: 0.004319
Train Epoch: 5 [29440/36000 (82%)]	Loss: 0.023769
Train Epoch: 5 [30080/36000 (83%)]	Loss: 0.005221
Train Epoch: 5 [30720/36000 (85%)]	Loss: 0.013562
Train Epoch: 5 [31360/36000 (87%)]	Loss: 0.073518
Train Epoch: 5 [32000/36000 (89%)]	Loss: 0.008112
Train Epoch: 5 [32640/36000 (91%)]	Loss: 0.042637
Train Epoch: 5 [33280/36000 (92%)]	Loss: 0.067049
Train Epoch: 5 [33920/36000 (94%)]	Loss: 0.022427
Train Epoch: 5 [34560/36000 (96%)]	Loss: 0.022533
Train Epoch: 5 [35200/36000 (98%)]	Loss: 0.037526
Train Epoch: 5 [35840/36000 (99%)]	Loss: 0.012317
Test set:
Overall: 74774/112000 (66.8%)
Train set:
Overall: 35934/36000 (99.8%)
Train Epoch: 6 [0/36000 (0%)]	Loss: 0.006818
Train Epoch: 6 [640/36000 (2%)]	Loss: 0.034074
Train Epoch: 6 [1280/36000 (4%)]	Loss: 0.002256
Train Epoch: 6 [1920/36000 (5%)]	Loss: 0.007910
Train Epoch: 6 [2560/36000 (7%)]	Loss: 0.014313
Train Epoch: 6 [3200/36000 (9%)]	Loss: 0.023679
Train Epoch: 6 [3840/36000 (11%)]	Loss: 0.019552
Train Epoch: 6 [4480/36000 (12%)]	Loss: 0.003216
Train Epoch: 6 [5120/36000 (14%)]	Loss: 0.005445
Train Epoch: 6 [5760/36000 (16%)]	Loss: 0.007416
Train Epoch: 6 [6400/36000 (18%)]	Loss: 0.001443
Train Epoch: 6 [7040/36000 (20%)]	Loss: 0.041189
Train Epoch: 6 [7680/36000 (21%)]	Loss: 0.030701
Train Epoch: 6 [8320/36000 (23%)]	Loss: 0.020772
Train Epoch: 6 [8960/36000 (25%)]	Loss: 0.024535
Train Epoch: 6 [9600/36000 (27%)]	Loss: 0.048241
Train Epoch: 6 [10240/36000 (28%)]	Loss: 0.016453
Train Epoch: 6 [10880/36000 (30%)]	Loss: 0.000066
Train Epoch: 6 [11520/36000 (32%)]	Loss: 0.002965
Train Epoch: 6 [12160/36000 (34%)]	Loss: 0.024539
Train Epoch: 6 [12800/36000 (36%)]	Loss: 0.052747
Train Epoch: 6 [13440/36000 (37%)]	Loss: 0.037015
Train Epoch: 6 [14080/36000 (39%)]	Loss: 0.017077
Train Epoch: 6 [14720/36000 (41%)]	Loss: 0.054295
Train Epoch: 6 [15360/36000 (43%)]	Loss: 0.005274
Train Epoch: 6 [16000/36000 (44%)]	Loss: 0.000435
Train Epoch: 6 [16640/36000 (46%)]	Loss: 0.007408
Train Epoch: 6 [17280/36000 (48%)]	Loss: 0.002998
Train Epoch: 6 [17920/36000 (50%)]	Loss: 0.007948
Train Epoch: 6 [18560/36000 (52%)]	Loss: 0.027803
Train Epoch: 6 [19200/36000 (53%)]	Loss: 0.001746
Train Epoch: 6 [19840/36000 (55%)]	Loss: 0.025850
Train Epoch: 6 [20480/36000 (57%)]	Loss: 0.013154
Train Epoch: 6 [21120/36000 (59%)]	Loss: 0.021992
Train Epoch: 6 [21760/36000 (60%)]	Loss: 0.001330
Train Epoch: 6 [22400/36000 (62%)]	Loss: 0.075904
Train Epoch: 6 [23040/36000 (64%)]	Loss: 0.004074
Train Epoch: 6 [23680/36000 (66%)]	Loss: 0.007736
Train Epoch: 6 [24320/36000 (67%)]	Loss: 0.022053
Train Epoch: 6 [24960/36000 (69%)]	Loss: 0.014284
Train Epoch: 6 [25600/36000 (71%)]	Loss: 0.015434
Train Epoch: 6 [26240/36000 (73%)]	Loss: 0.009580
Train Epoch: 6 [26880/36000 (75%)]	Loss: 0.020681
Train Epoch: 6 [27520/36000 (76%)]	Loss: 0.014498
Train Epoch: 6 [28160/36000 (78%)]	Loss: 0.011133
Train Epoch: 6 [28800/36000 (80%)]	Loss: 0.030219
Train Epoch: 6 [29440/36000 (82%)]	Loss: 0.013189
Train Epoch: 6 [30080/36000 (83%)]	Loss: 0.013603
Train Epoch: 6 [30720/36000 (85%)]	Loss: 0.014880
Train Epoch: 6 [31360/36000 (87%)]	Loss: 0.002229
Train Epoch: 6 [32000/36000 (89%)]	Loss: 0.042276
Train Epoch: 6 [32640/36000 (91%)]	Loss: 0.132424
Train Epoch: 6 [33280/36000 (92%)]	Loss: 0.059149
Train Epoch: 6 [33920/36000 (94%)]	Loss: 0.006865
Train Epoch: 6 [34560/36000 (96%)]	Loss: 0.003805
Train Epoch: 6 [35200/36000 (98%)]	Loss: 0.005607
Train Epoch: 6 [35840/36000 (99%)]	Loss: 0.011154
Test set:
Overall: 75436/112000 (67.4%)
Train set:
Overall: 35941/36000 (99.8%)
Train Epoch: 7 [0/36000 (0%)]	Loss: 0.025369
Train Epoch: 7 [640/36000 (2%)]	Loss: 0.015547
Train Epoch: 7 [1280/36000 (4%)]	Loss: 0.007340
Train Epoch: 7 [1920/36000 (5%)]	Loss: 0.023904
Train Epoch: 7 [2560/36000 (7%)]	Loss: 0.002066
Train Epoch: 7 [3200/36000 (9%)]	Loss: 0.000210
Train Epoch: 7 [3840/36000 (11%)]	Loss: 0.007843
Train Epoch: 7 [4480/36000 (12%)]	Loss: 0.033184
Train Epoch: 7 [5120/36000 (14%)]	Loss: 0.013894
Train Epoch: 7 [5760/36000 (16%)]	Loss: 0.001996
Train Epoch: 7 [6400/36000 (18%)]	Loss: 0.022821
Train Epoch: 7 [7040/36000 (20%)]	Loss: 0.001032
Train Epoch: 7 [7680/36000 (21%)]	Loss: 0.017939
Train Epoch: 7 [8320/36000 (23%)]	Loss: 0.001402
Train Epoch: 7 [8960/36000 (25%)]	Loss: 0.054883
Train Epoch: 7 [9600/36000 (27%)]	Loss: 0.001731
Train Epoch: 7 [10240/36000 (28%)]	Loss: 0.003110
Train Epoch: 7 [10880/36000 (30%)]	Loss: 0.012282
Train Epoch: 7 [11520/36000 (32%)]	Loss: 0.002277
Train Epoch: 7 [12160/36000 (34%)]	Loss: 0.090384
Train Epoch: 7 [12800/36000 (36%)]	Loss: 0.009625
Train Epoch: 7 [13440/36000 (37%)]	Loss: 0.020665
Train Epoch: 7 [14080/36000 (39%)]	Loss: 0.010541
Train Epoch: 7 [14720/36000 (41%)]	Loss: 0.012419
Train Epoch: 7 [15360/36000 (43%)]	Loss: 0.067506
Train Epoch: 7 [16000/36000 (44%)]	Loss: 0.001243
Train Epoch: 7 [16640/36000 (46%)]	Loss: 0.022219
Train Epoch: 7 [17280/36000 (48%)]	Loss: 0.006961
Train Epoch: 7 [17920/36000 (50%)]	Loss: 0.014548
Train Epoch: 7 [18560/36000 (52%)]	Loss: 0.029021
Train Epoch: 7 [19200/36000 (53%)]	Loss: 0.003500
Train Epoch: 7 [19840/36000 (55%)]	Loss: 0.000627
Train Epoch: 7 [20480/36000 (57%)]	Loss: 0.011805
Train Epoch: 7 [21120/36000 (59%)]	Loss: 0.003861
Train Epoch: 7 [21760/36000 (60%)]	Loss: 0.005933
Train Epoch: 7 [22400/36000 (62%)]	Loss: 0.021116
Train Epoch: 7 [23040/36000 (64%)]	Loss: 0.006702
Train Epoch: 7 [23680/36000 (66%)]	Loss: 0.022404
Train Epoch: 7 [24320/36000 (67%)]	Loss: 0.022025
Train Epoch: 7 [24960/36000 (69%)]	Loss: 0.021330
Train Epoch: 7 [25600/36000 (71%)]	Loss: 0.001989
Train Epoch: 7 [26240/36000 (73%)]	Loss: 0.023124
Train Epoch: 7 [26880/36000 (75%)]	Loss: 0.036191
Train Epoch: 7 [27520/36000 (76%)]	Loss: 0.111401
Train Epoch: 7 [28160/36000 (78%)]	Loss: 0.004754
Train Epoch: 7 [28800/36000 (80%)]	Loss: 0.001260
Train Epoch: 7 [29440/36000 (82%)]	Loss: 0.031545
Train Epoch: 7 [30080/36000 (83%)]	Loss: 0.040200
Train Epoch: 7 [30720/36000 (85%)]	Loss: 0.003985
Train Epoch: 7 [31360/36000 (87%)]	Loss: 0.004095
Train Epoch: 7 [32000/36000 (89%)]	Loss: 0.154377
Train Epoch: 7 [32640/36000 (91%)]	Loss: 0.004535
Train Epoch: 7 [33280/36000 (92%)]	Loss: 0.011655
Train Epoch: 7 [33920/36000 (94%)]	Loss: 0.008416
Train Epoch: 7 [34560/36000 (96%)]	Loss: 0.004639
Train Epoch: 7 [35200/36000 (98%)]	Loss: 0.013926
Train Epoch: 7 [35840/36000 (99%)]	Loss: 0.013217
Test set:
Overall: 76845/112000 (68.6%)
Train set:
Overall: 35967/36000 (99.9%)
Train Epoch: 8 [0/36000 (0%)]	Loss: 0.126948
Train Epoch: 8 [640/36000 (2%)]	Loss: 0.002754
Train Epoch: 8 [1280/36000 (4%)]	Loss: 0.004352
Train Epoch: 8 [1920/36000 (5%)]	Loss: 0.020341
Train Epoch: 8 [2560/36000 (7%)]	Loss: 0.053420
Train Epoch: 8 [3200/36000 (9%)]	Loss: 0.006925
Train Epoch: 8 [3840/36000 (11%)]	Loss: 0.008524
Train Epoch: 8 [4480/36000 (12%)]	Loss: 0.005292
Train Epoch: 8 [5120/36000 (14%)]	Loss: 0.007764
Train Epoch: 8 [5760/36000 (16%)]	Loss: 0.008368
Train Epoch: 8 [6400/36000 (18%)]	Loss: 0.030276
Train Epoch: 8 [7040/36000 (20%)]	Loss: 0.003211
Train Epoch: 8 [7680/36000 (21%)]	Loss: 0.014115
Train Epoch: 8 [8320/36000 (23%)]	Loss: 0.051172
Train Epoch: 8 [8960/36000 (25%)]	Loss: 0.019970
Train Epoch: 8 [9600/36000 (27%)]	Loss: 0.000957
Train Epoch: 8 [10240/36000 (28%)]	Loss: 0.000923
Train Epoch: 8 [10880/36000 (30%)]	Loss: 0.006169
Train Epoch: 8 [11520/36000 (32%)]	Loss: 0.008910
Train Epoch: 8 [12160/36000 (34%)]	Loss: 0.002646
Train Epoch: 8 [12800/36000 (36%)]	Loss: 0.016260
Train Epoch: 8 [13440/36000 (37%)]	Loss: 0.019912
Train Epoch: 8 [14080/36000 (39%)]	Loss: 0.017895
Train Epoch: 8 [14720/36000 (41%)]	Loss: 0.005256
Train Epoch: 8 [15360/36000 (43%)]	Loss: 0.088651
Train Epoch: 8 [16000/36000 (44%)]	Loss: 0.009416
Train Epoch: 8 [16640/36000 (46%)]	Loss: 0.006425
Train Epoch: 8 [17280/36000 (48%)]	Loss: 0.012656
Train Epoch: 8 [17920/36000 (50%)]	Loss: 0.008096
Train Epoch: 8 [18560/36000 (52%)]	Loss: 0.023750
Train Epoch: 8 [19200/36000 (53%)]	Loss: 0.030909
Train Epoch: 8 [19840/36000 (55%)]	Loss: 0.000436
Train Epoch: 8 [20480/36000 (57%)]	Loss: 0.061464
Train Epoch: 8 [21120/36000 (59%)]	Loss: 0.086623
Train Epoch: 8 [21760/36000 (60%)]	Loss: 0.015036
Train Epoch: 8 [22400/36000 (62%)]	Loss: 0.000954
Train Epoch: 8 [23040/36000 (64%)]	Loss: 0.000688
Train Epoch: 8 [23680/36000 (66%)]	Loss: 0.003376
Train Epoch: 8 [24320/36000 (67%)]	Loss: 0.018270
Train Epoch: 8 [24960/36000 (69%)]	Loss: 0.058082
Train Epoch: 8 [25600/36000 (71%)]	Loss: 0.000913
Train Epoch: 8 [26240/36000 (73%)]	Loss: 0.003625
Train Epoch: 8 [26880/36000 (75%)]	Loss: 0.006362
Train Epoch: 8 [27520/36000 (76%)]	Loss: 0.025441
Train Epoch: 8 [28160/36000 (78%)]	Loss: 0.056041
Train Epoch: 8 [28800/36000 (80%)]	Loss: 0.000488
Train Epoch: 8 [29440/36000 (82%)]	Loss: 0.013656
Train Epoch: 8 [30080/36000 (83%)]	Loss: 0.002186
Train Epoch: 8 [30720/36000 (85%)]	Loss: 0.048695
Train Epoch: 8 [31360/36000 (87%)]	Loss: 0.011949
Train Epoch: 8 [32000/36000 (89%)]	Loss: 0.003073
Train Epoch: 8 [32640/36000 (91%)]	Loss: 0.019474
Train Epoch: 8 [33280/36000 (92%)]	Loss: 0.028728
Train Epoch: 8 [33920/36000 (94%)]	Loss: 0.001514
Train Epoch: 8 [34560/36000 (96%)]	Loss: 0.008503
Train Epoch: 8 [35200/36000 (98%)]	Loss: 0.015219
Train Epoch: 8 [35840/36000 (99%)]	Loss: 0.032076
Test set:
Overall: 74310/112000 (66.3%)
Train set:
Overall: 35982/36000 (100.0%)
Train Epoch: 9 [0/36000 (0%)]	Loss: 0.048539
Train Epoch: 9 [640/36000 (2%)]	Loss: 0.002301
Train Epoch: 9 [1280/36000 (4%)]	Loss: 0.004085
Train Epoch: 9 [1920/36000 (5%)]	Loss: 0.013348
Train Epoch: 9 [2560/36000 (7%)]	Loss: 0.019766
Train Epoch: 9 [3200/36000 (9%)]	Loss: 0.030776
Train Epoch: 9 [3840/36000 (11%)]	Loss: 0.013001
Train Epoch: 9 [4480/36000 (12%)]	Loss: 0.005003
Train Epoch: 9 [5120/36000 (14%)]	Loss: 0.005842
Train Epoch: 9 [5760/36000 (16%)]	Loss: 0.004467
Train Epoch: 9 [6400/36000 (18%)]	Loss: 0.002654
Train Epoch: 9 [7040/36000 (20%)]	Loss: 0.002911
Train Epoch: 9 [7680/36000 (21%)]	Loss: 0.000395
Train Epoch: 9 [8320/36000 (23%)]	Loss: 0.057319
Train Epoch: 9 [8960/36000 (25%)]	Loss: 0.084783
Train Epoch: 9 [9600/36000 (27%)]	Loss: 0.014163
Train Epoch: 9 [10240/36000 (28%)]	Loss: 0.031922
Train Epoch: 9 [10880/36000 (30%)]	Loss: 0.014334
Train Epoch: 9 [11520/36000 (32%)]	Loss: 0.010873
Train Epoch: 9 [12160/36000 (34%)]	Loss: 0.016011
Train Epoch: 9 [12800/36000 (36%)]	Loss: 0.001761
Train Epoch: 9 [13440/36000 (37%)]	Loss: 0.018041
Train Epoch: 9 [14080/36000 (39%)]	Loss: 0.008434
Train Epoch: 9 [14720/36000 (41%)]	Loss: 0.019943
Train Epoch: 9 [15360/36000 (43%)]	Loss: 0.041618
Train Epoch: 9 [16000/36000 (44%)]	Loss: 0.005499
Train Epoch: 9 [16640/36000 (46%)]	Loss: 0.005967
Train Epoch: 9 [17280/36000 (48%)]	Loss: 0.017165
Train Epoch: 9 [17920/36000 (50%)]	Loss: 0.006392
Train Epoch: 9 [18560/36000 (52%)]	Loss: 0.004938
Train Epoch: 9 [19200/36000 (53%)]	Loss: 0.002163
Train Epoch: 9 [19840/36000 (55%)]	Loss: 0.001064
Train Epoch: 9 [20480/36000 (57%)]	Loss: 0.002712
Train Epoch: 9 [21120/36000 (59%)]	Loss: 0.012061
Train Epoch: 9 [21760/36000 (60%)]	Loss: 0.002474
Train Epoch: 9 [22400/36000 (62%)]	Loss: 0.055200
Train Epoch: 9 [23040/36000 (64%)]	Loss: 0.017275
Train Epoch: 9 [23680/36000 (66%)]	Loss: 0.003644
Train Epoch: 9 [24320/36000 (67%)]	Loss: 0.004302
Train Epoch: 9 [24960/36000 (69%)]	Loss: 0.014444
Train Epoch: 9 [25600/36000 (71%)]	Loss: 0.006419
Train Epoch: 9 [26240/36000 (73%)]	Loss: 0.024109
Train Epoch: 9 [26880/36000 (75%)]	Loss: 0.017361
Train Epoch: 9 [27520/36000 (76%)]	Loss: 0.027451
Train Epoch: 9 [28160/36000 (78%)]	Loss: 0.045719
Train Epoch: 9 [28800/36000 (80%)]	Loss: 0.000849
Train Epoch: 9 [29440/36000 (82%)]	Loss: 0.018881
Train Epoch: 9 [30080/36000 (83%)]	Loss: 0.001883
Train Epoch: 9 [30720/36000 (85%)]	Loss: 0.014222
Train Epoch: 9 [31360/36000 (87%)]	Loss: 0.005757
Train Epoch: 9 [32000/36000 (89%)]	Loss: 0.018739
Train Epoch: 9 [32640/36000 (91%)]	Loss: 0.008993
Train Epoch: 9 [33280/36000 (92%)]	Loss: 0.001675
Train Epoch: 9 [33920/36000 (94%)]	Loss: 0.008631
Train Epoch: 9 [34560/36000 (96%)]	Loss: 0.006740
Train Epoch: 9 [35200/36000 (98%)]	Loss: 0.000315
Train Epoch: 9 [35840/36000 (99%)]	Loss: 0.087581
Test set:
Overall: 76290/112000 (68.1%)
Train set:
Overall: 35975/36000 (99.9%)
Train Epoch: 10 [0/36000 (0%)]	Loss: 0.008209
Train Epoch: 10 [640/36000 (2%)]	Loss: 0.033431
Train Epoch: 10 [1280/36000 (4%)]	Loss: 0.000289
Train Epoch: 10 [1920/36000 (5%)]	Loss: 0.003035
Train Epoch: 10 [2560/36000 (7%)]	Loss: 0.003130
Train Epoch: 10 [3200/36000 (9%)]	Loss: 0.007704
Train Epoch: 10 [3840/36000 (11%)]	Loss: 0.046065
Train Epoch: 10 [4480/36000 (12%)]	Loss: 0.007324
Train Epoch: 10 [5120/36000 (14%)]	Loss: 0.003387
Train Epoch: 10 [5760/36000 (16%)]	Loss: 0.081667
Train Epoch: 10 [6400/36000 (18%)]	Loss: 0.000878
Train Epoch: 10 [7040/36000 (20%)]	Loss: 0.041094
Train Epoch: 10 [7680/36000 (21%)]	Loss: 0.006819
Train Epoch: 10 [8320/36000 (23%)]	Loss: 0.001494
Train Epoch: 10 [8960/36000 (25%)]	Loss: 0.012256
Train Epoch: 10 [9600/36000 (27%)]	Loss: 0.023848
Train Epoch: 10 [10240/36000 (28%)]	Loss: 0.002840
Train Epoch: 10 [10880/36000 (30%)]	Loss: 0.025492
Train Epoch: 10 [11520/36000 (32%)]	Loss: 0.027640
Train Epoch: 10 [12160/36000 (34%)]	Loss: 0.005760
Train Epoch: 10 [12800/36000 (36%)]	Loss: 0.035230
Train Epoch: 10 [13440/36000 (37%)]	Loss: 0.001696
Train Epoch: 10 [14080/36000 (39%)]	Loss: 0.000320
Train Epoch: 10 [14720/36000 (41%)]	Loss: 0.000474
Train Epoch: 10 [15360/36000 (43%)]	Loss: 0.081491
Train Epoch: 10 [16000/36000 (44%)]	Loss: 0.002008
Train Epoch: 10 [16640/36000 (46%)]	Loss: 0.006436
Train Epoch: 10 [17280/36000 (48%)]	Loss: 0.003761
Train Epoch: 10 [17920/36000 (50%)]	Loss: 0.002739
Train Epoch: 10 [18560/36000 (52%)]	Loss: 0.009899
Train Epoch: 10 [19200/36000 (53%)]	Loss: 0.045856
Train Epoch: 10 [19840/36000 (55%)]	Loss: 0.003656
Train Epoch: 10 [20480/36000 (57%)]	Loss: 0.011007
Train Epoch: 10 [21120/36000 (59%)]	Loss: 0.004558
Train Epoch: 10 [21760/36000 (60%)]	Loss: 0.009574
Train Epoch: 10 [22400/36000 (62%)]	Loss: 0.015247
Train Epoch: 10 [23040/36000 (64%)]	Loss: 0.011699
Train Epoch: 10 [23680/36000 (66%)]	Loss: 0.051328
Train Epoch: 10 [24320/36000 (67%)]	Loss: 0.005459
Train Epoch: 10 [24960/36000 (69%)]	Loss: 0.001641
Train Epoch: 10 [25600/36000 (71%)]	Loss: 0.002530
Train Epoch: 10 [26240/36000 (73%)]	Loss: 0.006469
Train Epoch: 10 [26880/36000 (75%)]	Loss: 0.020437
Train Epoch: 10 [27520/36000 (76%)]	Loss: 0.014770
Train Epoch: 10 [28160/36000 (78%)]	Loss: 0.003258
Train Epoch: 10 [28800/36000 (80%)]	Loss: 0.014289
Train Epoch: 10 [29440/36000 (82%)]	Loss: 0.000604
Train Epoch: 10 [30080/36000 (83%)]	Loss: 0.003869
Train Epoch: 10 [30720/36000 (85%)]	Loss: 0.031323
Train Epoch: 10 [31360/36000 (87%)]	Loss: 0.001325
Train Epoch: 10 [32000/36000 (89%)]	Loss: 0.005365
Train Epoch: 10 [32640/36000 (91%)]	Loss: 0.097806
Train Epoch: 10 [33280/36000 (92%)]	Loss: 0.022840
Train Epoch: 10 [33920/36000 (94%)]	Loss: 0.008281
Train Epoch: 10 [34560/36000 (96%)]	Loss: 0.007496
Train Epoch: 10 [35200/36000 (98%)]	Loss: 0.021819
Train Epoch: 10 [35840/36000 (99%)]	Loss: 0.015672
Test set:
Overall: 75160/112000 (67.1%)
Train set:
Overall: 35988/36000 (100.0%)
Train Epoch: 11 [0/36000 (0%)]	Loss: 0.001297
Train Epoch: 11 [640/36000 (2%)]	Loss: 0.017765
Train Epoch: 11 [1280/36000 (4%)]	Loss: 0.007766
Train Epoch: 11 [1920/36000 (5%)]	Loss: 0.043710
Train Epoch: 11 [2560/36000 (7%)]	Loss: 0.015705
Train Epoch: 11 [3200/36000 (9%)]	Loss: 0.003302
Train Epoch: 11 [3840/36000 (11%)]	Loss: 0.042417
Train Epoch: 11 [4480/36000 (12%)]	Loss: 0.002676
Train Epoch: 11 [5120/36000 (14%)]	Loss: 0.009824
Train Epoch: 11 [5760/36000 (16%)]	Loss: 0.006553
Train Epoch: 11 [6400/36000 (18%)]	Loss: 0.000510
Train Epoch: 11 [7040/36000 (20%)]	Loss: 0.000795
Train Epoch: 11 [7680/36000 (21%)]	Loss: 0.016534
Train Epoch: 11 [8320/36000 (23%)]	Loss: 0.000200
Train Epoch: 11 [8960/36000 (25%)]	Loss: 0.015207
Train Epoch: 11 [9600/36000 (27%)]	Loss: 0.005552
Train Epoch: 11 [10240/36000 (28%)]	Loss: 0.016694
Train Epoch: 11 [10880/36000 (30%)]	Loss: 0.008703
Train Epoch: 11 [11520/36000 (32%)]	Loss: 0.030260
Train Epoch: 11 [12160/36000 (34%)]	Loss: 0.067427
Train Epoch: 11 [12800/36000 (36%)]	Loss: 0.013835
Train Epoch: 11 [13440/36000 (37%)]	Loss: 0.026264
Train Epoch: 11 [14080/36000 (39%)]	Loss: 0.001066
Train Epoch: 11 [14720/36000 (41%)]	Loss: 0.000211
Train Epoch: 11 [15360/36000 (43%)]	Loss: 0.004589
Train Epoch: 11 [16000/36000 (44%)]	Loss: 0.003494
Train Epoch: 11 [16640/36000 (46%)]	Loss: 0.002404
Train Epoch: 11 [17280/36000 (48%)]	Loss: 0.001973
Train Epoch: 11 [17920/36000 (50%)]	Loss: 0.028567
Train Epoch: 11 [18560/36000 (52%)]	Loss: 0.019477
Train Epoch: 11 [19200/36000 (53%)]	Loss: 0.000939
Train Epoch: 11 [19840/36000 (55%)]	Loss: 0.008078
Train Epoch: 11 [20480/36000 (57%)]	Loss: 0.023806
Train Epoch: 11 [21120/36000 (59%)]	Loss: 0.001006
Train Epoch: 11 [21760/36000 (60%)]	Loss: 0.003392
Train Epoch: 11 [22400/36000 (62%)]	Loss: 0.000996
Train Epoch: 11 [23040/36000 (64%)]	Loss: 0.007415
Train Epoch: 11 [23680/36000 (66%)]	Loss: 0.000043
Train Epoch: 11 [24320/36000 (67%)]	Loss: 0.000250
Train Epoch: 11 [24960/36000 (69%)]	Loss: 0.000217
Train Epoch: 11 [25600/36000 (71%)]	Loss: 0.002939
Train Epoch: 11 [26240/36000 (73%)]	Loss: 0.003730
Train Epoch: 11 [26880/36000 (75%)]	Loss: 0.022829
Train Epoch: 11 [27520/36000 (76%)]	Loss: 0.000048
Train Epoch: 11 [28160/36000 (78%)]	Loss: 0.001322
Train Epoch: 11 [28800/36000 (80%)]	Loss: 0.005980
Train Epoch: 11 [29440/36000 (82%)]	Loss: 0.002431
Train Epoch: 11 [30080/36000 (83%)]	Loss: 0.050349
Train Epoch: 11 [30720/36000 (85%)]	Loss: 0.053816
Train Epoch: 11 [31360/36000 (87%)]	Loss: 0.011529
Train Epoch: 11 [32000/36000 (89%)]	Loss: 0.081895
Train Epoch: 11 [32640/36000 (91%)]	Loss: 0.000508
Train Epoch: 11 [33280/36000 (92%)]	Loss: 0.022465
Train Epoch: 11 [33920/36000 (94%)]	Loss: 0.001285
Train Epoch: 11 [34560/36000 (96%)]	Loss: 0.006621
Train Epoch: 11 [35200/36000 (98%)]	Loss: 0.007134
Train Epoch: 11 [35840/36000 (99%)]	Loss: 0.002960
Test set:
Overall: 75116/112000 (67.1%)
Train set:
Overall: 35990/36000 (100.0%)
Train Epoch: 12 [0/36000 (0%)]	Loss: 0.010452
Train Epoch: 12 [640/36000 (2%)]	Loss: 0.006209
Train Epoch: 12 [1280/36000 (4%)]	Loss: 0.005513
Train Epoch: 12 [1920/36000 (5%)]	Loss: 0.002436
Train Epoch: 12 [2560/36000 (7%)]	Loss: 0.000093
Train Epoch: 12 [3200/36000 (9%)]	Loss: 0.004793
Train Epoch: 12 [3840/36000 (11%)]	Loss: 0.004154
Train Epoch: 12 [4480/36000 (12%)]	Loss: 0.001879
Train Epoch: 12 [5120/36000 (14%)]	Loss: 0.002353
Train Epoch: 12 [5760/36000 (16%)]	Loss: 0.007691
Train Epoch: 12 [6400/36000 (18%)]	Loss: 0.002283
Train Epoch: 12 [7040/36000 (20%)]	Loss: 0.000240
Train Epoch: 12 [7680/36000 (21%)]	Loss: 0.000636
Train Epoch: 12 [8320/36000 (23%)]	Loss: 0.001839
Train Epoch: 12 [8960/36000 (25%)]	Loss: 0.099959
Train Epoch: 12 [9600/36000 (27%)]	Loss: 0.002263
Train Epoch: 12 [10240/36000 (28%)]	Loss: 0.010028
Train Epoch: 12 [10880/36000 (30%)]	Loss: 0.005822
Train Epoch: 12 [11520/36000 (32%)]	Loss: 0.001871
Train Epoch: 12 [12160/36000 (34%)]	Loss: 0.026910
Train Epoch: 12 [12800/36000 (36%)]	Loss: 0.000135
Train Epoch: 12 [13440/36000 (37%)]	Loss: 0.012912
Train Epoch: 12 [14080/36000 (39%)]	Loss: 0.002072
Train Epoch: 12 [14720/36000 (41%)]	Loss: 0.010346
Train Epoch: 12 [15360/36000 (43%)]	Loss: 0.001238
Train Epoch: 12 [16000/36000 (44%)]	Loss: 0.027384
Train Epoch: 12 [16640/36000 (46%)]	Loss: 0.001142
Train Epoch: 12 [17280/36000 (48%)]	Loss: 0.005367
Train Epoch: 12 [17920/36000 (50%)]	Loss: 0.002198
Train Epoch: 12 [18560/36000 (52%)]	Loss: 0.002686
Train Epoch: 12 [19200/36000 (53%)]	Loss: 0.002534
Train Epoch: 12 [19840/36000 (55%)]	Loss: 0.001198
Train Epoch: 12 [20480/36000 (57%)]	Loss: 0.057777
Train Epoch: 12 [21120/36000 (59%)]	Loss: 0.023989
Train Epoch: 12 [21760/36000 (60%)]	Loss: 0.003046
Train Epoch: 12 [22400/36000 (62%)]	Loss: 0.005127
Train Epoch: 12 [23040/36000 (64%)]	Loss: 0.004425
Train Epoch: 12 [23680/36000 (66%)]	Loss: 0.002727
Train Epoch: 12 [24320/36000 (67%)]	Loss: 0.000964
Train Epoch: 12 [24960/36000 (69%)]	Loss: 0.003231
Train Epoch: 12 [25600/36000 (71%)]	Loss: 0.004397
Train Epoch: 12 [26240/36000 (73%)]	Loss: 0.022229
Train Epoch: 12 [26880/36000 (75%)]	Loss: 0.014542
Train Epoch: 12 [27520/36000 (76%)]	Loss: 0.036908
Train Epoch: 12 [28160/36000 (78%)]	Loss: 0.047615
Train Epoch: 12 [28800/36000 (80%)]	Loss: 0.000502
Train Epoch: 12 [29440/36000 (82%)]	Loss: 0.011522
Train Epoch: 12 [30080/36000 (83%)]	Loss: 0.002997
Train Epoch: 12 [30720/36000 (85%)]	Loss: 0.007108
Train Epoch: 12 [31360/36000 (87%)]	Loss: 0.044565
Train Epoch: 12 [32000/36000 (89%)]	Loss: 0.059799
Train Epoch: 12 [32640/36000 (91%)]	Loss: 0.002783
Train Epoch: 12 [33280/36000 (92%)]	Loss: 0.082295
Train Epoch: 12 [33920/36000 (94%)]	Loss: 0.004413
Train Epoch: 12 [34560/36000 (96%)]	Loss: 0.004292
Train Epoch: 12 [35200/36000 (98%)]	Loss: 0.013187
Train Epoch: 12 [35840/36000 (99%)]	Loss: 0.002688
Test set:
Overall: 77037/112000 (68.8%)
Train set:
Overall: 35990/36000 (100.0%)
Train Epoch: 13 [0/36000 (0%)]	Loss: 0.000390
Train Epoch: 13 [640/36000 (2%)]	Loss: 0.000223
Train Epoch: 13 [1280/36000 (4%)]	Loss: 0.001355
Train Epoch: 13 [1920/36000 (5%)]	Loss: 0.015106
Train Epoch: 13 [2560/36000 (7%)]	Loss: 0.063873
Train Epoch: 13 [3200/36000 (9%)]	Loss: 0.010005
Train Epoch: 13 [3840/36000 (11%)]	Loss: 0.013183
Train Epoch: 13 [4480/36000 (12%)]	Loss: 0.000009
Train Epoch: 13 [5120/36000 (14%)]	Loss: 0.001012
Train Epoch: 13 [5760/36000 (16%)]	Loss: 0.079635
Train Epoch: 13 [6400/36000 (18%)]	Loss: 0.024411
Train Epoch: 13 [7040/36000 (20%)]	Loss: 0.019724
Train Epoch: 13 [7680/36000 (21%)]	Loss: 0.011324
Train Epoch: 13 [8320/36000 (23%)]	Loss: 0.000264
Train Epoch: 13 [8960/36000 (25%)]	Loss: 0.054750
Train Epoch: 13 [9600/36000 (27%)]	Loss: 0.004927
Train Epoch: 13 [10240/36000 (28%)]	Loss: 0.005687
Train Epoch: 13 [10880/36000 (30%)]	Loss: 0.003913
Train Epoch: 13 [11520/36000 (32%)]	Loss: 0.022878
Train Epoch: 13 [12160/36000 (34%)]	Loss: 0.005747
Train Epoch: 13 [12800/36000 (36%)]	Loss: 0.000816
Train Epoch: 13 [13440/36000 (37%)]	Loss: 0.040732
Train Epoch: 13 [14080/36000 (39%)]	Loss: 0.000789
Train Epoch: 13 [14720/36000 (41%)]	Loss: 0.007082
Train Epoch: 13 [15360/36000 (43%)]	Loss: 0.005016
Train Epoch: 13 [16000/36000 (44%)]	Loss: 0.005769
Train Epoch: 13 [16640/36000 (46%)]	Loss: 0.003556
Train Epoch: 13 [17280/36000 (48%)]	Loss: 0.013868
Train Epoch: 13 [17920/36000 (50%)]	Loss: 0.004490
Train Epoch: 13 [18560/36000 (52%)]	Loss: 0.004543
Train Epoch: 13 [19200/36000 (53%)]	Loss: 0.008622
Train Epoch: 13 [19840/36000 (55%)]	Loss: 0.001409
Train Epoch: 13 [20480/36000 (57%)]	Loss: 0.002276
Train Epoch: 13 [21120/36000 (59%)]	Loss: 0.013020
Train Epoch: 13 [21760/36000 (60%)]	Loss: 0.019799
Train Epoch: 13 [22400/36000 (62%)]	Loss: 0.004133
Train Epoch: 13 [23040/36000 (64%)]	Loss: 0.008724
Train Epoch: 13 [23680/36000 (66%)]	Loss: 0.008404
Train Epoch: 13 [24320/36000 (67%)]	Loss: 0.003504
Train Epoch: 13 [24960/36000 (69%)]	Loss: 0.040010
Train Epoch: 13 [25600/36000 (71%)]	Loss: 0.000240
Train Epoch: 13 [26240/36000 (73%)]	Loss: 0.014911
Train Epoch: 13 [26880/36000 (75%)]	Loss: 0.038131
Train Epoch: 13 [27520/36000 (76%)]	Loss: 0.000511
Train Epoch: 13 [28160/36000 (78%)]	Loss: 0.003058
Train Epoch: 13 [28800/36000 (80%)]	Loss: 0.063569
Train Epoch: 13 [29440/36000 (82%)]	Loss: 0.008993
Train Epoch: 13 [30080/36000 (83%)]	Loss: 0.006784
Train Epoch: 13 [30720/36000 (85%)]	Loss: 0.032954
Train Epoch: 13 [31360/36000 (87%)]	Loss: 0.004175
Train Epoch: 13 [32000/36000 (89%)]	Loss: 0.005110
Train Epoch: 13 [32640/36000 (91%)]	Loss: 0.003585
Train Epoch: 13 [33280/36000 (92%)]	Loss: 0.001098
Train Epoch: 13 [33920/36000 (94%)]	Loss: 0.003428
Train Epoch: 13 [34560/36000 (96%)]	Loss: 0.011352
Train Epoch: 13 [35200/36000 (98%)]	Loss: 0.007401
Train Epoch: 13 [35840/36000 (99%)]	Loss: 0.004841
Test set:
Overall: 76398/112000 (68.2%)
Train set:
Overall: 35990/36000 (100.0%)
Train Epoch: 14 [0/36000 (0%)]	Loss: 0.000569
Train Epoch: 14 [640/36000 (2%)]	Loss: 0.001805
Train Epoch: 14 [1280/36000 (4%)]	Loss: 0.032305
Train Epoch: 14 [1920/36000 (5%)]	Loss: 0.000265
Train Epoch: 14 [2560/36000 (7%)]	Loss: 0.013999
Train Epoch: 14 [3200/36000 (9%)]	Loss: 0.002409
Train Epoch: 14 [3840/36000 (11%)]	Loss: 0.004797
Train Epoch: 14 [4480/36000 (12%)]	Loss: 0.010366
Train Epoch: 14 [5120/36000 (14%)]	Loss: 0.000209
Train Epoch: 14 [5760/36000 (16%)]	Loss: 0.006053
Train Epoch: 14 [6400/36000 (18%)]	Loss: 0.015443
Train Epoch: 14 [7040/36000 (20%)]	Loss: 0.001075
Train Epoch: 14 [7680/36000 (21%)]	Loss: 0.022819
Train Epoch: 14 [8320/36000 (23%)]	Loss: 0.015178
Train Epoch: 14 [8960/36000 (25%)]	Loss: 0.008471
Train Epoch: 14 [9600/36000 (27%)]	Loss: 0.061196
Train Epoch: 14 [10240/36000 (28%)]	Loss: 0.004547
Train Epoch: 14 [10880/36000 (30%)]	Loss: 0.000092
Train Epoch: 14 [11520/36000 (32%)]	Loss: 0.002535
Train Epoch: 14 [12160/36000 (34%)]	Loss: 0.000123
Train Epoch: 14 [12800/36000 (36%)]	Loss: 0.000578
Train Epoch: 14 [13440/36000 (37%)]	Loss: 0.002955
Train Epoch: 14 [14080/36000 (39%)]	Loss: 0.058374
Train Epoch: 14 [14720/36000 (41%)]	Loss: 0.000239
Train Epoch: 14 [15360/36000 (43%)]	Loss: 0.002694
Train Epoch: 14 [16000/36000 (44%)]	Loss: 0.000303
Train Epoch: 14 [16640/36000 (46%)]	Loss: 0.018838
Train Epoch: 14 [17280/36000 (48%)]	Loss: 0.000191
Train Epoch: 14 [17920/36000 (50%)]	Loss: 0.005089
Train Epoch: 14 [18560/36000 (52%)]	Loss: 0.015844
Train Epoch: 14 [19200/36000 (53%)]	Loss: 0.008239
Train Epoch: 14 [19840/36000 (55%)]	Loss: 0.004322
Train Epoch: 14 [20480/36000 (57%)]	Loss: 0.013426
Train Epoch: 14 [21120/36000 (59%)]	Loss: 0.053301
Train Epoch: 14 [21760/36000 (60%)]	Loss: 0.057200
Train Epoch: 14 [22400/36000 (62%)]	Loss: 0.000448
Train Epoch: 14 [23040/36000 (64%)]	Loss: 0.053607
Train Epoch: 14 [23680/36000 (66%)]	Loss: 0.000267
Train Epoch: 14 [24320/36000 (67%)]	Loss: 0.015031
Train Epoch: 14 [24960/36000 (69%)]	Loss: 0.005181
Train Epoch: 14 [25600/36000 (71%)]	Loss: 0.002756
Train Epoch: 14 [26240/36000 (73%)]	Loss: 0.006664
Train Epoch: 14 [26880/36000 (75%)]	Loss: 0.001641
Train Epoch: 14 [27520/36000 (76%)]	Loss: 0.001396
Train Epoch: 14 [28160/36000 (78%)]	Loss: 0.000934
Train Epoch: 14 [28800/36000 (80%)]	Loss: 0.057287
Train Epoch: 14 [29440/36000 (82%)]	Loss: 0.000708
Train Epoch: 14 [30080/36000 (83%)]	Loss: 0.000715
Train Epoch: 14 [30720/36000 (85%)]	Loss: 0.000145
Train Epoch: 14 [31360/36000 (87%)]	Loss: 0.001327
Train Epoch: 14 [32000/36000 (89%)]	Loss: 0.002893
Train Epoch: 14 [32640/36000 (91%)]	Loss: 0.000229
Train Epoch: 14 [33280/36000 (92%)]	Loss: 0.000920
Train Epoch: 14 [33920/36000 (94%)]	Loss: 0.025434
Train Epoch: 14 [34560/36000 (96%)]	Loss: 0.051948
Train Epoch: 14 [35200/36000 (98%)]	Loss: 0.004289
Train Epoch: 14 [35840/36000 (99%)]	Loss: 0.071595
Test set:
Overall: 75112/112000 (67.1%)
Train set:
Overall: 35996/36000 (100.0%)
Train Epoch: 15 [0/36000 (0%)]	Loss: 0.022796
Train Epoch: 15 [640/36000 (2%)]	Loss: 0.001256
Train Epoch: 15 [1280/36000 (4%)]	Loss: 0.000914
Train Epoch: 15 [1920/36000 (5%)]	Loss: 0.001980
Train Epoch: 15 [2560/36000 (7%)]	Loss: 0.001215
Train Epoch: 15 [3200/36000 (9%)]	Loss: 0.003138
Train Epoch: 15 [3840/36000 (11%)]	Loss: 0.001708
Train Epoch: 15 [4480/36000 (12%)]	Loss: 0.002671
Train Epoch: 15 [5120/36000 (14%)]	Loss: 0.006259
Train Epoch: 15 [5760/36000 (16%)]	Loss: 0.010390
Train Epoch: 15 [6400/36000 (18%)]	Loss: 0.007558
Train Epoch: 15 [7040/36000 (20%)]	Loss: 0.035226
Train Epoch: 15 [7680/36000 (21%)]	Loss: 0.003476
Train Epoch: 15 [8320/36000 (23%)]	Loss: 0.002301
Train Epoch: 15 [8960/36000 (25%)]	Loss: 0.003635
Train Epoch: 15 [9600/36000 (27%)]	Loss: 0.002194
Train Epoch: 15 [10240/36000 (28%)]	Loss: 0.001483
Train Epoch: 15 [10880/36000 (30%)]	Loss: 0.001471
Train Epoch: 15 [11520/36000 (32%)]	Loss: 0.000305
Train Epoch: 15 [12160/36000 (34%)]	Loss: 0.007023
Train Epoch: 15 [12800/36000 (36%)]	Loss: 0.006566
Train Epoch: 15 [13440/36000 (37%)]	Loss: 0.007583
Train Epoch: 15 [14080/36000 (39%)]	Loss: 0.066870
Train Epoch: 15 [14720/36000 (41%)]	Loss: 0.000224
Train Epoch: 15 [15360/36000 (43%)]	Loss: 0.000058
Train Epoch: 15 [16000/36000 (44%)]	Loss: 0.018814
Train Epoch: 15 [16640/36000 (46%)]	Loss: 0.003846
Train Epoch: 15 [17280/36000 (48%)]	Loss: 0.028749
Train Epoch: 15 [17920/36000 (50%)]	Loss: 0.013432
Train Epoch: 15 [18560/36000 (52%)]	Loss: 0.003784
Train Epoch: 15 [19200/36000 (53%)]	Loss: 0.001524
Train Epoch: 15 [19840/36000 (55%)]	Loss: 0.002383
Train Epoch: 15 [20480/36000 (57%)]	Loss: 0.008732
Train Epoch: 15 [21120/36000 (59%)]	Loss: 0.001625
Train Epoch: 15 [21760/36000 (60%)]	Loss: 0.008792
Train Epoch: 15 [22400/36000 (62%)]	Loss: 0.003306
Train Epoch: 15 [23040/36000 (64%)]	Loss: 0.017945
Train Epoch: 15 [23680/36000 (66%)]	Loss: 0.005184
Train Epoch: 15 [24320/36000 (67%)]	Loss: 0.042535
Train Epoch: 15 [24960/36000 (69%)]	Loss: 0.000460
Train Epoch: 15 [25600/36000 (71%)]	Loss: 0.016008
Train Epoch: 15 [26240/36000 (73%)]	Loss: 0.003464
Train Epoch: 15 [26880/36000 (75%)]	Loss: 0.007423
Train Epoch: 15 [27520/36000 (76%)]	Loss: 0.029918
Train Epoch: 15 [28160/36000 (78%)]	Loss: 0.000371
Train Epoch: 15 [28800/36000 (80%)]	Loss: 0.005911
Train Epoch: 15 [29440/36000 (82%)]	Loss: 0.000950
Train Epoch: 15 [30080/36000 (83%)]	Loss: 0.082345
Train Epoch: 15 [30720/36000 (85%)]	Loss: 0.011536
Train Epoch: 15 [31360/36000 (87%)]	Loss: 0.001226
Train Epoch: 15 [32000/36000 (89%)]	Loss: 0.000856
Train Epoch: 15 [32640/36000 (91%)]	Loss: 0.008367
Train Epoch: 15 [33280/36000 (92%)]	Loss: 0.006342
Train Epoch: 15 [33920/36000 (94%)]	Loss: 0.001483
Train Epoch: 15 [34560/36000 (96%)]	Loss: 0.003135
Train Epoch: 15 [35200/36000 (98%)]	Loss: 0.000299
Train Epoch: 15 [35840/36000 (99%)]	Loss: 0.005626
Test set:
Overall: 75312/112000 (67.2%)
Train set:
Overall: 35997/36000 (100.0%)
Train Epoch: 16 [0/36000 (0%)]	Loss: 0.000794
Train Epoch: 16 [640/36000 (2%)]	Loss: 0.009168
Train Epoch: 16 [1280/36000 (4%)]	Loss: 0.011475
Train Epoch: 16 [1920/36000 (5%)]	Loss: 0.015447
Train Epoch: 16 [2560/36000 (7%)]	Loss: 0.003311
Train Epoch: 16 [3200/36000 (9%)]	Loss: 0.000023
Train Epoch: 16 [3840/36000 (11%)]	Loss: 0.014412
Train Epoch: 16 [4480/36000 (12%)]	Loss: 0.000259
Train Epoch: 16 [5120/36000 (14%)]	Loss: 0.005643
Train Epoch: 16 [5760/36000 (16%)]	Loss: 0.003263
Train Epoch: 16 [6400/36000 (18%)]	Loss: 0.000118
Train Epoch: 16 [7040/36000 (20%)]	Loss: 0.006915
Train Epoch: 16 [7680/36000 (21%)]	Loss: 0.033507
Train Epoch: 16 [8320/36000 (23%)]	Loss: 0.001130
Train Epoch: 16 [8960/36000 (25%)]	Loss: 0.012942
Train Epoch: 16 [9600/36000 (27%)]	Loss: 0.018738
Train Epoch: 16 [10240/36000 (28%)]	Loss: 0.033177
Train Epoch: 16 [10880/36000 (30%)]	Loss: 0.000485
Train Epoch: 16 [11520/36000 (32%)]	Loss: 0.003802
Train Epoch: 16 [12160/36000 (34%)]	Loss: 0.001498
Train Epoch: 16 [12800/36000 (36%)]	Loss: 0.002573
Train Epoch: 16 [13440/36000 (37%)]	Loss: 0.003549
Train Epoch: 16 [14080/36000 (39%)]	Loss: 0.175129
Train Epoch: 16 [14720/36000 (41%)]	Loss: 0.001833
Train Epoch: 16 [15360/36000 (43%)]	Loss: 0.010609
Train Epoch: 16 [16000/36000 (44%)]	Loss: 0.013486
Train Epoch: 16 [16640/36000 (46%)]	Loss: 0.001219
Train Epoch: 16 [17280/36000 (48%)]	Loss: 0.007749
Train Epoch: 16 [17920/36000 (50%)]	Loss: 0.002887
Train Epoch: 16 [18560/36000 (52%)]	Loss: 0.000089
Train Epoch: 16 [19200/36000 (53%)]	Loss: 0.023544
Train Epoch: 16 [19840/36000 (55%)]	Loss: 0.000465
Train Epoch: 16 [20480/36000 (57%)]	Loss: 0.033130
Train Epoch: 16 [21120/36000 (59%)]	Loss: 0.007479
Train Epoch: 16 [21760/36000 (60%)]	Loss: 0.011334
Train Epoch: 16 [22400/36000 (62%)]	Loss: 0.000143
Train Epoch: 16 [23040/36000 (64%)]	Loss: 0.008826
Train Epoch: 16 [23680/36000 (66%)]	Loss: 0.000877
Train Epoch: 16 [24320/36000 (67%)]	Loss: 0.005490
Train Epoch: 16 [24960/36000 (69%)]	Loss: 0.000498
Train Epoch: 16 [25600/36000 (71%)]	Loss: 0.000350
Train Epoch: 16 [26240/36000 (73%)]	Loss: 0.000540
Train Epoch: 16 [26880/36000 (75%)]	Loss: 0.040088
Train Epoch: 16 [27520/36000 (76%)]	Loss: 0.016788
Train Epoch: 16 [28160/36000 (78%)]	Loss: 0.003840
Train Epoch: 16 [28800/36000 (80%)]	Loss: 0.010164
Train Epoch: 16 [29440/36000 (82%)]	Loss: 0.000130
Train Epoch: 16 [30080/36000 (83%)]	Loss: 0.001828
Train Epoch: 16 [30720/36000 (85%)]	Loss: 0.015663
Train Epoch: 16 [31360/36000 (87%)]	Loss: 0.000239
Train Epoch: 16 [32000/36000 (89%)]	Loss: 0.000198
Train Epoch: 16 [32640/36000 (91%)]	Loss: 0.001728
Train Epoch: 16 [33280/36000 (92%)]	Loss: 0.004780
Train Epoch: 16 [33920/36000 (94%)]	Loss: 0.000206
Train Epoch: 16 [34560/36000 (96%)]	Loss: 0.000607
Train Epoch: 16 [35200/36000 (98%)]	Loss: 0.000082
Train Epoch: 16 [35840/36000 (99%)]	Loss: 0.002766
Test set:
Overall: 75599/112000 (67.5%)
Train set:
Overall: 35999/36000 (100.0%)
Train Epoch: 17 [0/36000 (0%)]	Loss: 0.011248
Train Epoch: 17 [640/36000 (2%)]	Loss: 0.031614
Train Epoch: 17 [1280/36000 (4%)]	Loss: 0.003238
Train Epoch: 17 [1920/36000 (5%)]	Loss: 0.000227
Train Epoch: 17 [2560/36000 (7%)]	Loss: 0.000095
Train Epoch: 17 [3200/36000 (9%)]	Loss: 0.000067
Train Epoch: 17 [3840/36000 (11%)]	Loss: 0.002581
Train Epoch: 17 [4480/36000 (12%)]	Loss: 0.000174
Train Epoch: 17 [5120/36000 (14%)]	Loss: 0.000123
Train Epoch: 17 [5760/36000 (16%)]	Loss: 0.000510
Train Epoch: 17 [6400/36000 (18%)]	Loss: 0.007700
Train Epoch: 17 [7040/36000 (20%)]	Loss: 0.021800
Train Epoch: 17 [7680/36000 (21%)]	Loss: 0.009029
Train Epoch: 17 [8320/36000 (23%)]	Loss: 0.009027
Train Epoch: 17 [8960/36000 (25%)]	Loss: 0.001177
Train Epoch: 17 [9600/36000 (27%)]	Loss: 0.000114
Train Epoch: 17 [10240/36000 (28%)]	Loss: 0.003554
Train Epoch: 17 [10880/36000 (30%)]	Loss: 0.021155
Train Epoch: 17 [11520/36000 (32%)]	Loss: 0.001680
Train Epoch: 17 [12160/36000 (34%)]	Loss: 0.001473
Train Epoch: 17 [12800/36000 (36%)]	Loss: 0.018698
Train Epoch: 17 [13440/36000 (37%)]	Loss: 0.002241
Train Epoch: 17 [14080/36000 (39%)]	Loss: 0.001674
Train Epoch: 17 [14720/36000 (41%)]	Loss: 0.000516
Train Epoch: 17 [15360/36000 (43%)]	Loss: 0.001184
Train Epoch: 17 [16000/36000 (44%)]	Loss: 0.024156
Train Epoch: 17 [16640/36000 (46%)]	Loss: 0.000051
Train Epoch: 17 [17280/36000 (48%)]	Loss: 0.010463
Train Epoch: 17 [17920/36000 (50%)]	Loss: 0.007346
Train Epoch: 17 [18560/36000 (52%)]	Loss: 0.001727
Train Epoch: 17 [19200/36000 (53%)]	Loss: 0.010918
Train Epoch: 17 [19840/36000 (55%)]	Loss: 0.048404
Train Epoch: 17 [20480/36000 (57%)]	Loss: 0.029300
Train Epoch: 17 [21120/36000 (59%)]	Loss: 0.012870
Train Epoch: 17 [21760/36000 (60%)]	Loss: 0.048617
Train Epoch: 17 [22400/36000 (62%)]	Loss: 0.000036
Train Epoch: 17 [23040/36000 (64%)]	Loss: 0.003279
Train Epoch: 17 [23680/36000 (66%)]	Loss: 0.002139
Train Epoch: 17 [24320/36000 (67%)]	Loss: 0.001720
Train Epoch: 17 [24960/36000 (69%)]	Loss: 0.010573
Train Epoch: 17 [25600/36000 (71%)]	Loss: 0.010818
Train Epoch: 17 [26240/36000 (73%)]	Loss: 0.009764
Train Epoch: 17 [26880/36000 (75%)]	Loss: 0.006251
Train Epoch: 17 [27520/36000 (76%)]	Loss: 0.021111
Train Epoch: 17 [28160/36000 (78%)]	Loss: 0.003507
Train Epoch: 17 [28800/36000 (80%)]	Loss: 0.005131
Train Epoch: 17 [29440/36000 (82%)]	Loss: 0.001375
Train Epoch: 17 [30080/36000 (83%)]	Loss: 0.000020
Train Epoch: 17 [30720/36000 (85%)]	Loss: 0.019758
Train Epoch: 17 [31360/36000 (87%)]	Loss: 0.000071
Train Epoch: 17 [32000/36000 (89%)]	Loss: 0.007276
Train Epoch: 17 [32640/36000 (91%)]	Loss: 0.000105
Train Epoch: 17 [33280/36000 (92%)]	Loss: 0.004511
Train Epoch: 17 [33920/36000 (94%)]	Loss: 0.000905
Train Epoch: 17 [34560/36000 (96%)]	Loss: 0.008260
Train Epoch: 17 [35200/36000 (98%)]	Loss: 0.000535
Train Epoch: 17 [35840/36000 (99%)]	Loss: 0.004232
Test set:
Overall: 75967/112000 (67.8%)
Train set:
Overall: 35998/36000 (100.0%)
Train Epoch: 18 [0/36000 (0%)]	Loss: 0.020512
Train Epoch: 18 [640/36000 (2%)]	Loss: 0.000491
Train Epoch: 18 [1280/36000 (4%)]	Loss: 0.000500
Train Epoch: 18 [1920/36000 (5%)]	Loss: 0.002509
Train Epoch: 18 [2560/36000 (7%)]	Loss: 0.001217
Train Epoch: 18 [3200/36000 (9%)]	Loss: 0.001573
Train Epoch: 18 [3840/36000 (11%)]	Loss: 0.013096
Train Epoch: 18 [4480/36000 (12%)]	Loss: 0.000061
Train Epoch: 18 [5120/36000 (14%)]	Loss: 0.000744
Train Epoch: 18 [5760/36000 (16%)]	Loss: 0.005990
Train Epoch: 18 [6400/36000 (18%)]	Loss: 0.000405
Train Epoch: 18 [7040/36000 (20%)]	Loss: 0.003657
Train Epoch: 18 [7680/36000 (21%)]	Loss: 0.000185
Train Epoch: 18 [8320/36000 (23%)]	Loss: 0.005155
Train Epoch: 18 [8960/36000 (25%)]	Loss: 0.000258
Train Epoch: 18 [9600/36000 (27%)]	Loss: 0.025312
Train Epoch: 18 [10240/36000 (28%)]	Loss: 0.001919
Train Epoch: 18 [10880/36000 (30%)]	Loss: 0.022921
Train Epoch: 18 [11520/36000 (32%)]	Loss: 0.018218
Train Epoch: 18 [12160/36000 (34%)]	Loss: 0.000411
Train Epoch: 18 [12800/36000 (36%)]	Loss: 0.002735
Train Epoch: 18 [13440/36000 (37%)]	Loss: 0.050696
Train Epoch: 18 [14080/36000 (39%)]	Loss: 0.002640
Train Epoch: 18 [14720/36000 (41%)]	Loss: 0.001229
Train Epoch: 18 [15360/36000 (43%)]	Loss: 0.005895
Train Epoch: 18 [16000/36000 (44%)]	Loss: 0.000950
Train Epoch: 18 [16640/36000 (46%)]	Loss: 0.000093
Train Epoch: 18 [17280/36000 (48%)]	Loss: 0.006678
Train Epoch: 18 [17920/36000 (50%)]	Loss: 0.004043
Train Epoch: 18 [18560/36000 (52%)]	Loss: 0.002703
Train Epoch: 18 [19200/36000 (53%)]	Loss: 0.033590
Train Epoch: 18 [19840/36000 (55%)]	Loss: 0.003661
Train Epoch: 18 [20480/36000 (57%)]	Loss: 0.003122
Train Epoch: 18 [21120/36000 (59%)]	Loss: 0.002155
Train Epoch: 18 [21760/36000 (60%)]	Loss: 0.021386
Train Epoch: 18 [22400/36000 (62%)]	Loss: 0.005225
Train Epoch: 18 [23040/36000 (64%)]	Loss: 0.011055
Train Epoch: 18 [23680/36000 (66%)]	Loss: 0.000049
Train Epoch: 18 [24320/36000 (67%)]	Loss: 0.010795
Train Epoch: 18 [24960/36000 (69%)]	Loss: 0.000078
Train Epoch: 18 [25600/36000 (71%)]	Loss: 0.000813
Train Epoch: 18 [26240/36000 (73%)]	Loss: 0.002069
Train Epoch: 18 [26880/36000 (75%)]	Loss: 0.005750
Train Epoch: 18 [27520/36000 (76%)]	Loss: 0.000841
Train Epoch: 18 [28160/36000 (78%)]	Loss: 0.001612
Train Epoch: 18 [28800/36000 (80%)]	Loss: 0.000378
Train Epoch: 18 [29440/36000 (82%)]	Loss: 0.003275
Train Epoch: 18 [30080/36000 (83%)]	Loss: 0.002216
Train Epoch: 18 [30720/36000 (85%)]	Loss: 0.030322
Train Epoch: 18 [31360/36000 (87%)]	Loss: 0.000024
Train Epoch: 18 [32000/36000 (89%)]	Loss: 0.000174
Train Epoch: 18 [32640/36000 (91%)]	Loss: 0.000088
Train Epoch: 18 [33280/36000 (92%)]	Loss: 0.000868
Train Epoch: 18 [33920/36000 (94%)]	Loss: 0.007316
Train Epoch: 18 [34560/36000 (96%)]	Loss: 0.000222
Train Epoch: 18 [35200/36000 (98%)]	Loss: 0.000067
Train Epoch: 18 [35840/36000 (99%)]	Loss: 0.012805
Test set:
Overall: 76694/112000 (68.5%)
Train set:
Overall: 35998/36000 (100.0%)
Train Epoch: 19 [0/36000 (0%)]	Loss: 0.006353
Train Epoch: 19 [640/36000 (2%)]	Loss: 0.000690
Train Epoch: 19 [1280/36000 (4%)]	Loss: 0.015442
Train Epoch: 19 [1920/36000 (5%)]	Loss: 0.005218
Train Epoch: 19 [2560/36000 (7%)]	Loss: 0.003321
Train Epoch: 19 [3200/36000 (9%)]	Loss: 0.000165
Train Epoch: 19 [3840/36000 (11%)]	Loss: 0.000416
Train Epoch: 19 [4480/36000 (12%)]	Loss: 0.004148
Train Epoch: 19 [5120/36000 (14%)]	Loss: 0.014617
Train Epoch: 19 [5760/36000 (16%)]	Loss: 0.000492
Train Epoch: 19 [6400/36000 (18%)]	Loss: 0.000981
Train Epoch: 19 [7040/36000 (20%)]	Loss: 0.021878
Train Epoch: 19 [7680/36000 (21%)]	Loss: 0.000558
Train Epoch: 19 [8320/36000 (23%)]	Loss: 0.021309
Train Epoch: 19 [8960/36000 (25%)]	Loss: 0.000310
Train Epoch: 19 [9600/36000 (27%)]	Loss: 0.001334
Train Epoch: 19 [10240/36000 (28%)]	Loss: 0.001977
Train Epoch: 19 [10880/36000 (30%)]	Loss: 0.056971
Train Epoch: 19 [11520/36000 (32%)]	Loss: 0.000272
Train Epoch: 19 [12160/36000 (34%)]	Loss: 0.007449
Train Epoch: 19 [12800/36000 (36%)]	Loss: 0.010678
Train Epoch: 19 [13440/36000 (37%)]	Loss: 0.006444
Train Epoch: 19 [14080/36000 (39%)]	Loss: 0.000547
Train Epoch: 19 [14720/36000 (41%)]	Loss: 0.000395
Train Epoch: 19 [15360/36000 (43%)]	Loss: 0.001004
Train Epoch: 19 [16000/36000 (44%)]	Loss: 0.002325
Train Epoch: 19 [16640/36000 (46%)]	Loss: 0.028112
Train Epoch: 19 [17280/36000 (48%)]	Loss: 0.001298
Train Epoch: 19 [17920/36000 (50%)]	Loss: 0.005042
Train Epoch: 19 [18560/36000 (52%)]	Loss: 0.000661
Train Epoch: 19 [19200/36000 (53%)]	Loss: 0.008148
Train Epoch: 19 [19840/36000 (55%)]	Loss: 0.000050
Train Epoch: 19 [20480/36000 (57%)]	Loss: 0.007873
Train Epoch: 19 [21120/36000 (59%)]	Loss: 0.000149
Train Epoch: 19 [21760/36000 (60%)]	Loss: 0.001502
Train Epoch: 19 [22400/36000 (62%)]	Loss: 0.000475
Train Epoch: 19 [23040/36000 (64%)]	Loss: 0.037070
Train Epoch: 19 [23680/36000 (66%)]	Loss: 0.000165
Train Epoch: 19 [24320/36000 (67%)]	Loss: 0.004403
Train Epoch: 19 [24960/36000 (69%)]	Loss: 0.020255
Train Epoch: 19 [25600/36000 (71%)]	Loss: 0.049940
Train Epoch: 19 [26240/36000 (73%)]	Loss: 0.000647
Train Epoch: 19 [26880/36000 (75%)]	Loss: 0.000195
Train Epoch: 19 [27520/36000 (76%)]	Loss: 0.000437
Train Epoch: 19 [28160/36000 (78%)]	Loss: 0.010952
Train Epoch: 19 [28800/36000 (80%)]	Loss: 0.060316
Train Epoch: 19 [29440/36000 (82%)]	Loss: 0.002024
Train Epoch: 19 [30080/36000 (83%)]	Loss: 0.004507
Train Epoch: 19 [30720/36000 (85%)]	Loss: 0.000281
Train Epoch: 19 [31360/36000 (87%)]	Loss: 0.005791
Train Epoch: 19 [32000/36000 (89%)]	Loss: 0.001908
Train Epoch: 19 [32640/36000 (91%)]	Loss: 0.004437
Train Epoch: 19 [33280/36000 (92%)]	Loss: 0.000982
Train Epoch: 19 [33920/36000 (94%)]	Loss: 0.025696
Train Epoch: 19 [34560/36000 (96%)]	Loss: 0.000494
Train Epoch: 19 [35200/36000 (98%)]	Loss: 0.037685
Train Epoch: 19 [35840/36000 (99%)]	Loss: 0.001090
Test set:
Overall: 75614/112000 (67.5%)
Train set:
Overall: 35999/36000 (100.0%)
Train Epoch: 20 [0/36000 (0%)]	Loss: 0.000047
Train Epoch: 20 [640/36000 (2%)]	Loss: 0.005978
Train Epoch: 20 [1280/36000 (4%)]	Loss: 0.001109
Train Epoch: 20 [1920/36000 (5%)]	Loss: 0.001938
Train Epoch: 20 [2560/36000 (7%)]	Loss: 0.001720
Train Epoch: 20 [3200/36000 (9%)]	Loss: 0.005717
Train Epoch: 20 [3840/36000 (11%)]	Loss: 0.000198
Train Epoch: 20 [4480/36000 (12%)]	Loss: 0.005303
Train Epoch: 20 [5120/36000 (14%)]	Loss: 0.055026
Train Epoch: 20 [5760/36000 (16%)]	Loss: 0.000394
Train Epoch: 20 [6400/36000 (18%)]	Loss: 0.002391
Train Epoch: 20 [7040/36000 (20%)]	Loss: 0.018424
Train Epoch: 20 [7680/36000 (21%)]	Loss: 0.013090
Train Epoch: 20 [8320/36000 (23%)]	Loss: 0.000054
Train Epoch: 20 [8960/36000 (25%)]	Loss: 0.055472
Train Epoch: 20 [9600/36000 (27%)]	Loss: 0.090959
Train Epoch: 20 [10240/36000 (28%)]	Loss: 0.005549
Train Epoch: 20 [10880/36000 (30%)]	Loss: 0.000304
Train Epoch: 20 [11520/36000 (32%)]	Loss: 0.007675
Train Epoch: 20 [12160/36000 (34%)]	Loss: 0.001737
Train Epoch: 20 [12800/36000 (36%)]	Loss: 0.001436
Train Epoch: 20 [13440/36000 (37%)]	Loss: 0.001829
Train Epoch: 20 [14080/36000 (39%)]	Loss: 0.006445
Train Epoch: 20 [14720/36000 (41%)]	Loss: 0.000580
Train Epoch: 20 [15360/36000 (43%)]	Loss: 0.001151
Train Epoch: 20 [16000/36000 (44%)]	Loss: 0.010226
Train Epoch: 20 [16640/36000 (46%)]	Loss: 0.000013
Train Epoch: 20 [17280/36000 (48%)]	Loss: 0.001034
