Running on ax22.rc.zi.columbia.edu
Train Epoch: 1 [0/32000 (0%)]	Loss: 0.701933
Train Epoch: 1 [640/32000 (2%)]	Loss: 0.704221
Train Epoch: 1 [1280/32000 (4%)]	Loss: 0.657395
Train Epoch: 1 [1920/32000 (6%)]	Loss: 0.654293
Train Epoch: 1 [2560/32000 (8%)]	Loss: 0.703610
Train Epoch: 1 [3200/32000 (10%)]	Loss: 0.686483
Train Epoch: 1 [3840/32000 (12%)]	Loss: 0.664237
Train Epoch: 1 [4480/32000 (14%)]	Loss: 0.659005
Train Epoch: 1 [5120/32000 (16%)]	Loss: 0.673530
Train Epoch: 1 [5760/32000 (18%)]	Loss: 0.667779
Train Epoch: 1 [6400/32000 (20%)]	Loss: 0.620485
Train Epoch: 1 [7040/32000 (22%)]	Loss: 0.657167
Train Epoch: 1 [7680/32000 (24%)]	Loss: 0.558590
Train Epoch: 1 [8320/32000 (26%)]	Loss: 0.686828
Train Epoch: 1 [8960/32000 (28%)]	Loss: 0.616044
Train Epoch: 1 [9600/32000 (30%)]	Loss: 0.592552
Train Epoch: 1 [10240/32000 (32%)]	Loss: 0.547205
Train Epoch: 1 [10880/32000 (34%)]	Loss: 0.514253
Train Epoch: 1 [11520/32000 (36%)]	Loss: 0.485602
Train Epoch: 1 [12160/32000 (38%)]	Loss: 0.493798
Train Epoch: 1 [12800/32000 (40%)]	Loss: 0.481678
Train Epoch: 1 [13440/32000 (42%)]	Loss: 0.565807
Train Epoch: 1 [14080/32000 (44%)]	Loss: 0.602557
Train Epoch: 1 [14720/32000 (46%)]	Loss: 0.543517
Train Epoch: 1 [15360/32000 (48%)]	Loss: 0.345966
Train Epoch: 1 [16000/32000 (50%)]	Loss: 0.459451
Train Epoch: 1 [16640/32000 (52%)]	Loss: 0.479707
Train Epoch: 1 [17280/32000 (54%)]	Loss: 0.466189
Train Epoch: 1 [17920/32000 (56%)]	Loss: 0.392005
Train Epoch: 1 [18560/32000 (58%)]	Loss: 0.424795
Train Epoch: 1 [19200/32000 (60%)]	Loss: 0.329627
Train Epoch: 1 [19840/32000 (62%)]	Loss: 0.263021
Train Epoch: 1 [20480/32000 (64%)]	Loss: 0.448711
Train Epoch: 1 [21120/32000 (66%)]	Loss: 0.226099
Train Epoch: 1 [21760/32000 (68%)]	Loss: 0.332683
Train Epoch: 1 [22400/32000 (70%)]	Loss: 0.380199
Train Epoch: 1 [23040/32000 (72%)]	Loss: 0.298009
Train Epoch: 1 [23680/32000 (74%)]	Loss: 0.243881
Train Epoch: 1 [24320/32000 (76%)]	Loss: 0.200841
Train Epoch: 1 [24960/32000 (78%)]	Loss: 0.336011
Train Epoch: 1 [25600/32000 (80%)]	Loss: 0.325186
Train Epoch: 1 [26240/32000 (82%)]	Loss: 0.321296
Train Epoch: 1 [26880/32000 (84%)]	Loss: 0.353726
Train Epoch: 1 [27520/32000 (86%)]	Loss: 0.244159
Train Epoch: 1 [28160/32000 (88%)]	Loss: 0.167075
Train Epoch: 1 [28800/32000 (90%)]	Loss: 0.232238
Train Epoch: 1 [29440/32000 (92%)]	Loss: 0.181375
Train Epoch: 1 [30080/32000 (94%)]	Loss: 0.213444
Train Epoch: 1 [30720/32000 (96%)]	Loss: 0.143988
Train Epoch: 1 [31360/32000 (98%)]	Loss: 0.140036
Test set:
Overall: 42268/112000 (37.7%)
Train set:
Overall: 30500/32000 (95.3%)
Train Epoch: 2 [0/32000 (0%)]	Loss: 0.258347
Train Epoch: 2 [640/32000 (2%)]	Loss: 0.156572
Train Epoch: 2 [1280/32000 (4%)]	Loss: 0.196671
Train Epoch: 2 [1920/32000 (6%)]	Loss: 0.259484
Train Epoch: 2 [2560/32000 (8%)]	Loss: 0.184279
Train Epoch: 2 [3200/32000 (10%)]	Loss: 0.166108
Train Epoch: 2 [3840/32000 (12%)]	Loss: 0.233024
Train Epoch: 2 [4480/32000 (14%)]	Loss: 0.306997
Train Epoch: 2 [5120/32000 (16%)]	Loss: 0.149332
Train Epoch: 2 [5760/32000 (18%)]	Loss: 0.098951
Train Epoch: 2 [6400/32000 (20%)]	Loss: 0.191040
Train Epoch: 2 [7040/32000 (22%)]	Loss: 0.200626
Train Epoch: 2 [7680/32000 (24%)]	Loss: 0.135112
Train Epoch: 2 [8320/32000 (26%)]	Loss: 0.202055
Train Epoch: 2 [8960/32000 (28%)]	Loss: 0.179744
Train Epoch: 2 [9600/32000 (30%)]	Loss: 0.375877
Train Epoch: 2 [10240/32000 (32%)]	Loss: 0.145910
Train Epoch: 2 [10880/32000 (34%)]	Loss: 0.103063
Train Epoch: 2 [11520/32000 (36%)]	Loss: 0.222530
Train Epoch: 2 [12160/32000 (38%)]	Loss: 0.182532
Train Epoch: 2 [12800/32000 (40%)]	Loss: 0.129860
Train Epoch: 2 [13440/32000 (42%)]	Loss: 0.124440
Train Epoch: 2 [14080/32000 (44%)]	Loss: 0.094609
Train Epoch: 2 [14720/32000 (46%)]	Loss: 0.141463
Train Epoch: 2 [15360/32000 (48%)]	Loss: 0.126619
Train Epoch: 2 [16000/32000 (50%)]	Loss: 0.222400
Train Epoch: 2 [16640/32000 (52%)]	Loss: 0.081161
Train Epoch: 2 [17280/32000 (54%)]	Loss: 0.274973
Train Epoch: 2 [17920/32000 (56%)]	Loss: 0.074646
Train Epoch: 2 [18560/32000 (58%)]	Loss: 0.118295
Train Epoch: 2 [19200/32000 (60%)]	Loss: 0.151550
Train Epoch: 2 [19840/32000 (62%)]	Loss: 0.265548
Train Epoch: 2 [20480/32000 (64%)]	Loss: 0.108006
Train Epoch: 2 [21120/32000 (66%)]	Loss: 0.086929
Train Epoch: 2 [21760/32000 (68%)]	Loss: 0.060355
Train Epoch: 2 [22400/32000 (70%)]	Loss: 0.105969
Train Epoch: 2 [23040/32000 (72%)]	Loss: 0.134395
Train Epoch: 2 [23680/32000 (74%)]	Loss: 0.111708
Train Epoch: 2 [24320/32000 (76%)]	Loss: 0.086107
Train Epoch: 2 [24960/32000 (78%)]	Loss: 0.058406
Train Epoch: 2 [25600/32000 (80%)]	Loss: 0.071663
Train Epoch: 2 [26240/32000 (82%)]	Loss: 0.043050
Train Epoch: 2 [26880/32000 (84%)]	Loss: 0.127399
Train Epoch: 2 [27520/32000 (86%)]	Loss: 0.105500
Train Epoch: 2 [28160/32000 (88%)]	Loss: 0.081407
Train Epoch: 2 [28800/32000 (90%)]	Loss: 0.100590
Train Epoch: 2 [29440/32000 (92%)]	Loss: 0.098510
Train Epoch: 2 [30080/32000 (94%)]	Loss: 0.120605
Train Epoch: 2 [30720/32000 (96%)]	Loss: 0.092744
Train Epoch: 2 [31360/32000 (98%)]	Loss: 0.049134
Test set:
Overall: 39568/112000 (35.3%)
Train set:
Overall: 31461/32000 (98.3%)
Train Epoch: 3 [0/32000 (0%)]	Loss: 0.037843
Train Epoch: 3 [640/32000 (2%)]	Loss: 0.037553
Train Epoch: 3 [1280/32000 (4%)]	Loss: 0.102978
Train Epoch: 3 [1920/32000 (6%)]	Loss: 0.116183
Train Epoch: 3 [2560/32000 (8%)]	Loss: 0.065504
Train Epoch: 3 [3200/32000 (10%)]	Loss: 0.036557
Train Epoch: 3 [3840/32000 (12%)]	Loss: 0.122937
Train Epoch: 3 [4480/32000 (14%)]	Loss: 0.095342
Train Epoch: 3 [5120/32000 (16%)]	Loss: 0.127543
Train Epoch: 3 [5760/32000 (18%)]	Loss: 0.034462
Train Epoch: 3 [6400/32000 (20%)]	Loss: 0.052873
Train Epoch: 3 [7040/32000 (22%)]	Loss: 0.068062
Train Epoch: 3 [7680/32000 (24%)]	Loss: 0.078226
Train Epoch: 3 [8320/32000 (26%)]	Loss: 0.139192
Train Epoch: 3 [8960/32000 (28%)]	Loss: 0.102436
Train Epoch: 3 [9600/32000 (30%)]	Loss: 0.056178
Train Epoch: 3 [10240/32000 (32%)]	Loss: 0.122749
Train Epoch: 3 [10880/32000 (34%)]	Loss: 0.029128
Train Epoch: 3 [11520/32000 (36%)]	Loss: 0.069891
Train Epoch: 3 [12160/32000 (38%)]	Loss: 0.167469
Train Epoch: 3 [12800/32000 (40%)]	Loss: 0.079703
Train Epoch: 3 [13440/32000 (42%)]	Loss: 0.103167
Train Epoch: 3 [14080/32000 (44%)]	Loss: 0.125524
Train Epoch: 3 [14720/32000 (46%)]	Loss: 0.060154
Train Epoch: 3 [15360/32000 (48%)]	Loss: 0.096120
Train Epoch: 3 [16000/32000 (50%)]	Loss: 0.035564
Train Epoch: 3 [16640/32000 (52%)]	Loss: 0.135522
Train Epoch: 3 [17280/32000 (54%)]	Loss: 0.079510
Train Epoch: 3 [17920/32000 (56%)]	Loss: 0.044765
Train Epoch: 3 [18560/32000 (58%)]	Loss: 0.088192
Train Epoch: 3 [19200/32000 (60%)]	Loss: 0.086497
Train Epoch: 3 [19840/32000 (62%)]	Loss: 0.055685
Train Epoch: 3 [20480/32000 (64%)]	Loss: 0.064109
Train Epoch: 3 [21120/32000 (66%)]	Loss: 0.095401
Train Epoch: 3 [21760/32000 (68%)]	Loss: 0.073867
Train Epoch: 3 [22400/32000 (70%)]	Loss: 0.121173
Train Epoch: 3 [23040/32000 (72%)]	Loss: 0.142677
Train Epoch: 3 [23680/32000 (74%)]	Loss: 0.112301
Train Epoch: 3 [24320/32000 (76%)]	Loss: 0.125792
Train Epoch: 3 [24960/32000 (78%)]	Loss: 0.178207
Train Epoch: 3 [25600/32000 (80%)]	Loss: 0.056285
Train Epoch: 3 [26240/32000 (82%)]	Loss: 0.182272
Train Epoch: 3 [26880/32000 (84%)]	Loss: 0.090095
Train Epoch: 3 [27520/32000 (86%)]	Loss: 0.074762
Train Epoch: 3 [28160/32000 (88%)]	Loss: 0.073321
Train Epoch: 3 [28800/32000 (90%)]	Loss: 0.130266
Train Epoch: 3 [29440/32000 (92%)]	Loss: 0.136484
Train Epoch: 3 [30080/32000 (94%)]	Loss: 0.087085
Train Epoch: 3 [30720/32000 (96%)]	Loss: 0.032866
Train Epoch: 3 [31360/32000 (98%)]	Loss: 0.066745
Test set:
Overall: 40811/112000 (36.4%)
Train set:
Overall: 31759/32000 (99.2%)
Train Epoch: 4 [0/32000 (0%)]	Loss: 0.078842
Train Epoch: 4 [640/32000 (2%)]	Loss: 0.052837
Train Epoch: 4 [1280/32000 (4%)]	Loss: 0.048177
Train Epoch: 4 [1920/32000 (6%)]	Loss: 0.051409
Train Epoch: 4 [2560/32000 (8%)]	Loss: 0.043482
Train Epoch: 4 [3200/32000 (10%)]	Loss: 0.076386
Train Epoch: 4 [3840/32000 (12%)]	Loss: 0.027110
Train Epoch: 4 [4480/32000 (14%)]	Loss: 0.063867
Train Epoch: 4 [5120/32000 (16%)]	Loss: 0.032697
Train Epoch: 4 [5760/32000 (18%)]	Loss: 0.030041
