Running on ax22.rc.zi.columbia.edu
Conv layers frozen
Train Epoch: 1 [0/36000 (0%)]	Loss: 0.711657
Train Epoch: 1 [640/36000 (2%)]	Loss: 0.639409
Train Epoch: 1 [1280/36000 (4%)]	Loss: 2.014247
Train Epoch: 1 [1920/36000 (5%)]	Loss: 0.989495
Train Epoch: 1 [2560/36000 (7%)]	Loss: 0.893049
Train Epoch: 1 [3200/36000 (9%)]	Loss: 1.455269
Train Epoch: 1 [3840/36000 (11%)]	Loss: 0.775364
Train Epoch: 1 [4480/36000 (12%)]	Loss: 1.508530
Train Epoch: 1 [5120/36000 (14%)]	Loss: 0.768058
Train Epoch: 1 [5760/36000 (16%)]	Loss: 0.653516
Train Epoch: 1 [6400/36000 (18%)]	Loss: 0.932522
Train Epoch: 1 [7040/36000 (20%)]	Loss: 0.730648
Train Epoch: 1 [7680/36000 (21%)]	Loss: 2.214796
Train Epoch: 1 [8320/36000 (23%)]	Loss: 1.735772
Train Epoch: 1 [8960/36000 (25%)]	Loss: 0.668289
Train Epoch: 1 [9600/36000 (27%)]	Loss: 1.497941
Train Epoch: 1 [10240/36000 (28%)]	Loss: 0.966401
Train Epoch: 1 [10880/36000 (30%)]	Loss: 0.782299
Train Epoch: 1 [11520/36000 (32%)]	Loss: 0.684652
Train Epoch: 1 [12160/36000 (34%)]	Loss: 0.886763
Train Epoch: 1 [12800/36000 (36%)]	Loss: 0.989423
Train Epoch: 1 [13440/36000 (37%)]	Loss: 0.499433
Train Epoch: 1 [14080/36000 (39%)]	Loss: 1.036786
Train Epoch: 1 [14720/36000 (41%)]	Loss: 1.583174
Train Epoch: 1 [15360/36000 (43%)]	Loss: 0.762337
Train Epoch: 1 [16000/36000 (44%)]	Loss: 0.627412
Train Epoch: 1 [16640/36000 (46%)]	Loss: 0.663484
Train Epoch: 1 [17280/36000 (48%)]	Loss: 0.776010
Train Epoch: 1 [17920/36000 (50%)]	Loss: 0.706738
Train Epoch: 1 [18560/36000 (52%)]	Loss: 0.897307
Train Epoch: 1 [19200/36000 (53%)]	Loss: 0.587459
Train Epoch: 1 [19840/36000 (55%)]	Loss: 0.775607
Train Epoch: 1 [20480/36000 (57%)]	Loss: 0.641527
Train Epoch: 1 [21120/36000 (59%)]	Loss: 0.537484
Train Epoch: 1 [21760/36000 (60%)]	Loss: 1.800179
Train Epoch: 1 [22400/36000 (62%)]	Loss: 0.414651
Train Epoch: 1 [23040/36000 (64%)]	Loss: 0.902534
Train Epoch: 1 [23680/36000 (66%)]	Loss: 0.880897
Train Epoch: 1 [24320/36000 (67%)]	Loss: 0.829628
Train Epoch: 1 [24960/36000 (69%)]	Loss: 0.477658
Train Epoch: 1 [25600/36000 (71%)]	Loss: 0.961850
Train Epoch: 1 [26240/36000 (73%)]	Loss: 0.700704
Train Epoch: 1 [26880/36000 (75%)]	Loss: 0.975954
Train Epoch: 1 [27520/36000 (76%)]	Loss: 0.929445
Train Epoch: 1 [28160/36000 (78%)]	Loss: 1.305158
Train Epoch: 1 [28800/36000 (80%)]	Loss: 1.552098
Train Epoch: 1 [29440/36000 (82%)]	Loss: 1.050122
Train Epoch: 1 [30080/36000 (83%)]	Loss: 0.596121
Train Epoch: 1 [30720/36000 (85%)]	Loss: 0.582892
Train Epoch: 1 [31360/36000 (87%)]	Loss: 0.940858
Train Epoch: 1 [32000/36000 (89%)]	Loss: 1.231303
Train Epoch: 1 [32640/36000 (91%)]	Loss: 1.450173
Train Epoch: 1 [33280/36000 (92%)]	Loss: 1.707373
Train Epoch: 1 [33920/36000 (94%)]	Loss: 0.988879
Train Epoch: 1 [34560/36000 (96%)]	Loss: 0.557289
Train Epoch: 1 [35200/36000 (98%)]	Loss: 1.412054
Train Epoch: 1 [35840/36000 (99%)]	Loss: 1.834937
Test set:
Overall: 78370/112000 (70.0%)
Train set:
Overall: 21107/36000 (58.6%)
Train Epoch: 2 [0/36000 (0%)]	Loss: 1.329882
Train Epoch: 2 [640/36000 (2%)]	Loss: 1.368101
Train Epoch: 2 [1280/36000 (4%)]	Loss: 1.003176
Train Epoch: 2 [1920/36000 (5%)]	Loss: 1.053571
Train Epoch: 2 [2560/36000 (7%)]	Loss: 0.552619
Train Epoch: 2 [3200/36000 (9%)]	Loss: 0.605786
Train Epoch: 2 [3840/36000 (11%)]	Loss: 0.688998
Train Epoch: 2 [4480/36000 (12%)]	Loss: 2.250633
Train Epoch: 2 [5120/36000 (14%)]	Loss: 0.663368
Train Epoch: 2 [5760/36000 (16%)]	Loss: 0.868870
Train Epoch: 2 [6400/36000 (18%)]	Loss: 0.697142
Train Epoch: 2 [7040/36000 (20%)]	Loss: 0.509692
Train Epoch: 2 [7680/36000 (21%)]	Loss: 0.891332
Train Epoch: 2 [8320/36000 (23%)]	Loss: 0.364514
Train Epoch: 2 [8960/36000 (25%)]	Loss: 0.803043
Train Epoch: 2 [9600/36000 (27%)]	Loss: 0.788564
Train Epoch: 2 [10240/36000 (28%)]	Loss: 0.592711
Train Epoch: 2 [10880/36000 (30%)]	Loss: 0.673529
Train Epoch: 2 [11520/36000 (32%)]	Loss: 0.880436
Train Epoch: 2 [12160/36000 (34%)]	Loss: 0.599078
Train Epoch: 2 [12800/36000 (36%)]	Loss: 0.562601
Train Epoch: 2 [13440/36000 (37%)]	Loss: 0.999682
Train Epoch: 2 [14080/36000 (39%)]	Loss: 0.657216
Train Epoch: 2 [14720/36000 (41%)]	Loss: 0.598177
Train Epoch: 2 [15360/36000 (43%)]	Loss: 0.569692
Train Epoch: 2 [16000/36000 (44%)]	Loss: 0.811630
Train Epoch: 2 [16640/36000 (46%)]	Loss: 0.528130
Train Epoch: 2 [17280/36000 (48%)]	Loss: 0.941956
Train Epoch: 2 [17920/36000 (50%)]	Loss: 0.492745
Train Epoch: 2 [18560/36000 (52%)]	Loss: 0.783609
Train Epoch: 2 [19200/36000 (53%)]	Loss: 1.098344
Train Epoch: 2 [19840/36000 (55%)]	Loss: 0.566858
Train Epoch: 2 [20480/36000 (57%)]	Loss: 0.494096
Train Epoch: 2 [21120/36000 (59%)]	Loss: 0.551903
Train Epoch: 2 [21760/36000 (60%)]	Loss: 0.641350
Train Epoch: 2 [22400/36000 (62%)]	Loss: 0.592273
Train Epoch: 2 [23040/36000 (64%)]	Loss: 0.508550
Train Epoch: 2 [23680/36000 (66%)]	Loss: 0.714797
Train Epoch: 2 [24320/36000 (67%)]	Loss: 1.234244
Train Epoch: 2 [24960/36000 (69%)]	Loss: 0.570228
Train Epoch: 2 [25600/36000 (71%)]	Loss: 0.664119
Train Epoch: 2 [26240/36000 (73%)]	Loss: 0.726258
Train Epoch: 2 [26880/36000 (75%)]	Loss: 0.571383
Train Epoch: 2 [27520/36000 (76%)]	Loss: 0.678591
Train Epoch: 2 [28160/36000 (78%)]	Loss: 0.490482
Train Epoch: 2 [28800/36000 (80%)]	Loss: 0.729816
Train Epoch: 2 [29440/36000 (82%)]	Loss: 1.035648
Train Epoch: 2 [30080/36000 (83%)]	Loss: 0.481675
Train Epoch: 2 [30720/36000 (85%)]	Loss: 1.597411
Train Epoch: 2 [31360/36000 (87%)]	Loss: 1.552231
Train Epoch: 2 [32000/36000 (89%)]	Loss: 0.692847
Train Epoch: 2 [32640/36000 (91%)]	Loss: 0.787582
Train Epoch: 2 [33280/36000 (92%)]	Loss: 0.607659
Train Epoch: 2 [33920/36000 (94%)]	Loss: 0.960826
Train Epoch: 2 [34560/36000 (96%)]	Loss: 1.111912
Train Epoch: 2 [35200/36000 (98%)]	Loss: 1.181422
Train Epoch: 2 [35840/36000 (99%)]	Loss: 2.330032
Test set:
Overall: 95242/112000 (85.0%)
Train set:
Overall: 25186/36000 (70.0%)
Train Epoch: 3 [0/36000 (0%)]	Loss: 1.010287
Train Epoch: 3 [640/36000 (2%)]	Loss: 2.271061
Train Epoch: 3 [1280/36000 (4%)]	Loss: 1.531967
Train Epoch: 3 [1920/36000 (5%)]	Loss: 0.894736
Train Epoch: 3 [2560/36000 (7%)]	Loss: 1.143413
Train Epoch: 3 [3200/36000 (9%)]	Loss: 0.972727
Train Epoch: 3 [3840/36000 (11%)]	Loss: 1.212064
Train Epoch: 3 [4480/36000 (12%)]	Loss: 0.744533
Train Epoch: 3 [5120/36000 (14%)]	Loss: 0.632066
Train Epoch: 3 [5760/36000 (16%)]	Loss: 1.012994
Train Epoch: 3 [6400/36000 (18%)]	Loss: 0.884542
Train Epoch: 3 [7040/36000 (20%)]	Loss: 0.594265
Train Epoch: 3 [7680/36000 (21%)]	Loss: 0.400231
Train Epoch: 3 [8320/36000 (23%)]	Loss: 0.499337
Train Epoch: 3 [8960/36000 (25%)]	Loss: 0.671593
Train Epoch: 3 [9600/36000 (27%)]	Loss: 0.931483
Train Epoch: 3 [10240/36000 (28%)]	Loss: 1.050054
Train Epoch: 3 [10880/36000 (30%)]	Loss: 0.465174
Train Epoch: 3 [11520/36000 (32%)]	Loss: 0.514247
Train Epoch: 3 [12160/36000 (34%)]	Loss: 0.400157
Train Epoch: 3 [12800/36000 (36%)]	Loss: 0.604971
Train Epoch: 3 [13440/36000 (37%)]	Loss: 0.613858
Train Epoch: 3 [14080/36000 (39%)]	Loss: 0.496171
Train Epoch: 3 [14720/36000 (41%)]	Loss: 0.759976
Train Epoch: 3 [15360/36000 (43%)]	Loss: 0.890190
Train Epoch: 3 [16000/36000 (44%)]	Loss: 0.454949
Train Epoch: 3 [16640/36000 (46%)]	Loss: 0.311105
Train Epoch: 3 [17280/36000 (48%)]	Loss: 0.378493
Train Epoch: 3 [17920/36000 (50%)]	Loss: 0.516378
Train Epoch: 3 [18560/36000 (52%)]	Loss: 0.440645
Train Epoch: 3 [19200/36000 (53%)]	Loss: 0.704041
Train Epoch: 3 [19840/36000 (55%)]	Loss: 0.689623
Train Epoch: 3 [20480/36000 (57%)]	Loss: 0.402005
Train Epoch: 3 [21120/36000 (59%)]	Loss: 0.765349
Train Epoch: 3 [21760/36000 (60%)]	Loss: 0.356745
Train Epoch: 3 [22400/36000 (62%)]	Loss: 0.638520
Train Epoch: 3 [23040/36000 (64%)]	Loss: 0.480623
Train Epoch: 3 [23680/36000 (66%)]	Loss: 0.479922
Train Epoch: 3 [24320/36000 (67%)]	Loss: 0.657625
Train Epoch: 3 [24960/36000 (69%)]	Loss: 1.116536
Train Epoch: 3 [25600/36000 (71%)]	Loss: 0.540832
Train Epoch: 3 [26240/36000 (73%)]	Loss: 0.441160
Train Epoch: 3 [26880/36000 (75%)]	Loss: 0.762990
Train Epoch: 3 [27520/36000 (76%)]	Loss: 0.563954
Train Epoch: 3 [28160/36000 (78%)]	Loss: 0.515423
Train Epoch: 3 [28800/36000 (80%)]	Loss: 1.336146
Train Epoch: 3 [29440/36000 (82%)]	Loss: 0.861956
Train Epoch: 3 [30080/36000 (83%)]	Loss: 0.494802
