Running on ax11.rc.zi.columbia.edu
Loaded pretrained conv weights from /home/lc3616/Projects/Mnist_pretrain_TI/mnist_cnn.pt
Conv layers frozen
Train Epoch: 1 [0/36000 (0%)]	Loss: 0.685648
Train Epoch: 1 [640/36000 (2%)]	Loss: 0.476825
Train Epoch: 1 [1280/36000 (4%)]	Loss: 0.274825
Train Epoch: 1 [1920/36000 (5%)]	Loss: 0.226050
Train Epoch: 1 [2560/36000 (7%)]	Loss: 0.152226
Train Epoch: 1 [3200/36000 (9%)]	Loss: 0.143792
Train Epoch: 1 [3840/36000 (11%)]	Loss: 0.142499
Train Epoch: 1 [4480/36000 (12%)]	Loss: 0.142578
Train Epoch: 1 [5120/36000 (14%)]	Loss: 0.105318
Train Epoch: 1 [5760/36000 (16%)]	Loss: 0.182780
Train Epoch: 1 [6400/36000 (18%)]	Loss: 0.067271
Train Epoch: 1 [7040/36000 (20%)]	Loss: 0.043847
Train Epoch: 1 [7680/36000 (21%)]	Loss: 0.023523
Train Epoch: 1 [8320/36000 (23%)]	Loss: 0.047003
Train Epoch: 1 [8960/36000 (25%)]	Loss: 0.030407
Train Epoch: 1 [9600/36000 (27%)]	Loss: 0.019716
Train Epoch: 1 [10240/36000 (28%)]	Loss: 0.020169
Train Epoch: 1 [10880/36000 (30%)]	Loss: 0.053405
Train Epoch: 1 [11520/36000 (32%)]	Loss: 0.072945
Train Epoch: 1 [12160/36000 (34%)]	Loss: 0.100131
Train Epoch: 1 [12800/36000 (36%)]	Loss: 0.006188
Train Epoch: 1 [13440/36000 (37%)]	Loss: 0.132277
Train Epoch: 1 [14080/36000 (39%)]	Loss: 0.030144
Train Epoch: 1 [14720/36000 (41%)]	Loss: 0.070278
Train Epoch: 1 [15360/36000 (43%)]	Loss: 0.140164
Train Epoch: 1 [16000/36000 (44%)]	Loss: 0.047433
Train Epoch: 1 [16640/36000 (46%)]	Loss: 0.018139
Train Epoch: 1 [17280/36000 (48%)]	Loss: 0.009440
Train Epoch: 1 [17920/36000 (50%)]	Loss: 0.072874
Train Epoch: 1 [18560/36000 (52%)]	Loss: 0.049106
Train Epoch: 1 [19200/36000 (53%)]	Loss: 0.124814
Train Epoch: 1 [19840/36000 (55%)]	Loss: 0.037597
Train Epoch: 1 [20480/36000 (57%)]	Loss: 0.083023
Train Epoch: 1 [21120/36000 (59%)]	Loss: 0.010678
Train Epoch: 1 [21760/36000 (60%)]	Loss: 0.027924
Train Epoch: 1 [22400/36000 (62%)]	Loss: 0.010606
Train Epoch: 1 [23040/36000 (64%)]	Loss: 0.040019
Train Epoch: 1 [23680/36000 (66%)]	Loss: 0.016938
Train Epoch: 1 [24320/36000 (67%)]	Loss: 0.108152
Train Epoch: 1 [24960/36000 (69%)]	Loss: 0.035213
Train Epoch: 1 [25600/36000 (71%)]	Loss: 0.046840
Train Epoch: 1 [26240/36000 (73%)]	Loss: 0.179753
Train Epoch: 1 [26880/36000 (75%)]	Loss: 0.024979
Train Epoch: 1 [27520/36000 (76%)]	Loss: 0.087581
Train Epoch: 1 [28160/36000 (78%)]	Loss: 0.050270
Train Epoch: 1 [28800/36000 (80%)]	Loss: 0.018799
Train Epoch: 1 [29440/36000 (82%)]	Loss: 0.035685
Train Epoch: 1 [30080/36000 (83%)]	Loss: 0.019105
Train Epoch: 1 [30720/36000 (85%)]	Loss: 0.033490
Train Epoch: 1 [31360/36000 (87%)]	Loss: 0.024794
Train Epoch: 1 [32000/36000 (89%)]	Loss: 0.007034
Train Epoch: 1 [32640/36000 (91%)]	Loss: 0.058148
Train Epoch: 1 [33280/36000 (92%)]	Loss: 0.060365
Train Epoch: 1 [33920/36000 (94%)]	Loss: 0.010007
Train Epoch: 1 [34560/36000 (96%)]	Loss: 0.018805
Train Epoch: 1 [35200/36000 (98%)]	Loss: 0.012131
Train Epoch: 1 [35840/36000 (99%)]	Loss: 0.032022
Test set:
Overall: 76155/112000 (68.0%)
Train set:
Overall: 35807/36000 (99.5%)
Train Epoch: 2 [0/36000 (0%)]	Loss: 0.004179
Train Epoch: 2 [640/36000 (2%)]	Loss: 0.020750
Train Epoch: 2 [1280/36000 (4%)]	Loss: 0.004518
Train Epoch: 2 [1920/36000 (5%)]	Loss: 0.010195
Train Epoch: 2 [2560/36000 (7%)]	Loss: 0.002865
Train Epoch: 2 [3200/36000 (9%)]	Loss: 0.001388
Train Epoch: 2 [3840/36000 (11%)]	Loss: 0.012127
Train Epoch: 2 [4480/36000 (12%)]	Loss: 0.012680
Train Epoch: 2 [5120/36000 (14%)]	Loss: 0.077953
Train Epoch: 2 [5760/36000 (16%)]	Loss: 0.062547
Train Epoch: 2 [6400/36000 (18%)]	Loss: 0.007010
Train Epoch: 2 [7040/36000 (20%)]	Loss: 0.041516
Train Epoch: 2 [7680/36000 (21%)]	Loss: 0.031212
Train Epoch: 2 [8320/36000 (23%)]	Loss: 0.042002
Train Epoch: 2 [8960/36000 (25%)]	Loss: 0.003585
Train Epoch: 2 [9600/36000 (27%)]	Loss: 0.003610
Train Epoch: 2 [10240/36000 (28%)]	Loss: 0.002762
Train Epoch: 2 [10880/36000 (30%)]	Loss: 0.033942
Train Epoch: 2 [11520/36000 (32%)]	Loss: 0.000717
Train Epoch: 2 [12160/36000 (34%)]	Loss: 0.005224
Train Epoch: 2 [12800/36000 (36%)]	Loss: 0.034720
Train Epoch: 2 [13440/36000 (37%)]	Loss: 0.029690
Train Epoch: 2 [14080/36000 (39%)]	Loss: 0.017823
Train Epoch: 2 [14720/36000 (41%)]	Loss: 0.017331
Train Epoch: 2 [15360/36000 (43%)]	Loss: 0.000727
Train Epoch: 2 [16000/36000 (44%)]	Loss: 0.005456
Train Epoch: 2 [16640/36000 (46%)]	Loss: 0.003138
Train Epoch: 2 [17280/36000 (48%)]	Loss: 0.001650
Train Epoch: 2 [17920/36000 (50%)]	Loss: 0.011263
Train Epoch: 2 [18560/36000 (52%)]	Loss: 0.057227
Train Epoch: 2 [19200/36000 (53%)]	Loss: 0.011636
Train Epoch: 2 [19840/36000 (55%)]	Loss: 0.002386
Train Epoch: 2 [20480/36000 (57%)]	Loss: 0.008373
Train Epoch: 2 [21120/36000 (59%)]	Loss: 0.003292
Train Epoch: 2 [21760/36000 (60%)]	Loss: 0.008810
Train Epoch: 2 [22400/36000 (62%)]	Loss: 0.048428
Train Epoch: 2 [23040/36000 (64%)]	Loss: 0.010699
Train Epoch: 2 [23680/36000 (66%)]	Loss: 0.001837
Train Epoch: 2 [24320/36000 (67%)]	Loss: 0.001751
Train Epoch: 2 [24960/36000 (69%)]	Loss: 0.021567
Train Epoch: 2 [25600/36000 (71%)]	Loss: 0.003098
Train Epoch: 2 [26240/36000 (73%)]	Loss: 0.010804
Train Epoch: 2 [26880/36000 (75%)]	Loss: 0.009352
Train Epoch: 2 [27520/36000 (76%)]	Loss: 0.003700
Train Epoch: 2 [28160/36000 (78%)]	Loss: 0.030862
Train Epoch: 2 [28800/36000 (80%)]	Loss: 0.010657
Train Epoch: 2 [29440/36000 (82%)]	Loss: 0.003957
Train Epoch: 2 [30080/36000 (83%)]	Loss: 0.042875
Train Epoch: 2 [30720/36000 (85%)]	Loss: 0.007754
Train Epoch: 2 [31360/36000 (87%)]	Loss: 0.000985
Train Epoch: 2 [32000/36000 (89%)]	Loss: 0.003358
Train Epoch: 2 [32640/36000 (91%)]	Loss: 0.012085
Train Epoch: 2 [33280/36000 (92%)]	Loss: 0.002309
Train Epoch: 2 [33920/36000 (94%)]	Loss: 0.009599
Train Epoch: 2 [34560/36000 (96%)]	Loss: 0.046038
Train Epoch: 2 [35200/36000 (98%)]	Loss: 0.001634
Train Epoch: 2 [35840/36000 (99%)]	Loss: 0.003879
Test set:
Overall: 74930/112000 (66.9%)
Train set:
Overall: 35874/36000 (99.7%)
Train Epoch: 3 [0/36000 (0%)]	Loss: 0.004629
Train Epoch: 3 [640/36000 (2%)]	Loss: 0.002764
Train Epoch: 3 [1280/36000 (4%)]	Loss: 0.009746
Train Epoch: 3 [1920/36000 (5%)]	Loss: 0.013757
Train Epoch: 3 [2560/36000 (7%)]	Loss: 0.002018
Train Epoch: 3 [3200/36000 (9%)]	Loss: 0.007172
Train Epoch: 3 [3840/36000 (11%)]	Loss: 0.000725
Train Epoch: 3 [4480/36000 (12%)]	Loss: 0.002654
Train Epoch: 3 [5120/36000 (14%)]	Loss: 0.001790
Train Epoch: 3 [5760/36000 (16%)]	Loss: 0.001637
Train Epoch: 3 [6400/36000 (18%)]	Loss: 0.003252
Train Epoch: 3 [7040/36000 (20%)]	Loss: 0.000492
Train Epoch: 3 [7680/36000 (21%)]	Loss: 0.015104
Train Epoch: 3 [8320/36000 (23%)]	Loss: 0.001201
Train Epoch: 3 [8960/36000 (25%)]	Loss: 0.027192
Train Epoch: 3 [9600/36000 (27%)]	Loss: 0.000275
Train Epoch: 3 [10240/36000 (28%)]	Loss: 0.001233
Train Epoch: 3 [10880/36000 (30%)]	Loss: 0.003281
Train Epoch: 3 [11520/36000 (32%)]	Loss: 0.002137
Train Epoch: 3 [12160/36000 (34%)]	Loss: 0.000154
Train Epoch: 3 [12800/36000 (36%)]	Loss: 0.003945
Train Epoch: 3 [13440/36000 (37%)]	Loss: 0.006509
Train Epoch: 3 [14080/36000 (39%)]	Loss: 0.002469
Train Epoch: 3 [14720/36000 (41%)]	Loss: 0.000944
Train Epoch: 3 [15360/36000 (43%)]	Loss: 0.002292
Train Epoch: 3 [16000/36000 (44%)]	Loss: 0.003919
Train Epoch: 3 [16640/36000 (46%)]	Loss: 0.025386
Train Epoch: 3 [17280/36000 (48%)]	Loss: 0.000609
Train Epoch: 3 [17920/36000 (50%)]	Loss: 0.023565
Train Epoch: 3 [18560/36000 (52%)]	Loss: 0.000370
Train Epoch: 3 [19200/36000 (53%)]	Loss: 0.048902
Train Epoch: 3 [19840/36000 (55%)]	Loss: 0.000768
Train Epoch: 3 [20480/36000 (57%)]	Loss: 0.001985
Train Epoch: 3 [21120/36000 (59%)]	Loss: 0.006354
Train Epoch: 3 [21760/36000 (60%)]	Loss: 0.000859
Train Epoch: 3 [22400/36000 (62%)]	Loss: 0.007066
Train Epoch: 3 [23040/36000 (64%)]	Loss: 0.007445
Train Epoch: 3 [23680/36000 (66%)]	Loss: 0.031197
Train Epoch: 3 [24320/36000 (67%)]	Loss: 0.000224
Train Epoch: 3 [24960/36000 (69%)]	Loss: 0.000519
Train Epoch: 3 [25600/36000 (71%)]	Loss: 0.001775
Train Epoch: 3 [26240/36000 (73%)]	Loss: 0.004248
Train Epoch: 3 [26880/36000 (75%)]	Loss: 0.002528
Train Epoch: 3 [27520/36000 (76%)]	Loss: 0.000955
Train Epoch: 3 [28160/36000 (78%)]	Loss: 0.001317
Train Epoch: 3 [28800/36000 (80%)]	Loss: 0.000145
Train Epoch: 3 [29440/36000 (82%)]	Loss: 0.003441
Train Epoch: 3 [30080/36000 (83%)]	Loss: 0.001789
Train Epoch: 3 [30720/36000 (85%)]	Loss: 0.002380
Train Epoch: 3 [31360/36000 (87%)]	Loss: 0.000962
Train Epoch: 3 [32000/36000 (89%)]	Loss: 0.017500
Train Epoch: 3 [32640/36000 (91%)]	Loss: 0.008912
Train Epoch: 3 [33280/36000 (92%)]	Loss: 0.000132
Train Epoch: 3 [33920/36000 (94%)]	Loss: 0.001325
Train Epoch: 3 [34560/36000 (96%)]	Loss: 0.000248
Train Epoch: 3 [35200/36000 (98%)]	Loss: 0.001455
Train Epoch: 3 [35840/36000 (99%)]	Loss: 0.049964
Test set:
Overall: 77231/112000 (69.0%)
Train set:
Overall: 35982/36000 (100.0%)
Train Epoch: 4 [0/36000 (0%)]	Loss: 0.000503
Train Epoch: 4 [640/36000 (2%)]	Loss: 0.002220
Train Epoch: 4 [1280/36000 (4%)]	Loss: 0.001382
Train Epoch: 4 [1920/36000 (5%)]	Loss: 0.003125
Train Epoch: 4 [2560/36000 (7%)]	Loss: 0.002235
Train Epoch: 4 [3200/36000 (9%)]	Loss: 0.000167
Train Epoch: 4 [3840/36000 (11%)]	Loss: 0.001545
Train Epoch: 4 [4480/36000 (12%)]	Loss: 0.000588
Train Epoch: 4 [5120/36000 (14%)]	Loss: 0.000674
Train Epoch: 4 [5760/36000 (16%)]	Loss: 0.000202
Train Epoch: 4 [6400/36000 (18%)]	Loss: 0.000743
Train Epoch: 4 [7040/36000 (20%)]	Loss: 0.003792
Train Epoch: 4 [7680/36000 (21%)]	Loss: 0.000460
Train Epoch: 4 [8320/36000 (23%)]	Loss: 0.000106
Train Epoch: 4 [8960/36000 (25%)]	Loss: 0.022383
Train Epoch: 4 [9600/36000 (27%)]	Loss: 0.001157
Train Epoch: 4 [10240/36000 (28%)]	Loss: 0.000683
Train Epoch: 4 [10880/36000 (30%)]	Loss: 0.006592
Train Epoch: 4 [11520/36000 (32%)]	Loss: 0.002043
Train Epoch: 4 [12160/36000 (34%)]	Loss: 0.000817
Train Epoch: 4 [12800/36000 (36%)]	Loss: 0.000289
Train Epoch: 4 [13440/36000 (37%)]	Loss: 0.000473
Train Epoch: 4 [14080/36000 (39%)]	Loss: 0.000948
Train Epoch: 4 [14720/36000 (41%)]	Loss: 0.000640
Train Epoch: 4 [15360/36000 (43%)]	Loss: 0.000221
Train Epoch: 4 [16000/36000 (44%)]	Loss: 0.000112
Train Epoch: 4 [16640/36000 (46%)]	Loss: 0.000350
Train Epoch: 4 [17280/36000 (48%)]	Loss: 0.001456
Train Epoch: 4 [17920/36000 (50%)]	Loss: 0.000659
Train Epoch: 4 [18560/36000 (52%)]	Loss: 0.002767
Train Epoch: 4 [19200/36000 (53%)]	Loss: 0.000354
Train Epoch: 4 [19840/36000 (55%)]	Loss: 0.001531
Train Epoch: 4 [20480/36000 (57%)]	Loss: 0.002097
Train Epoch: 4 [21120/36000 (59%)]	Loss: 0.000490
Train Epoch: 4 [21760/36000 (60%)]	Loss: 0.013728
Train Epoch: 4 [22400/36000 (62%)]	Loss: 0.002342
Train Epoch: 4 [23040/36000 (64%)]	Loss: 0.000346
Train Epoch: 4 [23680/36000 (66%)]	Loss: 0.000320
Train Epoch: 4 [24320/36000 (67%)]	Loss: 0.000551
Train Epoch: 4 [24960/36000 (69%)]	Loss: 0.002997
Train Epoch: 4 [25600/36000 (71%)]	Loss: 0.002298
Train Epoch: 4 [26240/36000 (73%)]	Loss: 0.003802
Train Epoch: 4 [26880/36000 (75%)]	Loss: 0.000304
Train Epoch: 4 [27520/36000 (76%)]	Loss: 0.000311
Train Epoch: 4 [28160/36000 (78%)]	Loss: 0.006731
Train Epoch: 4 [28800/36000 (80%)]	Loss: 0.001362
Train Epoch: 4 [29440/36000 (82%)]	Loss: 0.000921
Train Epoch: 4 [30080/36000 (83%)]	Loss: 0.000029
Train Epoch: 4 [30720/36000 (85%)]	Loss: 0.000486
Train Epoch: 4 [31360/36000 (87%)]	Loss: 0.003283
Train Epoch: 4 [32000/36000 (89%)]	Loss: 0.009633
Train Epoch: 4 [32640/36000 (91%)]	Loss: 0.000345
Train Epoch: 4 [33280/36000 (92%)]	Loss: 0.000328
Train Epoch: 4 [33920/36000 (94%)]	Loss: 0.002979
Train Epoch: 4 [34560/36000 (96%)]	Loss: 0.000154
Train Epoch: 4 [35200/36000 (98%)]	Loss: 0.001128
Train Epoch: 4 [35840/36000 (99%)]	Loss: 0.000256
Test set:
Overall: 76682/112000 (68.5%)
Train set:
Overall: 35999/36000 (100.0%)
Train Epoch: 5 [0/36000 (0%)]	Loss: 0.000171
Train Epoch: 5 [640/36000 (2%)]	Loss: 0.000105
Train Epoch: 5 [1280/36000 (4%)]	Loss: 0.000122
Train Epoch: 5 [1920/36000 (5%)]	Loss: 0.000317
Train Epoch: 5 [2560/36000 (7%)]	Loss: 0.000051
Train Epoch: 5 [3200/36000 (9%)]	Loss: 0.000519
Train Epoch: 5 [3840/36000 (11%)]	Loss: 0.000163
Train Epoch: 5 [4480/36000 (12%)]	Loss: 0.000247
Train Epoch: 5 [5120/36000 (14%)]	Loss: 0.000073
Train Epoch: 5 [5760/36000 (16%)]	Loss: 0.000794
Train Epoch: 5 [6400/36000 (18%)]	Loss: 0.000103
Train Epoch: 5 [7040/36000 (20%)]	Loss: 0.000282
Train Epoch: 5 [7680/36000 (21%)]	Loss: 0.002005
Train Epoch: 5 [8320/36000 (23%)]	Loss: 0.001844
Train Epoch: 5 [8960/36000 (25%)]	Loss: 0.000818
Train Epoch: 5 [9600/36000 (27%)]	Loss: 0.000051
Train Epoch: 5 [10240/36000 (28%)]	Loss: 0.000505
Train Epoch: 5 [10880/36000 (30%)]	Loss: 0.001969
Train Epoch: 5 [11520/36000 (32%)]	Loss: 0.001017
Train Epoch: 5 [12160/36000 (34%)]	Loss: 0.000413
Train Epoch: 5 [12800/36000 (36%)]	Loss: 0.000082
Train Epoch: 5 [13440/36000 (37%)]	Loss: 0.000442
Train Epoch: 5 [14080/36000 (39%)]	Loss: 0.000439
Train Epoch: 5 [14720/36000 (41%)]	Loss: 0.000354
Train Epoch: 5 [15360/36000 (43%)]	Loss: 0.001007
Train Epoch: 5 [16000/36000 (44%)]	Loss: 0.000072
Train Epoch: 5 [16640/36000 (46%)]	Loss: 0.001179
Train Epoch: 5 [17280/36000 (48%)]	Loss: 0.001367
Train Epoch: 5 [17920/36000 (50%)]	Loss: 0.000135
Train Epoch: 5 [18560/36000 (52%)]	Loss: 0.000215
Train Epoch: 5 [19200/36000 (53%)]	Loss: 0.000028
Train Epoch: 5 [19840/36000 (55%)]	Loss: 0.001375
Train Epoch: 5 [20480/36000 (57%)]	Loss: 0.000581
Train Epoch: 5 [21120/36000 (59%)]	Loss: 0.000270
Train Epoch: 5 [21760/36000 (60%)]	Loss: 0.000054
Train Epoch: 5 [22400/36000 (62%)]	Loss: 0.000573
Train Epoch: 5 [23040/36000 (64%)]	Loss: 0.000316
Train Epoch: 5 [23680/36000 (66%)]	Loss: 0.000086
Train Epoch: 5 [24320/36000 (67%)]	Loss: 0.000255
Train Epoch: 5 [24960/36000 (69%)]	Loss: 0.000150
Train Epoch: 5 [25600/36000 (71%)]	Loss: 0.000032
Train Epoch: 5 [26240/36000 (73%)]	Loss: 0.000314
Train Epoch: 5 [26880/36000 (75%)]	Loss: 0.000278
Train Epoch: 5 [27520/36000 (76%)]	Loss: 0.001016
Train Epoch: 5 [28160/36000 (78%)]	Loss: 0.000239
Train Epoch: 5 [28800/36000 (80%)]	Loss: 0.000062
Train Epoch: 5 [29440/36000 (82%)]	Loss: 0.000466
Train Epoch: 5 [30080/36000 (83%)]	Loss: 0.001935
Train Epoch: 5 [30720/36000 (85%)]	Loss: 0.000140
Train Epoch: 5 [31360/36000 (87%)]	Loss: 0.000752
Train Epoch: 5 [32000/36000 (89%)]	Loss: 0.000568
Train Epoch: 5 [32640/36000 (91%)]	Loss: 0.000399
Train Epoch: 5 [33280/36000 (92%)]	Loss: 0.000423
Train Epoch: 5 [33920/36000 (94%)]	Loss: 0.000267
Train Epoch: 5 [34560/36000 (96%)]	Loss: 0.000285
Train Epoch: 5 [35200/36000 (98%)]	Loss: 0.000140
Train Epoch: 5 [35840/36000 (99%)]	Loss: 0.000642
Test set:
Overall: 76283/112000 (68.1%)
Train set:
Overall: 36000/36000 (100.0%)
Train Epoch: 6 [0/36000 (0%)]	Loss: 0.000218
Train Epoch: 6 [640/36000 (2%)]	Loss: 0.000682
Train Epoch: 6 [1280/36000 (4%)]	Loss: 0.000024
Train Epoch: 6 [1920/36000 (5%)]	Loss: 0.000029
Train Epoch: 6 [2560/36000 (7%)]	Loss: 0.000744
Train Epoch: 6 [3200/36000 (9%)]	Loss: 0.000325
Train Epoch: 6 [3840/36000 (11%)]	Loss: 0.001303
Train Epoch: 6 [4480/36000 (12%)]	Loss: 0.000533
Train Epoch: 6 [5120/36000 (14%)]	Loss: 0.001005
Train Epoch: 6 [5760/36000 (16%)]	Loss: 0.000050
Train Epoch: 6 [6400/36000 (18%)]	Loss: 0.000069
Train Epoch: 6 [7040/36000 (20%)]	Loss: 0.000252
Train Epoch: 6 [7680/36000 (21%)]	Loss: 0.000324
Train Epoch: 6 [8320/36000 (23%)]	Loss: 0.000160
Train Epoch: 6 [8960/36000 (25%)]	Loss: 0.000276
Train Epoch: 6 [9600/36000 (27%)]	Loss: 0.000224
Train Epoch: 6 [10240/36000 (28%)]	Loss: 0.000035
Train Epoch: 6 [10880/36000 (30%)]	Loss: 0.000415
Train Epoch: 6 [11520/36000 (32%)]	Loss: 0.000058
Train Epoch: 6 [12160/36000 (34%)]	Loss: 0.000374
Train Epoch: 6 [12800/36000 (36%)]	Loss: 0.000317
Train Epoch: 6 [13440/36000 (37%)]	Loss: 0.000216
Train Epoch: 6 [14080/36000 (39%)]	Loss: 0.000745
Train Epoch: 6 [14720/36000 (41%)]	Loss: 0.000170
Train Epoch: 6 [15360/36000 (43%)]	Loss: 0.000143
Train Epoch: 6 [16000/36000 (44%)]	Loss: 0.000032
Train Epoch: 6 [16640/36000 (46%)]	Loss: 0.000780
Train Epoch: 6 [17280/36000 (48%)]	Loss: 0.000077
Train Epoch: 6 [17920/36000 (50%)]	Loss: 0.000349
Train Epoch: 6 [18560/36000 (52%)]	Loss: 0.000464
Train Epoch: 6 [19200/36000 (53%)]	Loss: 0.001873
Train Epoch: 6 [19840/36000 (55%)]	Loss: 0.000579
Train Epoch: 6 [20480/36000 (57%)]	Loss: 0.001066
Train Epoch: 6 [21120/36000 (59%)]	Loss: 0.000584
Train Epoch: 6 [21760/36000 (60%)]	Loss: 0.000072
Train Epoch: 6 [22400/36000 (62%)]	Loss: 0.000827
Train Epoch: 6 [23040/36000 (64%)]	Loss: 0.000331
Train Epoch: 6 [23680/36000 (66%)]	Loss: 0.000677
Train Epoch: 6 [24320/36000 (67%)]	Loss: 0.000553
Train Epoch: 6 [24960/36000 (69%)]	Loss: 0.000593
Train Epoch: 6 [25600/36000 (71%)]	Loss: 0.000035
Train Epoch: 6 [26240/36000 (73%)]	Loss: 0.000402
Train Epoch: 6 [26880/36000 (75%)]	Loss: 0.000128
Train Epoch: 6 [27520/36000 (76%)]	Loss: 0.000092
Train Epoch: 6 [28160/36000 (78%)]	Loss: 0.000426
Train Epoch: 6 [28800/36000 (80%)]	Loss: 0.000295
Train Epoch: 6 [29440/36000 (82%)]	Loss: 0.000182
Train Epoch: 6 [30080/36000 (83%)]	Loss: 0.000199
Train Epoch: 6 [30720/36000 (85%)]	Loss: 0.001201
Train Epoch: 6 [31360/36000 (87%)]	Loss: 0.000069
Train Epoch: 6 [32000/36000 (89%)]	Loss: 0.000604
Train Epoch: 6 [32640/36000 (91%)]	Loss: 0.000131
Train Epoch: 6 [33280/36000 (92%)]	Loss: 0.000395
Train Epoch: 6 [33920/36000 (94%)]	Loss: 0.000023
Train Epoch: 6 [34560/36000 (96%)]	Loss: 0.000117
Train Epoch: 6 [35200/36000 (98%)]	Loss: 0.000117
Train Epoch: 6 [35840/36000 (99%)]	Loss: 0.000095
Test set:
Overall: 76667/112000 (68.5%)
Train set:
Overall: 36000/36000 (100.0%)
Train Epoch: 7 [0/36000 (0%)]	Loss: 0.000678
Train Epoch: 7 [640/36000 (2%)]	Loss: 0.000215
Train Epoch: 7 [1280/36000 (4%)]	Loss: 0.000390
Train Epoch: 7 [1920/36000 (5%)]	Loss: 0.000551
Train Epoch: 7 [2560/36000 (7%)]	Loss: 0.000042
Train Epoch: 7 [3200/36000 (9%)]	Loss: 0.000083
Train Epoch: 7 [3840/36000 (11%)]	Loss: 0.000087
Train Epoch: 7 [4480/36000 (12%)]	Loss: 0.000229
Train Epoch: 7 [5120/36000 (14%)]	Loss: 0.000350
Train Epoch: 7 [5760/36000 (16%)]	Loss: 0.000037
Train Epoch: 7 [6400/36000 (18%)]	Loss: 0.000392
Train Epoch: 7 [7040/36000 (20%)]	Loss: 0.000052
Train Epoch: 7 [7680/36000 (21%)]	Loss: 0.000274
Train Epoch: 7 [8320/36000 (23%)]	Loss: 0.000082
Train Epoch: 7 [8960/36000 (25%)]	Loss: 0.000218
Train Epoch: 7 [9600/36000 (27%)]	Loss: 0.000013
Train Epoch: 7 [10240/36000 (28%)]	Loss: 0.000025
Train Epoch: 7 [10880/36000 (30%)]	Loss: 0.000364
Train Epoch: 7 [11520/36000 (32%)]	Loss: 0.000467
Train Epoch: 7 [12160/36000 (34%)]	Loss: 0.000225
Train Epoch: 7 [12800/36000 (36%)]	Loss: 0.000395
Train Epoch: 7 [13440/36000 (37%)]	Loss: 0.000174
Train Epoch: 7 [14080/36000 (39%)]	Loss: 0.000028
Train Epoch: 7 [14720/36000 (41%)]	Loss: 0.000070
Train Epoch: 7 [15360/36000 (43%)]	Loss: 0.000384
Train Epoch: 7 [16000/36000 (44%)]	Loss: 0.000017
Train Epoch: 7 [16640/36000 (46%)]	Loss: 0.000371
Train Epoch: 7 [17280/36000 (48%)]	Loss: 0.000210
Train Epoch: 7 [17920/36000 (50%)]	Loss: 0.000336
Train Epoch: 7 [18560/36000 (52%)]	Loss: 0.000268
Train Epoch: 7 [19200/36000 (53%)]	Loss: 0.000739
Train Epoch: 7 [19840/36000 (55%)]	Loss: 0.000019
Train Epoch: 7 [20480/36000 (57%)]	Loss: 0.000127
Train Epoch: 7 [21120/36000 (59%)]	Loss: 0.000600
Train Epoch: 7 [21760/36000 (60%)]	Loss: 0.000093
Train Epoch: 7 [22400/36000 (62%)]	Loss: 0.000375
Train Epoch: 7 [23040/36000 (64%)]	Loss: 0.000708
Train Epoch: 7 [23680/36000 (66%)]	Loss: 0.000261
Train Epoch: 7 [24320/36000 (67%)]	Loss: 0.000110
Train Epoch: 7 [24960/36000 (69%)]	Loss: 0.000428
Train Epoch: 7 [25600/36000 (71%)]	Loss: 0.000299
Train Epoch: 7 [26240/36000 (73%)]	Loss: 0.000781
Train Epoch: 7 [26880/36000 (75%)]	Loss: 0.000238
Train Epoch: 7 [27520/36000 (76%)]	Loss: 0.000669
Train Epoch: 7 [28160/36000 (78%)]	Loss: 0.000094
Train Epoch: 7 [28800/36000 (80%)]	Loss: 0.000018
Train Epoch: 7 [29440/36000 (82%)]	Loss: 0.000140
Train Epoch: 7 [30080/36000 (83%)]	Loss: 0.000517
Train Epoch: 7 [30720/36000 (85%)]	Loss: 0.000180
Train Epoch: 7 [31360/36000 (87%)]	Loss: 0.000167
Train Epoch: 7 [32000/36000 (89%)]	Loss: 0.000070
Train Epoch: 7 [32640/36000 (91%)]	Loss: 0.000025
Train Epoch: 7 [33280/36000 (92%)]	Loss: 0.000103
Train Epoch: 7 [33920/36000 (94%)]	Loss: 0.000564
Train Epoch: 7 [34560/36000 (96%)]	Loss: 0.000024
Train Epoch: 7 [35200/36000 (98%)]	Loss: 0.000437
Train Epoch: 7 [35840/36000 (99%)]	Loss: 0.000311
Test set:
Overall: 76704/112000 (68.5%)
Train set:
Overall: 36000/36000 (100.0%)
Train Epoch: 8 [0/36000 (0%)]	Loss: 0.000590
Train Epoch: 8 [640/36000 (2%)]	Loss: 0.000035
Train Epoch: 8 [1280/36000 (4%)]	Loss: 0.000043
Train Epoch: 8 [1920/36000 (5%)]	Loss: 0.000213
Train Epoch: 8 [2560/36000 (7%)]	Loss: 0.000251
Train Epoch: 8 [3200/36000 (9%)]	Loss: 0.000066
Train Epoch: 8 [3840/36000 (11%)]	Loss: 0.000126
Train Epoch: 8 [4480/36000 (12%)]	Loss: 0.000117
Train Epoch: 8 [5120/36000 (14%)]	Loss: 0.000062
Train Epoch: 8 [5760/36000 (16%)]	Loss: 0.000039
Train Epoch: 8 [6400/36000 (18%)]	Loss: 0.000150
Train Epoch: 8 [7040/36000 (20%)]	Loss: 0.000266
Train Epoch: 8 [7680/36000 (21%)]	Loss: 0.000137
Train Epoch: 8 [8320/36000 (23%)]	Loss: 0.000420
Train Epoch: 8 [8960/36000 (25%)]	Loss: 0.000086
Train Epoch: 8 [9600/36000 (27%)]	Loss: 0.000262
Train Epoch: 8 [10240/36000 (28%)]	Loss: 0.000180
Train Epoch: 8 [10880/36000 (30%)]	Loss: 0.000082
Train Epoch: 8 [11520/36000 (32%)]	Loss: 0.000221
Train Epoch: 8 [12160/36000 (34%)]	Loss: 0.000245
Train Epoch: 8 [12800/36000 (36%)]	Loss: 0.000288
Train Epoch: 8 [13440/36000 (37%)]	Loss: 0.000164
Train Epoch: 8 [14080/36000 (39%)]	Loss: 0.000415
Train Epoch: 8 [14720/36000 (41%)]	Loss: 0.000042
Train Epoch: 8 [15360/36000 (43%)]	Loss: 0.000549
Train Epoch: 8 [16000/36000 (44%)]	Loss: 0.000320
Train Epoch: 8 [16640/36000 (46%)]	Loss: 0.000125
Train Epoch: 8 [17280/36000 (48%)]	Loss: 0.000213
Train Epoch: 8 [17920/36000 (50%)]	Loss: 0.000309
Train Epoch: 8 [18560/36000 (52%)]	Loss: 0.000342
Train Epoch: 8 [19200/36000 (53%)]	Loss: 0.000306
Train Epoch: 8 [19840/36000 (55%)]	Loss: 0.000118
Train Epoch: 8 [20480/36000 (57%)]	Loss: 0.000181
Train Epoch: 8 [21120/36000 (59%)]	Loss: 0.000192
Train Epoch: 8 [21760/36000 (60%)]	Loss: 0.000068
Train Epoch: 8 [22400/36000 (62%)]	Loss: 0.000014
Train Epoch: 8 [23040/36000 (64%)]	Loss: 0.000121
Train Epoch: 8 [23680/36000 (66%)]	Loss: 0.000050
Train Epoch: 8 [24320/36000 (67%)]	Loss: 0.000528
Train Epoch: 8 [24960/36000 (69%)]	Loss: 0.000324
Train Epoch: 8 [25600/36000 (71%)]	Loss: 0.000172
Train Epoch: 8 [26240/36000 (73%)]	Loss: 0.000122
Train Epoch: 8 [26880/36000 (75%)]	Loss: 0.000238
Train Epoch: 8 [27520/36000 (76%)]	Loss: 0.000155
Train Epoch: 8 [28160/36000 (78%)]	Loss: 0.000298
Train Epoch: 8 [28800/36000 (80%)]	Loss: 0.000071
Train Epoch: 8 [29440/36000 (82%)]	Loss: 0.000129
Train Epoch: 8 [30080/36000 (83%)]	Loss: 0.000063
Train Epoch: 8 [30720/36000 (85%)]	Loss: 0.001238
Train Epoch: 8 [31360/36000 (87%)]	Loss: 0.000239
Train Epoch: 8 [32000/36000 (89%)]	Loss: 0.000080
Train Epoch: 8 [32640/36000 (91%)]	Loss: 0.000453
Train Epoch: 8 [33280/36000 (92%)]	Loss: 0.000168
Train Epoch: 8 [33920/36000 (94%)]	Loss: 0.000030
Train Epoch: 8 [34560/36000 (96%)]	Loss: 0.000239
Train Epoch: 8 [35200/36000 (98%)]	Loss: 0.000099
Train Epoch: 8 [35840/36000 (99%)]	Loss: 0.000123
Test set:
Overall: 76727/112000 (68.5%)
Train set:
Overall: 36000/36000 (100.0%)
Train Epoch: 9 [0/36000 (0%)]	Loss: 0.000628
Train Epoch: 9 [640/36000 (2%)]	Loss: 0.000152
Train Epoch: 9 [1280/36000 (4%)]	Loss: 0.000016
Train Epoch: 9 [1920/36000 (5%)]	Loss: 0.000263
Train Epoch: 9 [2560/36000 (7%)]	Loss: 0.000310
Train Epoch: 9 [3200/36000 (9%)]	Loss: 0.000296
Train Epoch: 9 [3840/36000 (11%)]	Loss: 0.000080
Train Epoch: 9 [4480/36000 (12%)]	Loss: 0.000030
Train Epoch: 9 [5120/36000 (14%)]	Loss: 0.000274
Train Epoch: 9 [5760/36000 (16%)]	Loss: 0.000236
Train Epoch: 9 [6400/36000 (18%)]	Loss: 0.000094
Train Epoch: 9 [7040/36000 (20%)]	Loss: 0.000115
Train Epoch: 9 [7680/36000 (21%)]	Loss: 0.000066
Train Epoch: 9 [8320/36000 (23%)]	Loss: 0.000304
Train Epoch: 9 [8960/36000 (25%)]	Loss: 0.000097
Train Epoch: 9 [9600/36000 (27%)]	Loss: 0.000166
Train Epoch: 9 [10240/36000 (28%)]	Loss: 0.000713
Train Epoch: 9 [10880/36000 (30%)]	Loss: 0.000116
Train Epoch: 9 [11520/36000 (32%)]	Loss: 0.000050
Train Epoch: 9 [12160/36000 (34%)]	Loss: 0.000281
Train Epoch: 9 [12800/36000 (36%)]	Loss: 0.000039
Train Epoch: 9 [13440/36000 (37%)]	Loss: 0.000121
Train Epoch: 9 [14080/36000 (39%)]	Loss: 0.000144
Train Epoch: 9 [14720/36000 (41%)]	Loss: 0.000097
Train Epoch: 9 [15360/36000 (43%)]	Loss: 0.000041
Train Epoch: 9 [16000/36000 (44%)]	Loss: 0.000202
Train Epoch: 9 [16640/36000 (46%)]	Loss: 0.000080
Train Epoch: 9 [17280/36000 (48%)]	Loss: 0.000105
Train Epoch: 9 [17920/36000 (50%)]	Loss: 0.000192
Train Epoch: 9 [18560/36000 (52%)]	Loss: 0.000208
Train Epoch: 9 [19200/36000 (53%)]	Loss: 0.000131
Train Epoch: 9 [19840/36000 (55%)]	Loss: 0.000039
Train Epoch: 9 [20480/36000 (57%)]	Loss: 0.000067
Train Epoch: 9 [21120/36000 (59%)]	Loss: 0.000168
Train Epoch: 9 [21760/36000 (60%)]	Loss: 0.000044
Train Epoch: 9 [22400/36000 (62%)]	Loss: 0.000219
Train Epoch: 9 [23040/36000 (64%)]	Loss: 0.000073
Train Epoch: 9 [23680/36000 (66%)]	Loss: 0.000500
Train Epoch: 9 [24320/36000 (67%)]	Loss: 0.000344
Train Epoch: 9 [24960/36000 (69%)]	Loss: 0.000200
Train Epoch: 9 [25600/36000 (71%)]	Loss: 0.000011
Train Epoch: 9 [26240/36000 (73%)]	Loss: 0.000120
Train Epoch: 9 [26880/36000 (75%)]	Loss: 0.000030
Train Epoch: 9 [27520/36000 (76%)]	Loss: 0.000151
Train Epoch: 9 [28160/36000 (78%)]	Loss: 0.000103
Train Epoch: 9 [28800/36000 (80%)]	Loss: 0.000014
Train Epoch: 9 [29440/36000 (82%)]	Loss: 0.000068
Train Epoch: 9 [30080/36000 (83%)]	Loss: 0.000038
Train Epoch: 9 [30720/36000 (85%)]	Loss: 0.000028
Train Epoch: 9 [31360/36000 (87%)]	Loss: 0.000252
Train Epoch: 9 [32000/36000 (89%)]	Loss: 0.000087
Train Epoch: 9 [32640/36000 (91%)]	Loss: 0.000021
Train Epoch: 9 [33280/36000 (92%)]	Loss: 0.000134
Train Epoch: 9 [33920/36000 (94%)]	Loss: 0.000200
Train Epoch: 9 [34560/36000 (96%)]	Loss: 0.000089
Train Epoch: 9 [35200/36000 (98%)]	Loss: 0.000021
Train Epoch: 9 [35840/36000 (99%)]	Loss: 0.000103
Test set:
Overall: 76804/112000 (68.6%)
Train set:
Overall: 36000/36000 (100.0%)
Train Epoch: 10 [0/36000 (0%)]	Loss: 0.000252
Train Epoch: 10 [640/36000 (2%)]	Loss: 0.000254
Train Epoch: 10 [1280/36000 (4%)]	Loss: 0.000182
Train Epoch: 10 [1920/36000 (5%)]	Loss: 0.000054
Train Epoch: 10 [2560/36000 (7%)]	Loss: 0.000133
Train Epoch: 10 [3200/36000 (9%)]	Loss: 0.000079
Train Epoch: 10 [3840/36000 (11%)]	Loss: 0.000249
Train Epoch: 10 [4480/36000 (12%)]	Loss: 0.000251
Train Epoch: 10 [5120/36000 (14%)]	Loss: 0.000029
Train Epoch: 10 [5760/36000 (16%)]	Loss: 0.000151
Train Epoch: 10 [6400/36000 (18%)]	Loss: 0.000155
Train Epoch: 10 [7040/36000 (20%)]	Loss: 0.000111
Train Epoch: 10 [7680/36000 (21%)]	Loss: 0.000169
Train Epoch: 10 [8320/36000 (23%)]	Loss: 0.000052
Train Epoch: 10 [8960/36000 (25%)]	Loss: 0.000185
Train Epoch: 10 [9600/36000 (27%)]	Loss: 0.000036
Train Epoch: 10 [10240/36000 (28%)]	Loss: 0.000238
Train Epoch: 10 [10880/36000 (30%)]	Loss: 0.000220
Train Epoch: 10 [11520/36000 (32%)]	Loss: 0.000102
Train Epoch: 10 [12160/36000 (34%)]	Loss: 0.000019
Train Epoch: 10 [12800/36000 (36%)]	Loss: 0.000078
Train Epoch: 10 [13440/36000 (37%)]	Loss: 0.000055
Train Epoch: 10 [14080/36000 (39%)]	Loss: 0.000258
Train Epoch: 10 [14720/36000 (41%)]	Loss: 0.000117
Train Epoch: 10 [15360/36000 (43%)]	Loss: 0.000077
Train Epoch: 10 [16000/36000 (44%)]	Loss: 0.000064
Train Epoch: 10 [16640/36000 (46%)]	Loss: 0.000043
Train Epoch: 10 [17280/36000 (48%)]	Loss: 0.000026
Train Epoch: 10 [17920/36000 (50%)]	Loss: 0.000019
Train Epoch: 10 [18560/36000 (52%)]	Loss: 0.000053
Train Epoch: 10 [19200/36000 (53%)]	Loss: 0.000202
Train Epoch: 10 [19840/36000 (55%)]	Loss: 0.000054
Train Epoch: 10 [20480/36000 (57%)]	Loss: 0.000052
Train Epoch: 10 [21120/36000 (59%)]	Loss: 0.000032
Train Epoch: 10 [21760/36000 (60%)]	Loss: 0.000114
Train Epoch: 10 [22400/36000 (62%)]	Loss: 0.000050
Train Epoch: 10 [23040/36000 (64%)]	Loss: 0.000322
Train Epoch: 10 [23680/36000 (66%)]	Loss: 0.000107
Train Epoch: 10 [24320/36000 (67%)]	Loss: 0.000189
Train Epoch: 10 [24960/36000 (69%)]	Loss: 0.000088
Train Epoch: 10 [25600/36000 (71%)]	Loss: 0.000057
Train Epoch: 10 [26240/36000 (73%)]	Loss: 0.000158
Train Epoch: 10 [26880/36000 (75%)]	Loss: 0.000078
Train Epoch: 10 [27520/36000 (76%)]	Loss: 0.000075
Train Epoch: 10 [28160/36000 (78%)]	Loss: 0.000114
Train Epoch: 10 [28800/36000 (80%)]	Loss: 0.000282
Train Epoch: 10 [29440/36000 (82%)]	Loss: 0.000181
Train Epoch: 10 [30080/36000 (83%)]	Loss: 0.000075
Train Epoch: 10 [30720/36000 (85%)]	Loss: 0.000140
Train Epoch: 10 [31360/36000 (87%)]	Loss: 0.000035
Train Epoch: 10 [32000/36000 (89%)]	Loss: 0.000416
Train Epoch: 10 [32640/36000 (91%)]	Loss: 0.000145
Train Epoch: 10 [33280/36000 (92%)]	Loss: 0.000123
Train Epoch: 10 [33920/36000 (94%)]	Loss: 0.000231
Train Epoch: 10 [34560/36000 (96%)]	Loss: 0.000279
Train Epoch: 10 [35200/36000 (98%)]	Loss: 0.000369
Train Epoch: 10 [35840/36000 (99%)]	Loss: 0.000255
Test set:
Overall: 76822/112000 (68.6%)
Train set:
Overall: 36000/36000 (100.0%)
Train Epoch: 11 [0/36000 (0%)]	Loss: 0.000080
Train Epoch: 11 [640/36000 (2%)]	Loss: 0.000042
Train Epoch: 11 [1280/36000 (4%)]	Loss: 0.000206
Train Epoch: 11 [1920/36000 (5%)]	Loss: 0.000063
Train Epoch: 11 [2560/36000 (7%)]	Loss: 0.000064
Train Epoch: 11 [3200/36000 (9%)]	Loss: 0.000278
Train Epoch: 11 [3840/36000 (11%)]	Loss: 0.000116
Train Epoch: 11 [4480/36000 (12%)]	Loss: 0.000126
Train Epoch: 11 [5120/36000 (14%)]	Loss: 0.000388
Train Epoch: 11 [5760/36000 (16%)]	Loss: 0.000062
Train Epoch: 11 [6400/36000 (18%)]	Loss: 0.000055
Train Epoch: 11 [7040/36000 (20%)]	Loss: 0.000039
Train Epoch: 11 [7680/36000 (21%)]	Loss: 0.000164
Train Epoch: 11 [8320/36000 (23%)]	Loss: 0.000127
Train Epoch: 11 [8960/36000 (25%)]	Loss: 0.000181
Train Epoch: 11 [9600/36000 (27%)]	Loss: 0.000115
Train Epoch: 11 [10240/36000 (28%)]	Loss: 0.000138
Train Epoch: 11 [10880/36000 (30%)]	Loss: 0.000217
Train Epoch: 11 [11520/36000 (32%)]	Loss: 0.000479
Train Epoch: 11 [12160/36000 (34%)]	Loss: 0.000153
Train Epoch: 11 [12800/36000 (36%)]	Loss: 0.000170
Train Epoch: 11 [13440/36000 (37%)]	Loss: 0.000147
Train Epoch: 11 [14080/36000 (39%)]	Loss: 0.000028
Train Epoch: 11 [14720/36000 (41%)]	Loss: 0.000031
Train Epoch: 11 [15360/36000 (43%)]	Loss: 0.000045
Train Epoch: 11 [16000/36000 (44%)]	Loss: 0.000166
Train Epoch: 11 [16640/36000 (46%)]	Loss: 0.000062
Train Epoch: 11 [17280/36000 (48%)]	Loss: 0.000172
Train Epoch: 11 [17920/36000 (50%)]	Loss: 0.000311
Train Epoch: 11 [18560/36000 (52%)]	Loss: 0.000174
Train Epoch: 11 [19200/36000 (53%)]	Loss: 0.000239
Train Epoch: 11 [19840/36000 (55%)]	Loss: 0.000050
Train Epoch: 11 [20480/36000 (57%)]	Loss: 0.000332
Train Epoch: 11 [21120/36000 (59%)]	Loss: 0.000093
Train Epoch: 11 [21760/36000 (60%)]	Loss: 0.000062
Train Epoch: 11 [22400/36000 (62%)]	Loss: 0.000037
Train Epoch: 11 [23040/36000 (64%)]	Loss: 0.000096
Train Epoch: 11 [23680/36000 (66%)]	Loss: 0.000017
Train Epoch: 11 [24320/36000 (67%)]	Loss: 0.000128
Train Epoch: 11 [24960/36000 (69%)]	Loss: 0.000069
Train Epoch: 11 [25600/36000 (71%)]	Loss: 0.000205
Train Epoch: 11 [26240/36000 (73%)]	Loss: 0.000034
Train Epoch: 11 [26880/36000 (75%)]	Loss: 0.000290
Train Epoch: 11 [27520/36000 (76%)]	Loss: 0.000023
Train Epoch: 11 [28160/36000 (78%)]	Loss: 0.000086
Train Epoch: 11 [28800/36000 (80%)]	Loss: 0.000062
Train Epoch: 11 [29440/36000 (82%)]	Loss: 0.000111
Train Epoch: 11 [30080/36000 (83%)]	Loss: 0.000064
Train Epoch: 11 [30720/36000 (85%)]	Loss: 0.000079
Train Epoch: 11 [31360/36000 (87%)]	Loss: 0.000062
Train Epoch: 11 [32000/36000 (89%)]	Loss: 0.000187
Train Epoch: 11 [32640/36000 (91%)]	Loss: 0.000066
Train Epoch: 11 [33280/36000 (92%)]	Loss: 0.000204
Train Epoch: 11 [33920/36000 (94%)]	Loss: 0.000080
Train Epoch: 11 [34560/36000 (96%)]	Loss: 0.000048
Train Epoch: 11 [35200/36000 (98%)]	Loss: 0.000116
Train Epoch: 11 [35840/36000 (99%)]	Loss: 0.000063
Test set:
Overall: 76850/112000 (68.6%)
Train set:
Overall: 36000/36000 (100.0%)
Train Epoch: 12 [0/36000 (0%)]	Loss: 0.000342
Train Epoch: 12 [640/36000 (2%)]	Loss: 0.000089
Train Epoch: 12 [1280/36000 (4%)]	Loss: 0.000052
Train Epoch: 12 [1920/36000 (5%)]	Loss: 0.000120
Train Epoch: 12 [2560/36000 (7%)]	Loss: 0.000001
Train Epoch: 12 [3200/36000 (9%)]	Loss: 0.000089
Train Epoch: 12 [3840/36000 (11%)]	Loss: 0.000170
Train Epoch: 12 [4480/36000 (12%)]	Loss: 0.000194
Train Epoch: 12 [5120/36000 (14%)]	Loss: 0.000030
Train Epoch: 12 [5760/36000 (16%)]	Loss: 0.000055
Train Epoch: 12 [6400/36000 (18%)]	Loss: 0.000155
Train Epoch: 12 [7040/36000 (20%)]	Loss: 0.000042
