Running on ax25.rc.zi.columbia.edu
Loaded pretrained conv weights from /home/lc3616/Projects/Mnist_pretrain_TI/mnist_cnn.pt
Train Epoch: 1 [0/36000 (0%)]	Loss: 0.685648
Train Epoch: 1 [640/36000 (2%)]	Loss: 0.475581
Train Epoch: 1 [1280/36000 (4%)]	Loss: 0.276184
Train Epoch: 1 [1920/36000 (5%)]	Loss: 0.216780
Train Epoch: 1 [2560/36000 (7%)]	Loss: 0.156228
Train Epoch: 1 [3200/36000 (9%)]	Loss: 0.139733
Train Epoch: 1 [3840/36000 (11%)]	Loss: 0.137783
Train Epoch: 1 [4480/36000 (12%)]	Loss: 0.110282
Train Epoch: 1 [5120/36000 (14%)]	Loss: 0.095497
Train Epoch: 1 [5760/36000 (16%)]	Loss: 0.180933
Train Epoch: 1 [6400/36000 (18%)]	Loss: 0.055124
Train Epoch: 1 [7040/36000 (20%)]	Loss: 0.041977
Train Epoch: 1 [7680/36000 (21%)]	Loss: 0.031254
Train Epoch: 1 [8320/36000 (23%)]	Loss: 0.045561
Train Epoch: 1 [8960/36000 (25%)]	Loss: 0.019507
Train Epoch: 1 [9600/36000 (27%)]	Loss: 0.014449
Train Epoch: 1 [10240/36000 (28%)]	Loss: 0.016783
Train Epoch: 1 [10880/36000 (30%)]	Loss: 0.061213
Train Epoch: 1 [11520/36000 (32%)]	Loss: 0.071244
Train Epoch: 1 [12160/36000 (34%)]	Loss: 0.098095
Train Epoch: 1 [12800/36000 (36%)]	Loss: 0.009283
Train Epoch: 1 [13440/36000 (37%)]	Loss: 0.107689
Train Epoch: 1 [14080/36000 (39%)]	Loss: 0.043832
Train Epoch: 1 [14720/36000 (41%)]	Loss: 0.079689
Train Epoch: 1 [15360/36000 (43%)]	Loss: 0.104118
Train Epoch: 1 [16000/36000 (44%)]	Loss: 0.056022
Train Epoch: 1 [16640/36000 (46%)]	Loss: 0.016659
Train Epoch: 1 [17280/36000 (48%)]	Loss: 0.011603
Train Epoch: 1 [17920/36000 (50%)]	Loss: 0.090044
Train Epoch: 1 [18560/36000 (52%)]	Loss: 0.038289
Train Epoch: 1 [19200/36000 (53%)]	Loss: 0.092462
Train Epoch: 1 [19840/36000 (55%)]	Loss: 0.027563
Train Epoch: 1 [20480/36000 (57%)]	Loss: 0.077277
Train Epoch: 1 [21120/36000 (59%)]	Loss: 0.004979
Train Epoch: 1 [21760/36000 (60%)]	Loss: 0.035048
Train Epoch: 1 [22400/36000 (62%)]	Loss: 0.009419
Train Epoch: 1 [23040/36000 (64%)]	Loss: 0.039288
Train Epoch: 1 [23680/36000 (66%)]	Loss: 0.022291
Train Epoch: 1 [24320/36000 (67%)]	Loss: 0.076542
Train Epoch: 1 [24960/36000 (69%)]	Loss: 0.022880
Train Epoch: 1 [25600/36000 (71%)]	Loss: 0.057409
Train Epoch: 1 [26240/36000 (73%)]	Loss: 0.153152
Train Epoch: 1 [26880/36000 (75%)]	Loss: 0.025126
Train Epoch: 1 [27520/36000 (76%)]	Loss: 0.107158
Train Epoch: 1 [28160/36000 (78%)]	Loss: 0.079598
Train Epoch: 1 [28800/36000 (80%)]	Loss: 0.010581
Train Epoch: 1 [29440/36000 (82%)]	Loss: 0.023856
Train Epoch: 1 [30080/36000 (83%)]	Loss: 0.018878
Train Epoch: 1 [30720/36000 (85%)]	Loss: 0.048045
Train Epoch: 1 [31360/36000 (87%)]	Loss: 0.025962
Train Epoch: 1 [32000/36000 (89%)]	Loss: 0.007472
Train Epoch: 1 [32640/36000 (91%)]	Loss: 0.043188
Train Epoch: 1 [33280/36000 (92%)]	Loss: 0.051912
Train Epoch: 1 [33920/36000 (94%)]	Loss: 0.020988
Train Epoch: 1 [34560/36000 (96%)]	Loss: 0.008249
Train Epoch: 1 [35200/36000 (98%)]	Loss: 0.013022
Train Epoch: 1 [35840/36000 (99%)]	Loss: 0.074430
Test set:
Overall: 77143/112000 (68.9%)
Train set:
Overall: 35793/36000 (99.4%)
Train Epoch: 2 [0/36000 (0%)]	Loss: 0.003870
Train Epoch: 2 [640/36000 (2%)]	Loss: 0.015112
Train Epoch: 2 [1280/36000 (4%)]	Loss: 0.001144
Train Epoch: 2 [1920/36000 (5%)]	Loss: 0.004473
Train Epoch: 2 [2560/36000 (7%)]	Loss: 0.003579
Train Epoch: 2 [3200/36000 (9%)]	Loss: 0.005239
Train Epoch: 2 [3840/36000 (11%)]	Loss: 0.007012
Train Epoch: 2 [4480/36000 (12%)]	Loss: 0.024080
Train Epoch: 2 [5120/36000 (14%)]	Loss: 0.035211
Train Epoch: 2 [5760/36000 (16%)]	Loss: 0.049705
Train Epoch: 2 [6400/36000 (18%)]	Loss: 0.004520
Train Epoch: 2 [7040/36000 (20%)]	Loss: 0.042636
Train Epoch: 2 [7680/36000 (21%)]	Loss: 0.022194
Train Epoch: 2 [8320/36000 (23%)]	Loss: 0.052301
Train Epoch: 2 [8960/36000 (25%)]	Loss: 0.003966
Train Epoch: 2 [9600/36000 (27%)]	Loss: 0.004848
Train Epoch: 2 [10240/36000 (28%)]	Loss: 0.001177
Train Epoch: 2 [10880/36000 (30%)]	Loss: 0.027805
Train Epoch: 2 [11520/36000 (32%)]	Loss: 0.000302
Train Epoch: 2 [12160/36000 (34%)]	Loss: 0.021809
Train Epoch: 2 [12800/36000 (36%)]	Loss: 0.036798
Train Epoch: 2 [13440/36000 (37%)]	Loss: 0.026917
Train Epoch: 2 [14080/36000 (39%)]	Loss: 0.005845
Train Epoch: 2 [14720/36000 (41%)]	Loss: 0.006490
Train Epoch: 2 [15360/36000 (43%)]	Loss: 0.000347
Train Epoch: 2 [16000/36000 (44%)]	Loss: 0.004427
Train Epoch: 2 [16640/36000 (46%)]	Loss: 0.007854
Train Epoch: 2 [17280/36000 (48%)]	Loss: 0.003278
Train Epoch: 2 [17920/36000 (50%)]	Loss: 0.010449
Train Epoch: 2 [18560/36000 (52%)]	Loss: 0.076882
Train Epoch: 2 [19200/36000 (53%)]	Loss: 0.008869
Train Epoch: 2 [19840/36000 (55%)]	Loss: 0.009524
Train Epoch: 2 [20480/36000 (57%)]	Loss: 0.008079
Train Epoch: 2 [21120/36000 (59%)]	Loss: 0.001672
Train Epoch: 2 [21760/36000 (60%)]	Loss: 0.001970
Train Epoch: 2 [22400/36000 (62%)]	Loss: 0.024079
Train Epoch: 2 [23040/36000 (64%)]	Loss: 0.012875
Train Epoch: 2 [23680/36000 (66%)]	Loss: 0.001123
Train Epoch: 2 [24320/36000 (67%)]	Loss: 0.001869
Train Epoch: 2 [24960/36000 (69%)]	Loss: 0.003231
Train Epoch: 2 [25600/36000 (71%)]	Loss: 0.007806
Train Epoch: 2 [26240/36000 (73%)]	Loss: 0.028518
Train Epoch: 2 [26880/36000 (75%)]	Loss: 0.047466
Train Epoch: 2 [27520/36000 (76%)]	Loss: 0.007575
Train Epoch: 2 [28160/36000 (78%)]	Loss: 0.035392
Train Epoch: 2 [28800/36000 (80%)]	Loss: 0.003519
Train Epoch: 2 [29440/36000 (82%)]	Loss: 0.003384
Train Epoch: 2 [30080/36000 (83%)]	Loss: 0.029873
Train Epoch: 2 [30720/36000 (85%)]	Loss: 0.016080
Train Epoch: 2 [31360/36000 (87%)]	Loss: 0.001294
Train Epoch: 2 [32000/36000 (89%)]	Loss: 0.002783
Train Epoch: 2 [32640/36000 (91%)]	Loss: 0.008042
Train Epoch: 2 [33280/36000 (92%)]	Loss: 0.000843
Train Epoch: 2 [33920/36000 (94%)]	Loss: 0.013411
Train Epoch: 2 [34560/36000 (96%)]	Loss: 0.055603
Train Epoch: 2 [35200/36000 (98%)]	Loss: 0.001378
Train Epoch: 2 [35840/36000 (99%)]	Loss: 0.002648
Test set:
Overall: 74698/112000 (66.7%)
Train set:
Overall: 35850/36000 (99.6%)
Train Epoch: 3 [0/36000 (0%)]	Loss: 0.003871
Train Epoch: 3 [640/36000 (2%)]	Loss: 0.003901
Train Epoch: 3 [1280/36000 (4%)]	Loss: 0.016608
Train Epoch: 3 [1920/36000 (5%)]	Loss: 0.071671
Train Epoch: 3 [2560/36000 (7%)]	Loss: 0.002607
Train Epoch: 3 [3200/36000 (9%)]	Loss: 0.018840
Train Epoch: 3 [3840/36000 (11%)]	Loss: 0.001649
Train Epoch: 3 [4480/36000 (12%)]	Loss: 0.001164
Train Epoch: 3 [5120/36000 (14%)]	Loss: 0.001113
Train Epoch: 3 [5760/36000 (16%)]	Loss: 0.001495
Train Epoch: 3 [6400/36000 (18%)]	Loss: 0.006514
Train Epoch: 3 [7040/36000 (20%)]	Loss: 0.002439
Train Epoch: 3 [7680/36000 (21%)]	Loss: 0.013179
Train Epoch: 3 [8320/36000 (23%)]	Loss: 0.001333
Train Epoch: 3 [8960/36000 (25%)]	Loss: 0.019763
Train Epoch: 3 [9600/36000 (27%)]	Loss: 0.000151
Train Epoch: 3 [10240/36000 (28%)]	Loss: 0.000598
Train Epoch: 3 [10880/36000 (30%)]	Loss: 0.000833
Train Epoch: 3 [11520/36000 (32%)]	Loss: 0.000517
Train Epoch: 3 [12160/36000 (34%)]	Loss: 0.000263
Train Epoch: 3 [12800/36000 (36%)]	Loss: 0.002341
Train Epoch: 3 [13440/36000 (37%)]	Loss: 0.001390
Train Epoch: 3 [14080/36000 (39%)]	Loss: 0.001282
Train Epoch: 3 [14720/36000 (41%)]	Loss: 0.001457
Train Epoch: 3 [15360/36000 (43%)]	Loss: 0.002378
Train Epoch: 3 [16000/36000 (44%)]	Loss: 0.001709
Train Epoch: 3 [16640/36000 (46%)]	Loss: 0.041777
Train Epoch: 3 [17280/36000 (48%)]	Loss: 0.000654
Train Epoch: 3 [17920/36000 (50%)]	Loss: 0.005364
Train Epoch: 3 [18560/36000 (52%)]	Loss: 0.000968
Train Epoch: 3 [19200/36000 (53%)]	Loss: 0.015508
Train Epoch: 3 [19840/36000 (55%)]	Loss: 0.001094
Train Epoch: 3 [20480/36000 (57%)]	Loss: 0.001327
Train Epoch: 3 [21120/36000 (59%)]	Loss: 0.026927
Train Epoch: 3 [21760/36000 (60%)]	Loss: 0.000889
Train Epoch: 3 [22400/36000 (62%)]	Loss: 0.009095
Train Epoch: 3 [23040/36000 (64%)]	Loss: 0.002496
Train Epoch: 3 [23680/36000 (66%)]	Loss: 0.015189
Train Epoch: 3 [24320/36000 (67%)]	Loss: 0.000050
Train Epoch: 3 [24960/36000 (69%)]	Loss: 0.000182
Train Epoch: 3 [25600/36000 (71%)]	Loss: 0.006398
Train Epoch: 3 [26240/36000 (73%)]	Loss: 0.001797
Train Epoch: 3 [26880/36000 (75%)]	Loss: 0.005690
Train Epoch: 3 [27520/36000 (76%)]	Loss: 0.000988
Train Epoch: 3 [28160/36000 (78%)]	Loss: 0.002393
Train Epoch: 3 [28800/36000 (80%)]	Loss: 0.000088
Train Epoch: 3 [29440/36000 (82%)]	Loss: 0.000664
Train Epoch: 3 [30080/36000 (83%)]	Loss: 0.003455
Train Epoch: 3 [30720/36000 (85%)]	Loss: 0.001872
Train Epoch: 3 [31360/36000 (87%)]	Loss: 0.000636
Train Epoch: 3 [32000/36000 (89%)]	Loss: 0.006802
Train Epoch: 3 [32640/36000 (91%)]	Loss: 0.015760
Train Epoch: 3 [33280/36000 (92%)]	Loss: 0.000070
Train Epoch: 3 [33920/36000 (94%)]	Loss: 0.004845
Train Epoch: 3 [34560/36000 (96%)]	Loss: 0.000199
Train Epoch: 3 [35200/36000 (98%)]	Loss: 0.002428
Train Epoch: 3 [35840/36000 (99%)]	Loss: 0.004513
Test set:
Overall: 74676/112000 (66.7%)
Train set:
Overall: 35994/36000 (100.0%)
Train Epoch: 4 [0/36000 (0%)]	Loss: 0.000294
Train Epoch: 4 [640/36000 (2%)]	Loss: 0.000140
Train Epoch: 4 [1280/36000 (4%)]	Loss: 0.000805
Train Epoch: 4 [1920/36000 (5%)]	Loss: 0.001159
Train Epoch: 4 [2560/36000 (7%)]	Loss: 0.000387
Train Epoch: 4 [3200/36000 (9%)]	Loss: 0.000075
Train Epoch: 4 [3840/36000 (11%)]	Loss: 0.000553
Train Epoch: 4 [4480/36000 (12%)]	Loss: 0.000155
Train Epoch: 4 [5120/36000 (14%)]	Loss: 0.000462
Train Epoch: 4 [5760/36000 (16%)]	Loss: 0.001781
Train Epoch: 4 [6400/36000 (18%)]	Loss: 0.000319
Train Epoch: 4 [7040/36000 (20%)]	Loss: 0.004343
Train Epoch: 4 [7680/36000 (21%)]	Loss: 0.001199
Train Epoch: 4 [8320/36000 (23%)]	Loss: 0.000124
Train Epoch: 4 [8960/36000 (25%)]	Loss: 0.000296
Train Epoch: 4 [9600/36000 (27%)]	Loss: 0.000218
Train Epoch: 4 [10240/36000 (28%)]	Loss: 0.000055
Train Epoch: 4 [10880/36000 (30%)]	Loss: 0.005959
Train Epoch: 4 [11520/36000 (32%)]	Loss: 0.000583
Train Epoch: 4 [12160/36000 (34%)]	Loss: 0.000268
Train Epoch: 4 [12800/36000 (36%)]	Loss: 0.000082
Train Epoch: 4 [13440/36000 (37%)]	Loss: 0.000606
Train Epoch: 4 [14080/36000 (39%)]	Loss: 0.000556
Train Epoch: 4 [14720/36000 (41%)]	Loss: 0.000335
Train Epoch: 4 [15360/36000 (43%)]	Loss: 0.000038
Train Epoch: 4 [16000/36000 (44%)]	Loss: 0.000050
Train Epoch: 4 [16640/36000 (46%)]	Loss: 0.000075
Train Epoch: 4 [17280/36000 (48%)]	Loss: 0.001321
Train Epoch: 4 [17920/36000 (50%)]	Loss: 0.000202
Train Epoch: 4 [18560/36000 (52%)]	Loss: 0.001029
Train Epoch: 4 [19200/36000 (53%)]	Loss: 0.000201
Train Epoch: 4 [19840/36000 (55%)]	Loss: 0.000486
Train Epoch: 4 [20480/36000 (57%)]	Loss: 0.000178
Train Epoch: 4 [21120/36000 (59%)]	Loss: 0.000263
Train Epoch: 4 [21760/36000 (60%)]	Loss: 0.000659
Train Epoch: 4 [22400/36000 (62%)]	Loss: 0.004448
Train Epoch: 4 [23040/36000 (64%)]	Loss: 0.000221
Train Epoch: 4 [23680/36000 (66%)]	Loss: 0.000610
Train Epoch: 4 [24320/36000 (67%)]	Loss: 0.000091
Train Epoch: 4 [24960/36000 (69%)]	Loss: 0.001390
Train Epoch: 4 [25600/36000 (71%)]	Loss: 0.000744
Train Epoch: 4 [26240/36000 (73%)]	Loss: 0.010776
Train Epoch: 4 [26880/36000 (75%)]	Loss: 0.000043
Train Epoch: 4 [27520/36000 (76%)]	Loss: 0.000060
Train Epoch: 4 [28160/36000 (78%)]	Loss: 0.001213
Train Epoch: 4 [28800/36000 (80%)]	Loss: 0.000417
Train Epoch: 4 [29440/36000 (82%)]	Loss: 0.001440
Train Epoch: 4 [30080/36000 (83%)]	Loss: 0.000019
Train Epoch: 4 [30720/36000 (85%)]	Loss: 0.000314
Train Epoch: 4 [31360/36000 (87%)]	Loss: 0.001361
Train Epoch: 4 [32000/36000 (89%)]	Loss: 0.000648
Train Epoch: 4 [32640/36000 (91%)]	Loss: 0.000291
Train Epoch: 4 [33280/36000 (92%)]	Loss: 0.000135
Train Epoch: 4 [33920/36000 (94%)]	Loss: 0.001289
Train Epoch: 4 [34560/36000 (96%)]	Loss: 0.000447
Train Epoch: 4 [35200/36000 (98%)]	Loss: 0.000711
Train Epoch: 4 [35840/36000 (99%)]	Loss: 0.000411
Test set:
Overall: 77043/112000 (68.8%)
Train set:
Overall: 35998/36000 (100.0%)
Train Epoch: 5 [0/36000 (0%)]	Loss: 0.000070
Train Epoch: 5 [640/36000 (2%)]	Loss: 0.000482
Train Epoch: 5 [1280/36000 (4%)]	Loss: 0.000011
Train Epoch: 5 [1920/36000 (5%)]	Loss: 0.000030
Train Epoch: 5 [2560/36000 (7%)]	Loss: 0.000034
Train Epoch: 5 [3200/36000 (9%)]	Loss: 0.000319
Train Epoch: 5 [3840/36000 (11%)]	Loss: 0.000032
Train Epoch: 5 [4480/36000 (12%)]	Loss: 0.000056
Train Epoch: 5 [5120/36000 (14%)]	Loss: 0.000057
Train Epoch: 5 [5760/36000 (16%)]	Loss: 0.000355
Train Epoch: 5 [6400/36000 (18%)]	Loss: 0.000048
Train Epoch: 5 [7040/36000 (20%)]	Loss: 0.000099
Train Epoch: 5 [7680/36000 (21%)]	Loss: 0.000187
Train Epoch: 5 [8320/36000 (23%)]	Loss: 0.000441
Train Epoch: 5 [8960/36000 (25%)]	Loss: 0.000123
Train Epoch: 5 [9600/36000 (27%)]	Loss: 0.000015
Train Epoch: 5 [10240/36000 (28%)]	Loss: 0.001080
Train Epoch: 5 [10880/36000 (30%)]	Loss: 0.001089
Train Epoch: 5 [11520/36000 (32%)]	Loss: 0.000792
Train Epoch: 5 [12160/36000 (34%)]	Loss: 0.000468
Train Epoch: 5 [12800/36000 (36%)]	Loss: 0.000218
Train Epoch: 5 [13440/36000 (37%)]	Loss: 0.000039
Train Epoch: 5 [14080/36000 (39%)]	Loss: 0.000233
Train Epoch: 5 [14720/36000 (41%)]	Loss: 0.000286
Train Epoch: 5 [15360/36000 (43%)]	Loss: 0.000652
Train Epoch: 5 [16000/36000 (44%)]	Loss: 0.000050
Train Epoch: 5 [16640/36000 (46%)]	Loss: 0.000321
Train Epoch: 5 [17280/36000 (48%)]	Loss: 0.000624
Train Epoch: 5 [17920/36000 (50%)]	Loss: 0.000101
Train Epoch: 5 [18560/36000 (52%)]	Loss: 0.000060
Train Epoch: 5 [19200/36000 (53%)]	Loss: 0.000010
Train Epoch: 5 [19840/36000 (55%)]	Loss: 0.001087
Train Epoch: 5 [20480/36000 (57%)]	Loss: 0.000463
Train Epoch: 5 [21120/36000 (59%)]	Loss: 0.000242
Train Epoch: 5 [21760/36000 (60%)]	Loss: 0.000046
Train Epoch: 5 [22400/36000 (62%)]	Loss: 0.000861
Train Epoch: 5 [23040/36000 (64%)]	Loss: 0.000209
Train Epoch: 5 [23680/36000 (66%)]	Loss: 0.000022
Train Epoch: 5 [24320/36000 (67%)]	Loss: 0.000035
Train Epoch: 5 [24960/36000 (69%)]	Loss: 0.000100
Train Epoch: 5 [25600/36000 (71%)]	Loss: 0.000007
Train Epoch: 5 [26240/36000 (73%)]	Loss: 0.000432
Train Epoch: 5 [26880/36000 (75%)]	Loss: 0.000069
Train Epoch: 5 [27520/36000 (76%)]	Loss: 0.000607
Train Epoch: 5 [28160/36000 (78%)]	Loss: 0.000133
Train Epoch: 5 [28800/36000 (80%)]	Loss: 0.000009
Train Epoch: 5 [29440/36000 (82%)]	Loss: 0.000734
Train Epoch: 5 [30080/36000 (83%)]	Loss: 0.000248
Train Epoch: 5 [30720/36000 (85%)]	Loss: 0.000611
Train Epoch: 5 [31360/36000 (87%)]	Loss: 0.000362
Train Epoch: 5 [32000/36000 (89%)]	Loss: 0.000136
Train Epoch: 5 [32640/36000 (91%)]	Loss: 0.000090
Train Epoch: 5 [33280/36000 (92%)]	Loss: 0.000048
Train Epoch: 5 [33920/36000 (94%)]	Loss: 0.000160
Train Epoch: 5 [34560/36000 (96%)]	Loss: 0.000157
Train Epoch: 5 [35200/36000 (98%)]	Loss: 0.000371
Train Epoch: 5 [35840/36000 (99%)]	Loss: 0.000079
Test set:
Overall: 76446/112000 (68.3%)
Train set:
Overall: 36000/36000 (100.0%)
Train Epoch: 6 [0/36000 (0%)]	Loss: 0.000038
Train Epoch: 6 [640/36000 (2%)]	Loss: 0.000331
Train Epoch: 6 [1280/36000 (4%)]	Loss: 0.000005
Train Epoch: 6 [1920/36000 (5%)]	Loss: 0.000065
Train Epoch: 6 [2560/36000 (7%)]	Loss: 0.000413
Train Epoch: 6 [3200/36000 (9%)]	Loss: 0.000194
Train Epoch: 6 [3840/36000 (11%)]	Loss: 0.001331
Train Epoch: 6 [4480/36000 (12%)]	Loss: 0.000186
Train Epoch: 6 [5120/36000 (14%)]	Loss: 0.000186
Train Epoch: 6 [5760/36000 (16%)]	Loss: 0.000007
Train Epoch: 6 [6400/36000 (18%)]	Loss: 0.000199
Train Epoch: 6 [7040/36000 (20%)]	Loss: 0.000054
Train Epoch: 6 [7680/36000 (21%)]	Loss: 0.000391
Train Epoch: 6 [8320/36000 (23%)]	Loss: 0.000429
Train Epoch: 6 [8960/36000 (25%)]	Loss: 0.000230
Train Epoch: 6 [9600/36000 (27%)]	Loss: 0.000176
Train Epoch: 6 [10240/36000 (28%)]	Loss: 0.000009
Train Epoch: 6 [10880/36000 (30%)]	Loss: 0.000078
Train Epoch: 6 [11520/36000 (32%)]	Loss: 0.000006
Train Epoch: 6 [12160/36000 (34%)]	Loss: 0.000246
Train Epoch: 6 [12800/36000 (36%)]	Loss: 0.000173
Train Epoch: 6 [13440/36000 (37%)]	Loss: 0.000235
Train Epoch: 6 [14080/36000 (39%)]	Loss: 0.000631
Train Epoch: 6 [14720/36000 (41%)]	Loss: 0.000075
Train Epoch: 6 [15360/36000 (43%)]	Loss: 0.000070
Train Epoch: 6 [16000/36000 (44%)]	Loss: 0.000031
Train Epoch: 6 [16640/36000 (46%)]	Loss: 0.000478
Train Epoch: 6 [17280/36000 (48%)]	Loss: 0.000034
Train Epoch: 6 [17920/36000 (50%)]	Loss: 0.000166
Train Epoch: 6 [18560/36000 (52%)]	Loss: 0.000409
Train Epoch: 6 [19200/36000 (53%)]	Loss: 0.002038
Train Epoch: 6 [19840/36000 (55%)]	Loss: 0.000293
Train Epoch: 6 [20480/36000 (57%)]	Loss: 0.000870
Train Epoch: 6 [21120/36000 (59%)]	Loss: 0.000122
Train Epoch: 6 [21760/36000 (60%)]	Loss: 0.000015
Train Epoch: 6 [22400/36000 (62%)]	Loss: 0.000394
Train Epoch: 6 [23040/36000 (64%)]	Loss: 0.000118
Train Epoch: 6 [23680/36000 (66%)]	Loss: 0.000377
Train Epoch: 6 [24320/36000 (67%)]	Loss: 0.000283
Train Epoch: 6 [24960/36000 (69%)]	Loss: 0.000451
Train Epoch: 6 [25600/36000 (71%)]	Loss: 0.000063
Train Epoch: 6 [26240/36000 (73%)]	Loss: 0.000096
Train Epoch: 6 [26880/36000 (75%)]	Loss: 0.000038
Train Epoch: 6 [27520/36000 (76%)]	Loss: 0.000148
Train Epoch: 6 [28160/36000 (78%)]	Loss: 0.000236
Train Epoch: 6 [28800/36000 (80%)]	Loss: 0.000145
Train Epoch: 6 [29440/36000 (82%)]	Loss: 0.000075
Train Epoch: 6 [30080/36000 (83%)]	Loss: 0.000064
Train Epoch: 6 [30720/36000 (85%)]	Loss: 0.000601
Train Epoch: 6 [31360/36000 (87%)]	Loss: 0.000091
Train Epoch: 6 [32000/36000 (89%)]	Loss: 0.000357
Train Epoch: 6 [32640/36000 (91%)]	Loss: 0.000087
Train Epoch: 6 [33280/36000 (92%)]	Loss: 0.000053
Train Epoch: 6 [33920/36000 (94%)]	Loss: 0.000006
Train Epoch: 6 [34560/36000 (96%)]	Loss: 0.000062
Train Epoch: 6 [35200/36000 (98%)]	Loss: 0.000090
Train Epoch: 6 [35840/36000 (99%)]	Loss: 0.000114
Test set:
Overall: 76663/112000 (68.4%)
Train set:
Overall: 36000/36000 (100.0%)
Train Epoch: 7 [0/36000 (0%)]	Loss: 0.000262
Train Epoch: 7 [640/36000 (2%)]	Loss: 0.000043
Train Epoch: 7 [1280/36000 (4%)]	Loss: 0.000366
Train Epoch: 7 [1920/36000 (5%)]	Loss: 0.000630
Train Epoch: 7 [2560/36000 (7%)]	Loss: 0.000059
Train Epoch: 7 [3200/36000 (9%)]	Loss: 0.000184
Train Epoch: 7 [3840/36000 (11%)]	Loss: 0.000051
Train Epoch: 7 [4480/36000 (12%)]	Loss: 0.000164
Train Epoch: 7 [5120/36000 (14%)]	Loss: 0.000173
Train Epoch: 7 [5760/36000 (16%)]	Loss: 0.000052
Train Epoch: 7 [6400/36000 (18%)]	Loss: 0.000179
Train Epoch: 7 [7040/36000 (20%)]	Loss: 0.000012
Train Epoch: 7 [7680/36000 (21%)]	Loss: 0.000126
Train Epoch: 7 [8320/36000 (23%)]	Loss: 0.000018
Train Epoch: 7 [8960/36000 (25%)]	Loss: 0.000276
Train Epoch: 7 [9600/36000 (27%)]	Loss: 0.000003
Train Epoch: 7 [10240/36000 (28%)]	Loss: 0.000009
Train Epoch: 7 [10880/36000 (30%)]	Loss: 0.000095
Train Epoch: 7 [11520/36000 (32%)]	Loss: 0.000143
Train Epoch: 7 [12160/36000 (34%)]	Loss: 0.000203
Train Epoch: 7 [12800/36000 (36%)]	Loss: 0.000173
Train Epoch: 7 [13440/36000 (37%)]	Loss: 0.000189
Train Epoch: 7 [14080/36000 (39%)]	Loss: 0.000013
Train Epoch: 7 [14720/36000 (41%)]	Loss: 0.000124
Train Epoch: 7 [15360/36000 (43%)]	Loss: 0.000426
Train Epoch: 7 [16000/36000 (44%)]	Loss: 0.000008
Train Epoch: 7 [16640/36000 (46%)]	Loss: 0.000085
Train Epoch: 7 [17280/36000 (48%)]	Loss: 0.000108
Train Epoch: 7 [17920/36000 (50%)]	Loss: 0.000448
Train Epoch: 7 [18560/36000 (52%)]	Loss: 0.000052
Train Epoch: 7 [19200/36000 (53%)]	Loss: 0.000108
Train Epoch: 7 [19840/36000 (55%)]	Loss: 0.000003
Train Epoch: 7 [20480/36000 (57%)]	Loss: 0.000045
Train Epoch: 7 [21120/36000 (59%)]	Loss: 0.000144
Train Epoch: 7 [21760/36000 (60%)]	Loss: 0.000105
Train Epoch: 7 [22400/36000 (62%)]	Loss: 0.000248
Train Epoch: 7 [23040/36000 (64%)]	Loss: 0.000323
Train Epoch: 7 [23680/36000 (66%)]	Loss: 0.000177
Train Epoch: 7 [24320/36000 (67%)]	Loss: 0.000086
Train Epoch: 7 [24960/36000 (69%)]	Loss: 0.000323
Train Epoch: 7 [25600/36000 (71%)]	Loss: 0.000232
Train Epoch: 7 [26240/36000 (73%)]	Loss: 0.000244
Train Epoch: 7 [26880/36000 (75%)]	Loss: 0.000133
Train Epoch: 7 [27520/36000 (76%)]	Loss: 0.000369
Train Epoch: 7 [28160/36000 (78%)]	Loss: 0.000050
Train Epoch: 7 [28800/36000 (80%)]	Loss: 0.000006
Train Epoch: 7 [29440/36000 (82%)]	Loss: 0.000066
Train Epoch: 7 [30080/36000 (83%)]	Loss: 0.000161
Train Epoch: 7 [30720/36000 (85%)]	Loss: 0.000031
Train Epoch: 7 [31360/36000 (87%)]	Loss: 0.000069
Train Epoch: 7 [32000/36000 (89%)]	Loss: 0.000068
Train Epoch: 7 [32640/36000 (91%)]	Loss: 0.000009
Train Epoch: 7 [33280/36000 (92%)]	Loss: 0.000023
Train Epoch: 7 [33920/36000 (94%)]	Loss: 0.000340
Train Epoch: 7 [34560/36000 (96%)]	Loss: 0.000042
Train Epoch: 7 [35200/36000 (98%)]	Loss: 0.000040
Train Epoch: 7 [35840/36000 (99%)]	Loss: 0.000197
Test set:
Overall: 76751/112000 (68.5%)
Train set:
Overall: 36000/36000 (100.0%)
Train Epoch: 8 [0/36000 (0%)]	Loss: 0.000286
Train Epoch: 8 [640/36000 (2%)]	Loss: 0.000025
Train Epoch: 8 [1280/36000 (4%)]	Loss: 0.000039
Train Epoch: 8 [1920/36000 (5%)]	Loss: 0.000159
Train Epoch: 8 [2560/36000 (7%)]	Loss: 0.000148
Train Epoch: 8 [3200/36000 (9%)]	Loss: 0.000015
Train Epoch: 8 [3840/36000 (11%)]	Loss: 0.000057
Train Epoch: 8 [4480/36000 (12%)]	Loss: 0.000037
Train Epoch: 8 [5120/36000 (14%)]	Loss: 0.000006
Train Epoch: 8 [5760/36000 (16%)]	Loss: 0.000064
Train Epoch: 8 [6400/36000 (18%)]	Loss: 0.000082
Train Epoch: 8 [7040/36000 (20%)]	Loss: 0.000072
Train Epoch: 8 [7680/36000 (21%)]	Loss: 0.000041
Train Epoch: 8 [8320/36000 (23%)]	Loss: 0.000087
Train Epoch: 8 [8960/36000 (25%)]	Loss: 0.000030
Train Epoch: 8 [9600/36000 (27%)]	Loss: 0.000152
Train Epoch: 8 [10240/36000 (28%)]	Loss: 0.000169
Train Epoch: 8 [10880/36000 (30%)]	Loss: 0.000037
Train Epoch: 8 [11520/36000 (32%)]	Loss: 0.000256
Train Epoch: 8 [12160/36000 (34%)]	Loss: 0.000112
Train Epoch: 8 [12800/36000 (36%)]	Loss: 0.000101
Train Epoch: 8 [13440/36000 (37%)]	Loss: 0.000118
Train Epoch: 8 [14080/36000 (39%)]	Loss: 0.000225
Train Epoch: 8 [14720/36000 (41%)]	Loss: 0.000006
Train Epoch: 8 [15360/36000 (43%)]	Loss: 0.000512
Train Epoch: 8 [16000/36000 (44%)]	Loss: 0.000156
Train Epoch: 8 [16640/36000 (46%)]	Loss: 0.000104
Train Epoch: 8 [17280/36000 (48%)]	Loss: 0.000173
Train Epoch: 8 [17920/36000 (50%)]	Loss: 0.000183
Train Epoch: 8 [18560/36000 (52%)]	Loss: 0.000031
Train Epoch: 8 [19200/36000 (53%)]	Loss: 0.000099
Train Epoch: 8 [19840/36000 (55%)]	Loss: 0.000076
Train Epoch: 8 [20480/36000 (57%)]	Loss: 0.000152
Train Epoch: 8 [21120/36000 (59%)]	Loss: 0.000125
Train Epoch: 8 [21760/36000 (60%)]	Loss: 0.000047
Train Epoch: 8 [22400/36000 (62%)]	Loss: 0.000002
Train Epoch: 8 [23040/36000 (64%)]	Loss: 0.000083
Train Epoch: 8 [23680/36000 (66%)]	Loss: 0.000011
Train Epoch: 8 [24320/36000 (67%)]	Loss: 0.000417
Train Epoch: 8 [24960/36000 (69%)]	Loss: 0.000204
Train Epoch: 8 [25600/36000 (71%)]	Loss: 0.000129
Train Epoch: 8 [26240/36000 (73%)]	Loss: 0.000100
Train Epoch: 8 [26880/36000 (75%)]	Loss: 0.000188
Train Epoch: 8 [27520/36000 (76%)]	Loss: 0.000114
Train Epoch: 8 [28160/36000 (78%)]	Loss: 0.000194
Train Epoch: 8 [28800/36000 (80%)]	Loss: 0.000076
Train Epoch: 8 [29440/36000 (82%)]	Loss: 0.000134
Train Epoch: 8 [30080/36000 (83%)]	Loss: 0.000110
Train Epoch: 8 [30720/36000 (85%)]	Loss: 0.000522
Train Epoch: 8 [31360/36000 (87%)]	Loss: 0.000037
Train Epoch: 8 [32000/36000 (89%)]	Loss: 0.000036
Train Epoch: 8 [32640/36000 (91%)]	Loss: 0.000267
Train Epoch: 8 [33280/36000 (92%)]	Loss: 0.000021
Train Epoch: 8 [33920/36000 (94%)]	Loss: 0.000005
Train Epoch: 8 [34560/36000 (96%)]	Loss: 0.000056
Train Epoch: 8 [35200/36000 (98%)]	Loss: 0.000028
Train Epoch: 8 [35840/36000 (99%)]	Loss: 0.000050
Test set:
Overall: 76716/112000 (68.5%)
Train set:
Overall: 36000/36000 (100.0%)
Train Epoch: 9 [0/36000 (0%)]	Loss: 0.000286
Train Epoch: 9 [640/36000 (2%)]	Loss: 0.000104
Train Epoch: 9 [1280/36000 (4%)]	Loss: 0.000010
Train Epoch: 9 [1920/36000 (5%)]	Loss: 0.000113
Train Epoch: 9 [2560/36000 (7%)]	Loss: 0.000157
Train Epoch: 9 [3200/36000 (9%)]	Loss: 0.000155
Train Epoch: 9 [3840/36000 (11%)]	Loss: 0.000059
Train Epoch: 9 [4480/36000 (12%)]	Loss: 0.000027
Train Epoch: 9 [5120/36000 (14%)]	Loss: 0.000271
Train Epoch: 9 [5760/36000 (16%)]	Loss: 0.000134
Train Epoch: 9 [6400/36000 (18%)]	Loss: 0.000021
Train Epoch: 9 [7040/36000 (20%)]	Loss: 0.000049
Train Epoch: 9 [7680/36000 (21%)]	Loss: 0.000053
Train Epoch: 9 [8320/36000 (23%)]	Loss: 0.000112
Train Epoch: 9 [8960/36000 (25%)]	Loss: 0.000076
Train Epoch: 9 [9600/36000 (27%)]	Loss: 0.000141
Train Epoch: 9 [10240/36000 (28%)]	Loss: 0.000165
Train Epoch: 9 [10880/36000 (30%)]	Loss: 0.000057
Train Epoch: 9 [11520/36000 (32%)]	Loss: 0.000036
Train Epoch: 9 [12160/36000 (34%)]	Loss: 0.000210
Train Epoch: 9 [12800/36000 (36%)]	Loss: 0.000012
Train Epoch: 9 [13440/36000 (37%)]	Loss: 0.000030
Train Epoch: 9 [14080/36000 (39%)]	Loss: 0.000037
Train Epoch: 9 [14720/36000 (41%)]	Loss: 0.000023
Train Epoch: 9 [15360/36000 (43%)]	Loss: 0.000020
Train Epoch: 9 [16000/36000 (44%)]	Loss: 0.000190
Train Epoch: 9 [16640/36000 (46%)]	Loss: 0.000031
Train Epoch: 9 [17280/36000 (48%)]	Loss: 0.000045
Train Epoch: 9 [17920/36000 (50%)]	Loss: 0.000061
Train Epoch: 9 [18560/36000 (52%)]	Loss: 0.000153
Train Epoch: 9 [19200/36000 (53%)]	Loss: 0.000093
Train Epoch: 9 [19840/36000 (55%)]	Loss: 0.000012
Train Epoch: 9 [20480/36000 (57%)]	Loss: 0.000023
Train Epoch: 9 [21120/36000 (59%)]	Loss: 0.000103
Train Epoch: 9 [21760/36000 (60%)]	Loss: 0.000034
Train Epoch: 9 [22400/36000 (62%)]	Loss: 0.000303
Train Epoch: 9 [23040/36000 (64%)]	Loss: 0.000028
Train Epoch: 9 [23680/36000 (66%)]	Loss: 0.000368
Train Epoch: 9 [24320/36000 (67%)]	Loss: 0.000137
Train Epoch: 9 [24960/36000 (69%)]	Loss: 0.000150
Train Epoch: 9 [25600/36000 (71%)]	Loss: 0.000002
Train Epoch: 9 [26240/36000 (73%)]	Loss: 0.000054
Train Epoch: 9 [26880/36000 (75%)]	Loss: 0.000092
Train Epoch: 9 [27520/36000 (76%)]	Loss: 0.000055
Train Epoch: 9 [28160/36000 (78%)]	Loss: 0.000067
Train Epoch: 9 [28800/36000 (80%)]	Loss: 0.000004
Train Epoch: 9 [29440/36000 (82%)]	Loss: 0.000041
Train Epoch: 9 [30080/36000 (83%)]	Loss: 0.000017
Train Epoch: 9 [30720/36000 (85%)]	Loss: 0.000016
Train Epoch: 9 [31360/36000 (87%)]	Loss: 0.000175
Train Epoch: 9 [32000/36000 (89%)]	Loss: 0.000011
Train Epoch: 9 [32640/36000 (91%)]	Loss: 0.000046
Train Epoch: 9 [33280/36000 (92%)]	Loss: 0.000064
Train Epoch: 9 [33920/36000 (94%)]	Loss: 0.000111
Train Epoch: 9 [34560/36000 (96%)]	Loss: 0.000019
Train Epoch: 9 [35200/36000 (98%)]	Loss: 0.000033
Train Epoch: 9 [35840/36000 (99%)]	Loss: 0.000077
Test set:
Overall: 76742/112000 (68.5%)
Train set:
Overall: 36000/36000 (100.0%)
Train Epoch: 10 [0/36000 (0%)]	Loss: 0.000095
Train Epoch: 10 [640/36000 (2%)]	Loss: 0.000066
Train Epoch: 10 [1280/36000 (4%)]	Loss: 0.000067
Train Epoch: 10 [1920/36000 (5%)]	Loss: 0.000026
Train Epoch: 10 [2560/36000 (7%)]	Loss: 0.000026
Train Epoch: 10 [3200/36000 (9%)]	Loss: 0.000046
Train Epoch: 10 [3840/36000 (11%)]	Loss: 0.000155
Train Epoch: 10 [4480/36000 (12%)]	Loss: 0.000095
Train Epoch: 10 [5120/36000 (14%)]	Loss: 0.000004
Train Epoch: 10 [5760/36000 (16%)]	Loss: 0.000228
Train Epoch: 10 [6400/36000 (18%)]	Loss: 0.000035
Train Epoch: 10 [7040/36000 (20%)]	Loss: 0.000119
Train Epoch: 10 [7680/36000 (21%)]	Loss: 0.000200
Train Epoch: 10 [8320/36000 (23%)]	Loss: 0.000015
Train Epoch: 10 [8960/36000 (25%)]	Loss: 0.000040
Train Epoch: 10 [9600/36000 (27%)]	Loss: 0.000016
Train Epoch: 10 [10240/36000 (28%)]	Loss: 0.000123
Train Epoch: 10 [10880/36000 (30%)]	Loss: 0.000059
Train Epoch: 10 [11520/36000 (32%)]	Loss: 0.000048
Train Epoch: 10 [12160/36000 (34%)]	Loss: 0.000029
Train Epoch: 10 [12800/36000 (36%)]	Loss: 0.000032
Train Epoch: 10 [13440/36000 (37%)]	Loss: 0.000020
Train Epoch: 10 [14080/36000 (39%)]	Loss: 0.000099
Train Epoch: 10 [14720/36000 (41%)]	Loss: 0.000031
Train Epoch: 10 [15360/36000 (43%)]	Loss: 0.000071
Train Epoch: 10 [16000/36000 (44%)]	Loss: 0.000045
Train Epoch: 10 [16640/36000 (46%)]	Loss: 0.000007
Train Epoch: 10 [17280/36000 (48%)]	Loss: 0.000009
Train Epoch: 10 [17920/36000 (50%)]	Loss: 0.000004
Train Epoch: 10 [18560/36000 (52%)]	Loss: 0.000024
Train Epoch: 10 [19200/36000 (53%)]	Loss: 0.000093
Train Epoch: 10 [19840/36000 (55%)]	Loss: 0.000028
Train Epoch: 10 [20480/36000 (57%)]	Loss: 0.000029
Train Epoch: 10 [21120/36000 (59%)]	Loss: 0.000050
Train Epoch: 10 [21760/36000 (60%)]	Loss: 0.000038
Train Epoch: 10 [22400/36000 (62%)]	Loss: 0.000018
Train Epoch: 10 [23040/36000 (64%)]	Loss: 0.000155
Train Epoch: 10 [23680/36000 (66%)]	Loss: 0.000216
Train Epoch: 10 [24320/36000 (67%)]	Loss: 0.000148
Train Epoch: 10 [24960/36000 (69%)]	Loss: 0.000055
Train Epoch: 10 [25600/36000 (71%)]	Loss: 0.000022
Train Epoch: 10 [26240/36000 (73%)]	Loss: 0.000076
Train Epoch: 10 [26880/36000 (75%)]	Loss: 0.000043
Train Epoch: 10 [27520/36000 (76%)]	Loss: 0.000013
Train Epoch: 10 [28160/36000 (78%)]	Loss: 0.000073
Train Epoch: 10 [28800/36000 (80%)]	Loss: 0.000146
Train Epoch: 10 [29440/36000 (82%)]	Loss: 0.000039
Train Epoch: 10 [30080/36000 (83%)]	Loss: 0.000037
Train Epoch: 10 [30720/36000 (85%)]	Loss: 0.000118
Train Epoch: 10 [31360/36000 (87%)]	Loss: 0.000038
Train Epoch: 10 [32000/36000 (89%)]	Loss: 0.000145
Train Epoch: 10 [32640/36000 (91%)]	Loss: 0.000039
Train Epoch: 10 [33280/36000 (92%)]	Loss: 0.000062
Train Epoch: 10 [33920/36000 (94%)]	Loss: 0.000098
Train Epoch: 10 [34560/36000 (96%)]	Loss: 0.000162
Train Epoch: 10 [35200/36000 (98%)]	Loss: 0.000169
Train Epoch: 10 [35840/36000 (99%)]	Loss: 0.000198
Test set:
Overall: 76675/112000 (68.5%)
Train set:
Overall: 36000/36000 (100.0%)
Train Epoch: 11 [0/36000 (0%)]	Loss: 0.000019
Train Epoch: 11 [640/36000 (2%)]	Loss: 0.000013
Train Epoch: 11 [1280/36000 (4%)]	Loss: 0.000183
Train Epoch: 11 [1920/36000 (5%)]	Loss: 0.000002
Train Epoch: 11 [2560/36000 (7%)]	Loss: 0.000030
Train Epoch: 11 [3200/36000 (9%)]	Loss: 0.000141
Train Epoch: 11 [3840/36000 (11%)]	Loss: 0.000040
Train Epoch: 11 [4480/36000 (12%)]	Loss: 0.000045
Train Epoch: 11 [5120/36000 (14%)]	Loss: 0.000197
Train Epoch: 11 [5760/36000 (16%)]	Loss: 0.000019
Train Epoch: 11 [6400/36000 (18%)]	Loss: 0.000045
Train Epoch: 11 [7040/36000 (20%)]	Loss: 0.000015
Train Epoch: 11 [7680/36000 (21%)]	Loss: 0.000093
Train Epoch: 11 [8320/36000 (23%)]	Loss: 0.000056
Train Epoch: 11 [8960/36000 (25%)]	Loss: 0.000113
Train Epoch: 11 [9600/36000 (27%)]	Loss: 0.000043
Train Epoch: 11 [10240/36000 (28%)]	Loss: 0.000106
Train Epoch: 11 [10880/36000 (30%)]	Loss: 0.000072
Train Epoch: 11 [11520/36000 (32%)]	Loss: 0.000078
Train Epoch: 11 [12160/36000 (34%)]	Loss: 0.000122
Train Epoch: 11 [12800/36000 (36%)]	Loss: 0.000105
Train Epoch: 11 [13440/36000 (37%)]	Loss: 0.000071
Train Epoch: 11 [14080/36000 (39%)]	Loss: 0.000030
Train Epoch: 11 [14720/36000 (41%)]	Loss: 0.000016
Train Epoch: 11 [15360/36000 (43%)]	Loss: 0.000009
Train Epoch: 11 [16000/36000 (44%)]	Loss: 0.000088
Train Epoch: 11 [16640/36000 (46%)]	Loss: 0.000017
Train Epoch: 11 [17280/36000 (48%)]	Loss: 0.000119
Train Epoch: 11 [17920/36000 (50%)]	Loss: 0.000264
Train Epoch: 11 [18560/36000 (52%)]	Loss: 0.000027
Train Epoch: 11 [19200/36000 (53%)]	Loss: 0.000079
Train Epoch: 11 [19840/36000 (55%)]	Loss: 0.000037
Train Epoch: 11 [20480/36000 (57%)]	Loss: 0.000121
Train Epoch: 11 [21120/36000 (59%)]	Loss: 0.000068
Train Epoch: 11 [21760/36000 (60%)]	Loss: 0.000037
Train Epoch: 11 [22400/36000 (62%)]	Loss: 0.000053
Train Epoch: 11 [23040/36000 (64%)]	Loss: 0.000052
Train Epoch: 11 [23680/36000 (66%)]	Loss: 0.000007
Train Epoch: 11 [24320/36000 (67%)]	Loss: 0.000109
Train Epoch: 11 [24960/36000 (69%)]	Loss: 0.000074
Train Epoch: 11 [25600/36000 (71%)]	Loss: 0.000117
Train Epoch: 11 [26240/36000 (73%)]	Loss: 0.000017
Train Epoch: 11 [26880/36000 (75%)]	Loss: 0.000209
Train Epoch: 11 [27520/36000 (76%)]	Loss: 0.000011
Train Epoch: 11 [28160/36000 (78%)]	Loss: 0.000020
Train Epoch: 11 [28800/36000 (80%)]	Loss: 0.000019
Train Epoch: 11 [29440/36000 (82%)]	Loss: 0.000099
Train Epoch: 11 [30080/36000 (83%)]	Loss: 0.000017
Train Epoch: 11 [30720/36000 (85%)]	Loss: 0.000123
Train Epoch: 11 [31360/36000 (87%)]	Loss: 0.000006
Train Epoch: 11 [32000/36000 (89%)]	Loss: 0.000140
Train Epoch: 11 [32640/36000 (91%)]	Loss: 0.000107
Train Epoch: 11 [33280/36000 (92%)]	Loss: 0.000161
Train Epoch: 11 [33920/36000 (94%)]	Loss: 0.000018
Train Epoch: 11 [34560/36000 (96%)]	Loss: 0.000045
Train Epoch: 11 [35200/36000 (98%)]	Loss: 0.000067
Train Epoch: 11 [35840/36000 (99%)]	Loss: 0.000024
Test set:
Overall: 76702/112000 (68.5%)
Train set:
Overall: 36000/36000 (100.0%)
Train Epoch: 12 [0/36000 (0%)]	Loss: 0.000192
Train Epoch: 12 [640/36000 (2%)]	Loss: 0.000019
Train Epoch: 12 [1280/36000 (4%)]	Loss: 0.000029
Train Epoch: 12 [1920/36000 (5%)]	Loss: 0.000102
Train Epoch: 12 [2560/36000 (7%)]	Loss: 0.000000
Train Epoch: 12 [3200/36000 (9%)]	Loss: 0.000059
Train Epoch: 12 [3840/36000 (11%)]	Loss: 0.000108
Train Epoch: 12 [4480/36000 (12%)]	Loss: 0.000088
Train Epoch: 12 [5120/36000 (14%)]	Loss: 0.000039
Train Epoch: 12 [5760/36000 (16%)]	Loss: 0.000038
Train Epoch: 12 [6400/36000 (18%)]	Loss: 0.000089
Train Epoch: 12 [7040/36000 (20%)]	Loss: 0.000019
