Running on ax16.rc.zi.columbia.edu
Loaded pretrained conv weights from /home/lc3616/Projects/Mnist_pretrain_TI/mnist_cnn.pt
Train Epoch: 1 [0/36000 (0%)]	Loss: 0.688821
Train Epoch: 1 [640/36000 (2%)]	Loss: 0.587394
Train Epoch: 1 [1280/36000 (4%)]	Loss: 0.427326
Train Epoch: 1 [1920/36000 (5%)]	Loss: 0.410145
Train Epoch: 1 [2560/36000 (7%)]	Loss: 0.245735
Train Epoch: 1 [3200/36000 (9%)]	Loss: 0.331326
Train Epoch: 1 [3840/36000 (11%)]	Loss: 0.215029
Train Epoch: 1 [4480/36000 (12%)]	Loss: 0.266610
Train Epoch: 1 [5120/36000 (14%)]	Loss: 0.106507
Train Epoch: 1 [5760/36000 (16%)]	Loss: 0.177194
Train Epoch: 1 [6400/36000 (18%)]	Loss: 0.145902
Train Epoch: 1 [7040/36000 (20%)]	Loss: 0.159820
Train Epoch: 1 [7680/36000 (21%)]	Loss: 0.153759
Train Epoch: 1 [8320/36000 (23%)]	Loss: 0.118866
Train Epoch: 1 [8960/36000 (25%)]	Loss: 0.201950
Train Epoch: 1 [9600/36000 (27%)]	Loss: 0.116540
Train Epoch: 1 [10240/36000 (28%)]	Loss: 0.135014
Train Epoch: 1 [10880/36000 (30%)]	Loss: 0.154943
Train Epoch: 1 [11520/36000 (32%)]	Loss: 0.076787
Train Epoch: 1 [12160/36000 (34%)]	Loss: 0.123059
Train Epoch: 1 [12800/36000 (36%)]	Loss: 0.067518
Train Epoch: 1 [13440/36000 (37%)]	Loss: 0.095852
Train Epoch: 1 [14080/36000 (39%)]	Loss: 0.080848
Train Epoch: 1 [14720/36000 (41%)]	Loss: 0.086371
Train Epoch: 1 [15360/36000 (43%)]	Loss: 0.190338
Train Epoch: 1 [16000/36000 (44%)]	Loss: 0.088259
Train Epoch: 1 [16640/36000 (46%)]	Loss: 0.056458
Train Epoch: 1 [17280/36000 (48%)]	Loss: 0.065976
Train Epoch: 1 [17920/36000 (50%)]	Loss: 0.140761
Train Epoch: 1 [18560/36000 (52%)]	Loss: 0.190949
Train Epoch: 1 [19200/36000 (53%)]	Loss: 0.157537
Train Epoch: 1 [19840/36000 (55%)]	Loss: 0.051562
Train Epoch: 1 [20480/36000 (57%)]	Loss: 0.149148
Train Epoch: 1 [21120/36000 (59%)]	Loss: 0.031159
Train Epoch: 1 [21760/36000 (60%)]	Loss: 0.048907
Train Epoch: 1 [22400/36000 (62%)]	Loss: 0.067458
Train Epoch: 1 [23040/36000 (64%)]	Loss: 0.185975
Train Epoch: 1 [23680/36000 (66%)]	Loss: 0.036135
Train Epoch: 1 [24320/36000 (67%)]	Loss: 0.127807
Train Epoch: 1 [24960/36000 (69%)]	Loss: 0.028749
Train Epoch: 1 [25600/36000 (71%)]	Loss: 0.138489
Train Epoch: 1 [26240/36000 (73%)]	Loss: 0.255595
Train Epoch: 1 [26880/36000 (75%)]	Loss: 0.047405
Train Epoch: 1 [27520/36000 (76%)]	Loss: 0.078458
Train Epoch: 1 [28160/36000 (78%)]	Loss: 0.100236
Train Epoch: 1 [28800/36000 (80%)]	Loss: 0.097344
Train Epoch: 1 [29440/36000 (82%)]	Loss: 0.085545
Train Epoch: 1 [30080/36000 (83%)]	Loss: 0.037148
Train Epoch: 1 [30720/36000 (85%)]	Loss: 0.054489
Train Epoch: 1 [31360/36000 (87%)]	Loss: 0.138934
Train Epoch: 1 [32000/36000 (89%)]	Loss: 0.035112
Train Epoch: 1 [32640/36000 (91%)]	Loss: 0.092159
Train Epoch: 1 [33280/36000 (92%)]	Loss: 0.094106
Train Epoch: 1 [33920/36000 (94%)]	Loss: 0.063786
Train Epoch: 1 [34560/36000 (96%)]	Loss: 0.058984
Train Epoch: 1 [35200/36000 (98%)]	Loss: 0.039660
Train Epoch: 1 [35840/36000 (99%)]	Loss: 0.073256
Test set:
Overall: 75860/112000 (67.7%)
Train set:
Overall: 35700/36000 (99.2%)
Train Epoch: 2 [0/36000 (0%)]	Loss: 0.038944
Train Epoch: 2 [640/36000 (2%)]	Loss: 0.082741
Train Epoch: 2 [1280/36000 (4%)]	Loss: 0.008511
Train Epoch: 2 [1920/36000 (5%)]	Loss: 0.038045
Train Epoch: 2 [2560/36000 (7%)]	Loss: 0.021393
Train Epoch: 2 [3200/36000 (9%)]	Loss: 0.061945
Train Epoch: 2 [3840/36000 (11%)]	Loss: 0.025754
Train Epoch: 2 [4480/36000 (12%)]	Loss: 0.060197
Train Epoch: 2 [5120/36000 (14%)]	Loss: 0.168472
Train Epoch: 2 [5760/36000 (16%)]	Loss: 0.164185
Train Epoch: 2 [6400/36000 (18%)]	Loss: 0.015020
Train Epoch: 2 [7040/36000 (20%)]	Loss: 0.064538
Train Epoch: 2 [7680/36000 (21%)]	Loss: 0.074443
Train Epoch: 2 [8320/36000 (23%)]	Loss: 0.091173
Train Epoch: 2 [8960/36000 (25%)]	Loss: 0.052128
Train Epoch: 2 [9600/36000 (27%)]	Loss: 0.013129
Train Epoch: 2 [10240/36000 (28%)]	Loss: 0.016022
Train Epoch: 2 [10880/36000 (30%)]	Loss: 0.068172
Train Epoch: 2 [11520/36000 (32%)]	Loss: 0.025957
Train Epoch: 2 [12160/36000 (34%)]	Loss: 0.062931
Train Epoch: 2 [12800/36000 (36%)]	Loss: 0.083810
Train Epoch: 2 [13440/36000 (37%)]	Loss: 0.095611
Train Epoch: 2 [14080/36000 (39%)]	Loss: 0.035955
Train Epoch: 2 [14720/36000 (41%)]	Loss: 0.043799
Train Epoch: 2 [15360/36000 (43%)]	Loss: 0.009865
Train Epoch: 2 [16000/36000 (44%)]	Loss: 0.054991
Train Epoch: 2 [16640/36000 (46%)]	Loss: 0.009228
Train Epoch: 2 [17280/36000 (48%)]	Loss: 0.027671
Train Epoch: 2 [17920/36000 (50%)]	Loss: 0.027763
Train Epoch: 2 [18560/36000 (52%)]	Loss: 0.057859
Train Epoch: 2 [19200/36000 (53%)]	Loss: 0.039850
Train Epoch: 2 [19840/36000 (55%)]	Loss: 0.056427
Train Epoch: 2 [20480/36000 (57%)]	Loss: 0.017368
Train Epoch: 2 [21120/36000 (59%)]	Loss: 0.043068
Train Epoch: 2 [21760/36000 (60%)]	Loss: 0.013433
Train Epoch: 2 [22400/36000 (62%)]	Loss: 0.008884
Train Epoch: 2 [23040/36000 (64%)]	Loss: 0.081604
Train Epoch: 2 [23680/36000 (66%)]	Loss: 0.045932
Train Epoch: 2 [24320/36000 (67%)]	Loss: 0.032415
Train Epoch: 2 [24960/36000 (69%)]	Loss: 0.087363
Train Epoch: 2 [25600/36000 (71%)]	Loss: 0.041993
Train Epoch: 2 [26240/36000 (73%)]	Loss: 0.081995
Train Epoch: 2 [26880/36000 (75%)]	Loss: 0.070549
Train Epoch: 2 [27520/36000 (76%)]	Loss: 0.034731
Train Epoch: 2 [28160/36000 (78%)]	Loss: 0.059511
Train Epoch: 2 [28800/36000 (80%)]	Loss: 0.015731
Train Epoch: 2 [29440/36000 (82%)]	Loss: 0.008535
Train Epoch: 2 [30080/36000 (83%)]	Loss: 0.082191
Train Epoch: 2 [30720/36000 (85%)]	Loss: 0.082543
Train Epoch: 2 [31360/36000 (87%)]	Loss: 0.010446
Train Epoch: 2 [32000/36000 (89%)]	Loss: 0.009081
Train Epoch: 2 [32640/36000 (91%)]	Loss: 0.018956
Train Epoch: 2 [33280/36000 (92%)]	Loss: 0.013822
Train Epoch: 2 [33920/36000 (94%)]	Loss: 0.039528
Train Epoch: 2 [34560/36000 (96%)]	Loss: 0.072662
Train Epoch: 2 [35200/36000 (98%)]	Loss: 0.014346
Train Epoch: 2 [35840/36000 (99%)]	Loss: 0.023144
Test set:
Overall: 75921/112000 (67.8%)
Train set:
Overall: 35842/36000 (99.6%)
Train Epoch: 3 [0/36000 (0%)]	Loss: 0.010792
Train Epoch: 3 [640/36000 (2%)]	Loss: 0.017566
Train Epoch: 3 [1280/36000 (4%)]	Loss: 0.018195
Train Epoch: 3 [1920/36000 (5%)]	Loss: 0.034432
Train Epoch: 3 [2560/36000 (7%)]	Loss: 0.019479
Train Epoch: 3 [3200/36000 (9%)]	Loss: 0.064134
Train Epoch: 3 [3840/36000 (11%)]	Loss: 0.007359
Train Epoch: 3 [4480/36000 (12%)]	Loss: 0.005147
Train Epoch: 3 [5120/36000 (14%)]	Loss: 0.040309
Train Epoch: 3 [5760/36000 (16%)]	Loss: 0.009141
Train Epoch: 3 [6400/36000 (18%)]	Loss: 0.021546
Train Epoch: 3 [7040/36000 (20%)]	Loss: 0.009811
Train Epoch: 3 [7680/36000 (21%)]	Loss: 0.142247
Train Epoch: 3 [8320/36000 (23%)]	Loss: 0.033475
Train Epoch: 3 [8960/36000 (25%)]	Loss: 0.132779
Train Epoch: 3 [9600/36000 (27%)]	Loss: 0.007921
Train Epoch: 3 [10240/36000 (28%)]	Loss: 0.022279
Train Epoch: 3 [10880/36000 (30%)]	Loss: 0.016644
Train Epoch: 3 [11520/36000 (32%)]	Loss: 0.040103
Train Epoch: 3 [12160/36000 (34%)]	Loss: 0.049219
Train Epoch: 3 [12800/36000 (36%)]	Loss: 0.035396
Train Epoch: 3 [13440/36000 (37%)]	Loss: 0.017191
Train Epoch: 3 [14080/36000 (39%)]	Loss: 0.011797
Train Epoch: 3 [14720/36000 (41%)]	Loss: 0.085653
Train Epoch: 3 [15360/36000 (43%)]	Loss: 0.013758
Train Epoch: 3 [16000/36000 (44%)]	Loss: 0.017153
Train Epoch: 3 [16640/36000 (46%)]	Loss: 0.071445
Train Epoch: 3 [17280/36000 (48%)]	Loss: 0.016237
Train Epoch: 3 [17920/36000 (50%)]	Loss: 0.038378
Train Epoch: 3 [18560/36000 (52%)]	Loss: 0.005514
Train Epoch: 3 [19200/36000 (53%)]	Loss: 0.071095
Train Epoch: 3 [19840/36000 (55%)]	Loss: 0.019295
Train Epoch: 3 [20480/36000 (57%)]	Loss: 0.002963
Train Epoch: 3 [21120/36000 (59%)]	Loss: 0.040078
Train Epoch: 3 [21760/36000 (60%)]	Loss: 0.029378
Train Epoch: 3 [22400/36000 (62%)]	Loss: 0.031173
Train Epoch: 3 [23040/36000 (64%)]	Loss: 0.022292
Train Epoch: 3 [23680/36000 (66%)]	Loss: 0.009275
Train Epoch: 3 [24320/36000 (67%)]	Loss: 0.005665
Train Epoch: 3 [24960/36000 (69%)]	Loss: 0.009185
Train Epoch: 3 [25600/36000 (71%)]	Loss: 0.025541
Train Epoch: 3 [26240/36000 (73%)]	Loss: 0.041913
Train Epoch: 3 [26880/36000 (75%)]	Loss: 0.023604
Train Epoch: 3 [27520/36000 (76%)]	Loss: 0.008395
Train Epoch: 3 [28160/36000 (78%)]	Loss: 0.010608
Train Epoch: 3 [28800/36000 (80%)]	Loss: 0.012619
Train Epoch: 3 [29440/36000 (82%)]	Loss: 0.040648
Train Epoch: 3 [30080/36000 (83%)]	Loss: 0.017282
Train Epoch: 3 [30720/36000 (85%)]	Loss: 0.051959
Train Epoch: 3 [31360/36000 (87%)]	Loss: 0.053571
Train Epoch: 3 [32000/36000 (89%)]	Loss: 0.111950
Train Epoch: 3 [32640/36000 (91%)]	Loss: 0.012918
Train Epoch: 3 [33280/36000 (92%)]	Loss: 0.002635
Train Epoch: 3 [33920/36000 (94%)]	Loss: 0.094736
Train Epoch: 3 [34560/36000 (96%)]	Loss: 0.030176
Train Epoch: 3 [35200/36000 (98%)]	Loss: 0.027619
Train Epoch: 3 [35840/36000 (99%)]	Loss: 0.135243
Test set:
Overall: 75350/112000 (67.3%)
Train set:
Overall: 35910/36000 (99.8%)
Train Epoch: 4 [0/36000 (0%)]	Loss: 0.018496
Train Epoch: 4 [640/36000 (2%)]	Loss: 0.002876
Train Epoch: 4 [1280/36000 (4%)]	Loss: 0.026729
Train Epoch: 4 [1920/36000 (5%)]	Loss: 0.017566
Train Epoch: 4 [2560/36000 (7%)]	Loss: 0.010811
Train Epoch: 4 [3200/36000 (9%)]	Loss: 0.002855
Train Epoch: 4 [3840/36000 (11%)]	Loss: 0.017966
Train Epoch: 4 [4480/36000 (12%)]	Loss: 0.004478
Train Epoch: 4 [5120/36000 (14%)]	Loss: 0.050527
Train Epoch: 4 [5760/36000 (16%)]	Loss: 0.001407
Train Epoch: 4 [6400/36000 (18%)]	Loss: 0.047257
Train Epoch: 4 [7040/36000 (20%)]	Loss: 0.020499
Train Epoch: 4 [7680/36000 (21%)]	Loss: 0.138001
Train Epoch: 4 [8320/36000 (23%)]	Loss: 0.006517
Train Epoch: 4 [8960/36000 (25%)]	Loss: 0.057980
Train Epoch: 4 [9600/36000 (27%)]	Loss: 0.014914
Train Epoch: 4 [10240/36000 (28%)]	Loss: 0.016294
Train Epoch: 4 [10880/36000 (30%)]	Loss: 0.013308
Train Epoch: 4 [11520/36000 (32%)]	Loss: 0.016751
Train Epoch: 4 [12160/36000 (34%)]	Loss: 0.021017
Train Epoch: 4 [12800/36000 (36%)]	Loss: 0.026665
Train Epoch: 4 [13440/36000 (37%)]	Loss: 0.004070
Train Epoch: 4 [14080/36000 (39%)]	Loss: 0.055190
Train Epoch: 4 [14720/36000 (41%)]	Loss: 0.008234
Train Epoch: 4 [15360/36000 (43%)]	Loss: 0.048226
Train Epoch: 4 [16000/36000 (44%)]	Loss: 0.006213
Train Epoch: 4 [16640/36000 (46%)]	Loss: 0.018346
Train Epoch: 4 [17280/36000 (48%)]	Loss: 0.018443
Train Epoch: 4 [17920/36000 (50%)]	Loss: 0.013777
Train Epoch: 4 [18560/36000 (52%)]	Loss: 0.005234
Train Epoch: 4 [19200/36000 (53%)]	Loss: 0.067887
Train Epoch: 4 [19840/36000 (55%)]	Loss: 0.019382
Train Epoch: 4 [20480/36000 (57%)]	Loss: 0.003830
Train Epoch: 4 [21120/36000 (59%)]	Loss: 0.008111
Train Epoch: 4 [21760/36000 (60%)]	Loss: 0.022752
Train Epoch: 4 [22400/36000 (62%)]	Loss: 0.011710
Train Epoch: 4 [23040/36000 (64%)]	Loss: 0.032153
Train Epoch: 4 [23680/36000 (66%)]	Loss: 0.018524
Train Epoch: 4 [24320/36000 (67%)]	Loss: 0.009906
Train Epoch: 4 [24960/36000 (69%)]	Loss: 0.005818
Train Epoch: 4 [25600/36000 (71%)]	Loss: 0.104240
Train Epoch: 4 [26240/36000 (73%)]	Loss: 0.085250
Train Epoch: 4 [26880/36000 (75%)]	Loss: 0.025815
Train Epoch: 4 [27520/36000 (76%)]	Loss: 0.011149
Train Epoch: 4 [28160/36000 (78%)]	Loss: 0.002423
Train Epoch: 4 [28800/36000 (80%)]	Loss: 0.003226
Train Epoch: 4 [29440/36000 (82%)]	Loss: 0.045650
Train Epoch: 4 [30080/36000 (83%)]	Loss: 0.003379
Train Epoch: 4 [30720/36000 (85%)]	Loss: 0.052996
Train Epoch: 4 [31360/36000 (87%)]	Loss: 0.048238
Train Epoch: 4 [32000/36000 (89%)]	Loss: 0.020588
Train Epoch: 4 [32640/36000 (91%)]	Loss: 0.011845
Train Epoch: 4 [33280/36000 (92%)]	Loss: 0.053495
Train Epoch: 4 [33920/36000 (94%)]	Loss: 0.028508
Train Epoch: 4 [34560/36000 (96%)]	Loss: 0.009551
Train Epoch: 4 [35200/36000 (98%)]	Loss: 0.008832
Train Epoch: 4 [35840/36000 (99%)]	Loss: 0.003330
Test set:
Overall: 75160/112000 (67.1%)
Train set:
Overall: 35940/36000 (99.8%)
Train Epoch: 5 [0/36000 (0%)]	Loss: 0.029496
Train Epoch: 5 [640/36000 (2%)]	Loss: 0.017962
Train Epoch: 5 [1280/36000 (4%)]	Loss: 0.130496
Train Epoch: 5 [1920/36000 (5%)]	Loss: 0.002582
Train Epoch: 5 [2560/36000 (7%)]	Loss: 0.029869
Train Epoch: 5 [3200/36000 (9%)]	Loss: 0.013873
Train Epoch: 5 [3840/36000 (11%)]	Loss: 0.005081
Train Epoch: 5 [4480/36000 (12%)]	Loss: 0.010510
Train Epoch: 5 [5120/36000 (14%)]	Loss: 0.002503
Train Epoch: 5 [5760/36000 (16%)]	Loss: 0.032926
Train Epoch: 5 [6400/36000 (18%)]	Loss: 0.004467
Train Epoch: 5 [7040/36000 (20%)]	Loss: 0.002091
Train Epoch: 5 [7680/36000 (21%)]	Loss: 0.004649
Train Epoch: 5 [8320/36000 (23%)]	Loss: 0.120029
Train Epoch: 5 [8960/36000 (25%)]	Loss: 0.022921
Train Epoch: 5 [9600/36000 (27%)]	Loss: 0.013971
Train Epoch: 5 [10240/36000 (28%)]	Loss: 0.005107
Train Epoch: 5 [10880/36000 (30%)]	Loss: 0.009021
Train Epoch: 5 [11520/36000 (32%)]	Loss: 0.018710
Train Epoch: 5 [12160/36000 (34%)]	Loss: 0.008974
Train Epoch: 5 [12800/36000 (36%)]	Loss: 0.004361
Train Epoch: 5 [13440/36000 (37%)]	Loss: 0.000814
Train Epoch: 5 [14080/36000 (39%)]	Loss: 0.046745
Train Epoch: 5 [14720/36000 (41%)]	Loss: 0.000821
Train Epoch: 5 [15360/36000 (43%)]	Loss: 0.041178
Train Epoch: 5 [16000/36000 (44%)]	Loss: 0.001521
Train Epoch: 5 [16640/36000 (46%)]	Loss: 0.016394
Train Epoch: 5 [17280/36000 (48%)]	Loss: 0.012731
Train Epoch: 5 [17920/36000 (50%)]	Loss: 0.002167
Train Epoch: 5 [18560/36000 (52%)]	Loss: 0.004556
Train Epoch: 5 [19200/36000 (53%)]	Loss: 0.002216
Train Epoch: 5 [19840/36000 (55%)]	Loss: 0.019315
Train Epoch: 5 [20480/36000 (57%)]	Loss: 0.040618
Train Epoch: 5 [21120/36000 (59%)]	Loss: 0.010729
Train Epoch: 5 [21760/36000 (60%)]	Loss: 0.003287
Train Epoch: 5 [22400/36000 (62%)]	Loss: 0.016452
Train Epoch: 5 [23040/36000 (64%)]	Loss: 0.004744
Train Epoch: 5 [23680/36000 (66%)]	Loss: 0.007083
Train Epoch: 5 [24320/36000 (67%)]	Loss: 0.014745
Train Epoch: 5 [24960/36000 (69%)]	Loss: 0.060584
Train Epoch: 5 [25600/36000 (71%)]	Loss: 0.001189
Train Epoch: 5 [26240/36000 (73%)]	Loss: 0.010315
Train Epoch: 5 [26880/36000 (75%)]	Loss: 0.028960
Train Epoch: 5 [27520/36000 (76%)]	Loss: 0.029899
Train Epoch: 5 [28160/36000 (78%)]	Loss: 0.017715
Train Epoch: 5 [28800/36000 (80%)]	Loss: 0.002924
Train Epoch: 5 [29440/36000 (82%)]	Loss: 0.077804
Train Epoch: 5 [30080/36000 (83%)]	Loss: 0.011011
Train Epoch: 5 [30720/36000 (85%)]	Loss: 0.001191
Train Epoch: 5 [31360/36000 (87%)]	Loss: 0.003597
Train Epoch: 5 [32000/36000 (89%)]	Loss: 0.007596
Train Epoch: 5 [32640/36000 (91%)]	Loss: 0.028263
Train Epoch: 5 [33280/36000 (92%)]	Loss: 0.034464
Train Epoch: 5 [33920/36000 (94%)]	Loss: 0.014808
Train Epoch: 5 [34560/36000 (96%)]	Loss: 0.005734
Train Epoch: 5 [35200/36000 (98%)]	Loss: 0.047057
Train Epoch: 5 [35840/36000 (99%)]	Loss: 0.014682
Test set:
Overall: 75536/112000 (67.4%)
Train set:
Overall: 35967/36000 (99.9%)
Train Epoch: 6 [0/36000 (0%)]	Loss: 0.013601
Train Epoch: 6 [640/36000 (2%)]	Loss: 0.013810
Train Epoch: 6 [1280/36000 (4%)]	Loss: 0.002175
Train Epoch: 6 [1920/36000 (5%)]	Loss: 0.001959
Train Epoch: 6 [2560/36000 (7%)]	Loss: 0.036568
Train Epoch: 6 [3200/36000 (9%)]	Loss: 0.004892
Train Epoch: 6 [3840/36000 (11%)]	Loss: 0.022906
Train Epoch: 6 [4480/36000 (12%)]	Loss: 0.026870
Train Epoch: 6 [5120/36000 (14%)]	Loss: 0.007782
Train Epoch: 6 [5760/36000 (16%)]	Loss: 0.001975
Train Epoch: 6 [6400/36000 (18%)]	Loss: 0.002785
Train Epoch: 6 [7040/36000 (20%)]	Loss: 0.006271
Train Epoch: 6 [7680/36000 (21%)]	Loss: 0.025251
Train Epoch: 6 [8320/36000 (23%)]	Loss: 0.001818
Train Epoch: 6 [8960/36000 (25%)]	Loss: 0.001865
Train Epoch: 6 [9600/36000 (27%)]	Loss: 0.032599
Train Epoch: 6 [10240/36000 (28%)]	Loss: 0.001818
Train Epoch: 6 [10880/36000 (30%)]	Loss: 0.002081
Train Epoch: 6 [11520/36000 (32%)]	Loss: 0.000539
Train Epoch: 6 [12160/36000 (34%)]	Loss: 0.013601
Train Epoch: 6 [12800/36000 (36%)]	Loss: 0.020635
Train Epoch: 6 [13440/36000 (37%)]	Loss: 0.006043
Train Epoch: 6 [14080/36000 (39%)]	Loss: 0.005486
Train Epoch: 6 [14720/36000 (41%)]	Loss: 0.005188
Train Epoch: 6 [15360/36000 (43%)]	Loss: 0.005529
Train Epoch: 6 [16000/36000 (44%)]	Loss: 0.000814
Train Epoch: 6 [16640/36000 (46%)]	Loss: 0.050012
Train Epoch: 6 [17280/36000 (48%)]	Loss: 0.001502
Train Epoch: 6 [17920/36000 (50%)]	Loss: 0.003792
Train Epoch: 6 [18560/36000 (52%)]	Loss: 0.013586
Train Epoch: 6 [19200/36000 (53%)]	Loss: 0.023300
Train Epoch: 6 [19840/36000 (55%)]	Loss: 0.008961
Train Epoch: 6 [20480/36000 (57%)]	Loss: 0.011632
Train Epoch: 6 [21120/36000 (59%)]	Loss: 0.022950
Train Epoch: 6 [21760/36000 (60%)]	Loss: 0.000300
Train Epoch: 6 [22400/36000 (62%)]	Loss: 0.024750
Train Epoch: 6 [23040/36000 (64%)]	Loss: 0.018255
Train Epoch: 6 [23680/36000 (66%)]	Loss: 0.003158
Train Epoch: 6 [24320/36000 (67%)]	Loss: 0.012879
Train Epoch: 6 [24960/36000 (69%)]	Loss: 0.002767
Train Epoch: 6 [25600/36000 (71%)]	Loss: 0.011186
Train Epoch: 6 [26240/36000 (73%)]	Loss: 0.003113
Train Epoch: 6 [26880/36000 (75%)]	Loss: 0.003842
Train Epoch: 6 [27520/36000 (76%)]	Loss: 0.028735
Train Epoch: 6 [28160/36000 (78%)]	Loss: 0.020717
Train Epoch: 6 [28800/36000 (80%)]	Loss: 0.010956
Train Epoch: 6 [29440/36000 (82%)]	Loss: 0.004723
Train Epoch: 6 [30080/36000 (83%)]	Loss: 0.002332
Train Epoch: 6 [30720/36000 (85%)]	Loss: 0.091841
Train Epoch: 6 [31360/36000 (87%)]	Loss: 0.001329
Train Epoch: 6 [32000/36000 (89%)]	Loss: 0.050439
Train Epoch: 6 [32640/36000 (91%)]	Loss: 0.088165
Train Epoch: 6 [33280/36000 (92%)]	Loss: 0.005551
Train Epoch: 6 [33920/36000 (94%)]	Loss: 0.003282
Train Epoch: 6 [34560/36000 (96%)]	Loss: 0.015281
Train Epoch: 6 [35200/36000 (98%)]	Loss: 0.005986
Train Epoch: 6 [35840/36000 (99%)]	Loss: 0.006107
Test set:
Overall: 74246/112000 (66.3%)
Train set:
Overall: 35979/36000 (99.9%)
Train Epoch: 7 [0/36000 (0%)]	Loss: 0.013308
Train Epoch: 7 [640/36000 (2%)]	Loss: 0.029574
Train Epoch: 7 [1280/36000 (4%)]	Loss: 0.009016
Train Epoch: 7 [1920/36000 (5%)]	Loss: 0.014842
Train Epoch: 7 [2560/36000 (7%)]	Loss: 0.004897
Train Epoch: 7 [3200/36000 (9%)]	Loss: 0.000292
Train Epoch: 7 [3840/36000 (11%)]	Loss: 0.008509
Train Epoch: 7 [4480/36000 (12%)]	Loss: 0.046207
Train Epoch: 7 [5120/36000 (14%)]	Loss: 0.001901
Train Epoch: 7 [5760/36000 (16%)]	Loss: 0.000147
Train Epoch: 7 [6400/36000 (18%)]	Loss: 0.002738
Train Epoch: 7 [7040/36000 (20%)]	Loss: 0.001139
Train Epoch: 7 [7680/36000 (21%)]	Loss: 0.031308
Train Epoch: 7 [8320/36000 (23%)]	Loss: 0.000534
Train Epoch: 7 [8960/36000 (25%)]	Loss: 0.022424
Train Epoch: 7 [9600/36000 (27%)]	Loss: 0.007270
Train Epoch: 7 [10240/36000 (28%)]	Loss: 0.001602
Train Epoch: 7 [10880/36000 (30%)]	Loss: 0.007135
Train Epoch: 7 [11520/36000 (32%)]	Loss: 0.001762
Train Epoch: 7 [12160/36000 (34%)]	Loss: 0.008634
Train Epoch: 7 [12800/36000 (36%)]	Loss: 0.044698
Train Epoch: 7 [13440/36000 (37%)]	Loss: 0.033598
Train Epoch: 7 [14080/36000 (39%)]	Loss: 0.029201
Train Epoch: 7 [14720/36000 (41%)]	Loss: 0.005457
Train Epoch: 7 [15360/36000 (43%)]	Loss: 0.018825
Train Epoch: 7 [16000/36000 (44%)]	Loss: 0.040732
Train Epoch: 7 [16640/36000 (46%)]	Loss: 0.015598
Train Epoch: 7 [17280/36000 (48%)]	Loss: 0.030145
Train Epoch: 7 [17920/36000 (50%)]	Loss: 0.017843
Train Epoch: 7 [18560/36000 (52%)]	Loss: 0.015366
Train Epoch: 7 [19200/36000 (53%)]	Loss: 0.004179
Train Epoch: 7 [19840/36000 (55%)]	Loss: 0.000734
Train Epoch: 7 [20480/36000 (57%)]	Loss: 0.012170
Train Epoch: 7 [21120/36000 (59%)]	Loss: 0.005743
Train Epoch: 7 [21760/36000 (60%)]	Loss: 0.010318
Train Epoch: 7 [22400/36000 (62%)]	Loss: 0.016515
Train Epoch: 7 [23040/36000 (64%)]	Loss: 0.057608
Train Epoch: 7 [23680/36000 (66%)]	Loss: 0.026222
Train Epoch: 7 [24320/36000 (67%)]	Loss: 0.014056
Train Epoch: 7 [24960/36000 (69%)]	Loss: 0.003095
Train Epoch: 7 [25600/36000 (71%)]	Loss: 0.003089
Train Epoch: 7 [26240/36000 (73%)]	Loss: 0.002764
Train Epoch: 7 [26880/36000 (75%)]	Loss: 0.025916
Train Epoch: 7 [27520/36000 (76%)]	Loss: 0.131967
Train Epoch: 7 [28160/36000 (78%)]	Loss: 0.001075
Train Epoch: 7 [28800/36000 (80%)]	Loss: 0.000154
Train Epoch: 7 [29440/36000 (82%)]	Loss: 0.001120
Train Epoch: 7 [30080/36000 (83%)]	Loss: 0.026734
Train Epoch: 7 [30720/36000 (85%)]	Loss: 0.007178
Train Epoch: 7 [31360/36000 (87%)]	Loss: 0.003716
Train Epoch: 7 [32000/36000 (89%)]	Loss: 0.032957
Train Epoch: 7 [32640/36000 (91%)]	Loss: 0.004342
Train Epoch: 7 [33280/36000 (92%)]	Loss: 0.012448
Train Epoch: 7 [33920/36000 (94%)]	Loss: 0.018331
Train Epoch: 7 [34560/36000 (96%)]	Loss: 0.012467
Train Epoch: 7 [35200/36000 (98%)]	Loss: 0.000678
Train Epoch: 7 [35840/36000 (99%)]	Loss: 0.032232
Test set:
Overall: 75872/112000 (67.7%)
Train set:
Overall: 35989/36000 (100.0%)
Train Epoch: 8 [0/36000 (0%)]	Loss: 0.017114
Train Epoch: 8 [640/36000 (2%)]	Loss: 0.000793
Train Epoch: 8 [1280/36000 (4%)]	Loss: 0.003612
Train Epoch: 8 [1920/36000 (5%)]	Loss: 0.000819
Train Epoch: 8 [2560/36000 (7%)]	Loss: 0.026971
Train Epoch: 8 [3200/36000 (9%)]	Loss: 0.031158
Train Epoch: 8 [3840/36000 (11%)]	Loss: 0.011047
Train Epoch: 8 [4480/36000 (12%)]	Loss: 0.005048
Train Epoch: 8 [5120/36000 (14%)]	Loss: 0.020323
Train Epoch: 8 [5760/36000 (16%)]	Loss: 0.016636
Train Epoch: 8 [6400/36000 (18%)]	Loss: 0.003678
Train Epoch: 8 [7040/36000 (20%)]	Loss: 0.001083
Train Epoch: 8 [7680/36000 (21%)]	Loss: 0.059633
Train Epoch: 8 [8320/36000 (23%)]	Loss: 0.011119
Train Epoch: 8 [8960/36000 (25%)]	Loss: 0.003615
Train Epoch: 8 [9600/36000 (27%)]	Loss: 0.013440
Train Epoch: 8 [10240/36000 (28%)]	Loss: 0.008564
Train Epoch: 8 [10880/36000 (30%)]	Loss: 0.003318
Train Epoch: 8 [11520/36000 (32%)]	Loss: 0.050437
Train Epoch: 8 [12160/36000 (34%)]	Loss: 0.005092
Train Epoch: 8 [12800/36000 (36%)]	Loss: 0.042289
Train Epoch: 8 [13440/36000 (37%)]	Loss: 0.000897
Train Epoch: 8 [14080/36000 (39%)]	Loss: 0.056743
Train Epoch: 8 [14720/36000 (41%)]	Loss: 0.030295
Train Epoch: 8 [15360/36000 (43%)]	Loss: 0.195064
Train Epoch: 8 [16000/36000 (44%)]	Loss: 0.001400
Train Epoch: 8 [16640/36000 (46%)]	Loss: 0.000119
Train Epoch: 8 [17280/36000 (48%)]	Loss: 0.032820
Train Epoch: 8 [17920/36000 (50%)]	Loss: 0.026575
Train Epoch: 8 [18560/36000 (52%)]	Loss: 0.023572
Train Epoch: 8 [19200/36000 (53%)]	Loss: 0.016359
Train Epoch: 8 [19840/36000 (55%)]	Loss: 0.002203
Train Epoch: 8 [20480/36000 (57%)]	Loss: 0.060248
Train Epoch: 8 [21120/36000 (59%)]	Loss: 0.025195
Train Epoch: 8 [21760/36000 (60%)]	Loss: 0.002545
Train Epoch: 8 [22400/36000 (62%)]	Loss: 0.000665
Train Epoch: 8 [23040/36000 (64%)]	Loss: 0.034589
Train Epoch: 8 [23680/36000 (66%)]	Loss: 0.001763
Train Epoch: 8 [24320/36000 (67%)]	Loss: 0.038683
Train Epoch: 8 [24960/36000 (69%)]	Loss: 0.055133
Train Epoch: 8 [25600/36000 (71%)]	Loss: 0.008327
Train Epoch: 8 [26240/36000 (73%)]	Loss: 0.086875
Train Epoch: 8 [26880/36000 (75%)]	Loss: 0.012893
Train Epoch: 8 [27520/36000 (76%)]	Loss: 0.035359
Train Epoch: 8 [28160/36000 (78%)]	Loss: 0.009743
Train Epoch: 8 [28800/36000 (80%)]	Loss: 0.001560
Train Epoch: 8 [29440/36000 (82%)]	Loss: 0.003762
Train Epoch: 8 [30080/36000 (83%)]	Loss: 0.000539
Train Epoch: 8 [30720/36000 (85%)]	Loss: 0.014220
Train Epoch: 8 [31360/36000 (87%)]	Loss: 0.000398
Train Epoch: 8 [32000/36000 (89%)]	Loss: 0.005514
Train Epoch: 8 [32640/36000 (91%)]	Loss: 0.041939
Train Epoch: 8 [33280/36000 (92%)]	Loss: 0.009082
Train Epoch: 8 [33920/36000 (94%)]	Loss: 0.001210
Train Epoch: 8 [34560/36000 (96%)]	Loss: 0.002741
Train Epoch: 8 [35200/36000 (98%)]	Loss: 0.005611
Train Epoch: 8 [35840/36000 (99%)]	Loss: 0.016568
Test set:
Overall: 75458/112000 (67.4%)
Train set:
Overall: 35991/36000 (100.0%)
Train Epoch: 9 [0/36000 (0%)]	Loss: 0.024685
Train Epoch: 9 [640/36000 (2%)]	Loss: 0.002497
Train Epoch: 9 [1280/36000 (4%)]	Loss: 0.008184
Train Epoch: 9 [1920/36000 (5%)]	Loss: 0.020039
Train Epoch: 9 [2560/36000 (7%)]	Loss: 0.012055
Train Epoch: 9 [3200/36000 (9%)]	Loss: 0.008520
Train Epoch: 9 [3840/36000 (11%)]	Loss: 0.006927
Train Epoch: 9 [4480/36000 (12%)]	Loss: 0.023146
Train Epoch: 9 [5120/36000 (14%)]	Loss: 0.003787
Train Epoch: 9 [5760/36000 (16%)]	Loss: 0.004473
Train Epoch: 9 [6400/36000 (18%)]	Loss: 0.003620
Train Epoch: 9 [7040/36000 (20%)]	Loss: 0.078894
Train Epoch: 9 [7680/36000 (21%)]	Loss: 0.009638
Train Epoch: 9 [8320/36000 (23%)]	Loss: 0.056604
Train Epoch: 9 [8960/36000 (25%)]	Loss: 0.052262
Train Epoch: 9 [9600/36000 (27%)]	Loss: 0.001666
Train Epoch: 9 [10240/36000 (28%)]	Loss: 0.015158
Train Epoch: 9 [10880/36000 (30%)]	Loss: 0.000196
Train Epoch: 9 [11520/36000 (32%)]	Loss: 0.001116
Train Epoch: 9 [12160/36000 (34%)]	Loss: 0.003690
Train Epoch: 9 [12800/36000 (36%)]	Loss: 0.000762
Train Epoch: 9 [13440/36000 (37%)]	Loss: 0.011837
Train Epoch: 9 [14080/36000 (39%)]	Loss: 0.005723
Train Epoch: 9 [14720/36000 (41%)]	Loss: 0.005464
Train Epoch: 9 [15360/36000 (43%)]	Loss: 0.042780
Train Epoch: 9 [16000/36000 (44%)]	Loss: 0.015747
Train Epoch: 9 [16640/36000 (46%)]	Loss: 0.030814
Train Epoch: 9 [17280/36000 (48%)]	Loss: 0.027619
Train Epoch: 9 [17920/36000 (50%)]	Loss: 0.006213
Train Epoch: 9 [18560/36000 (52%)]	Loss: 0.002949
Train Epoch: 9 [19200/36000 (53%)]	Loss: 0.024495
Train Epoch: 9 [19840/36000 (55%)]	Loss: 0.000320
Train Epoch: 9 [20480/36000 (57%)]	Loss: 0.004616
Train Epoch: 9 [21120/36000 (59%)]	Loss: 0.001566
Train Epoch: 9 [21760/36000 (60%)]	Loss: 0.000256
Train Epoch: 9 [22400/36000 (62%)]	Loss: 0.055226
Train Epoch: 9 [23040/36000 (64%)]	Loss: 0.085320
Train Epoch: 9 [23680/36000 (66%)]	Loss: 0.001521
Train Epoch: 9 [24320/36000 (67%)]	Loss: 0.001654
Train Epoch: 9 [24960/36000 (69%)]	Loss: 0.000280
Train Epoch: 9 [25600/36000 (71%)]	Loss: 0.000088
Train Epoch: 9 [26240/36000 (73%)]	Loss: 0.007858
Train Epoch: 9 [26880/36000 (75%)]	Loss: 0.033258
Train Epoch: 9 [27520/36000 (76%)]	Loss: 0.031809
Train Epoch: 9 [28160/36000 (78%)]	Loss: 0.010459
Train Epoch: 9 [28800/36000 (80%)]	Loss: 0.000808
Train Epoch: 9 [29440/36000 (82%)]	Loss: 0.012275
Train Epoch: 9 [30080/36000 (83%)]	Loss: 0.001405
Train Epoch: 9 [30720/36000 (85%)]	Loss: 0.010204
Train Epoch: 9 [31360/36000 (87%)]	Loss: 0.002675
Train Epoch: 9 [32000/36000 (89%)]	Loss: 0.008901
Train Epoch: 9 [32640/36000 (91%)]	Loss: 0.009042
Train Epoch: 9 [33280/36000 (92%)]	Loss: 0.007297
Train Epoch: 9 [33920/36000 (94%)]	Loss: 0.002041
Train Epoch: 9 [34560/36000 (96%)]	Loss: 0.000366
Train Epoch: 9 [35200/36000 (98%)]	Loss: 0.000858
Train Epoch: 9 [35840/36000 (99%)]	Loss: 0.003310
Test set:
Overall: 76566/112000 (68.4%)
Train set:
Overall: 35987/36000 (100.0%)
Train Epoch: 10 [0/36000 (0%)]	Loss: 0.024958
Train Epoch: 10 [640/36000 (2%)]	Loss: 0.001712
Train Epoch: 10 [1280/36000 (4%)]	Loss: 0.027920
Train Epoch: 10 [1920/36000 (5%)]	Loss: 0.006498
Train Epoch: 10 [2560/36000 (7%)]	Loss: 0.001349
Train Epoch: 10 [3200/36000 (9%)]	Loss: 0.003448
Train Epoch: 10 [3840/36000 (11%)]	Loss: 0.010348
Train Epoch: 10 [4480/36000 (12%)]	Loss: 0.006974
Train Epoch: 10 [5120/36000 (14%)]	Loss: 0.007060
Train Epoch: 10 [5760/36000 (16%)]	Loss: 0.003411
Train Epoch: 10 [6400/36000 (18%)]	Loss: 0.002185
Train Epoch: 10 [7040/36000 (20%)]	Loss: 0.000857
Train Epoch: 10 [7680/36000 (21%)]	Loss: 0.004759
Train Epoch: 10 [8320/36000 (23%)]	Loss: 0.000495
Train Epoch: 10 [8960/36000 (25%)]	Loss: 0.015106
Train Epoch: 10 [9600/36000 (27%)]	Loss: 0.016206
Train Epoch: 10 [10240/36000 (28%)]	Loss: 0.005797
Train Epoch: 10 [10880/36000 (30%)]	Loss: 0.007235
Train Epoch: 10 [11520/36000 (32%)]	Loss: 0.013514
Train Epoch: 10 [12160/36000 (34%)]	Loss: 0.028184
Train Epoch: 10 [12800/36000 (36%)]	Loss: 0.015304
Train Epoch: 10 [13440/36000 (37%)]	Loss: 0.000661
Train Epoch: 10 [14080/36000 (39%)]	Loss: 0.000272
Train Epoch: 10 [14720/36000 (41%)]	Loss: 0.000852
Train Epoch: 10 [15360/36000 (43%)]	Loss: 0.000533
Train Epoch: 10 [16000/36000 (44%)]	Loss: 0.001015
Train Epoch: 10 [16640/36000 (46%)]	Loss: 0.002541
Train Epoch: 10 [17280/36000 (48%)]	Loss: 0.008167
Train Epoch: 10 [17920/36000 (50%)]	Loss: 0.000722
Train Epoch: 10 [18560/36000 (52%)]	Loss: 0.001052
Train Epoch: 10 [19200/36000 (53%)]	Loss: 0.007266
Train Epoch: 10 [19840/36000 (55%)]	Loss: 0.000196
Train Epoch: 10 [20480/36000 (57%)]	Loss: 0.002849
Train Epoch: 10 [21120/36000 (59%)]	Loss: 0.000938
Train Epoch: 10 [21760/36000 (60%)]	Loss: 0.000065
Train Epoch: 10 [22400/36000 (62%)]	Loss: 0.001242
Train Epoch: 10 [23040/36000 (64%)]	Loss: 0.008747
Train Epoch: 10 [23680/36000 (66%)]	Loss: 0.003284
Train Epoch: 10 [24320/36000 (67%)]	Loss: 0.030896
Train Epoch: 10 [24960/36000 (69%)]	Loss: 0.004008
Train Epoch: 10 [25600/36000 (71%)]	Loss: 0.001929
Train Epoch: 10 [26240/36000 (73%)]	Loss: 0.000159
Train Epoch: 10 [26880/36000 (75%)]	Loss: 0.013649
Train Epoch: 10 [27520/36000 (76%)]	Loss: 0.001458
Train Epoch: 10 [28160/36000 (78%)]	Loss: 0.002217
Train Epoch: 10 [28800/36000 (80%)]	Loss: 0.008623
Train Epoch: 10 [29440/36000 (82%)]	Loss: 0.002813
Train Epoch: 10 [30080/36000 (83%)]	Loss: 0.000082
Train Epoch: 10 [30720/36000 (85%)]	Loss: 0.001290
Train Epoch: 10 [31360/36000 (87%)]	Loss: 0.007318
Train Epoch: 10 [32000/36000 (89%)]	Loss: 0.004817
Train Epoch: 10 [32640/36000 (91%)]	Loss: 0.071814
Train Epoch: 10 [33280/36000 (92%)]	Loss: 0.004964
Train Epoch: 10 [33920/36000 (94%)]	Loss: 0.010933
Train Epoch: 10 [34560/36000 (96%)]	Loss: 0.011133
Train Epoch: 10 [35200/36000 (98%)]	Loss: 0.014526
Train Epoch: 10 [35840/36000 (99%)]	Loss: 0.005602
Test set:
Overall: 76059/112000 (67.9%)
Train set:
Overall: 35993/36000 (100.0%)
Train Epoch: 11 [0/36000 (0%)]	Loss: 0.029163
Train Epoch: 11 [640/36000 (2%)]	Loss: 0.008714
Train Epoch: 11 [1280/36000 (4%)]	Loss: 0.012351
Train Epoch: 11 [1920/36000 (5%)]	Loss: 0.008002
Train Epoch: 11 [2560/36000 (7%)]	Loss: 0.008353
Train Epoch: 11 [3200/36000 (9%)]	Loss: 0.004555
Train Epoch: 11 [3840/36000 (11%)]	Loss: 0.004834
Train Epoch: 11 [4480/36000 (12%)]	Loss: 0.008039
Train Epoch: 11 [5120/36000 (14%)]	Loss: 0.000573
Train Epoch: 11 [5760/36000 (16%)]	Loss: 0.025551
Train Epoch: 11 [6400/36000 (18%)]	Loss: 0.001461
Train Epoch: 11 [7040/36000 (20%)]	Loss: 0.006655
Train Epoch: 11 [7680/36000 (21%)]	Loss: 0.024048
Train Epoch: 11 [8320/36000 (23%)]	Loss: 0.001200
Train Epoch: 11 [8960/36000 (25%)]	Loss: 0.022969
Train Epoch: 11 [9600/36000 (27%)]	Loss: 0.000635
Train Epoch: 11 [10240/36000 (28%)]	Loss: 0.003793
Train Epoch: 11 [10880/36000 (30%)]	Loss: 0.005862
Train Epoch: 11 [11520/36000 (32%)]	Loss: 0.062986
Train Epoch: 11 [12160/36000 (34%)]	Loss: 0.042052
Train Epoch: 11 [12800/36000 (36%)]	Loss: 0.008440
Train Epoch: 11 [13440/36000 (37%)]	Loss: 0.003405
Train Epoch: 11 [14080/36000 (39%)]	Loss: 0.002706
Train Epoch: 11 [14720/36000 (41%)]	Loss: 0.000210
Train Epoch: 11 [15360/36000 (43%)]	Loss: 0.000470
Train Epoch: 11 [16000/36000 (44%)]	Loss: 0.001766
Train Epoch: 11 [16640/36000 (46%)]	Loss: 0.017798
Train Epoch: 11 [17280/36000 (48%)]	Loss: 0.017965
Train Epoch: 11 [17920/36000 (50%)]	Loss: 0.002019
Train Epoch: 11 [18560/36000 (52%)]	Loss: 0.004092
Train Epoch: 11 [19200/36000 (53%)]	Loss: 0.010895
Train Epoch: 11 [19840/36000 (55%)]	Loss: 0.047213
Train Epoch: 11 [20480/36000 (57%)]	Loss: 0.007160
Train Epoch: 11 [21120/36000 (59%)]	Loss: 0.001121
Train Epoch: 11 [21760/36000 (60%)]	Loss: 0.004139
Train Epoch: 11 [22400/36000 (62%)]	Loss: 0.008300
Train Epoch: 11 [23040/36000 (64%)]	Loss: 0.007695
Train Epoch: 11 [23680/36000 (66%)]	Loss: 0.000082
Train Epoch: 11 [24320/36000 (67%)]	Loss: 0.001424
Train Epoch: 11 [24960/36000 (69%)]	Loss: 0.003441
Train Epoch: 11 [25600/36000 (71%)]	Loss: 0.000737
Train Epoch: 11 [26240/36000 (73%)]	Loss: 0.004188
Train Epoch: 11 [26880/36000 (75%)]	Loss: 0.004866
Train Epoch: 11 [27520/36000 (76%)]	Loss: 0.000187
Train Epoch: 11 [28160/36000 (78%)]	Loss: 0.016471
Train Epoch: 11 [28800/36000 (80%)]	Loss: 0.043585
Train Epoch: 11 [29440/36000 (82%)]	Loss: 0.000558
Train Epoch: 11 [30080/36000 (83%)]	Loss: 0.016454
Train Epoch: 11 [30720/36000 (85%)]	Loss: 0.088682
Train Epoch: 11 [31360/36000 (87%)]	Loss: 0.001912
Train Epoch: 11 [32000/36000 (89%)]	Loss: 0.070690
Train Epoch: 11 [32640/36000 (91%)]	Loss: 0.000027
Train Epoch: 11 [33280/36000 (92%)]	Loss: 0.020773
Train Epoch: 11 [33920/36000 (94%)]	Loss: 0.000197
Train Epoch: 11 [34560/36000 (96%)]	Loss: 0.007405
Train Epoch: 11 [35200/36000 (98%)]	Loss: 0.003304
Train Epoch: 11 [35840/36000 (99%)]	Loss: 0.002779
Test set:
Overall: 74843/112000 (66.8%)
Train set:
Overall: 35997/36000 (100.0%)
Train Epoch: 12 [0/36000 (0%)]	Loss: 0.012032
Train Epoch: 12 [640/36000 (2%)]	Loss: 0.004346
Train Epoch: 12 [1280/36000 (4%)]	Loss: 0.000066
Train Epoch: 12 [1920/36000 (5%)]	Loss: 0.001855
Train Epoch: 12 [2560/36000 (7%)]	Loss: 0.000040
Train Epoch: 12 [3200/36000 (9%)]	Loss: 0.001978
Train Epoch: 12 [3840/36000 (11%)]	Loss: 0.004970
Train Epoch: 12 [4480/36000 (12%)]	Loss: 0.002270
Train Epoch: 12 [5120/36000 (14%)]	Loss: 0.001049
Train Epoch: 12 [5760/36000 (16%)]	Loss: 0.006516
Train Epoch: 12 [6400/36000 (18%)]	Loss: 0.001272
Train Epoch: 12 [7040/36000 (20%)]	Loss: 0.000153
Train Epoch: 12 [7680/36000 (21%)]	Loss: 0.001416
Train Epoch: 12 [8320/36000 (23%)]	Loss: 0.009262
Train Epoch: 12 [8960/36000 (25%)]	Loss: 0.001851
Train Epoch: 12 [9600/36000 (27%)]	Loss: 0.000430
Train Epoch: 12 [10240/36000 (28%)]	Loss: 0.014387
Train Epoch: 12 [10880/36000 (30%)]	Loss: 0.000264
Train Epoch: 12 [11520/36000 (32%)]	Loss: 0.001702
Train Epoch: 12 [12160/36000 (34%)]	Loss: 0.043058
Train Epoch: 12 [12800/36000 (36%)]	Loss: 0.000180
Train Epoch: 12 [13440/36000 (37%)]	Loss: 0.002621
Train Epoch: 12 [14080/36000 (39%)]	Loss: 0.002993
Train Epoch: 12 [14720/36000 (41%)]	Loss: 0.011432
Train Epoch: 12 [15360/36000 (43%)]	Loss: 0.000251
Train Epoch: 12 [16000/36000 (44%)]	Loss: 0.004341
Train Epoch: 12 [16640/36000 (46%)]	Loss: 0.002839
Train Epoch: 12 [17280/36000 (48%)]	Loss: 0.003077
Train Epoch: 12 [17920/36000 (50%)]	Loss: 0.056531
Train Epoch: 12 [18560/36000 (52%)]	Loss: 0.000641
Train Epoch: 12 [19200/36000 (53%)]	Loss: 0.000449
Train Epoch: 12 [19840/36000 (55%)]	Loss: 0.000365
Train Epoch: 12 [20480/36000 (57%)]	Loss: 0.001156
Train Epoch: 12 [21120/36000 (59%)]	Loss: 0.001156
Train Epoch: 12 [21760/36000 (60%)]	Loss: 0.001260
Train Epoch: 12 [22400/36000 (62%)]	Loss: 0.000607
Train Epoch: 12 [23040/36000 (64%)]	Loss: 0.028413
Train Epoch: 12 [23680/36000 (66%)]	Loss: 0.009887
Train Epoch: 12 [24320/36000 (67%)]	Loss: 0.006709
Train Epoch: 12 [24960/36000 (69%)]	Loss: 0.000962
Train Epoch: 12 [25600/36000 (71%)]	Loss: 0.009335
Train Epoch: 12 [26240/36000 (73%)]	Loss: 0.018232
Train Epoch: 12 [26880/36000 (75%)]	Loss: 0.028022
Train Epoch: 12 [27520/36000 (76%)]	Loss: 0.006605
Train Epoch: 12 [28160/36000 (78%)]	Loss: 0.001344
Train Epoch: 12 [28800/36000 (80%)]	Loss: 0.017478
Train Epoch: 12 [29440/36000 (82%)]	Loss: 0.001865
Train Epoch: 12 [30080/36000 (83%)]	Loss: 0.000335
Train Epoch: 12 [30720/36000 (85%)]	Loss: 0.009197
Train Epoch: 12 [31360/36000 (87%)]	Loss: 0.016305
Train Epoch: 12 [32000/36000 (89%)]	Loss: 0.005590
Train Epoch: 12 [32640/36000 (91%)]	Loss: 0.002838
Train Epoch: 12 [33280/36000 (92%)]	Loss: 0.027468
Train Epoch: 12 [33920/36000 (94%)]	Loss: 0.003172
Train Epoch: 12 [34560/36000 (96%)]	Loss: 0.002330
Train Epoch: 12 [35200/36000 (98%)]	Loss: 0.001364
Train Epoch: 12 [35840/36000 (99%)]	Loss: 0.003112
Test set:
Overall: 76285/112000 (68.1%)
Train set:
Overall: 35998/36000 (100.0%)
Train Epoch: 13 [0/36000 (0%)]	Loss: 0.000223
Train Epoch: 13 [640/36000 (2%)]	Loss: 0.001249
Train Epoch: 13 [1280/36000 (4%)]	Loss: 0.005230
Train Epoch: 13 [1920/36000 (5%)]	Loss: 0.059674
Train Epoch: 13 [2560/36000 (7%)]	Loss: 0.014397
Train Epoch: 13 [3200/36000 (9%)]	Loss: 0.001714
Train Epoch: 13 [3840/36000 (11%)]	Loss: 0.003460
Train Epoch: 13 [4480/36000 (12%)]	Loss: 0.000077
Train Epoch: 13 [5120/36000 (14%)]	Loss: 0.000807
Train Epoch: 13 [5760/36000 (16%)]	Loss: 0.002848
Train Epoch: 13 [6400/36000 (18%)]	Loss: 0.002076
Train Epoch: 13 [7040/36000 (20%)]	Loss: 0.013887
Train Epoch: 13 [7680/36000 (21%)]	Loss: 0.002683
Train Epoch: 13 [8320/36000 (23%)]	Loss: 0.001013
Train Epoch: 13 [8960/36000 (25%)]	Loss: 0.006472
Train Epoch: 13 [9600/36000 (27%)]	Loss: 0.001818
Train Epoch: 13 [10240/36000 (28%)]	Loss: 0.004841
Train Epoch: 13 [10880/36000 (30%)]	Loss: 0.002800
Train Epoch: 13 [11520/36000 (32%)]	Loss: 0.000639
Train Epoch: 13 [12160/36000 (34%)]	Loss: 0.012151
Train Epoch: 13 [12800/36000 (36%)]	Loss: 0.006062
Train Epoch: 13 [13440/36000 (37%)]	Loss: 0.001266
Train Epoch: 13 [14080/36000 (39%)]	Loss: 0.002630
Train Epoch: 13 [14720/36000 (41%)]	Loss: 0.048168
Train Epoch: 13 [15360/36000 (43%)]	Loss: 0.065934
Train Epoch: 13 [16000/36000 (44%)]	Loss: 0.000306
Train Epoch: 13 [16640/36000 (46%)]	Loss: 0.002886
Train Epoch: 13 [17280/36000 (48%)]	Loss: 0.018093
Train Epoch: 13 [17920/36000 (50%)]	Loss: 0.000236
Train Epoch: 13 [18560/36000 (52%)]	Loss: 0.001221
Train Epoch: 13 [19200/36000 (53%)]	Loss: 0.004283
Train Epoch: 13 [19840/36000 (55%)]	Loss: 0.003528
Train Epoch: 13 [20480/36000 (57%)]	Loss: 0.000625
Train Epoch: 13 [21120/36000 (59%)]	Loss: 0.015300
Train Epoch: 13 [21760/36000 (60%)]	Loss: 0.006347
Train Epoch: 13 [22400/36000 (62%)]	Loss: 0.079304
Train Epoch: 13 [23040/36000 (64%)]	Loss: 0.010611
Train Epoch: 13 [23680/36000 (66%)]	Loss: 0.000052
Train Epoch: 13 [24320/36000 (67%)]	Loss: 0.013859
Train Epoch: 13 [24960/36000 (69%)]	Loss: 0.002375
Train Epoch: 13 [25600/36000 (71%)]	Loss: 0.000958
Train Epoch: 13 [26240/36000 (73%)]	Loss: 0.000428
Train Epoch: 13 [26880/36000 (75%)]	Loss: 0.003249
Train Epoch: 13 [27520/36000 (76%)]	Loss: 0.051554
Train Epoch: 13 [28160/36000 (78%)]	Loss: 0.017341
Train Epoch: 13 [28800/36000 (80%)]	Loss: 0.000604
Train Epoch: 13 [29440/36000 (82%)]	Loss: 0.001135
Train Epoch: 13 [30080/36000 (83%)]	Loss: 0.000304
Train Epoch: 13 [30720/36000 (85%)]	Loss: 0.005630
Train Epoch: 13 [31360/36000 (87%)]	Loss: 0.001539
Train Epoch: 13 [32000/36000 (89%)]	Loss: 0.004234
Train Epoch: 13 [32640/36000 (91%)]	Loss: 0.000412
Train Epoch: 13 [33280/36000 (92%)]	Loss: 0.003875
Train Epoch: 13 [33920/36000 (94%)]	Loss: 0.121383
Train Epoch: 13 [34560/36000 (96%)]	Loss: 0.004029
Train Epoch: 13 [35200/36000 (98%)]	Loss: 0.001235
Train Epoch: 13 [35840/36000 (99%)]	Loss: 0.001221
Test set:
Overall: 75734/112000 (67.6%)
Train set:
Overall: 35996/36000 (100.0%)
Train Epoch: 14 [0/36000 (0%)]	Loss: 0.000458
Train Epoch: 14 [640/36000 (2%)]	Loss: 0.001894
Train Epoch: 14 [1280/36000 (4%)]	Loss: 0.059481
Train Epoch: 14 [1920/36000 (5%)]	Loss: 0.001490
Train Epoch: 14 [2560/36000 (7%)]	Loss: 0.030011
Train Epoch: 14 [3200/36000 (9%)]	Loss: 0.000695
Train Epoch: 14 [3840/36000 (11%)]	Loss: 0.000543
Train Epoch: 14 [4480/36000 (12%)]	Loss: 0.000498
Train Epoch: 14 [5120/36000 (14%)]	Loss: 0.002371
Train Epoch: 14 [5760/36000 (16%)]	Loss: 0.003820
Train Epoch: 14 [6400/36000 (18%)]	Loss: 0.015272
Train Epoch: 14 [7040/36000 (20%)]	Loss: 0.002758
Train Epoch: 14 [7680/36000 (21%)]	Loss: 0.063648
Train Epoch: 14 [8320/36000 (23%)]	Loss: 0.009294
Train Epoch: 14 [8960/36000 (25%)]	Loss: 0.003660
Train Epoch: 14 [9600/36000 (27%)]	Loss: 0.030313
Train Epoch: 14 [10240/36000 (28%)]	Loss: 0.002985
Train Epoch: 14 [10880/36000 (30%)]	Loss: 0.000238
Train Epoch: 14 [11520/36000 (32%)]	Loss: 0.000210
Train Epoch: 14 [12160/36000 (34%)]	Loss: 0.000344
Train Epoch: 14 [12800/36000 (36%)]	Loss: 0.001760
Train Epoch: 14 [13440/36000 (37%)]	Loss: 0.027963
Train Epoch: 14 [14080/36000 (39%)]	Loss: 0.003129
Train Epoch: 14 [14720/36000 (41%)]	Loss: 0.006171
Train Epoch: 14 [15360/36000 (43%)]	Loss: 0.000381
Train Epoch: 14 [16000/36000 (44%)]	Loss: 0.000069
Train Epoch: 14 [16640/36000 (46%)]	Loss: 0.009679
Train Epoch: 14 [17280/36000 (48%)]	Loss: 0.001278
Train Epoch: 14 [17920/36000 (50%)]	Loss: 0.000926
Train Epoch: 14 [18560/36000 (52%)]	Loss: 0.017525
Train Epoch: 14 [19200/36000 (53%)]	Loss: 0.001908
Train Epoch: 14 [19840/36000 (55%)]	Loss: 0.000464
Train Epoch: 14 [20480/36000 (57%)]	Loss: 0.009929
Train Epoch: 14 [21120/36000 (59%)]	Loss: 0.021904
Train Epoch: 14 [21760/36000 (60%)]	Loss: 0.003468
Train Epoch: 14 [22400/36000 (62%)]	Loss: 0.000025
Train Epoch: 14 [23040/36000 (64%)]	Loss: 0.000748
Train Epoch: 14 [23680/36000 (66%)]	Loss: 0.000114
Train Epoch: 14 [24320/36000 (67%)]	Loss: 0.001008
Train Epoch: 14 [24960/36000 (69%)]	Loss: 0.001493
Train Epoch: 14 [25600/36000 (71%)]	Loss: 0.002926
Train Epoch: 14 [26240/36000 (73%)]	Loss: 0.001372
Train Epoch: 14 [26880/36000 (75%)]	Loss: 0.001616
Train Epoch: 14 [27520/36000 (76%)]	Loss: 0.027226
Train Epoch: 14 [28160/36000 (78%)]	Loss: 0.001503
Train Epoch: 14 [28800/36000 (80%)]	Loss: 0.011416
Train Epoch: 14 [29440/36000 (82%)]	Loss: 0.000815
Train Epoch: 14 [30080/36000 (83%)]	Loss: 0.001125
Train Epoch: 14 [30720/36000 (85%)]	Loss: 0.001687
Train Epoch: 14 [31360/36000 (87%)]	Loss: 0.001746
Train Epoch: 14 [32000/36000 (89%)]	Loss: 0.000076
Train Epoch: 14 [32640/36000 (91%)]	Loss: 0.007803
Train Epoch: 14 [33280/36000 (92%)]	Loss: 0.001367
Train Epoch: 14 [33920/36000 (94%)]	Loss: 0.026493
Train Epoch: 14 [34560/36000 (96%)]	Loss: 0.002565
Train Epoch: 14 [35200/36000 (98%)]	Loss: 0.006736
