Running on ax21.rc.zi.columbia.edu
Loaded pretrained conv weights from /home/lc3616/Projects/Mnist_pretrain_TI/mnist_cnn.pt
Conv layers frozen
Train Epoch: 1 [0/36000 (0%)]	Loss: 0.679726
Train Epoch: 1 [640/36000 (2%)]	Loss: 0.719811
Train Epoch: 1 [1280/36000 (4%)]	Loss: 0.367158
Train Epoch: 1 [1920/36000 (5%)]	Loss: 0.258475
Train Epoch: 1 [2560/36000 (7%)]	Loss: 0.206316
Train Epoch: 1 [3200/36000 (9%)]	Loss: 0.195529
Train Epoch: 1 [3840/36000 (11%)]	Loss: 0.108311
Train Epoch: 1 [4480/36000 (12%)]	Loss: 0.051407
Train Epoch: 1 [5120/36000 (14%)]	Loss: 0.061049
Train Epoch: 1 [5760/36000 (16%)]	Loss: 0.169213
Train Epoch: 1 [6400/36000 (18%)]	Loss: 0.065592
Train Epoch: 1 [7040/36000 (20%)]	Loss: 0.068644
Train Epoch: 1 [7680/36000 (21%)]	Loss: 0.073362
Train Epoch: 1 [8320/36000 (23%)]	Loss: 0.129583
Train Epoch: 1 [8960/36000 (25%)]	Loss: 0.094519
Train Epoch: 1 [9600/36000 (27%)]	Loss: 0.057691
Train Epoch: 1 [10240/36000 (28%)]	Loss: 0.059764
Train Epoch: 1 [10880/36000 (30%)]	Loss: 0.039812
Train Epoch: 1 [11520/36000 (32%)]	Loss: 0.116097
Train Epoch: 1 [12160/36000 (34%)]	Loss: 0.040069
Train Epoch: 1 [12800/36000 (36%)]	Loss: 0.066677
Train Epoch: 1 [13440/36000 (37%)]	Loss: 0.101711
Train Epoch: 1 [14080/36000 (39%)]	Loss: 0.104512
Train Epoch: 1 [14720/36000 (41%)]	Loss: 0.081289
Train Epoch: 1 [15360/36000 (43%)]	Loss: 0.037858
Train Epoch: 1 [16000/36000 (44%)]	Loss: 0.043249
Train Epoch: 1 [16640/36000 (46%)]	Loss: 0.087106
Train Epoch: 1 [17280/36000 (48%)]	Loss: 0.026406
Train Epoch: 1 [17920/36000 (50%)]	Loss: 0.022086
Train Epoch: 1 [18560/36000 (52%)]	Loss: 0.020742
Train Epoch: 1 [19200/36000 (53%)]	Loss: 0.110976
Train Epoch: 1 [19840/36000 (55%)]	Loss: 0.060475
Train Epoch: 1 [20480/36000 (57%)]	Loss: 0.010755
Train Epoch: 1 [21120/36000 (59%)]	Loss: 0.031696
Train Epoch: 1 [21760/36000 (60%)]	Loss: 0.053803
Train Epoch: 1 [22400/36000 (62%)]	Loss: 0.075045
Train Epoch: 1 [23040/36000 (64%)]	Loss: 0.035965
Train Epoch: 1 [23680/36000 (66%)]	Loss: 0.149410
Train Epoch: 1 [24320/36000 (67%)]	Loss: 0.019531
Train Epoch: 1 [24960/36000 (69%)]	Loss: 0.011727
Train Epoch: 1 [25600/36000 (71%)]	Loss: 0.018791
Train Epoch: 1 [26240/36000 (73%)]	Loss: 0.035411
Train Epoch: 1 [26880/36000 (75%)]	Loss: 0.160744
Train Epoch: 1 [27520/36000 (76%)]	Loss: 0.006109
Train Epoch: 1 [28160/36000 (78%)]	Loss: 0.022263
Train Epoch: 1 [28800/36000 (80%)]	Loss: 0.019407
Train Epoch: 1 [29440/36000 (82%)]	Loss: 0.025174
Train Epoch: 1 [30080/36000 (83%)]	Loss: 0.034275
Train Epoch: 1 [30720/36000 (85%)]	Loss: 0.091718
Train Epoch: 1 [31360/36000 (87%)]	Loss: 0.068821
Train Epoch: 1 [32000/36000 (89%)]	Loss: 0.075563
Train Epoch: 1 [32640/36000 (91%)]	Loss: 0.010996
Train Epoch: 1 [33280/36000 (92%)]	Loss: 0.052608
Train Epoch: 1 [33920/36000 (94%)]	Loss: 0.084618
Train Epoch: 1 [34560/36000 (96%)]	Loss: 0.026951
Train Epoch: 1 [35200/36000 (98%)]	Loss: 0.037696
Train Epoch: 1 [35840/36000 (99%)]	Loss: 0.007373
Test set:
Overall: 78826/112000 (70.4%)
Train set:
Overall: 35642/36000 (99.0%)
Train Epoch: 2 [0/36000 (0%)]	Loss: 0.008717
Train Epoch: 2 [640/36000 (2%)]	Loss: 0.017224
Train Epoch: 2 [1280/36000 (4%)]	Loss: 0.020312
Train Epoch: 2 [1920/36000 (5%)]	Loss: 0.006045
Train Epoch: 2 [2560/36000 (7%)]	Loss: 0.001920
Train Epoch: 2 [3200/36000 (9%)]	Loss: 0.023913
Train Epoch: 2 [3840/36000 (11%)]	Loss: 0.015710
Train Epoch: 2 [4480/36000 (12%)]	Loss: 0.023793
Train Epoch: 2 [5120/36000 (14%)]	Loss: 0.002995
Train Epoch: 2 [5760/36000 (16%)]	Loss: 0.001919
Train Epoch: 2 [6400/36000 (18%)]	Loss: 0.013577
Train Epoch: 2 [7040/36000 (20%)]	Loss: 0.002532
Train Epoch: 2 [7680/36000 (21%)]	Loss: 0.030248
Train Epoch: 2 [8320/36000 (23%)]	Loss: 0.074602
Train Epoch: 2 [8960/36000 (25%)]	Loss: 0.009253
Train Epoch: 2 [9600/36000 (27%)]	Loss: 0.016942
Train Epoch: 2 [10240/36000 (28%)]	Loss: 0.009841
Train Epoch: 2 [10880/36000 (30%)]	Loss: 0.002187
Train Epoch: 2 [11520/36000 (32%)]	Loss: 0.004012
Train Epoch: 2 [12160/36000 (34%)]	Loss: 0.028063
Train Epoch: 2 [12800/36000 (36%)]	Loss: 0.002000
Train Epoch: 2 [13440/36000 (37%)]	Loss: 0.021483
Train Epoch: 2 [14080/36000 (39%)]	Loss: 0.023207
Train Epoch: 2 [14720/36000 (41%)]	Loss: 0.005588
Train Epoch: 2 [15360/36000 (43%)]	Loss: 0.012785
Train Epoch: 2 [16000/36000 (44%)]	Loss: 0.008415
Train Epoch: 2 [16640/36000 (46%)]	Loss: 0.069079
Train Epoch: 2 [17280/36000 (48%)]	Loss: 0.052807
Train Epoch: 2 [17920/36000 (50%)]	Loss: 0.070935
Train Epoch: 2 [18560/36000 (52%)]	Loss: 0.019394
Train Epoch: 2 [19200/36000 (53%)]	Loss: 0.011061
Train Epoch: 2 [19840/36000 (55%)]	Loss: 0.004581
Train Epoch: 2 [20480/36000 (57%)]	Loss: 0.007848
Train Epoch: 2 [21120/36000 (59%)]	Loss: 0.003628
Train Epoch: 2 [21760/36000 (60%)]	Loss: 0.081688
Train Epoch: 2 [22400/36000 (62%)]	Loss: 0.017676
Train Epoch: 2 [23040/36000 (64%)]	Loss: 0.013047
Train Epoch: 2 [23680/36000 (66%)]	Loss: 0.016418
Train Epoch: 2 [24320/36000 (67%)]	Loss: 0.032123
Train Epoch: 2 [24960/36000 (69%)]	Loss: 0.002812
Train Epoch: 2 [25600/36000 (71%)]	Loss: 0.011830
Train Epoch: 2 [26240/36000 (73%)]	Loss: 0.002001
Train Epoch: 2 [26880/36000 (75%)]	Loss: 0.054293
Train Epoch: 2 [27520/36000 (76%)]	Loss: 0.042957
Train Epoch: 2 [28160/36000 (78%)]	Loss: 0.004155
Train Epoch: 2 [28800/36000 (80%)]	Loss: 0.006646
Train Epoch: 2 [29440/36000 (82%)]	Loss: 0.024223
Train Epoch: 2 [30080/36000 (83%)]	Loss: 0.008481
Train Epoch: 2 [30720/36000 (85%)]	Loss: 0.004171
Train Epoch: 2 [31360/36000 (87%)]	Loss: 0.001292
Train Epoch: 2 [32000/36000 (89%)]	Loss: 0.065023
Train Epoch: 2 [32640/36000 (91%)]	Loss: 0.078055
Train Epoch: 2 [33280/36000 (92%)]	Loss: 0.008190
Train Epoch: 2 [33920/36000 (94%)]	Loss: 0.000773
Train Epoch: 2 [34560/36000 (96%)]	Loss: 0.004893
Train Epoch: 2 [35200/36000 (98%)]	Loss: 0.007296
Train Epoch: 2 [35840/36000 (99%)]	Loss: 0.008137
Test set:
Overall: 79159/112000 (70.7%)
Train set:
Overall: 35912/36000 (99.8%)
Train Epoch: 3 [0/36000 (0%)]	Loss: 0.001679
Train Epoch: 3 [640/36000 (2%)]	Loss: 0.034492
Train Epoch: 3 [1280/36000 (4%)]	Loss: 0.002947
Train Epoch: 3 [1920/36000 (5%)]	Loss: 0.006239
Train Epoch: 3 [2560/36000 (7%)]	Loss: 0.007202
Train Epoch: 3 [3200/36000 (9%)]	Loss: 0.029684
Train Epoch: 3 [3840/36000 (11%)]	Loss: 0.026869
Train Epoch: 3 [4480/36000 (12%)]	Loss: 0.001817
Train Epoch: 3 [5120/36000 (14%)]	Loss: 0.004756
Train Epoch: 3 [5760/36000 (16%)]	Loss: 0.002572
Train Epoch: 3 [6400/36000 (18%)]	Loss: 0.002970
Train Epoch: 3 [7040/36000 (20%)]	Loss: 0.011384
Train Epoch: 3 [7680/36000 (21%)]	Loss: 0.003966
Train Epoch: 3 [8320/36000 (23%)]	Loss: 0.003453
Train Epoch: 3 [8960/36000 (25%)]	Loss: 0.004697
Train Epoch: 3 [9600/36000 (27%)]	Loss: 0.008836
Train Epoch: 3 [10240/36000 (28%)]	Loss: 0.012712
Train Epoch: 3 [10880/36000 (30%)]	Loss: 0.001349
Train Epoch: 3 [11520/36000 (32%)]	Loss: 0.027408
Train Epoch: 3 [12160/36000 (34%)]	Loss: 0.002251
Train Epoch: 3 [12800/36000 (36%)]	Loss: 0.006718
Train Epoch: 3 [13440/36000 (37%)]	Loss: 0.001686
Train Epoch: 3 [14080/36000 (39%)]	Loss: 0.006169
Train Epoch: 3 [14720/36000 (41%)]	Loss: 0.003045
Train Epoch: 3 [15360/36000 (43%)]	Loss: 0.007987
Train Epoch: 3 [16000/36000 (44%)]	Loss: 0.010769
Train Epoch: 3 [16640/36000 (46%)]	Loss: 0.000746
Train Epoch: 3 [17280/36000 (48%)]	Loss: 0.071712
Train Epoch: 3 [17920/36000 (50%)]	Loss: 0.001250
Train Epoch: 3 [18560/36000 (52%)]	Loss: 0.000249
Train Epoch: 3 [19200/36000 (53%)]	Loss: 0.032848
Train Epoch: 3 [19840/36000 (55%)]	Loss: 0.004126
Train Epoch: 3 [20480/36000 (57%)]	Loss: 0.007146
Train Epoch: 3 [21120/36000 (59%)]	Loss: 0.000489
Train Epoch: 3 [21760/36000 (60%)]	Loss: 0.002586
Train Epoch: 3 [22400/36000 (62%)]	Loss: 0.000794
Train Epoch: 3 [23040/36000 (64%)]	Loss: 0.001941
Train Epoch: 3 [23680/36000 (66%)]	Loss: 0.006844
Train Epoch: 3 [24320/36000 (67%)]	Loss: 0.006355
Train Epoch: 3 [24960/36000 (69%)]	Loss: 0.005686
Train Epoch: 3 [25600/36000 (71%)]	Loss: 0.012157
Train Epoch: 3 [26240/36000 (73%)]	Loss: 0.041145
Train Epoch: 3 [26880/36000 (75%)]	Loss: 0.000816
Train Epoch: 3 [27520/36000 (76%)]	Loss: 0.001204
Train Epoch: 3 [28160/36000 (78%)]	Loss: 0.005113
Train Epoch: 3 [28800/36000 (80%)]	Loss: 0.001475
Train Epoch: 3 [29440/36000 (82%)]	Loss: 0.002259
Train Epoch: 3 [30080/36000 (83%)]	Loss: 0.001229
