Running on ax15.rc.zi.columbia.edu
Train Epoch: 1 [0/32000 (0%)]	Loss: 0.698971
Train Epoch: 1 [640/32000 (2%)]	Loss: 0.707183
Train Epoch: 1 [1280/32000 (4%)]	Loss: 0.659307
Train Epoch: 1 [1920/32000 (6%)]	Loss: 0.637870
Train Epoch: 1 [2560/32000 (8%)]	Loss: 0.644318
Train Epoch: 1 [3200/32000 (10%)]	Loss: 0.578578
Train Epoch: 1 [3840/32000 (12%)]	Loss: 0.626686
Train Epoch: 1 [4480/32000 (14%)]	Loss: 0.601195
Train Epoch: 1 [5120/32000 (16%)]	Loss: 0.586739
Train Epoch: 1 [5760/32000 (18%)]	Loss: 0.602214
Train Epoch: 1 [6400/32000 (20%)]	Loss: 0.607398
Train Epoch: 1 [7040/32000 (22%)]	Loss: 0.650002
Train Epoch: 1 [7680/32000 (24%)]	Loss: 0.616358
Train Epoch: 1 [8320/32000 (26%)]	Loss: 0.651517
Train Epoch: 1 [8960/32000 (28%)]	Loss: 0.613228
Train Epoch: 1 [9600/32000 (30%)]	Loss: 0.567874
Train Epoch: 1 [10240/32000 (32%)]	Loss: 0.564137
Train Epoch: 1 [10880/32000 (34%)]	Loss: 0.559213
Train Epoch: 1 [11520/32000 (36%)]	Loss: 0.581198
Train Epoch: 1 [12160/32000 (38%)]	Loss: 0.699112
Train Epoch: 1 [12800/32000 (40%)]	Loss: 0.535789
Train Epoch: 1 [13440/32000 (42%)]	Loss: 0.551864
Train Epoch: 1 [14080/32000 (44%)]	Loss: 0.570766
Train Epoch: 1 [14720/32000 (46%)]	Loss: 0.554252
Train Epoch: 1 [15360/32000 (48%)]	Loss: 0.595056
Train Epoch: 1 [16000/32000 (50%)]	Loss: 0.666777
Train Epoch: 1 [16640/32000 (52%)]	Loss: 0.575400
Train Epoch: 1 [17280/32000 (54%)]	Loss: 0.501077
Train Epoch: 1 [17920/32000 (56%)]	Loss: 0.555512
Train Epoch: 1 [18560/32000 (58%)]	Loss: 0.527416
Train Epoch: 1 [19200/32000 (60%)]	Loss: 0.617316
Train Epoch: 1 [19840/32000 (62%)]	Loss: 0.529580
Train Epoch: 1 [20480/32000 (64%)]	Loss: 0.616074
Train Epoch: 1 [21120/32000 (66%)]	Loss: 0.554096
Train Epoch: 1 [21760/32000 (68%)]	Loss: 0.567073
Train Epoch: 1 [22400/32000 (70%)]	Loss: 0.558650
Train Epoch: 1 [23040/32000 (72%)]	Loss: 0.549708
Train Epoch: 1 [23680/32000 (74%)]	Loss: 0.546433
Train Epoch: 1 [24320/32000 (76%)]	Loss: 0.559591
Train Epoch: 1 [24960/32000 (78%)]	Loss: 0.566120
Train Epoch: 1 [25600/32000 (80%)]	Loss: 0.631550
Train Epoch: 1 [26240/32000 (82%)]	Loss: 0.513543
Train Epoch: 1 [26880/32000 (84%)]	Loss: 0.611571
Train Epoch: 1 [27520/32000 (86%)]	Loss: 0.507632
Train Epoch: 1 [28160/32000 (88%)]	Loss: 0.560360
Train Epoch: 1 [28800/32000 (90%)]	Loss: 0.505249
Train Epoch: 1 [29440/32000 (92%)]	Loss: 0.507351
Train Epoch: 1 [30080/32000 (94%)]	Loss: 0.683828
Train Epoch: 1 [30720/32000 (96%)]	Loss: 0.631120
Train Epoch: 1 [31360/32000 (98%)]	Loss: 0.587967
Test set:
Overall: 42283/112000 (37.8%)
Train set:
Overall: 22975/32000 (71.8%)
Train Epoch: 2 [0/32000 (0%)]	Loss: 0.543984
Train Epoch: 2 [640/32000 (2%)]	Loss: 0.564772
Train Epoch: 2 [1280/32000 (4%)]	Loss: 0.509641
Train Epoch: 2 [1920/32000 (6%)]	Loss: 0.530978
Train Epoch: 2 [2560/32000 (8%)]	Loss: 0.554285
Train Epoch: 2 [3200/32000 (10%)]	Loss: 0.539698
Train Epoch: 2 [3840/32000 (12%)]	Loss: 0.506739
Train Epoch: 2 [4480/32000 (14%)]	Loss: 0.566253
Train Epoch: 2 [5120/32000 (16%)]	Loss: 0.527456
Train Epoch: 2 [5760/32000 (18%)]	Loss: 0.595953
Train Epoch: 2 [6400/32000 (20%)]	Loss: 0.489602
Train Epoch: 2 [7040/32000 (22%)]	Loss: 0.532374
Train Epoch: 2 [7680/32000 (24%)]	Loss: 0.608589
Train Epoch: 2 [8320/32000 (26%)]	Loss: 0.567813
Train Epoch: 2 [8960/32000 (28%)]	Loss: 0.537339
Train Epoch: 2 [9600/32000 (30%)]	Loss: 0.561549
Train Epoch: 2 [10240/32000 (32%)]	Loss: 0.508668
Train Epoch: 2 [10880/32000 (34%)]	Loss: 0.566181
Train Epoch: 2 [11520/32000 (36%)]	Loss: 0.571595
Train Epoch: 2 [12160/32000 (38%)]	Loss: 0.585070
Train Epoch: 2 [12800/32000 (40%)]	Loss: 0.635609
Train Epoch: 2 [13440/32000 (42%)]	Loss: 0.588010
Train Epoch: 2 [14080/32000 (44%)]	Loss: 0.538753
Train Epoch: 2 [14720/32000 (46%)]	Loss: 0.418529
Train Epoch: 2 [15360/32000 (48%)]	Loss: 0.449168
Train Epoch: 2 [16000/32000 (50%)]	Loss: 0.431490
Train Epoch: 2 [16640/32000 (52%)]	Loss: 0.538239
Train Epoch: 2 [17280/32000 (54%)]	Loss: 0.558577
Train Epoch: 2 [17920/32000 (56%)]	Loss: 0.556058
Train Epoch: 2 [18560/32000 (58%)]	Loss: 0.595719
Train Epoch: 2 [19200/32000 (60%)]	Loss: 0.564530
Train Epoch: 2 [19840/32000 (62%)]	Loss: 0.623220
Train Epoch: 2 [20480/32000 (64%)]	Loss: 0.613274
Train Epoch: 2 [21120/32000 (66%)]	Loss: 0.483320
Train Epoch: 2 [21760/32000 (68%)]	Loss: 0.537713
Train Epoch: 2 [22400/32000 (70%)]	Loss: 0.652764
Train Epoch: 2 [23040/32000 (72%)]	Loss: 0.415590
Train Epoch: 2 [23680/32000 (74%)]	Loss: 0.468469
Train Epoch: 2 [24320/32000 (76%)]	Loss: 0.514029
Train Epoch: 2 [24960/32000 (78%)]	Loss: 0.500197
Train Epoch: 2 [25600/32000 (80%)]	Loss: 0.612710
Train Epoch: 2 [26240/32000 (82%)]	Loss: 0.506046
Train Epoch: 2 [26880/32000 (84%)]	Loss: 0.500991
Train Epoch: 2 [27520/32000 (86%)]	Loss: 0.460293
Train Epoch: 2 [28160/32000 (88%)]	Loss: 0.639607
Train Epoch: 2 [28800/32000 (90%)]	Loss: 0.456186
Train Epoch: 2 [29440/32000 (92%)]	Loss: 0.484311
Train Epoch: 2 [30080/32000 (94%)]	Loss: 0.495167
Train Epoch: 2 [30720/32000 (96%)]	Loss: 0.548358
Train Epoch: 2 [31360/32000 (98%)]	Loss: 0.523679
Test set:
Overall: 41159/112000 (36.7%)
Train set:
Overall: 24124/32000 (75.4%)
Train Epoch: 3 [0/32000 (0%)]	Loss: 0.481612
Train Epoch: 3 [640/32000 (2%)]	Loss: 0.497031
Train Epoch: 3 [1280/32000 (4%)]	Loss: 0.489445
Train Epoch: 3 [1920/32000 (6%)]	Loss: 0.524693
Train Epoch: 3 [2560/32000 (8%)]	Loss: 0.430780
Train Epoch: 3 [3200/32000 (10%)]	Loss: 0.406316
Train Epoch: 3 [3840/32000 (12%)]	Loss: 0.426288
Train Epoch: 3 [4480/32000 (14%)]	Loss: 0.512736
Train Epoch: 3 [5120/32000 (16%)]	Loss: 0.410510
Train Epoch: 3 [5760/32000 (18%)]	Loss: 0.534045
Train Epoch: 3 [6400/32000 (20%)]	Loss: 0.474717
Train Epoch: 3 [7040/32000 (22%)]	Loss: 0.421834
Train Epoch: 3 [7680/32000 (24%)]	Loss: 0.426384
Train Epoch: 3 [8320/32000 (26%)]	Loss: 0.631868
Train Epoch: 3 [8960/32000 (28%)]	Loss: 0.464618
Train Epoch: 3 [9600/32000 (30%)]	Loss: 0.554020
Train Epoch: 3 [10240/32000 (32%)]	Loss: 0.608868
Train Epoch: 3 [10880/32000 (34%)]	Loss: 0.560320
Train Epoch: 3 [11520/32000 (36%)]	Loss: 0.403781
Train Epoch: 3 [12160/32000 (38%)]	Loss: 0.525124
Train Epoch: 3 [12800/32000 (40%)]	Loss: 0.519455
Train Epoch: 3 [13440/32000 (42%)]	Loss: 0.573883
Train Epoch: 3 [14080/32000 (44%)]	Loss: 0.463711
Train Epoch: 3 [14720/32000 (46%)]	Loss: 0.454666
Train Epoch: 3 [15360/32000 (48%)]	Loss: 0.539443
Train Epoch: 3 [16000/32000 (50%)]	Loss: 0.602244
Train Epoch: 3 [16640/32000 (52%)]	Loss: 0.468269
Train Epoch: 3 [17280/32000 (54%)]	Loss: 0.522854
Train Epoch: 3 [17920/32000 (56%)]	Loss: 0.392743
Train Epoch: 3 [18560/32000 (58%)]	Loss: 0.559548
Train Epoch: 3 [19200/32000 (60%)]	Loss: 0.497853
Train Epoch: 3 [19840/32000 (62%)]	Loss: 0.474443
Train Epoch: 3 [20480/32000 (64%)]	Loss: 0.384372
Train Epoch: 3 [21120/32000 (66%)]	Loss: 0.498612
Train Epoch: 3 [21760/32000 (68%)]	Loss: 0.433295
Train Epoch: 3 [22400/32000 (70%)]	Loss: 0.557756
Train Epoch: 3 [23040/32000 (72%)]	Loss: 0.465382
Train Epoch: 3 [23680/32000 (74%)]	Loss: 0.528773
Train Epoch: 3 [24320/32000 (76%)]	Loss: 0.510306
Train Epoch: 3 [24960/32000 (78%)]	Loss: 0.559085
Train Epoch: 3 [25600/32000 (80%)]	Loss: 0.493300
Train Epoch: 3 [26240/32000 (82%)]	Loss: 0.505630
Train Epoch: 3 [26880/32000 (84%)]	Loss: 0.581055
Train Epoch: 3 [27520/32000 (86%)]	Loss: 0.440020
Train Epoch: 3 [28160/32000 (88%)]	Loss: 0.472246
Train Epoch: 3 [28800/32000 (90%)]	Loss: 0.564556
Train Epoch: 3 [29440/32000 (92%)]	Loss: 0.495996
Train Epoch: 3 [30080/32000 (94%)]	Loss: 0.523113
Train Epoch: 3 [30720/32000 (96%)]	Loss: 0.425928
Train Epoch: 3 [31360/32000 (98%)]	Loss: 0.502671
Test set:
Overall: 40397/112000 (36.1%)
Train set:
Overall: 25232/32000 (78.8%)
Train Epoch: 4 [0/32000 (0%)]	Loss: 0.468086
Train Epoch: 4 [640/32000 (2%)]	Loss: 0.472112
Train Epoch: 4 [1280/32000 (4%)]	Loss: 0.453075
Train Epoch: 4 [1920/32000 (6%)]	Loss: 0.448181
Train Epoch: 4 [2560/32000 (8%)]	Loss: 0.548353
Train Epoch: 4 [3200/32000 (10%)]	Loss: 0.450171
Train Epoch: 4 [3840/32000 (12%)]	Loss: 0.430396
Train Epoch: 4 [4480/32000 (14%)]	Loss: 0.401598
Train Epoch: 4 [5120/32000 (16%)]	Loss: 0.535578
Train Epoch: 4 [5760/32000 (18%)]	Loss: 0.460866
