Running on ax10.rc.zi.columbia.edu
Conv layers frozen
Train Epoch: 1 [0/36000 (0%)]	Loss: 0.688699
Train Epoch: 1 [2560/36000 (7%)]	Loss: 0.684091
Train Epoch: 1 [5120/36000 (14%)]	Loss: 0.651491
Train Epoch: 1 [7680/36000 (21%)]	Loss: 0.640019
Train Epoch: 1 [10240/36000 (28%)]	Loss: 0.639237
Train Epoch: 1 [12800/36000 (35%)]	Loss: 0.620583
Train Epoch: 1 [15360/36000 (43%)]	Loss: 0.659764
Train Epoch: 1 [17920/36000 (50%)]	Loss: 0.563409
Train Epoch: 1 [20480/36000 (57%)]	Loss: 0.561698
Train Epoch: 1 [23040/36000 (64%)]	Loss: 0.537512
Train Epoch: 1 [25600/36000 (71%)]	Loss: 0.551945
Train Epoch: 1 [28160/36000 (78%)]	Loss: 0.494350
Train Epoch: 1 [30720/36000 (85%)]	Loss: 0.510790
Train Epoch: 1 [33280/36000 (92%)]	Loss: 0.447529
Train Epoch: 1 [22400/36000 (99%)]	Loss: 0.504443
Train Epoch: 2 [0/36000 (0%)]	Loss: 0.409156
Train Epoch: 2 [2560/36000 (7%)]	Loss: 0.440899
Train Epoch: 2 [5120/36000 (14%)]	Loss: 0.404749
Train Epoch: 2 [7680/36000 (21%)]	Loss: 0.413989
Train Epoch: 2 [10240/36000 (28%)]	Loss: 0.368223
Train Epoch: 2 [12800/36000 (35%)]	Loss: 0.345974
Train Epoch: 2 [15360/36000 (43%)]	Loss: 0.338621
Train Epoch: 2 [17920/36000 (50%)]	Loss: 0.368038
Train Epoch: 2 [20480/36000 (57%)]	Loss: 0.346166
Train Epoch: 2 [23040/36000 (64%)]	Loss: 0.407040
Train Epoch: 2 [25600/36000 (71%)]	Loss: 0.331411
Train Epoch: 2 [28160/36000 (78%)]	Loss: 0.328645
Train Epoch: 2 [30720/36000 (85%)]	Loss: 0.342157
Train Epoch: 2 [33280/36000 (92%)]	Loss: 0.304557
Train Epoch: 2 [22400/36000 (99%)]	Loss: 0.300189
Train Epoch: 3 [0/36000 (0%)]	Loss: 0.265319
Train Epoch: 3 [2560/36000 (7%)]	Loss: 0.303733
Train Epoch: 3 [5120/36000 (14%)]	Loss: 0.307343
Train Epoch: 3 [7680/36000 (21%)]	Loss: 0.335341
Train Epoch: 3 [10240/36000 (28%)]	Loss: 0.305257
Train Epoch: 3 [12800/36000 (35%)]	Loss: 0.318835
Train Epoch: 3 [15360/36000 (43%)]	Loss: 0.219452
Train Epoch: 3 [17920/36000 (50%)]	Loss: 0.237906
Train Epoch: 3 [20480/36000 (57%)]	Loss: 0.231431
Train Epoch: 3 [23040/36000 (64%)]	Loss: 0.217246
Train Epoch: 3 [25600/36000 (71%)]	Loss: 0.227118
Train Epoch: 3 [28160/36000 (78%)]	Loss: 0.230768
Train Epoch: 3 [30720/36000 (85%)]	Loss: 0.263313
Train Epoch: 3 [33280/36000 (92%)]	Loss: 0.278601
Train Epoch: 3 [22400/36000 (99%)]	Loss: 0.296218
Train Epoch: 4 [0/36000 (0%)]	Loss: 0.210413
Train Epoch: 4 [2560/36000 (7%)]	Loss: 0.230763
Train Epoch: 4 [5120/36000 (14%)]	Loss: 0.197548
Train Epoch: 4 [7680/36000 (21%)]	Loss: 0.203812
Train Epoch: 4 [10240/36000 (28%)]	Loss: 0.247810
Train Epoch: 4 [12800/36000 (35%)]	Loss: 0.213943
Train Epoch: 4 [15360/36000 (43%)]	Loss: 0.212200
Train Epoch: 4 [17920/36000 (50%)]	Loss: 0.209995
Train Epoch: 4 [20480/36000 (57%)]	Loss: 0.213954
Train Epoch: 4 [23040/36000 (64%)]	Loss: 0.204172
Train Epoch: 4 [25600/36000 (71%)]	Loss: 0.219090
Train Epoch: 4 [28160/36000 (78%)]	Loss: 0.220217
Train Epoch: 4 [30720/36000 (85%)]	Loss: 0.212217
Train Epoch: 4 [33280/36000 (92%)]	Loss: 0.183921
Train Epoch: 4 [22400/36000 (99%)]	Loss: 0.138160
Train Epoch: 5 [0/36000 (0%)]	Loss: 0.213222
Train Epoch: 5 [2560/36000 (7%)]	Loss: 0.191850
Train Epoch: 5 [5120/36000 (14%)]	Loss: 0.211685
Train Epoch: 5 [7680/36000 (21%)]	Loss: 0.199133
Train Epoch: 5 [10240/36000 (28%)]	Loss: 0.219670
Train Epoch: 5 [12800/36000 (35%)]	Loss: 0.208848
Train Epoch: 5 [15360/36000 (43%)]	Loss: 0.160882
Train Epoch: 5 [17920/36000 (50%)]	Loss: 0.203481
Train Epoch: 5 [20480/36000 (57%)]	Loss: 0.183540
Train Epoch: 5 [23040/36000 (64%)]	Loss: 0.214394
Train Epoch: 5 [25600/36000 (71%)]	Loss: 0.168067
Train Epoch: 5 [28160/36000 (78%)]	Loss: 0.175983
Train Epoch: 5 [30720/36000 (85%)]	Loss: 0.158455
Train Epoch: 5 [33280/36000 (92%)]	Loss: 0.180168
Train Epoch: 5 [22400/36000 (99%)]	Loss: 0.105970
Test set (epoch 5):
Train set (epoch 5):
Train Epoch: 6 [0/36000 (0%)]	Loss: 0.183643
Train Epoch: 6 [2560/36000 (7%)]	Loss: 0.186227
Train Epoch: 6 [5120/36000 (14%)]	Loss: 0.177324
Train Epoch: 6 [7680/36000 (21%)]	Loss: 0.171073
Train Epoch: 6 [10240/36000 (28%)]	Loss: 0.127897
Train Epoch: 6 [12800/36000 (35%)]	Loss: 0.210945
Train Epoch: 6 [15360/36000 (43%)]	Loss: 0.225718
Train Epoch: 6 [17920/36000 (50%)]	Loss: 0.134536
Train Epoch: 6 [20480/36000 (57%)]	Loss: 0.148785
Train Epoch: 6 [23040/36000 (64%)]	Loss: 0.206753
Train Epoch: 6 [25600/36000 (71%)]	Loss: 0.147478
Train Epoch: 6 [28160/36000 (78%)]	Loss: 0.186844
Train Epoch: 6 [30720/36000 (85%)]	Loss: 0.154880
Train Epoch: 6 [33280/36000 (92%)]	Loss: 0.179466
Train Epoch: 6 [22400/36000 (99%)]	Loss: 0.110315
Train Epoch: 7 [0/36000 (0%)]	Loss: 0.150514
Train Epoch: 7 [2560/36000 (7%)]	Loss: 0.173841
Train Epoch: 7 [5120/36000 (14%)]	Loss: 0.196588
Train Epoch: 7 [7680/36000 (21%)]	Loss: 0.146196
Train Epoch: 7 [10240/36000 (28%)]	Loss: 0.161876
Train Epoch: 7 [12800/36000 (35%)]	Loss: 0.134652
Train Epoch: 7 [15360/36000 (43%)]	Loss: 0.152211
Train Epoch: 7 [17920/36000 (50%)]	Loss: 0.156133
Train Epoch: 7 [20480/36000 (57%)]	Loss: 0.137759
Train Epoch: 7 [23040/36000 (64%)]	Loss: 0.129955
Train Epoch: 7 [25600/36000 (71%)]	Loss: 0.102258
Train Epoch: 7 [28160/36000 (78%)]	Loss: 0.196600
Train Epoch: 7 [30720/36000 (85%)]	Loss: 0.169834
Train Epoch: 7 [33280/36000 (92%)]	Loss: 0.170816
Train Epoch: 7 [22400/36000 (99%)]	Loss: 0.205815
Train Epoch: 8 [0/36000 (0%)]	Loss: 0.153383
Train Epoch: 8 [2560/36000 (7%)]	Loss: 0.156744
Train Epoch: 8 [5120/36000 (14%)]	Loss: 0.179620
Train Epoch: 8 [7680/36000 (21%)]	Loss: 0.111269
Train Epoch: 8 [10240/36000 (28%)]	Loss: 0.152865
Train Epoch: 8 [12800/36000 (35%)]	Loss: 0.144599
Train Epoch: 8 [15360/36000 (43%)]	Loss: 0.133479
Train Epoch: 8 [17920/36000 (50%)]	Loss: 0.202565
Train Epoch: 8 [20480/36000 (57%)]	Loss: 0.188325
Train Epoch: 8 [23040/36000 (64%)]	Loss: 0.117170
Train Epoch: 8 [25600/36000 (71%)]	Loss: 0.138250
Train Epoch: 8 [28160/36000 (78%)]	Loss: 0.150924
Train Epoch: 8 [30720/36000 (85%)]	Loss: 0.184910
Train Epoch: 8 [33280/36000 (92%)]	Loss: 0.168352
Train Epoch: 8 [22400/36000 (99%)]	Loss: 0.151249
Train Epoch: 9 [0/36000 (0%)]	Loss: 0.171393
Train Epoch: 9 [2560/36000 (7%)]	Loss: 0.139094
Train Epoch: 9 [5120/36000 (14%)]	Loss: 0.120509
Train Epoch: 9 [7680/36000 (21%)]	Loss: 0.238070
Train Epoch: 9 [10240/36000 (28%)]	Loss: 0.119543
Train Epoch: 9 [12800/36000 (35%)]	Loss: 0.133446
Train Epoch: 9 [15360/36000 (43%)]	Loss: 0.182295
Train Epoch: 9 [17920/36000 (50%)]	Loss: 0.139240
Train Epoch: 9 [20480/36000 (57%)]	Loss: 0.152770
Train Epoch: 9 [23040/36000 (64%)]	Loss: 0.127321
Train Epoch: 9 [25600/36000 (71%)]	Loss: 0.101705
Train Epoch: 9 [28160/36000 (78%)]	Loss: 0.158530
Train Epoch: 9 [30720/36000 (85%)]	Loss: 0.110410
Train Epoch: 9 [33280/36000 (92%)]	Loss: 0.181152
Train Epoch: 9 [22400/36000 (99%)]	Loss: 0.097027
Train Epoch: 10 [0/36000 (0%)]	Loss: 0.129367
Train Epoch: 10 [2560/36000 (7%)]	Loss: 0.153214
Train Epoch: 10 [5120/36000 (14%)]	Loss: 0.117227
Train Epoch: 10 [7680/36000 (21%)]	Loss: 0.124374
Train Epoch: 10 [10240/36000 (28%)]	Loss: 0.095929
Train Epoch: 10 [12800/36000 (35%)]	Loss: 0.164907
Train Epoch: 10 [15360/36000 (43%)]	Loss: 0.123408
Train Epoch: 10 [17920/36000 (50%)]	Loss: 0.177421
Train Epoch: 10 [20480/36000 (57%)]	Loss: 0.133870
Train Epoch: 10 [23040/36000 (64%)]	Loss: 0.100514
Train Epoch: 10 [25600/36000 (71%)]	Loss: 0.118655
Train Epoch: 10 [28160/36000 (78%)]	Loss: 0.109758
Train Epoch: 10 [30720/36000 (85%)]	Loss: 0.121825
Train Epoch: 10 [33280/36000 (92%)]	Loss: 0.111669
Train Epoch: 10 [22400/36000 (99%)]	Loss: 0.090790
Test set (epoch 10):
Train set (epoch 10):
Train Epoch: 11 [0/36000 (0%)]	Loss: 0.144159
Train Epoch: 11 [2560/36000 (7%)]	Loss: 0.112466
Train Epoch: 11 [5120/36000 (14%)]	Loss: 0.081576
Train Epoch: 11 [7680/36000 (21%)]	Loss: 0.066428
Train Epoch: 11 [10240/36000 (28%)]	Loss: 0.112809
Train Epoch: 11 [12800/36000 (35%)]	Loss: 0.094969
Train Epoch: 11 [15360/36000 (43%)]	Loss: 0.082477
Train Epoch: 11 [17920/36000 (50%)]	Loss: 0.124963
Train Epoch: 11 [20480/36000 (57%)]	Loss: 0.116553
Train Epoch: 11 [23040/36000 (64%)]	Loss: 0.111606
Train Epoch: 11 [25600/36000 (71%)]	Loss: 0.076016
Train Epoch: 11 [28160/36000 (78%)]	Loss: 0.102348
Train Epoch: 11 [30720/36000 (85%)]	Loss: 0.122673
Train Epoch: 11 [33280/36000 (92%)]	Loss: 0.110764
Train Epoch: 11 [22400/36000 (99%)]	Loss: 0.074730
Train Epoch: 12 [0/36000 (0%)]	Loss: 0.119367
Train Epoch: 12 [2560/36000 (7%)]	Loss: 0.150316
Train Epoch: 12 [5120/36000 (14%)]	Loss: 0.095800
Train Epoch: 12 [7680/36000 (21%)]	Loss: 0.116710
Train Epoch: 12 [10240/36000 (28%)]	Loss: 0.097725
Train Epoch: 12 [12800/36000 (35%)]	Loss: 0.061652
Train Epoch: 12 [15360/36000 (43%)]	Loss: 0.090316
Train Epoch: 12 [17920/36000 (50%)]	Loss: 0.112643
Train Epoch: 12 [20480/36000 (57%)]	Loss: 0.141254
Train Epoch: 12 [23040/36000 (64%)]	Loss: 0.116688
Train Epoch: 12 [25600/36000 (71%)]	Loss: 0.099040
Train Epoch: 12 [28160/36000 (78%)]	Loss: 0.144869
Train Epoch: 12 [30720/36000 (85%)]	Loss: 0.115253
Train Epoch: 12 [33280/36000 (92%)]	Loss: 0.083105
Train Epoch: 12 [22400/36000 (99%)]	Loss: 0.091565
Train Epoch: 13 [0/36000 (0%)]	Loss: 0.150265
Train Epoch: 13 [2560/36000 (7%)]	Loss: 0.101564
Train Epoch: 13 [5120/36000 (14%)]	Loss: 0.106566
Train Epoch: 13 [7680/36000 (21%)]	Loss: 0.158384
Train Epoch: 13 [10240/36000 (28%)]	Loss: 0.078480
Train Epoch: 13 [12800/36000 (35%)]	Loss: 0.131982
Train Epoch: 13 [15360/36000 (43%)]	Loss: 0.104172
Train Epoch: 13 [17920/36000 (50%)]	Loss: 0.115669
Train Epoch: 13 [20480/36000 (57%)]	Loss: 0.110033
Train Epoch: 13 [23040/36000 (64%)]	Loss: 0.067180
Train Epoch: 13 [25600/36000 (71%)]	Loss: 0.093261
Train Epoch: 13 [28160/36000 (78%)]	Loss: 0.115574
Train Epoch: 13 [30720/36000 (85%)]	Loss: 0.156890
Train Epoch: 13 [33280/36000 (92%)]	Loss: 0.092235
Train Epoch: 13 [22400/36000 (99%)]	Loss: 0.088230
Train Epoch: 14 [0/36000 (0%)]	Loss: 0.132524
Train Epoch: 14 [2560/36000 (7%)]	Loss: 0.080920
Train Epoch: 14 [5120/36000 (14%)]	Loss: 0.102862
Train Epoch: 14 [7680/36000 (21%)]	Loss: 0.092483
Train Epoch: 14 [10240/36000 (28%)]	Loss: 0.084165
Train Epoch: 14 [12800/36000 (35%)]	Loss: 0.114465
Train Epoch: 14 [15360/36000 (43%)]	Loss: 0.116516
Train Epoch: 14 [17920/36000 (50%)]	Loss: 0.126448
Train Epoch: 14 [20480/36000 (57%)]	Loss: 0.112127
Train Epoch: 14 [23040/36000 (64%)]	Loss: 0.090255
Train Epoch: 14 [25600/36000 (71%)]	Loss: 0.078133
Train Epoch: 14 [28160/36000 (78%)]	Loss: 0.140584
Train Epoch: 14 [30720/36000 (85%)]	Loss: 0.127625
Train Epoch: 14 [33280/36000 (92%)]	Loss: 0.086915
Train Epoch: 14 [22400/36000 (99%)]	Loss: 0.101836
Train Epoch: 15 [0/36000 (0%)]	Loss: 0.088815
Train Epoch: 15 [2560/36000 (7%)]	Loss: 0.177499
Train Epoch: 15 [5120/36000 (14%)]	Loss: 0.103269
Train Epoch: 15 [7680/36000 (21%)]	Loss: 0.154034
Train Epoch: 15 [10240/36000 (28%)]	Loss: 0.083724
Train Epoch: 15 [12800/36000 (35%)]	Loss: 0.122314
Train Epoch: 15 [15360/36000 (43%)]	Loss: 0.079545
Train Epoch: 15 [17920/36000 (50%)]	Loss: 0.096578
Train Epoch: 15 [20480/36000 (57%)]	Loss: 0.065548
Train Epoch: 15 [23040/36000 (64%)]	Loss: 0.097839
Train Epoch: 15 [25600/36000 (71%)]	Loss: 0.136438
Train Epoch: 15 [28160/36000 (78%)]	Loss: 0.136647
Train Epoch: 15 [30720/36000 (85%)]	Loss: 0.128309
Train Epoch: 15 [33280/36000 (92%)]	Loss: 0.070657
Train Epoch: 15 [22400/36000 (99%)]	Loss: 0.148081
Test set (epoch 15):
Train set (epoch 15):
Train Epoch: 16 [0/36000 (0%)]	Loss: 0.090002
Train Epoch: 16 [2560/36000 (7%)]	Loss: 0.084180
Train Epoch: 16 [5120/36000 (14%)]	Loss: 0.113731
Train Epoch: 16 [7680/36000 (21%)]	Loss: 0.112203
Train Epoch: 16 [10240/36000 (28%)]	Loss: 0.107370
Train Epoch: 16 [12800/36000 (35%)]	Loss: 0.157082
Train Epoch: 16 [15360/36000 (43%)]	Loss: 0.104166
Train Epoch: 16 [17920/36000 (50%)]	Loss: 0.114031
Train Epoch: 16 [20480/36000 (57%)]	Loss: 0.085250
Train Epoch: 16 [23040/36000 (64%)]	Loss: 0.159009
Train Epoch: 16 [25600/36000 (71%)]	Loss: 0.126934
Train Epoch: 16 [28160/36000 (78%)]	Loss: 0.150488
Train Epoch: 16 [30720/36000 (85%)]	Loss: 0.170253
Train Epoch: 16 [33280/36000 (92%)]	Loss: 0.063741
Train Epoch: 16 [22400/36000 (99%)]	Loss: 0.078164
Train Epoch: 17 [0/36000 (0%)]	Loss: 0.118992
Train Epoch: 17 [2560/36000 (7%)]	Loss: 0.093258
Train Epoch: 17 [5120/36000 (14%)]	Loss: 0.105405
Train Epoch: 17 [7680/36000 (21%)]	Loss: 0.076391
Train Epoch: 17 [10240/36000 (28%)]	Loss: 0.091906
Train Epoch: 17 [12800/36000 (35%)]	Loss: 0.061963
Train Epoch: 17 [15360/36000 (43%)]	Loss: 0.097460
Train Epoch: 17 [17920/36000 (50%)]	Loss: 0.111540
Train Epoch: 17 [20480/36000 (57%)]	Loss: 0.135662
Train Epoch: 17 [23040/36000 (64%)]	Loss: 0.113321
Train Epoch: 17 [25600/36000 (71%)]	Loss: 0.086597
Train Epoch: 17 [28160/36000 (78%)]	Loss: 0.099104
Train Epoch: 17 [30720/36000 (85%)]	Loss: 0.072278
Train Epoch: 17 [33280/36000 (92%)]	Loss: 0.088562
Train Epoch: 17 [22400/36000 (99%)]	Loss: 0.057852
Train Epoch: 18 [0/36000 (0%)]	Loss: 0.108578
Train Epoch: 18 [2560/36000 (7%)]	Loss: 0.089444
Train Epoch: 18 [5120/36000 (14%)]	Loss: 0.074339
Train Epoch: 18 [7680/36000 (21%)]	Loss: 0.060624
Train Epoch: 18 [10240/36000 (28%)]	Loss: 0.067095
Train Epoch: 18 [12800/36000 (35%)]	Loss: 0.112679
Train Epoch: 18 [15360/36000 (43%)]	Loss: 0.070556
Train Epoch: 18 [17920/36000 (50%)]	Loss: 0.106907
Train Epoch: 18 [20480/36000 (57%)]	Loss: 0.161438
Train Epoch: 18 [23040/36000 (64%)]	Loss: 0.126828
Train Epoch: 18 [25600/36000 (71%)]	Loss: 0.132437
Train Epoch: 18 [28160/36000 (78%)]	Loss: 0.068104
Train Epoch: 18 [30720/36000 (85%)]	Loss: 0.109500
Train Epoch: 18 [33280/36000 (92%)]	Loss: 0.107575
Train Epoch: 18 [22400/36000 (99%)]	Loss: 0.080162
Train Epoch: 19 [0/36000 (0%)]	Loss: 0.063888
Train Epoch: 19 [2560/36000 (7%)]	Loss: 0.107022
Train Epoch: 19 [5120/36000 (14%)]	Loss: 0.123239
Train Epoch: 19 [7680/36000 (21%)]	Loss: 0.060100
Train Epoch: 19 [10240/36000 (28%)]	Loss: 0.104507
Train Epoch: 19 [12800/36000 (35%)]	Loss: 0.099650
Train Epoch: 19 [15360/36000 (43%)]	Loss: 0.089669
Train Epoch: 19 [17920/36000 (50%)]	Loss: 0.088222
Train Epoch: 19 [20480/36000 (57%)]	Loss: 0.107307
Train Epoch: 19 [23040/36000 (64%)]	Loss: 0.128303
Train Epoch: 19 [25600/36000 (71%)]	Loss: 0.115316
Train Epoch: 19 [28160/36000 (78%)]	Loss: 0.058653
Train Epoch: 19 [30720/36000 (85%)]	Loss: 0.085215
Train Epoch: 19 [33280/36000 (92%)]	Loss: 0.085589
Train Epoch: 19 [22400/36000 (99%)]	Loss: 0.109349
Train Epoch: 20 [0/36000 (0%)]	Loss: 0.082616
Train Epoch: 20 [2560/36000 (7%)]	Loss: 0.081476
Train Epoch: 20 [5120/36000 (14%)]	Loss: 0.074629
Train Epoch: 20 [7680/36000 (21%)]	Loss: 0.078016
Train Epoch: 20 [10240/36000 (28%)]	Loss: 0.051103
Train Epoch: 20 [12800/36000 (35%)]	Loss: 0.106839
Train Epoch: 20 [15360/36000 (43%)]	Loss: 0.077088
Train Epoch: 20 [17920/36000 (50%)]	Loss: 0.096164
Train Epoch: 20 [20480/36000 (57%)]	Loss: 0.114905
Train Epoch: 20 [23040/36000 (64%)]	Loss: 0.077523
Train Epoch: 20 [25600/36000 (71%)]	Loss: 0.070957
Train Epoch: 20 [28160/36000 (78%)]	Loss: 0.086164
Train Epoch: 20 [30720/36000 (85%)]	Loss: 0.070963
Train Epoch: 20 [33280/36000 (92%)]	Loss: 0.120131
Train Epoch: 20 [22400/36000 (99%)]	Loss: 0.094584
Test set (epoch 20):
Train set (epoch 20):
Train Epoch: 21 [0/36000 (0%)]	Loss: 0.062881
Train Epoch: 21 [2560/36000 (7%)]	Loss: 0.092731
Train Epoch: 21 [5120/36000 (14%)]	Loss: 0.096919
Train Epoch: 21 [7680/36000 (21%)]	Loss: 0.115001
Train Epoch: 21 [10240/36000 (28%)]	Loss: 0.112120
Train Epoch: 21 [12800/36000 (35%)]	Loss: 0.073965
Train Epoch: 21 [15360/36000 (43%)]	Loss: 0.074954
Train Epoch: 21 [17920/36000 (50%)]	Loss: 0.107879
Train Epoch: 21 [20480/36000 (57%)]	Loss: 0.112333
Train Epoch: 21 [23040/36000 (64%)]	Loss: 0.086808
Train Epoch: 21 [25600/36000 (71%)]	Loss: 0.092666
Train Epoch: 21 [28160/36000 (78%)]	Loss: 0.086362
Train Epoch: 21 [30720/36000 (85%)]	Loss: 0.083587
Train Epoch: 21 [33280/36000 (92%)]	Loss: 0.084263
Train Epoch: 21 [22400/36000 (99%)]	Loss: 0.096922
Train Epoch: 22 [0/36000 (0%)]	Loss: 0.048096
Train Epoch: 22 [2560/36000 (7%)]	Loss: 0.079178
Train Epoch: 22 [5120/36000 (14%)]	Loss: 0.065770
Train Epoch: 22 [7680/36000 (21%)]	Loss: 0.089910
Train Epoch: 22 [10240/36000 (28%)]	Loss: 0.076208
Train Epoch: 22 [12800/36000 (35%)]	Loss: 0.064244
Train Epoch: 22 [15360/36000 (43%)]	Loss: 0.126352
Train Epoch: 22 [17920/36000 (50%)]	Loss: 0.085839
Train Epoch: 22 [20480/36000 (57%)]	Loss: 0.050830
Train Epoch: 22 [23040/36000 (64%)]	Loss: 0.111684
Train Epoch: 22 [25600/36000 (71%)]	Loss: 0.119330
Train Epoch: 22 [28160/36000 (78%)]	Loss: 0.079577
Train Epoch: 22 [30720/36000 (85%)]	Loss: 0.115020
Train Epoch: 22 [33280/36000 (92%)]	Loss: 0.104694
Train Epoch: 22 [22400/36000 (99%)]	Loss: 0.174937
Train Epoch: 23 [0/36000 (0%)]	Loss: 0.120857
Train Epoch: 23 [2560/36000 (7%)]	Loss: 0.083614
Train Epoch: 23 [5120/36000 (14%)]	Loss: 0.114981
Train Epoch: 23 [7680/36000 (21%)]	Loss: 0.055152
Train Epoch: 23 [10240/36000 (28%)]	Loss: 0.080282
Train Epoch: 23 [12800/36000 (35%)]	Loss: 0.072474
Train Epoch: 23 [15360/36000 (43%)]	Loss: 0.065363
Train Epoch: 23 [17920/36000 (50%)]	Loss: 0.058195
Train Epoch: 23 [20480/36000 (57%)]	Loss: 0.132310
Train Epoch: 23 [23040/36000 (64%)]	Loss: 0.075519
Train Epoch: 23 [25600/36000 (71%)]	Loss: 0.100152
Train Epoch: 23 [28160/36000 (78%)]	Loss: 0.074103
Train Epoch: 23 [30720/36000 (85%)]	Loss: 0.087710
Train Epoch: 23 [33280/36000 (92%)]	Loss: 0.064809
Train Epoch: 23 [22400/36000 (99%)]	Loss: 0.113030
Train Epoch: 24 [0/36000 (0%)]	Loss: 0.069966
Train Epoch: 24 [2560/36000 (7%)]	Loss: 0.060984
Train Epoch: 24 [5120/36000 (14%)]	Loss: 0.064538
Train Epoch: 24 [7680/36000 (21%)]	Loss: 0.095242
Train Epoch: 24 [10240/36000 (28%)]	Loss: 0.105286
Train Epoch: 24 [12800/36000 (35%)]	Loss: 0.082699
Train Epoch: 24 [15360/36000 (43%)]	Loss: 0.120297
Train Epoch: 24 [17920/36000 (50%)]	Loss: 0.122457
Train Epoch: 24 [20480/36000 (57%)]	Loss: 0.079033
Train Epoch: 24 [23040/36000 (64%)]	Loss: 0.049670
Train Epoch: 24 [25600/36000 (71%)]	Loss: 0.089818
Train Epoch: 24 [28160/36000 (78%)]	Loss: 0.142086
Train Epoch: 24 [30720/36000 (85%)]	Loss: 0.082961
Train Epoch: 24 [33280/36000 (92%)]	Loss: 0.069355
Train Epoch: 24 [22400/36000 (99%)]	Loss: 0.072961
Train Epoch: 25 [0/36000 (0%)]	Loss: 0.092999
Train Epoch: 25 [2560/36000 (7%)]	Loss: 0.039876
Train Epoch: 25 [5120/36000 (14%)]	Loss: 0.078165
Train Epoch: 25 [7680/36000 (21%)]	Loss: 0.108211
Train Epoch: 25 [10240/36000 (28%)]	Loss: 0.046778
Train Epoch: 25 [12800/36000 (35%)]	Loss: 0.065012
Train Epoch: 25 [15360/36000 (43%)]	Loss: 0.035989
Train Epoch: 25 [17920/36000 (50%)]	Loss: 0.049073
Train Epoch: 25 [20480/36000 (57%)]	Loss: 0.095995
Train Epoch: 25 [23040/36000 (64%)]	Loss: 0.042241
Train Epoch: 25 [25600/36000 (71%)]	Loss: 0.081818
Train Epoch: 25 [28160/36000 (78%)]	Loss: 0.056032
Train Epoch: 25 [30720/36000 (85%)]	Loss: 0.051789
Train Epoch: 25 [33280/36000 (92%)]	Loss: 0.053833
Train Epoch: 25 [22400/36000 (99%)]	Loss: 0.103172
Test set (epoch 25):
Train set (epoch 25):
Train Epoch: 26 [0/36000 (0%)]	Loss: 0.066468
Train Epoch: 26 [2560/36000 (7%)]	Loss: 0.046779
Train Epoch: 26 [5120/36000 (14%)]	Loss: 0.090472
Train Epoch: 26 [7680/36000 (21%)]	Loss: 0.079019
Train Epoch: 26 [10240/36000 (28%)]	Loss: 0.069825
Train Epoch: 26 [12800/36000 (35%)]	Loss: 0.086401
Train Epoch: 26 [15360/36000 (43%)]	Loss: 0.097480
Train Epoch: 26 [17920/36000 (50%)]	Loss: 0.091799
Train Epoch: 26 [20480/36000 (57%)]	Loss: 0.067409
Train Epoch: 26 [23040/36000 (64%)]	Loss: 0.076360
Train Epoch: 26 [25600/36000 (71%)]	Loss: 0.072026
Train Epoch: 26 [28160/36000 (78%)]	Loss: 0.093849
Train Epoch: 26 [30720/36000 (85%)]	Loss: 0.087838
Train Epoch: 26 [33280/36000 (92%)]	Loss: 0.069934
Train Epoch: 26 [22400/36000 (99%)]	Loss: 0.066955
Train Epoch: 27 [0/36000 (0%)]	Loss: 0.054549
Train Epoch: 27 [2560/36000 (7%)]	Loss: 0.072319
Train Epoch: 27 [5120/36000 (14%)]	Loss: 0.038701
Train Epoch: 27 [7680/36000 (21%)]	Loss: 0.055092
Train Epoch: 27 [10240/36000 (28%)]	Loss: 0.059098
Train Epoch: 27 [12800/36000 (35%)]	Loss: 0.052363
Train Epoch: 27 [15360/36000 (43%)]	Loss: 0.055866
Train Epoch: 27 [17920/36000 (50%)]	Loss: 0.090783
Train Epoch: 27 [20480/36000 (57%)]	Loss: 0.087281
Train Epoch: 27 [23040/36000 (64%)]	Loss: 0.085289
Train Epoch: 27 [25600/36000 (71%)]	Loss: 0.078300
Train Epoch: 27 [28160/36000 (78%)]	Loss: 0.070878
Train Epoch: 27 [30720/36000 (85%)]	Loss: 0.066151
Train Epoch: 27 [33280/36000 (92%)]	Loss: 0.065584
Train Epoch: 27 [22400/36000 (99%)]	Loss: 0.109540
Train Epoch: 28 [0/36000 (0%)]	Loss: 0.082796
Train Epoch: 28 [2560/36000 (7%)]	Loss: 0.054988
Train Epoch: 28 [5120/36000 (14%)]	Loss: 0.088564
Train Epoch: 28 [7680/36000 (21%)]	Loss: 0.059753
Train Epoch: 28 [10240/36000 (28%)]	Loss: 0.065955
Train Epoch: 28 [12800/36000 (35%)]	Loss: 0.074630
Train Epoch: 28 [15360/36000 (43%)]	Loss: 0.048165
Train Epoch: 28 [17920/36000 (50%)]	Loss: 0.091188
Train Epoch: 28 [20480/36000 (57%)]	Loss: 0.100413
Train Epoch: 28 [23040/36000 (64%)]	Loss: 0.099250
Train Epoch: 28 [25600/36000 (71%)]	Loss: 0.068529
Train Epoch: 28 [28160/36000 (78%)]	Loss: 0.053125
Train Epoch: 28 [30720/36000 (85%)]	Loss: 0.075967
Train Epoch: 28 [33280/36000 (92%)]	Loss: 0.163765
Train Epoch: 28 [22400/36000 (99%)]	Loss: 0.080315
Train Epoch: 29 [0/36000 (0%)]	Loss: 0.045640
Train Epoch: 29 [2560/36000 (7%)]	Loss: 0.099378
Train Epoch: 29 [5120/36000 (14%)]	Loss: 0.076292
Train Epoch: 29 [7680/36000 (21%)]	Loss: 0.073281
Train Epoch: 29 [10240/36000 (28%)]	Loss: 0.056956
Train Epoch: 29 [12800/36000 (35%)]	Loss: 0.105854
Train Epoch: 29 [15360/36000 (43%)]	Loss: 0.090118
Train Epoch: 29 [17920/36000 (50%)]	Loss: 0.045180
Train Epoch: 29 [20480/36000 (57%)]	Loss: 0.067680
Train Epoch: 29 [23040/36000 (64%)]	Loss: 0.036648
Train Epoch: 29 [25600/36000 (71%)]	Loss: 0.071934
Train Epoch: 29 [28160/36000 (78%)]	Loss: 0.058271
Train Epoch: 29 [30720/36000 (85%)]	Loss: 0.080167
Train Epoch: 29 [33280/36000 (92%)]	Loss: 0.046525
Train Epoch: 29 [22400/36000 (99%)]	Loss: 0.119166
Train Epoch: 30 [0/36000 (0%)]	Loss: 0.107066
Train Epoch: 30 [2560/36000 (7%)]	Loss: 0.057423
Train Epoch: 30 [5120/36000 (14%)]	Loss: 0.058924
Train Epoch: 30 [7680/36000 (21%)]	Loss: 0.066331
Train Epoch: 30 [10240/36000 (28%)]	Loss: 0.074671
Train Epoch: 30 [12800/36000 (35%)]	Loss: 0.097136
Train Epoch: 30 [15360/36000 (43%)]	Loss: 0.072186
Train Epoch: 30 [17920/36000 (50%)]	Loss: 0.083753
Train Epoch: 30 [20480/36000 (57%)]	Loss: 0.074720
Train Epoch: 30 [23040/36000 (64%)]	Loss: 0.059937
Train Epoch: 30 [25600/36000 (71%)]	Loss: 0.073764
Train Epoch: 30 [28160/36000 (78%)]	Loss: 0.073102
Train Epoch: 30 [30720/36000 (85%)]	Loss: 0.071320
Train Epoch: 30 [33280/36000 (92%)]	Loss: 0.072908
Train Epoch: 30 [22400/36000 (99%)]	Loss: 0.086074
Test set (epoch 30):
Train set (epoch 30):
Train Epoch: 31 [0/36000 (0%)]	Loss: 0.076912
Train Epoch: 31 [2560/36000 (7%)]	Loss: 0.100063
Train Epoch: 31 [5120/36000 (14%)]	Loss: 0.078024
Train Epoch: 31 [7680/36000 (21%)]	Loss: 0.086611
Train Epoch: 31 [10240/36000 (28%)]	Loss: 0.088951
Train Epoch: 31 [12800/36000 (35%)]	Loss: 0.071939
Train Epoch: 31 [15360/36000 (43%)]	Loss: 0.050376
Train Epoch: 31 [17920/36000 (50%)]	Loss: 0.084068
Train Epoch: 31 [20480/36000 (57%)]	Loss: 0.079228
Train Epoch: 31 [23040/36000 (64%)]	Loss: 0.082790
Train Epoch: 31 [25600/36000 (71%)]	Loss: 0.105728
Train Epoch: 31 [28160/36000 (78%)]	Loss: 0.049801
Train Epoch: 31 [30720/36000 (85%)]	Loss: 0.036658
Train Epoch: 31 [33280/36000 (92%)]	Loss: 0.068852
Train Epoch: 31 [22400/36000 (99%)]	Loss: 0.076439
Train Epoch: 32 [0/36000 (0%)]	Loss: 0.066480
Train Epoch: 32 [2560/36000 (7%)]	Loss: 0.080441
Train Epoch: 32 [5120/36000 (14%)]	Loss: 0.079178
Train Epoch: 32 [7680/36000 (21%)]	Loss: 0.090174
Train Epoch: 32 [10240/36000 (28%)]	Loss: 0.080013
Train Epoch: 32 [12800/36000 (35%)]	Loss: 0.048166
Train Epoch: 32 [15360/36000 (43%)]	Loss: 0.059509
Train Epoch: 32 [17920/36000 (50%)]	Loss: 0.048860
Train Epoch: 32 [20480/36000 (57%)]	Loss: 0.090802
Train Epoch: 32 [23040/36000 (64%)]	Loss: 0.061348
Train Epoch: 32 [25600/36000 (71%)]	Loss: 0.082976
Train Epoch: 32 [28160/36000 (78%)]	Loss: 0.063043
Train Epoch: 32 [30720/36000 (85%)]	Loss: 0.073968
Train Epoch: 32 [33280/36000 (92%)]	Loss: 0.083251
Train Epoch: 32 [22400/36000 (99%)]	Loss: 0.091498
Train Epoch: 33 [0/36000 (0%)]	Loss: 0.045659
Train Epoch: 33 [2560/36000 (7%)]	Loss: 0.064569
Train Epoch: 33 [5120/36000 (14%)]	Loss: 0.079803
Train Epoch: 33 [7680/36000 (21%)]	Loss: 0.068527
Train Epoch: 33 [10240/36000 (28%)]	Loss: 0.089595
Train Epoch: 33 [12800/36000 (35%)]	Loss: 0.063815
Train Epoch: 33 [15360/36000 (43%)]	Loss: 0.049031
Train Epoch: 33 [17920/36000 (50%)]	Loss: 0.048649
Train Epoch: 33 [20480/36000 (57%)]	Loss: 0.054060
Train Epoch: 33 [23040/36000 (64%)]	Loss: 0.062327
Train Epoch: 33 [25600/36000 (71%)]	Loss: 0.035034
Train Epoch: 33 [28160/36000 (78%)]	Loss: 0.096819
Train Epoch: 33 [30720/36000 (85%)]	Loss: 0.059482
Train Epoch: 33 [33280/36000 (92%)]	Loss: 0.080647
Train Epoch: 33 [22400/36000 (99%)]	Loss: 0.032312
Train Epoch: 34 [0/36000 (0%)]	Loss: 0.085492
Train Epoch: 34 [2560/36000 (7%)]	Loss: 0.080669
Train Epoch: 34 [5120/36000 (14%)]	Loss: 0.073824
Train Epoch: 34 [7680/36000 (21%)]	Loss: 0.047443
Train Epoch: 34 [10240/36000 (28%)]	Loss: 0.095132
Train Epoch: 34 [12800/36000 (35%)]	Loss: 0.079198
Train Epoch: 34 [15360/36000 (43%)]	Loss: 0.059617
Train Epoch: 34 [17920/36000 (50%)]	Loss: 0.085652
Train Epoch: 34 [20480/36000 (57%)]	Loss: 0.083100
Train Epoch: 34 [23040/36000 (64%)]	Loss: 0.070326
Train Epoch: 34 [25600/36000 (71%)]	Loss: 0.049847
Train Epoch: 34 [28160/36000 (78%)]	Loss: 0.053832
Train Epoch: 34 [30720/36000 (85%)]	Loss: 0.049644
Train Epoch: 34 [33280/36000 (92%)]	Loss: 0.085352
Train Epoch: 34 [22400/36000 (99%)]	Loss: 0.099421
Train Epoch: 35 [0/36000 (0%)]	Loss: 0.051294
Train Epoch: 35 [2560/36000 (7%)]	Loss: 0.067217
Train Epoch: 35 [5120/36000 (14%)]	Loss: 0.081723
Train Epoch: 35 [7680/36000 (21%)]	Loss: 0.086165
Train Epoch: 35 [10240/36000 (28%)]	Loss: 0.042855
Train Epoch: 35 [12800/36000 (35%)]	Loss: 0.060547
Train Epoch: 35 [15360/36000 (43%)]	Loss: 0.055498
Train Epoch: 35 [17920/36000 (50%)]	Loss: 0.100237
Train Epoch: 35 [20480/36000 (57%)]	Loss: 0.043764
Train Epoch: 35 [23040/36000 (64%)]	Loss: 0.079551
Train Epoch: 35 [25600/36000 (71%)]	Loss: 0.075607
Train Epoch: 35 [28160/36000 (78%)]	Loss: 0.056171
Train Epoch: 35 [30720/36000 (85%)]	Loss: 0.085343
Train Epoch: 35 [33280/36000 (92%)]	Loss: 0.079745
Train Epoch: 35 [22400/36000 (99%)]	Loss: 0.088577
Test set (epoch 35):
Train set (epoch 35):
Train Epoch: 36 [0/36000 (0%)]	Loss: 0.040337
Train Epoch: 36 [2560/36000 (7%)]	Loss: 0.064278
Train Epoch: 36 [5120/36000 (14%)]	Loss: 0.057901
Train Epoch: 36 [7680/36000 (21%)]	Loss: 0.047970
Train Epoch: 36 [10240/36000 (28%)]	Loss: 0.061523
Train Epoch: 36 [12800/36000 (35%)]	Loss: 0.045097
Train Epoch: 36 [15360/36000 (43%)]	Loss: 0.035381
Train Epoch: 36 [17920/36000 (50%)]	Loss: 0.051432
Train Epoch: 36 [20480/36000 (57%)]	Loss: 0.071569
Train Epoch: 36 [23040/36000 (64%)]	Loss: 0.069902
Train Epoch: 36 [25600/36000 (71%)]	Loss: 0.077172
Train Epoch: 36 [28160/36000 (78%)]	Loss: 0.090118
Train Epoch: 36 [30720/36000 (85%)]	Loss: 0.053079
Train Epoch: 36 [33280/36000 (92%)]	Loss: 0.089115
Train Epoch: 36 [22400/36000 (99%)]	Loss: 0.073894
Train Epoch: 37 [0/36000 (0%)]	Loss: 0.054386
Train Epoch: 37 [2560/36000 (7%)]	Loss: 0.066517
Train Epoch: 37 [5120/36000 (14%)]	Loss: 0.070575
Train Epoch: 37 [7680/36000 (21%)]	Loss: 0.069994
Train Epoch: 37 [10240/36000 (28%)]	Loss: 0.079553
Train Epoch: 37 [12800/36000 (35%)]	Loss: 0.054185
Train Epoch: 37 [15360/36000 (43%)]	Loss: 0.092779
Train Epoch: 37 [17920/36000 (50%)]	Loss: 0.046921
Train Epoch: 37 [20480/36000 (57%)]	Loss: 0.072349
Train Epoch: 37 [23040/36000 (64%)]	Loss: 0.037321
Train Epoch: 37 [25600/36000 (71%)]	Loss: 0.076986
Train Epoch: 37 [28160/36000 (78%)]	Loss: 0.104248
Train Epoch: 37 [30720/36000 (85%)]	Loss: 0.062074
Train Epoch: 37 [33280/36000 (92%)]	Loss: 0.070518
Train Epoch: 37 [22400/36000 (99%)]	Loss: 0.046628
Train Epoch: 38 [0/36000 (0%)]	Loss: 0.046469
Train Epoch: 38 [2560/36000 (7%)]	Loss: 0.044013
Train Epoch: 38 [5120/36000 (14%)]	Loss: 0.047797
Train Epoch: 38 [7680/36000 (21%)]	Loss: 0.047419
Train Epoch: 38 [10240/36000 (28%)]	Loss: 0.037851
Train Epoch: 38 [12800/36000 (35%)]	Loss: 0.073560
Train Epoch: 38 [15360/36000 (43%)]	Loss: 0.081430
Train Epoch: 38 [17920/36000 (50%)]	Loss: 0.063743
Train Epoch: 38 [20480/36000 (57%)]	Loss: 0.076002
Train Epoch: 38 [23040/36000 (64%)]	Loss: 0.067611
Train Epoch: 38 [25600/36000 (71%)]	Loss: 0.084399
Train Epoch: 38 [28160/36000 (78%)]	Loss: 0.066263
Train Epoch: 38 [30720/36000 (85%)]	Loss: 0.073425
Train Epoch: 38 [33280/36000 (92%)]	Loss: 0.053057
Train Epoch: 38 [22400/36000 (99%)]	Loss: 0.036362
Train Epoch: 39 [0/36000 (0%)]	Loss: 0.066725
Train Epoch: 39 [2560/36000 (7%)]	Loss: 0.038621
Train Epoch: 39 [5120/36000 (14%)]	Loss: 0.076843
Train Epoch: 39 [7680/36000 (21%)]	Loss: 0.078555
Train Epoch: 39 [10240/36000 (28%)]	Loss: 0.059502
Train Epoch: 39 [12800/36000 (35%)]	Loss: 0.051525
Train Epoch: 39 [15360/36000 (43%)]	Loss: 0.065758
Train Epoch: 39 [17920/36000 (50%)]	Loss: 0.082669
Train Epoch: 39 [20480/36000 (57%)]	Loss: 0.056514
Train Epoch: 39 [23040/36000 (64%)]	Loss: 0.077065
Train Epoch: 39 [25600/36000 (71%)]	Loss: 0.056023
Train Epoch: 39 [28160/36000 (78%)]	Loss: 0.048879
Train Epoch: 39 [30720/36000 (85%)]	Loss: 0.030698
Train Epoch: 39 [33280/36000 (92%)]	Loss: 0.058809
Train Epoch: 39 [22400/36000 (99%)]	Loss: 0.052205
Train Epoch: 40 [0/36000 (0%)]	Loss: 0.083983
Train Epoch: 40 [2560/36000 (7%)]	Loss: 0.042478
Train Epoch: 40 [5120/36000 (14%)]	Loss: 0.054683
Train Epoch: 40 [7680/36000 (21%)]	Loss: 0.054090
Train Epoch: 40 [10240/36000 (28%)]	Loss: 0.026634
Train Epoch: 40 [12800/36000 (35%)]	Loss: 0.041271
Train Epoch: 40 [15360/36000 (43%)]	Loss: 0.068171
Train Epoch: 40 [17920/36000 (50%)]	Loss: 0.114992
Train Epoch: 40 [20480/36000 (57%)]	Loss: 0.090856
Train Epoch: 40 [23040/36000 (64%)]	Loss: 0.062339
Train Epoch: 40 [25600/36000 (71%)]	Loss: 0.036076
Train Epoch: 40 [28160/36000 (78%)]	Loss: 0.062842
Train Epoch: 40 [30720/36000 (85%)]	Loss: 0.055005
Train Epoch: 40 [33280/36000 (92%)]	Loss: 0.093666
Train Epoch: 40 [22400/36000 (99%)]	Loss: 0.052227
Test set (epoch 40):
Train set (epoch 40):
Train Epoch: 41 [0/36000 (0%)]	Loss: 0.081971
Train Epoch: 41 [2560/36000 (7%)]	Loss: 0.048026
Train Epoch: 41 [5120/36000 (14%)]	Loss: 0.079684
Train Epoch: 41 [7680/36000 (21%)]	Loss: 0.044194
Train Epoch: 41 [10240/36000 (28%)]	Loss: 0.066161
Train Epoch: 41 [12800/36000 (35%)]	Loss: 0.040790
Train Epoch: 41 [15360/36000 (43%)]	Loss: 0.056084
Train Epoch: 41 [17920/36000 (50%)]	Loss: 0.041934
Train Epoch: 41 [20480/36000 (57%)]	Loss: 0.086701
Train Epoch: 41 [23040/36000 (64%)]	Loss: 0.077932
Train Epoch: 41 [25600/36000 (71%)]	Loss: 0.054767
Train Epoch: 41 [28160/36000 (78%)]	Loss: 0.039797
Train Epoch: 41 [30720/36000 (85%)]	Loss: 0.062733
Train Epoch: 41 [33280/36000 (92%)]	Loss: 0.055743
Train Epoch: 41 [22400/36000 (99%)]	Loss: 0.042485
Train Epoch: 42 [0/36000 (0%)]	Loss: 0.058843
Train Epoch: 42 [2560/36000 (7%)]	Loss: 0.082023
Train Epoch: 42 [5120/36000 (14%)]	Loss: 0.062084
Train Epoch: 42 [7680/36000 (21%)]	Loss: 0.036817
Train Epoch: 42 [10240/36000 (28%)]	Loss: 0.088975
Train Epoch: 42 [12800/36000 (35%)]	Loss: 0.052884
Train Epoch: 42 [15360/36000 (43%)]	Loss: 0.048082
Train Epoch: 42 [17920/36000 (50%)]	Loss: 0.077654
Train Epoch: 42 [20480/36000 (57%)]	Loss: 0.064677
Train Epoch: 42 [23040/36000 (64%)]	Loss: 0.053900
Train Epoch: 42 [25600/36000 (71%)]	Loss: 0.079670
Train Epoch: 42 [28160/36000 (78%)]	Loss: 0.091305
Train Epoch: 42 [30720/36000 (85%)]	Loss: 0.048694
Train Epoch: 42 [33280/36000 (92%)]	Loss: 0.052870
Train Epoch: 42 [22400/36000 (99%)]	Loss: 0.031948
Train Epoch: 43 [0/36000 (0%)]	Loss: 0.035812
Train Epoch: 43 [2560/36000 (7%)]	Loss: 0.047150
Train Epoch: 43 [5120/36000 (14%)]	Loss: 0.033765
Train Epoch: 43 [7680/36000 (21%)]	Loss: 0.069604
Train Epoch: 43 [10240/36000 (28%)]	Loss: 0.048013
Train Epoch: 43 [12800/36000 (35%)]	Loss: 0.061233
Train Epoch: 43 [15360/36000 (43%)]	Loss: 0.054909
Train Epoch: 43 [17920/36000 (50%)]	Loss: 0.058394
Train Epoch: 43 [20480/36000 (57%)]	Loss: 0.061527
Train Epoch: 43 [23040/36000 (64%)]	Loss: 0.045120
Train Epoch: 43 [25600/36000 (71%)]	Loss: 0.022396
Train Epoch: 43 [28160/36000 (78%)]	Loss: 0.090826
Train Epoch: 43 [30720/36000 (85%)]	Loss: 0.043368
Train Epoch: 43 [33280/36000 (92%)]	Loss: 0.108520
Train Epoch: 43 [22400/36000 (99%)]	Loss: 0.043995
Train Epoch: 44 [0/36000 (0%)]	Loss: 0.053188
Train Epoch: 44 [2560/36000 (7%)]	Loss: 0.044509
Train Epoch: 44 [5120/36000 (14%)]	Loss: 0.072486
Train Epoch: 44 [7680/36000 (21%)]	Loss: 0.049803
Train Epoch: 44 [10240/36000 (28%)]	Loss: 0.076973
Train Epoch: 44 [12800/36000 (35%)]	Loss: 0.069984
Train Epoch: 44 [15360/36000 (43%)]	Loss: 0.059590
Train Epoch: 44 [17920/36000 (50%)]	Loss: 0.083884
Train Epoch: 44 [20480/36000 (57%)]	Loss: 0.056806
Train Epoch: 44 [23040/36000 (64%)]	Loss: 0.057506
Train Epoch: 44 [25600/36000 (71%)]	Loss: 0.066963
Train Epoch: 44 [28160/36000 (78%)]	Loss: 0.022080
Train Epoch: 44 [30720/36000 (85%)]	Loss: 0.077588
Train Epoch: 44 [33280/36000 (92%)]	Loss: 0.056825
Train Epoch: 44 [22400/36000 (99%)]	Loss: 0.042663
Train Epoch: 45 [0/36000 (0%)]	Loss: 0.060421
Train Epoch: 45 [2560/36000 (7%)]	Loss: 0.051060
Train Epoch: 45 [5120/36000 (14%)]	Loss: 0.060121
Train Epoch: 45 [7680/36000 (21%)]	Loss: 0.083024
Train Epoch: 45 [10240/36000 (28%)]	Loss: 0.047786
Train Epoch: 45 [12800/36000 (35%)]	Loss: 0.078594
Train Epoch: 45 [15360/36000 (43%)]	Loss: 0.096671
Train Epoch: 45 [17920/36000 (50%)]	Loss: 0.076167
Train Epoch: 45 [20480/36000 (57%)]	Loss: 0.080716
Train Epoch: 45 [23040/36000 (64%)]	Loss: 0.052016
Train Epoch: 45 [25600/36000 (71%)]	Loss: 0.053733
Train Epoch: 45 [28160/36000 (78%)]	Loss: 0.075668
Train Epoch: 45 [30720/36000 (85%)]	Loss: 0.062434
Train Epoch: 45 [33280/36000 (92%)]	Loss: 0.056384
Train Epoch: 45 [22400/36000 (99%)]	Loss: 0.031279
Test set (epoch 45):
Train set (epoch 45):
Train Epoch: 46 [0/36000 (0%)]	Loss: 0.033060
Train Epoch: 46 [2560/36000 (7%)]	Loss: 0.091596
Train Epoch: 46 [5120/36000 (14%)]	Loss: 0.053095
Train Epoch: 46 [7680/36000 (21%)]	Loss: 0.091140
Train Epoch: 46 [10240/36000 (28%)]	Loss: 0.035812
Train Epoch: 46 [12800/36000 (35%)]	Loss: 0.034019
Train Epoch: 46 [15360/36000 (43%)]	Loss: 0.034024
Train Epoch: 46 [17920/36000 (50%)]	Loss: 0.051279
Train Epoch: 46 [20480/36000 (57%)]	Loss: 0.062149
Train Epoch: 46 [23040/36000 (64%)]	Loss: 0.034674
Train Epoch: 46 [25600/36000 (71%)]	Loss: 0.064642
Train Epoch: 46 [28160/36000 (78%)]	Loss: 0.081767
Train Epoch: 46 [30720/36000 (85%)]	Loss: 0.089103
Train Epoch: 46 [33280/36000 (92%)]	Loss: 0.072147
Train Epoch: 46 [22400/36000 (99%)]	Loss: 0.020311
Train Epoch: 47 [0/36000 (0%)]	Loss: 0.041486
Train Epoch: 47 [2560/36000 (7%)]	Loss: 0.089790
Train Epoch: 47 [5120/36000 (14%)]	Loss: 0.030487
Train Epoch: 47 [7680/36000 (21%)]	Loss: 0.069994
Train Epoch: 47 [10240/36000 (28%)]	Loss: 0.045421
Train Epoch: 47 [12800/36000 (35%)]	Loss: 0.059517
Train Epoch: 47 [15360/36000 (43%)]	Loss: 0.034443
Train Epoch: 47 [17920/36000 (50%)]	Loss: 0.083475
Train Epoch: 47 [20480/36000 (57%)]	Loss: 0.054314
Train Epoch: 47 [23040/36000 (64%)]	Loss: 0.049338
Train Epoch: 47 [25600/36000 (71%)]	Loss: 0.039381
Train Epoch: 47 [28160/36000 (78%)]	Loss: 0.065932
Train Epoch: 47 [30720/36000 (85%)]	Loss: 0.075694
Train Epoch: 47 [33280/36000 (92%)]	Loss: 0.047854
Train Epoch: 47 [22400/36000 (99%)]	Loss: 0.067670
Train Epoch: 48 [0/36000 (0%)]	Loss: 0.096855
Train Epoch: 48 [2560/36000 (7%)]	Loss: 0.048619
Train Epoch: 48 [5120/36000 (14%)]	Loss: 0.066390
Train Epoch: 48 [7680/36000 (21%)]	Loss: 0.028408
Train Epoch: 48 [10240/36000 (28%)]	Loss: 0.039140
Train Epoch: 48 [12800/36000 (35%)]	Loss: 0.041885
Train Epoch: 48 [15360/36000 (43%)]	Loss: 0.047818
Train Epoch: 48 [17920/36000 (50%)]	Loss: 0.062727
Train Epoch: 48 [20480/36000 (57%)]	Loss: 0.044865
Train Epoch: 48 [23040/36000 (64%)]	Loss: 0.063248
Train Epoch: 48 [25600/36000 (71%)]	Loss: 0.077665
Train Epoch: 48 [28160/36000 (78%)]	Loss: 0.062358
Train Epoch: 48 [30720/36000 (85%)]	Loss: 0.075101
Train Epoch: 48 [33280/36000 (92%)]	Loss: 0.059289
Train Epoch: 48 [22400/36000 (99%)]	Loss: 0.047102
Train Epoch: 49 [0/36000 (0%)]	Loss: 0.040360
Train Epoch: 49 [2560/36000 (7%)]	Loss: 0.031338
Train Epoch: 49 [5120/36000 (14%)]	Loss: 0.039171
Train Epoch: 49 [7680/36000 (21%)]	Loss: 0.045056
Train Epoch: 49 [10240/36000 (28%)]	Loss: 0.028988
Train Epoch: 49 [12800/36000 (35%)]	Loss: 0.043343
Train Epoch: 49 [15360/36000 (43%)]	Loss: 0.058170
Train Epoch: 49 [17920/36000 (50%)]	Loss: 0.024700
Train Epoch: 49 [20480/36000 (57%)]	Loss: 0.058122
Train Epoch: 49 [23040/36000 (64%)]	Loss: 0.037689
Train Epoch: 49 [25600/36000 (71%)]	Loss: 0.029068
Train Epoch: 49 [28160/36000 (78%)]	Loss: 0.036612
Train Epoch: 49 [30720/36000 (85%)]	Loss: 0.041639
Train Epoch: 49 [33280/36000 (92%)]	Loss: 0.066970
Train Epoch: 49 [22400/36000 (99%)]	Loss: 0.053050
Train Epoch: 50 [0/36000 (0%)]	Loss: 0.045188
Train Epoch: 50 [2560/36000 (7%)]	Loss: 0.025170
Train Epoch: 50 [5120/36000 (14%)]	Loss: 0.041720
Train Epoch: 50 [7680/36000 (21%)]	Loss: 0.024419
Train Epoch: 50 [10240/36000 (28%)]	Loss: 0.079828
Train Epoch: 50 [12800/36000 (35%)]	Loss: 0.037181
Train Epoch: 50 [15360/36000 (43%)]	Loss: 0.054981
Train Epoch: 50 [17920/36000 (50%)]	Loss: 0.116083
Train Epoch: 50 [20480/36000 (57%)]	Loss: 0.070541
Train Epoch: 50 [23040/36000 (64%)]	Loss: 0.054927
Train Epoch: 50 [25600/36000 (71%)]	Loss: 0.041393
Train Epoch: 50 [28160/36000 (78%)]	Loss: 0.036149
Train Epoch: 50 [30720/36000 (85%)]	Loss: 0.047522
Train Epoch: 50 [33280/36000 (92%)]	Loss: 0.104770
Train Epoch: 50 [22400/36000 (99%)]	Loss: 0.067738
Test set (epoch 50):
Train set (epoch 50):
Train Epoch: 51 [0/36000 (0%)]	Loss: 0.035109
Train Epoch: 51 [2560/36000 (7%)]	Loss: 0.050687
Train Epoch: 51 [5120/36000 (14%)]	Loss: 0.066509
Train Epoch: 51 [7680/36000 (21%)]	Loss: 0.062780
Train Epoch: 51 [10240/36000 (28%)]	Loss: 0.048183
Train Epoch: 51 [12800/36000 (35%)]	Loss: 0.031909
Train Epoch: 51 [15360/36000 (43%)]	Loss: 0.053297
Train Epoch: 51 [17920/36000 (50%)]	Loss: 0.038093
Train Epoch: 51 [20480/36000 (57%)]	Loss: 0.038026
Train Epoch: 51 [23040/36000 (64%)]	Loss: 0.072331
Train Epoch: 51 [25600/36000 (71%)]	Loss: 0.070098
Train Epoch: 51 [28160/36000 (78%)]	Loss: 0.039594
Train Epoch: 51 [30720/36000 (85%)]	Loss: 0.040922
Train Epoch: 51 [33280/36000 (92%)]	Loss: 0.036862
Train Epoch: 51 [22400/36000 (99%)]	Loss: 0.039244
Train Epoch: 52 [0/36000 (0%)]	Loss: 0.046856
Train Epoch: 52 [2560/36000 (7%)]	Loss: 0.043984
Train Epoch: 52 [5120/36000 (14%)]	Loss: 0.033677
Train Epoch: 52 [7680/36000 (21%)]	Loss: 0.044839
Train Epoch: 52 [10240/36000 (28%)]	Loss: 0.043137
Train Epoch: 52 [12800/36000 (35%)]	Loss: 0.043011
Train Epoch: 52 [15360/36000 (43%)]	Loss: 0.050139
Train Epoch: 52 [17920/36000 (50%)]	Loss: 0.058543
Train Epoch: 52 [20480/36000 (57%)]	Loss: 0.082371
Train Epoch: 52 [23040/36000 (64%)]	Loss: 0.040066
Train Epoch: 52 [25600/36000 (71%)]	Loss: 0.051412
Train Epoch: 52 [28160/36000 (78%)]	Loss: 0.035925
Train Epoch: 52 [30720/36000 (85%)]	Loss: 0.055622
Train Epoch: 52 [33280/36000 (92%)]	Loss: 0.061407
Train Epoch: 52 [22400/36000 (99%)]	Loss: 0.040675
Train Epoch: 53 [0/36000 (0%)]	Loss: 0.018567
Train Epoch: 53 [2560/36000 (7%)]	Loss: 0.040866
Train Epoch: 53 [5120/36000 (14%)]	Loss: 0.026235
Train Epoch: 53 [7680/36000 (21%)]	Loss: 0.050015
Train Epoch: 53 [10240/36000 (28%)]	Loss: 0.041085
Train Epoch: 53 [12800/36000 (35%)]	Loss: 0.023440
Train Epoch: 53 [15360/36000 (43%)]	Loss: 0.024036
Train Epoch: 53 [17920/36000 (50%)]	Loss: 0.025219
Train Epoch: 53 [20480/36000 (57%)]	Loss: 0.041551
Train Epoch: 53 [23040/36000 (64%)]	Loss: 0.027864
Train Epoch: 53 [25600/36000 (71%)]	Loss: 0.030666
Train Epoch: 53 [28160/36000 (78%)]	Loss: 0.062590
Train Epoch: 53 [30720/36000 (85%)]	Loss: 0.026220
Train Epoch: 53 [33280/36000 (92%)]	Loss: 0.093413
Train Epoch: 53 [22400/36000 (99%)]	Loss: 0.050855
Train Epoch: 54 [0/36000 (0%)]	Loss: 0.034736
Train Epoch: 54 [2560/36000 (7%)]	Loss: 0.052289
Train Epoch: 54 [5120/36000 (14%)]	Loss: 0.045749
Train Epoch: 54 [7680/36000 (21%)]	Loss: 0.077699
Train Epoch: 54 [10240/36000 (28%)]	Loss: 0.064564
Train Epoch: 54 [12800/36000 (35%)]	Loss: 0.027124
Train Epoch: 54 [15360/36000 (43%)]	Loss: 0.016070
Train Epoch: 54 [17920/36000 (50%)]	Loss: 0.070144
Train Epoch: 54 [20480/36000 (57%)]	Loss: 0.035417
Train Epoch: 54 [23040/36000 (64%)]	Loss: 0.033576
Train Epoch: 54 [25600/36000 (71%)]	Loss: 0.074817
Train Epoch: 54 [28160/36000 (78%)]	Loss: 0.040700
Train Epoch: 54 [30720/36000 (85%)]	Loss: 0.043221
Train Epoch: 54 [33280/36000 (92%)]	Loss: 0.035394
Train Epoch: 54 [22400/36000 (99%)]	Loss: 0.049263
Train Epoch: 55 [0/36000 (0%)]	Loss: 0.037687
Train Epoch: 55 [2560/36000 (7%)]	Loss: 0.035994
Train Epoch: 55 [5120/36000 (14%)]	Loss: 0.069665
Train Epoch: 55 [7680/36000 (21%)]	Loss: 0.036276
Train Epoch: 55 [10240/36000 (28%)]	Loss: 0.066635
Train Epoch: 55 [12800/36000 (35%)]	Loss: 0.040752
Train Epoch: 55 [15360/36000 (43%)]	Loss: 0.030177
Train Epoch: 55 [17920/36000 (50%)]	Loss: 0.031701
Train Epoch: 55 [20480/36000 (57%)]	Loss: 0.082987
Train Epoch: 55 [23040/36000 (64%)]	Loss: 0.029366
Train Epoch: 55 [25600/36000 (71%)]	Loss: 0.046704
Train Epoch: 55 [28160/36000 (78%)]	Loss: 0.037870
Train Epoch: 55 [30720/36000 (85%)]	Loss: 0.046788
Train Epoch: 55 [33280/36000 (92%)]	Loss: 0.031406
Train Epoch: 55 [22400/36000 (99%)]	Loss: 0.027997
Test set (epoch 55):
Train set (epoch 55):
Train Epoch: 56 [0/36000 (0%)]	Loss: 0.040450
Train Epoch: 56 [2560/36000 (7%)]	Loss: 0.049977
Train Epoch: 56 [5120/36000 (14%)]	Loss: 0.075051
Train Epoch: 56 [7680/36000 (21%)]	Loss: 0.026530
Train Epoch: 56 [10240/36000 (28%)]	Loss: 0.016430
Train Epoch: 56 [12800/36000 (35%)]	Loss: 0.031655
Train Epoch: 56 [15360/36000 (43%)]	Loss: 0.050806
Train Epoch: 56 [17920/36000 (50%)]	Loss: 0.055469
Train Epoch: 56 [20480/36000 (57%)]	Loss: 0.048951
Train Epoch: 56 [23040/36000 (64%)]	Loss: 0.034290
Train Epoch: 56 [25600/36000 (71%)]	Loss: 0.083724
Train Epoch: 56 [28160/36000 (78%)]	Loss: 0.041073
Train Epoch: 56 [30720/36000 (85%)]	Loss: 0.050050
Train Epoch: 56 [33280/36000 (92%)]	Loss: 0.045209
Train Epoch: 56 [22400/36000 (99%)]	Loss: 0.046838
Train Epoch: 57 [0/36000 (0%)]	Loss: 0.034266
Train Epoch: 57 [2560/36000 (7%)]	Loss: 0.032757
Train Epoch: 57 [5120/36000 (14%)]	Loss: 0.068717
Train Epoch: 57 [7680/36000 (21%)]	Loss: 0.098323
Train Epoch: 57 [10240/36000 (28%)]	Loss: 0.059910
Train Epoch: 57 [12800/36000 (35%)]	Loss: 0.034828
Train Epoch: 57 [15360/36000 (43%)]	Loss: 0.062613
Train Epoch: 57 [17920/36000 (50%)]	Loss: 0.052417
Train Epoch: 57 [20480/36000 (57%)]	Loss: 0.032646
Train Epoch: 57 [23040/36000 (64%)]	Loss: 0.081900
Train Epoch: 57 [25600/36000 (71%)]	Loss: 0.032717
Train Epoch: 57 [28160/36000 (78%)]	Loss: 0.042454
Train Epoch: 57 [30720/36000 (85%)]	Loss: 0.040443
Train Epoch: 57 [33280/36000 (92%)]	Loss: 0.058122
Train Epoch: 57 [22400/36000 (99%)]	Loss: 0.034677
Train Epoch: 58 [0/36000 (0%)]	Loss: 0.055442
Train Epoch: 58 [2560/36000 (7%)]	Loss: 0.043225
Train Epoch: 58 [5120/36000 (14%)]	Loss: 0.049797
Train Epoch: 58 [7680/36000 (21%)]	Loss: 0.096195
Train Epoch: 58 [10240/36000 (28%)]	Loss: 0.048877
Train Epoch: 58 [12800/36000 (35%)]	Loss: 0.042747
Train Epoch: 58 [15360/36000 (43%)]	Loss: 0.025706
Train Epoch: 58 [17920/36000 (50%)]	Loss: 0.020552
Train Epoch: 58 [20480/36000 (57%)]	Loss: 0.031343
Train Epoch: 58 [23040/36000 (64%)]	Loss: 0.062030
Train Epoch: 58 [25600/36000 (71%)]	Loss: 0.040194
Train Epoch: 58 [28160/36000 (78%)]	Loss: 0.048246
Train Epoch: 58 [30720/36000 (85%)]	Loss: 0.066476
Train Epoch: 58 [33280/36000 (92%)]	Loss: 0.053308
Train Epoch: 58 [22400/36000 (99%)]	Loss: 0.035680
Train Epoch: 59 [0/36000 (0%)]	Loss: 0.051967
Train Epoch: 59 [2560/36000 (7%)]	Loss: 0.026744
Train Epoch: 59 [5120/36000 (14%)]	Loss: 0.036501
Train Epoch: 59 [7680/36000 (21%)]	Loss: 0.026895
Train Epoch: 59 [10240/36000 (28%)]	Loss: 0.067389
Train Epoch: 59 [12800/36000 (35%)]	Loss: 0.046192
Train Epoch: 59 [15360/36000 (43%)]	Loss: 0.041470
Train Epoch: 59 [17920/36000 (50%)]	Loss: 0.027291
Train Epoch: 59 [20480/36000 (57%)]	Loss: 0.034137
Train Epoch: 59 [23040/36000 (64%)]	Loss: 0.048259
Train Epoch: 59 [25600/36000 (71%)]	Loss: 0.035887
Train Epoch: 59 [28160/36000 (78%)]	Loss: 0.037812
Train Epoch: 59 [30720/36000 (85%)]	Loss: 0.068100
Train Epoch: 59 [33280/36000 (92%)]	Loss: 0.040526
Train Epoch: 59 [22400/36000 (99%)]	Loss: 0.040005
Train Epoch: 60 [0/36000 (0%)]	Loss: 0.033588
Train Epoch: 60 [2560/36000 (7%)]	Loss: 0.037254
Train Epoch: 60 [5120/36000 (14%)]	Loss: 0.101738
Train Epoch: 60 [7680/36000 (21%)]	Loss: 0.059720
Train Epoch: 60 [10240/36000 (28%)]	Loss: 0.031855
Train Epoch: 60 [12800/36000 (35%)]	Loss: 0.027721
Train Epoch: 60 [15360/36000 (43%)]	Loss: 0.092094
Train Epoch: 60 [17920/36000 (50%)]	Loss: 0.054338
Train Epoch: 60 [20480/36000 (57%)]	Loss: 0.049569
Train Epoch: 60 [23040/36000 (64%)]	Loss: 0.058854
Train Epoch: 60 [25600/36000 (71%)]	Loss: 0.054307
Train Epoch: 60 [28160/36000 (78%)]	Loss: 0.036319
Train Epoch: 60 [30720/36000 (85%)]	Loss: 0.040191
Train Epoch: 60 [33280/36000 (92%)]	Loss: 0.044607
Train Epoch: 60 [22400/36000 (99%)]	Loss: 0.094299
Test set (epoch 60):
Train set (epoch 60):
Train Epoch: 61 [0/36000 (0%)]	Loss: 0.035830
Train Epoch: 61 [2560/36000 (7%)]	Loss: 0.079024
Train Epoch: 61 [5120/36000 (14%)]	Loss: 0.060635
Train Epoch: 61 [7680/36000 (21%)]	Loss: 0.049941
Train Epoch: 61 [10240/36000 (28%)]	Loss: 0.028278
Train Epoch: 61 [12800/36000 (35%)]	Loss: 0.059817
Train Epoch: 61 [15360/36000 (43%)]	Loss: 0.058831
Train Epoch: 61 [17920/36000 (50%)]	Loss: 0.036875
Train Epoch: 61 [20480/36000 (57%)]	Loss: 0.055770
Train Epoch: 61 [23040/36000 (64%)]	Loss: 0.026139
Train Epoch: 61 [25600/36000 (71%)]	Loss: 0.059636
Train Epoch: 61 [28160/36000 (78%)]	Loss: 0.030368
Train Epoch: 61 [30720/36000 (85%)]	Loss: 0.019826
Train Epoch: 61 [33280/36000 (92%)]	Loss: 0.033841
Train Epoch: 61 [22400/36000 (99%)]	Loss: 0.053694
Train Epoch: 62 [0/36000 (0%)]	Loss: 0.027360
Train Epoch: 62 [2560/36000 (7%)]	Loss: 0.029039
Train Epoch: 62 [5120/36000 (14%)]	Loss: 0.068143
Train Epoch: 62 [7680/36000 (21%)]	Loss: 0.066492
Train Epoch: 62 [10240/36000 (28%)]	Loss: 0.068103
Train Epoch: 62 [12800/36000 (35%)]	Loss: 0.047306
Train Epoch: 62 [15360/36000 (43%)]	Loss: 0.050907
Train Epoch: 62 [17920/36000 (50%)]	Loss: 0.014010
Train Epoch: 62 [20480/36000 (57%)]	Loss: 0.033913
Train Epoch: 62 [23040/36000 (64%)]	Loss: 0.014174
Train Epoch: 62 [25600/36000 (71%)]	Loss: 0.043491
Train Epoch: 62 [28160/36000 (78%)]	Loss: 0.035609
Train Epoch: 62 [30720/36000 (85%)]	Loss: 0.052018
Train Epoch: 62 [33280/36000 (92%)]	Loss: 0.052008
Train Epoch: 62 [22400/36000 (99%)]	Loss: 0.083274
Train Epoch: 63 [0/36000 (0%)]	Loss: 0.081748
Train Epoch: 63 [2560/36000 (7%)]	Loss: 0.048324
Train Epoch: 63 [5120/36000 (14%)]	Loss: 0.041197
Train Epoch: 63 [7680/36000 (21%)]	Loss: 0.058617
Train Epoch: 63 [10240/36000 (28%)]	Loss: 0.039924
Train Epoch: 63 [12800/36000 (35%)]	Loss: 0.042636
Train Epoch: 63 [15360/36000 (43%)]	Loss: 0.036499
Train Epoch: 63 [17920/36000 (50%)]	Loss: 0.033345
Train Epoch: 63 [20480/36000 (57%)]	Loss: 0.110149
Train Epoch: 63 [23040/36000 (64%)]	Loss: 0.028239
Train Epoch: 63 [25600/36000 (71%)]	Loss: 0.040966
Train Epoch: 63 [28160/36000 (78%)]	Loss: 0.041386
Train Epoch: 63 [30720/36000 (85%)]	Loss: 0.046392
Train Epoch: 63 [33280/36000 (92%)]	Loss: 0.051214
Train Epoch: 63 [22400/36000 (99%)]	Loss: 0.061833
Train Epoch: 64 [0/36000 (0%)]	Loss: 0.028974
Train Epoch: 64 [2560/36000 (7%)]	Loss: 0.034924
Train Epoch: 64 [5120/36000 (14%)]	Loss: 0.039340
Train Epoch: 64 [7680/36000 (21%)]	Loss: 0.034376
Train Epoch: 64 [10240/36000 (28%)]	Loss: 0.035037
Train Epoch: 64 [12800/36000 (35%)]	Loss: 0.015629
Train Epoch: 64 [15360/36000 (43%)]	Loss: 0.045331
Train Epoch: 64 [17920/36000 (50%)]	Loss: 0.038653
Train Epoch: 64 [20480/36000 (57%)]	Loss: 0.062837
Train Epoch: 64 [23040/36000 (64%)]	Loss: 0.018206
Train Epoch: 64 [25600/36000 (71%)]	Loss: 0.038712
Train Epoch: 64 [28160/36000 (78%)]	Loss: 0.034447
Train Epoch: 64 [30720/36000 (85%)]	Loss: 0.048111
Train Epoch: 64 [33280/36000 (92%)]	Loss: 0.048732
Train Epoch: 64 [22400/36000 (99%)]	Loss: 0.084505
Train Epoch: 65 [0/36000 (0%)]	Loss: 0.025912
Train Epoch: 65 [2560/36000 (7%)]	Loss: 0.050429
Train Epoch: 65 [5120/36000 (14%)]	Loss: 0.018555
Train Epoch: 65 [7680/36000 (21%)]	Loss: 0.034071
Train Epoch: 65 [10240/36000 (28%)]	Loss: 0.043254
Train Epoch: 65 [12800/36000 (35%)]	Loss: 0.032383
Train Epoch: 65 [15360/36000 (43%)]	Loss: 0.037560
Train Epoch: 65 [17920/36000 (50%)]	Loss: 0.056708
Train Epoch: 65 [20480/36000 (57%)]	Loss: 0.046277
Train Epoch: 65 [23040/36000 (64%)]	Loss: 0.051116
Train Epoch: 65 [25600/36000 (71%)]	Loss: 0.042316
Train Epoch: 65 [28160/36000 (78%)]	Loss: 0.041149
Train Epoch: 65 [30720/36000 (85%)]	Loss: 0.067027
Train Epoch: 65 [33280/36000 (92%)]	Loss: 0.030414
Train Epoch: 65 [22400/36000 (99%)]	Loss: 0.017875
Test set (epoch 65):
Train set (epoch 65):
Train Epoch: 66 [0/36000 (0%)]	Loss: 0.060685
Train Epoch: 66 [2560/36000 (7%)]	Loss: 0.050450
Train Epoch: 66 [5120/36000 (14%)]	Loss: 0.041297
Train Epoch: 66 [7680/36000 (21%)]	Loss: 0.044477
Train Epoch: 66 [10240/36000 (28%)]	Loss: 0.064768
Train Epoch: 66 [12800/36000 (35%)]	Loss: 0.027495
Train Epoch: 66 [15360/36000 (43%)]	Loss: 0.065049
Train Epoch: 66 [17920/36000 (50%)]	Loss: 0.063974
Train Epoch: 66 [20480/36000 (57%)]	Loss: 0.024850
Train Epoch: 66 [23040/36000 (64%)]	Loss: 0.067004
Train Epoch: 66 [25600/36000 (71%)]	Loss: 0.033248
Train Epoch: 66 [28160/36000 (78%)]	Loss: 0.090186
Train Epoch: 66 [30720/36000 (85%)]	Loss: 0.043220
Train Epoch: 66 [33280/36000 (92%)]	Loss: 0.038726
Train Epoch: 66 [22400/36000 (99%)]	Loss: 0.025071
Train Epoch: 67 [0/36000 (0%)]	Loss: 0.026568
Train Epoch: 67 [2560/36000 (7%)]	Loss: 0.073397
Train Epoch: 67 [5120/36000 (14%)]	Loss: 0.043377
Train Epoch: 67 [7680/36000 (21%)]	Loss: 0.015272
Train Epoch: 67 [10240/36000 (28%)]	Loss: 0.082058
Train Epoch: 67 [12800/36000 (35%)]	Loss: 0.055275
Train Epoch: 67 [15360/36000 (43%)]	Loss: 0.026185
Train Epoch: 67 [17920/36000 (50%)]	Loss: 0.054584
Train Epoch: 67 [20480/36000 (57%)]	Loss: 0.035482
Train Epoch: 67 [23040/36000 (64%)]	Loss: 0.040884
Train Epoch: 67 [25600/36000 (71%)]	Loss: 0.055165
Train Epoch: 67 [28160/36000 (78%)]	Loss: 0.055566
Train Epoch: 67 [30720/36000 (85%)]	Loss: 0.056369
Train Epoch: 67 [33280/36000 (92%)]	Loss: 0.066023
Train Epoch: 67 [22400/36000 (99%)]	Loss: 0.045717
Train Epoch: 68 [0/36000 (0%)]	Loss: 0.050649
Train Epoch: 68 [2560/36000 (7%)]	Loss: 0.024810
Train Epoch: 68 [5120/36000 (14%)]	Loss: 0.026298
Train Epoch: 68 [7680/36000 (21%)]	Loss: 0.039263
Train Epoch: 68 [10240/36000 (28%)]	Loss: 0.072994
Train Epoch: 68 [12800/36000 (35%)]	Loss: 0.037121
Train Epoch: 68 [15360/36000 (43%)]	Loss: 0.025278
Train Epoch: 68 [17920/36000 (50%)]	Loss: 0.019454
Train Epoch: 68 [20480/36000 (57%)]	Loss: 0.066952
Train Epoch: 68 [23040/36000 (64%)]	Loss: 0.052018
Train Epoch: 68 [25600/36000 (71%)]	Loss: 0.025488
Train Epoch: 68 [28160/36000 (78%)]	Loss: 0.051611
Train Epoch: 68 [30720/36000 (85%)]	Loss: 0.068094
Train Epoch: 68 [33280/36000 (92%)]	Loss: 0.052147
Train Epoch: 68 [22400/36000 (99%)]	Loss: 0.035060
Train Epoch: 69 [0/36000 (0%)]	Loss: 0.041887
Train Epoch: 69 [2560/36000 (7%)]	Loss: 0.056307
Train Epoch: 69 [5120/36000 (14%)]	Loss: 0.011487
Train Epoch: 69 [7680/36000 (21%)]	Loss: 0.030215
Train Epoch: 69 [10240/36000 (28%)]	Loss: 0.077189
Train Epoch: 69 [12800/36000 (35%)]	Loss: 0.035990
Train Epoch: 69 [15360/36000 (43%)]	Loss: 0.020167
Train Epoch: 69 [17920/36000 (50%)]	Loss: 0.102756
Train Epoch: 69 [20480/36000 (57%)]	Loss: 0.036938
Train Epoch: 69 [23040/36000 (64%)]	Loss: 0.036224
Train Epoch: 69 [25600/36000 (71%)]	Loss: 0.063088
Train Epoch: 69 [28160/36000 (78%)]	Loss: 0.059418
Train Epoch: 69 [30720/36000 (85%)]	Loss: 0.050143
Train Epoch: 69 [33280/36000 (92%)]	Loss: 0.035958
Train Epoch: 69 [22400/36000 (99%)]	Loss: 0.045864
Train Epoch: 70 [0/36000 (0%)]	Loss: 0.063435
Train Epoch: 70 [2560/36000 (7%)]	Loss: 0.049326
Train Epoch: 70 [5120/36000 (14%)]	Loss: 0.039920
Train Epoch: 70 [7680/36000 (21%)]	Loss: 0.036387
Train Epoch: 70 [10240/36000 (28%)]	Loss: 0.030593
Train Epoch: 70 [12800/36000 (35%)]	Loss: 0.017424
Train Epoch: 70 [15360/36000 (43%)]	Loss: 0.071923
Train Epoch: 70 [17920/36000 (50%)]	Loss: 0.043314
Train Epoch: 70 [20480/36000 (57%)]	Loss: 0.021320
Train Epoch: 70 [23040/36000 (64%)]	Loss: 0.074151
Train Epoch: 70 [25600/36000 (71%)]	Loss: 0.048172
Train Epoch: 70 [28160/36000 (78%)]	Loss: 0.047540
Train Epoch: 70 [30720/36000 (85%)]	Loss: 0.047926
Train Epoch: 70 [33280/36000 (92%)]	Loss: 0.021860
Train Epoch: 70 [22400/36000 (99%)]	Loss: 0.047047
Test set (epoch 70):
Train set (epoch 70):
Train Epoch: 71 [0/36000 (0%)]	Loss: 0.025903
Train Epoch: 71 [2560/36000 (7%)]	Loss: 0.044726
Train Epoch: 71 [5120/36000 (14%)]	Loss: 0.058819
Train Epoch: 71 [7680/36000 (21%)]	Loss: 0.040475
Train Epoch: 71 [10240/36000 (28%)]	Loss: 0.040769
Train Epoch: 71 [12800/36000 (35%)]	Loss: 0.022363
Train Epoch: 71 [15360/36000 (43%)]	Loss: 0.046761
Train Epoch: 71 [17920/36000 (50%)]	Loss: 0.043434
Train Epoch: 71 [20480/36000 (57%)]	Loss: 0.037594
Train Epoch: 71 [23040/36000 (64%)]	Loss: 0.028464
Train Epoch: 71 [25600/36000 (71%)]	Loss: 0.028260
Train Epoch: 71 [28160/36000 (78%)]	Loss: 0.037170
Train Epoch: 71 [30720/36000 (85%)]	Loss: 0.031962
Train Epoch: 71 [33280/36000 (92%)]	Loss: 0.041250
Train Epoch: 71 [22400/36000 (99%)]	Loss: 0.025361
Train Epoch: 72 [0/36000 (0%)]	Loss: 0.034359
Train Epoch: 72 [2560/36000 (7%)]	Loss: 0.017552
Train Epoch: 72 [5120/36000 (14%)]	Loss: 0.018357
Train Epoch: 72 [7680/36000 (21%)]	Loss: 0.049488
Train Epoch: 72 [10240/36000 (28%)]	Loss: 0.020177
Train Epoch: 72 [12800/36000 (35%)]	Loss: 0.016375
Train Epoch: 72 [15360/36000 (43%)]	Loss: 0.031163
Train Epoch: 72 [17920/36000 (50%)]	Loss: 0.068655
Train Epoch: 72 [20480/36000 (57%)]	Loss: 0.052670
Train Epoch: 72 [23040/36000 (64%)]	Loss: 0.049615
Train Epoch: 72 [25600/36000 (71%)]	Loss: 0.024182
Train Epoch: 72 [28160/36000 (78%)]	Loss: 0.028355
Train Epoch: 72 [30720/36000 (85%)]	Loss: 0.039006
Train Epoch: 72 [33280/36000 (92%)]	Loss: 0.088758
Train Epoch: 72 [22400/36000 (99%)]	Loss: 0.040151
Train Epoch: 73 [0/36000 (0%)]	Loss: 0.047230
Train Epoch: 73 [2560/36000 (7%)]	Loss: 0.037840
Train Epoch: 73 [5120/36000 (14%)]	Loss: 0.043612
Train Epoch: 73 [7680/36000 (21%)]	Loss: 0.041700
Train Epoch: 73 [10240/36000 (28%)]	Loss: 0.033690
Train Epoch: 73 [12800/36000 (35%)]	Loss: 0.058222
Train Epoch: 73 [15360/36000 (43%)]	Loss: 0.044455
Train Epoch: 73 [17920/36000 (50%)]	Loss: 0.025321
Train Epoch: 73 [20480/36000 (57%)]	Loss: 0.055878
Train Epoch: 73 [23040/36000 (64%)]	Loss: 0.041350
Train Epoch: 73 [25600/36000 (71%)]	Loss: 0.028325
Train Epoch: 73 [28160/36000 (78%)]	Loss: 0.048384
Train Epoch: 73 [30720/36000 (85%)]	Loss: 0.027971
Train Epoch: 73 [33280/36000 (92%)]	Loss: 0.021921
Train Epoch: 73 [22400/36000 (99%)]	Loss: 0.103921
Train Epoch: 74 [0/36000 (0%)]	Loss: 0.035954
Train Epoch: 74 [2560/36000 (7%)]	Loss: 0.030438
Train Epoch: 74 [5120/36000 (14%)]	Loss: 0.020532
Train Epoch: 74 [7680/36000 (21%)]	Loss: 0.041028
Train Epoch: 74 [10240/36000 (28%)]	Loss: 0.052563
Train Epoch: 74 [12800/36000 (35%)]	Loss: 0.043439
Train Epoch: 74 [15360/36000 (43%)]	Loss: 0.033969
Train Epoch: 74 [17920/36000 (50%)]	Loss: 0.023818
Train Epoch: 74 [20480/36000 (57%)]	Loss: 0.042484
Train Epoch: 74 [23040/36000 (64%)]	Loss: 0.020296
Train Epoch: 74 [25600/36000 (71%)]	Loss: 0.020095
Train Epoch: 74 [28160/36000 (78%)]	Loss: 0.060282
Train Epoch: 74 [30720/36000 (85%)]	Loss: 0.045919
Train Epoch: 74 [33280/36000 (92%)]	Loss: 0.059226
Train Epoch: 74 [22400/36000 (99%)]	Loss: 0.059870
Train Epoch: 75 [0/36000 (0%)]	Loss: 0.037180
Train Epoch: 75 [2560/36000 (7%)]	Loss: 0.061185
Train Epoch: 75 [5120/36000 (14%)]	Loss: 0.061965
Train Epoch: 75 [7680/36000 (21%)]	Loss: 0.050361
Train Epoch: 75 [10240/36000 (28%)]	Loss: 0.041102
Train Epoch: 75 [12800/36000 (35%)]	Loss: 0.042067
Train Epoch: 75 [15360/36000 (43%)]	Loss: 0.032305
Train Epoch: 75 [17920/36000 (50%)]	Loss: 0.053271
Train Epoch: 75 [20480/36000 (57%)]	Loss: 0.045548
Train Epoch: 75 [23040/36000 (64%)]	Loss: 0.027099
Train Epoch: 75 [25600/36000 (71%)]	Loss: 0.057782
Train Epoch: 75 [28160/36000 (78%)]	Loss: 0.040536
Train Epoch: 75 [30720/36000 (85%)]	Loss: 0.040367
Train Epoch: 75 [33280/36000 (92%)]	Loss: 0.020058
Train Epoch: 75 [22400/36000 (99%)]	Loss: 0.027396
Test set (epoch 75):
Train set (epoch 75):
Train Epoch: 76 [0/36000 (0%)]	Loss: 0.031261
Train Epoch: 76 [2560/36000 (7%)]	Loss: 0.021965
Train Epoch: 76 [5120/36000 (14%)]	Loss: 0.041540
Train Epoch: 76 [7680/36000 (21%)]	Loss: 0.048655
Train Epoch: 76 [10240/36000 (28%)]	Loss: 0.032024
Train Epoch: 76 [12800/36000 (35%)]	Loss: 0.025962
Train Epoch: 76 [15360/36000 (43%)]	Loss: 0.045143
Train Epoch: 76 [17920/36000 (50%)]	Loss: 0.049696
Train Epoch: 76 [20480/36000 (57%)]	Loss: 0.071795
Train Epoch: 76 [23040/36000 (64%)]	Loss: 0.095096
Train Epoch: 76 [25600/36000 (71%)]	Loss: 0.037448
Train Epoch: 76 [28160/36000 (78%)]	Loss: 0.069315
Train Epoch: 76 [30720/36000 (85%)]	Loss: 0.052359
Train Epoch: 76 [33280/36000 (92%)]	Loss: 0.039623
Train Epoch: 76 [22400/36000 (99%)]	Loss: 0.008356
Train Epoch: 77 [0/36000 (0%)]	Loss: 0.075322
Train Epoch: 77 [2560/36000 (7%)]	Loss: 0.059470
Train Epoch: 77 [5120/36000 (14%)]	Loss: 0.024119
Train Epoch: 77 [7680/36000 (21%)]	Loss: 0.025078
Train Epoch: 77 [10240/36000 (28%)]	Loss: 0.031768
Train Epoch: 77 [12800/36000 (35%)]	Loss: 0.023368
Train Epoch: 77 [15360/36000 (43%)]	Loss: 0.028576
Train Epoch: 77 [17920/36000 (50%)]	Loss: 0.052377
Train Epoch: 77 [20480/36000 (57%)]	Loss: 0.021763
Train Epoch: 77 [23040/36000 (64%)]	Loss: 0.028647
Train Epoch: 77 [25600/36000 (71%)]	Loss: 0.027046
Train Epoch: 77 [28160/36000 (78%)]	Loss: 0.037113
Train Epoch: 77 [30720/36000 (85%)]	Loss: 0.030891
Train Epoch: 77 [33280/36000 (92%)]	Loss: 0.045017
Train Epoch: 77 [22400/36000 (99%)]	Loss: 0.032020
Train Epoch: 78 [0/36000 (0%)]	Loss: 0.014696
Train Epoch: 78 [2560/36000 (7%)]	Loss: 0.017040
Train Epoch: 78 [5120/36000 (14%)]	Loss: 0.014627
Train Epoch: 78 [7680/36000 (21%)]	Loss: 0.039706
Train Epoch: 78 [10240/36000 (28%)]	Loss: 0.047457
Train Epoch: 78 [12800/36000 (35%)]	Loss: 0.040034
Train Epoch: 78 [15360/36000 (43%)]	Loss: 0.042066
Train Epoch: 78 [17920/36000 (50%)]	Loss: 0.065047
Train Epoch: 78 [20480/36000 (57%)]	Loss: 0.036226
Train Epoch: 78 [23040/36000 (64%)]	Loss: 0.052998
Train Epoch: 78 [25600/36000 (71%)]	Loss: 0.066991
Train Epoch: 78 [28160/36000 (78%)]	Loss: 0.050682
Train Epoch: 78 [30720/36000 (85%)]	Loss: 0.026407
Train Epoch: 78 [33280/36000 (92%)]	Loss: 0.014619
Train Epoch: 78 [22400/36000 (99%)]	Loss: 0.055138
Train Epoch: 79 [0/36000 (0%)]	Loss: 0.084794
Train Epoch: 79 [2560/36000 (7%)]	Loss: 0.052120
Train Epoch: 79 [5120/36000 (14%)]	Loss: 0.049114
Train Epoch: 79 [7680/36000 (21%)]	Loss: 0.059904
Train Epoch: 79 [10240/36000 (28%)]	Loss: 0.049146
Train Epoch: 79 [12800/36000 (35%)]	Loss: 0.043946
Train Epoch: 79 [15360/36000 (43%)]	Loss: 0.022475
Train Epoch: 79 [17920/36000 (50%)]	Loss: 0.062758
Train Epoch: 79 [20480/36000 (57%)]	Loss: 0.037765
Train Epoch: 79 [23040/36000 (64%)]	Loss: 0.047014
Train Epoch: 79 [25600/36000 (71%)]	Loss: 0.036041
Train Epoch: 79 [28160/36000 (78%)]	Loss: 0.047747
Train Epoch: 79 [30720/36000 (85%)]	Loss: 0.042897
Train Epoch: 79 [33280/36000 (92%)]	Loss: 0.075992
Train Epoch: 79 [22400/36000 (99%)]	Loss: 0.038277
Train Epoch: 80 [0/36000 (0%)]	Loss: 0.077006
Train Epoch: 80 [2560/36000 (7%)]	Loss: 0.024222
Train Epoch: 80 [5120/36000 (14%)]	Loss: 0.037654
Train Epoch: 80 [7680/36000 (21%)]	Loss: 0.032358
Train Epoch: 80 [10240/36000 (28%)]	Loss: 0.044134
Train Epoch: 80 [12800/36000 (35%)]	Loss: 0.047776
Train Epoch: 80 [15360/36000 (43%)]	Loss: 0.036445
Train Epoch: 80 [17920/36000 (50%)]	Loss: 0.038632
Train Epoch: 80 [20480/36000 (57%)]	Loss: 0.021842
Train Epoch: 80 [23040/36000 (64%)]	Loss: 0.037233
Train Epoch: 80 [25600/36000 (71%)]	Loss: 0.048447
Train Epoch: 80 [28160/36000 (78%)]	Loss: 0.044943
Train Epoch: 80 [30720/36000 (85%)]	Loss: 0.024745
Train Epoch: 80 [33280/36000 (92%)]	Loss: 0.038496
Train Epoch: 80 [22400/36000 (99%)]	Loss: 0.019047
Test set (epoch 80):
Train set (epoch 80):
Train Epoch: 81 [0/36000 (0%)]	Loss: 0.043853
Train Epoch: 81 [2560/36000 (7%)]	Loss: 0.026720
Train Epoch: 81 [5120/36000 (14%)]	Loss: 0.031683
Train Epoch: 81 [7680/36000 (21%)]	Loss: 0.053991
Train Epoch: 81 [10240/36000 (28%)]	Loss: 0.045141
Train Epoch: 81 [12800/36000 (35%)]	Loss: 0.032471
Train Epoch: 81 [15360/36000 (43%)]	Loss: 0.024048
Train Epoch: 81 [17920/36000 (50%)]	Loss: 0.039156
Train Epoch: 81 [20480/36000 (57%)]	Loss: 0.039280
Train Epoch: 81 [23040/36000 (64%)]	Loss: 0.015029
Train Epoch: 81 [25600/36000 (71%)]	Loss: 0.021206
Train Epoch: 81 [28160/36000 (78%)]	Loss: 0.036556
Train Epoch: 81 [30720/36000 (85%)]	Loss: 0.084310
Train Epoch: 81 [33280/36000 (92%)]	Loss: 0.039711
Train Epoch: 81 [22400/36000 (99%)]	Loss: 0.030962
Train Epoch: 82 [0/36000 (0%)]	Loss: 0.028615
Train Epoch: 82 [2560/36000 (7%)]	Loss: 0.048222
Train Epoch: 82 [5120/36000 (14%)]	Loss: 0.028092
Train Epoch: 82 [7680/36000 (21%)]	Loss: 0.021447
Train Epoch: 82 [10240/36000 (28%)]	Loss: 0.043052
Train Epoch: 82 [12800/36000 (35%)]	Loss: 0.016430
Train Epoch: 82 [15360/36000 (43%)]	Loss: 0.029782
Train Epoch: 82 [17920/36000 (50%)]	Loss: 0.042664
Train Epoch: 82 [20480/36000 (57%)]	Loss: 0.035097
Train Epoch: 82 [23040/36000 (64%)]	Loss: 0.006243
Train Epoch: 82 [25600/36000 (71%)]	Loss: 0.020848
Train Epoch: 82 [28160/36000 (78%)]	Loss: 0.037290
Train Epoch: 82 [30720/36000 (85%)]	Loss: 0.051496
Train Epoch: 82 [33280/36000 (92%)]	Loss: 0.038980
Train Epoch: 82 [22400/36000 (99%)]	Loss: 0.029793
Train Epoch: 83 [0/36000 (0%)]	Loss: 0.021147
Train Epoch: 83 [2560/36000 (7%)]	Loss: 0.018204
Train Epoch: 83 [5120/36000 (14%)]	Loss: 0.036836
Train Epoch: 83 [7680/36000 (21%)]	Loss: 0.018459
Train Epoch: 83 [10240/36000 (28%)]	Loss: 0.028052
Train Epoch: 83 [12800/36000 (35%)]	Loss: 0.039426
Train Epoch: 83 [15360/36000 (43%)]	Loss: 0.056013
Train Epoch: 83 [17920/36000 (50%)]	Loss: 0.048609
Train Epoch: 83 [20480/36000 (57%)]	Loss: 0.029636
Train Epoch: 83 [23040/36000 (64%)]	Loss: 0.042556
Train Epoch: 83 [25600/36000 (71%)]	Loss: 0.020322
Train Epoch: 83 [28160/36000 (78%)]	Loss: 0.032524
Train Epoch: 83 [30720/36000 (85%)]	Loss: 0.016116
Train Epoch: 83 [33280/36000 (92%)]	Loss: 0.039074
Train Epoch: 83 [22400/36000 (99%)]	Loss: 0.061540
Train Epoch: 84 [0/36000 (0%)]	Loss: 0.009476
Train Epoch: 84 [2560/36000 (7%)]	Loss: 0.026823
Train Epoch: 84 [5120/36000 (14%)]	Loss: 0.018439
Train Epoch: 84 [7680/36000 (21%)]	Loss: 0.045833
Train Epoch: 84 [10240/36000 (28%)]	Loss: 0.017718
Train Epoch: 84 [12800/36000 (35%)]	Loss: 0.038599
Train Epoch: 84 [15360/36000 (43%)]	Loss: 0.026706
Train Epoch: 84 [17920/36000 (50%)]	Loss: 0.069697
Train Epoch: 84 [20480/36000 (57%)]	Loss: 0.034614
Train Epoch: 84 [23040/36000 (64%)]	Loss: 0.066002
Train Epoch: 84 [25600/36000 (71%)]	Loss: 0.045973
Train Epoch: 84 [28160/36000 (78%)]	Loss: 0.038950
Train Epoch: 84 [30720/36000 (85%)]	Loss: 0.051893
Train Epoch: 84 [33280/36000 (92%)]	Loss: 0.032084
Train Epoch: 84 [22400/36000 (99%)]	Loss: 0.031727
Train Epoch: 85 [0/36000 (0%)]	Loss: 0.014322
Train Epoch: 85 [2560/36000 (7%)]	Loss: 0.060399
Train Epoch: 85 [5120/36000 (14%)]	Loss: 0.060675
Train Epoch: 85 [7680/36000 (21%)]	Loss: 0.054635
Train Epoch: 85 [10240/36000 (28%)]	Loss: 0.014516
Train Epoch: 85 [12800/36000 (35%)]	Loss: 0.034415
Train Epoch: 85 [15360/36000 (43%)]	Loss: 0.045130
Train Epoch: 85 [17920/36000 (50%)]	Loss: 0.033475
Train Epoch: 85 [20480/36000 (57%)]	Loss: 0.044120
Train Epoch: 85 [23040/36000 (64%)]	Loss: 0.019700
Train Epoch: 85 [25600/36000 (71%)]	Loss: 0.049188
Train Epoch: 85 [28160/36000 (78%)]	Loss: 0.053292
Train Epoch: 85 [30720/36000 (85%)]	Loss: 0.035672
Train Epoch: 85 [33280/36000 (92%)]	Loss: 0.037031
Train Epoch: 85 [22400/36000 (99%)]	Loss: 0.013508
Test set (epoch 85):
Train set (epoch 85):
Train Epoch: 86 [0/36000 (0%)]	Loss: 0.035653
Train Epoch: 86 [2560/36000 (7%)]	Loss: 0.036953
Train Epoch: 86 [5120/36000 (14%)]	Loss: 0.036757
Train Epoch: 86 [7680/36000 (21%)]	Loss: 0.027480
Train Epoch: 86 [10240/36000 (28%)]	Loss: 0.018834
Train Epoch: 86 [12800/36000 (35%)]	Loss: 0.009930
Train Epoch: 86 [15360/36000 (43%)]	Loss: 0.031360
Train Epoch: 86 [17920/36000 (50%)]	Loss: 0.031771
