Running on ax09.rc.zi.columbia.edu
Downloading http://yann.lecun.com/exdb/mnist/train-images-idx3-ubyte.gz
Failed to download (trying next):
HTTP Error 404: Not Found

Downloading https://ossci-datasets.s3.amazonaws.com/mnist/train-images-idx3-ubyte.gz
Downloading https://ossci-datasets.s3.amazonaws.com/mnist/train-images-idx3-ubyte.gz to ./data/MNIST/raw/train-images-idx3-ubyte.gz
Extracting ./data/MNIST/raw/train-images-idx3-ubyte.gz to ./data/MNIST/raw

Downloading http://yann.lecun.com/exdb/mnist/train-labels-idx1-ubyte.gz
Failed to download (trying next):
HTTP Error 404: Not Found

Downloading https://ossci-datasets.s3.amazonaws.com/mnist/train-labels-idx1-ubyte.gz
Downloading https://ossci-datasets.s3.amazonaws.com/mnist/train-labels-idx1-ubyte.gz to ./data/MNIST/raw/train-labels-idx1-ubyte.gz
Extracting ./data/MNIST/raw/train-labels-idx1-ubyte.gz to ./data/MNIST/raw

Downloading http://yann.lecun.com/exdb/mnist/t10k-images-idx3-ubyte.gz
Failed to download (trying next):
HTTP Error 404: Not Found

Downloading https://ossci-datasets.s3.amazonaws.com/mnist/t10k-images-idx3-ubyte.gz
Downloading https://ossci-datasets.s3.amazonaws.com/mnist/t10k-images-idx3-ubyte.gz to ./data/MNIST/raw/t10k-images-idx3-ubyte.gz
Extracting ./data/MNIST/raw/t10k-images-idx3-ubyte.gz to ./data/MNIST/raw

Downloading http://yann.lecun.com/exdb/mnist/t10k-labels-idx1-ubyte.gz
Failed to download (trying next):
HTTP Error 404: Not Found

Downloading https://ossci-datasets.s3.amazonaws.com/mnist/t10k-labels-idx1-ubyte.gz
Downloading https://ossci-datasets.s3.amazonaws.com/mnist/t10k-labels-idx1-ubyte.gz to ./data/MNIST/raw/t10k-labels-idx1-ubyte.gz
Extracting ./data/MNIST/raw/t10k-labels-idx1-ubyte.gz to ./data/MNIST/raw

Train Epoch: 1 [0/28000 (0%)]	Loss: 0.689719
Train Epoch: 1 [640/28000 (2%)]	Loss: 0.677778
Train Epoch: 1 [1280/28000 (5%)]	Loss: 0.605145
Train Epoch: 1 [1920/28000 (7%)]	Loss: 0.605493
Train Epoch: 1 [2560/28000 (9%)]	Loss: 0.629293
Train Epoch: 1 [3200/28000 (11%)]	Loss: 0.589297
Train Epoch: 1 [3840/28000 (14%)]	Loss: 0.578668
Train Epoch: 1 [4480/28000 (16%)]	Loss: 0.409815
Train Epoch: 1 [5120/28000 (18%)]	Loss: 0.450100
Train Epoch: 1 [5760/28000 (21%)]	Loss: 0.385289
Train Epoch: 1 [6400/28000 (23%)]	Loss: 0.441213
Train Epoch: 1 [7040/28000 (25%)]	Loss: 0.299654
Train Epoch: 1 [7680/28000 (27%)]	Loss: 0.290398
Train Epoch: 1 [8320/28000 (30%)]	Loss: 0.272310
Train Epoch: 1 [8960/28000 (32%)]	Loss: 0.276106
Train Epoch: 1 [9600/28000 (34%)]	Loss: 0.462225
Train Epoch: 1 [10240/28000 (37%)]	Loss: 0.282850
Train Epoch: 1 [10880/28000 (39%)]	Loss: 0.260634
Train Epoch: 1 [11520/28000 (41%)]	Loss: 0.224283
Train Epoch: 1 [12160/28000 (43%)]	Loss: 0.276501
Train Epoch: 1 [12800/28000 (46%)]	Loss: 0.197553
Train Epoch: 1 [13440/28000 (48%)]	Loss: 0.261849
Train Epoch: 1 [14080/28000 (50%)]	Loss: 0.261678
Train Epoch: 1 [14720/28000 (53%)]	Loss: 0.130852
Train Epoch: 1 [15360/28000 (55%)]	Loss: 0.100813
Train Epoch: 1 [16000/28000 (57%)]	Loss: 0.155245
Train Epoch: 1 [16640/28000 (59%)]	Loss: 0.184736
Train Epoch: 1 [17280/28000 (62%)]	Loss: 0.200950
Train Epoch: 1 [17920/28000 (64%)]	Loss: 0.113127
Train Epoch: 1 [18560/28000 (66%)]	Loss: 0.133354
Train Epoch: 1 [19200/28000 (68%)]	Loss: 0.095942
Train Epoch: 1 [19840/28000 (71%)]	Loss: 0.129294
Train Epoch: 1 [20480/28000 (73%)]	Loss: 0.071427
Train Epoch: 1 [21120/28000 (75%)]	Loss: 0.211236
Train Epoch: 1 [21760/28000 (78%)]	Loss: 0.070079
Train Epoch: 1 [22400/28000 (80%)]	Loss: 0.068625
Train Epoch: 1 [23040/28000 (82%)]	Loss: 0.102936
Train Epoch: 1 [23680/28000 (84%)]	Loss: 0.114052
Train Epoch: 1 [24320/28000 (87%)]	Loss: 0.111419
Train Epoch: 1 [24960/28000 (89%)]	Loss: 0.062753
Train Epoch: 1 [25600/28000 (91%)]	Loss: 0.123355
Train Epoch: 1 [26240/28000 (94%)]	Loss: 0.057693
Train Epoch: 1 [26880/28000 (96%)]	Loss: 0.060506
Train Epoch: 1 [27520/28000 (98%)]	Loss: 0.043536
Test set:
Overall: 64447/84000 (76.7%)
Train set:
Overall: 27422/28000 (97.9%)
Train Epoch: 2 [0/28000 (0%)]	Loss: 0.046326
Train Epoch: 2 [640/28000 (2%)]	Loss: 0.065660
Train Epoch: 2 [1280/28000 (5%)]	Loss: 0.082667
Train Epoch: 2 [1920/28000 (7%)]	Loss: 0.025124
Train Epoch: 2 [2560/28000 (9%)]	Loss: 0.025058
Train Epoch: 2 [3200/28000 (11%)]	Loss: 0.131943
Train Epoch: 2 [3840/28000 (14%)]	Loss: 0.015202
Train Epoch: 2 [4480/28000 (16%)]	Loss: 0.024010
Train Epoch: 2 [5120/28000 (18%)]	Loss: 0.064260
Train Epoch: 2 [5760/28000 (21%)]	Loss: 0.046434
Train Epoch: 2 [6400/28000 (23%)]	Loss: 0.117428
Train Epoch: 2 [7040/28000 (25%)]	Loss: 0.091855
Train Epoch: 2 [7680/28000 (27%)]	Loss: 0.005061
Train Epoch: 2 [8320/28000 (30%)]	Loss: 0.030314
Train Epoch: 2 [8960/28000 (32%)]	Loss: 0.120749
Train Epoch: 2 [9600/28000 (34%)]	Loss: 0.055233
Train Epoch: 2 [10240/28000 (37%)]	Loss: 0.051082
Train Epoch: 2 [10880/28000 (39%)]	Loss: 0.020860
Train Epoch: 2 [11520/28000 (41%)]	Loss: 0.006262
Train Epoch: 2 [12160/28000 (43%)]	Loss: 0.087093
Train Epoch: 2 [12800/28000 (46%)]	Loss: 0.165989
Train Epoch: 2 [13440/28000 (48%)]	Loss: 0.023100
Train Epoch: 2 [14080/28000 (50%)]	Loss: 0.072162
Train Epoch: 2 [14720/28000 (53%)]	Loss: 0.033552
Train Epoch: 2 [15360/28000 (55%)]	Loss: 0.031315
Train Epoch: 2 [16000/28000 (57%)]	Loss: 0.016254
Train Epoch: 2 [16640/28000 (59%)]	Loss: 0.098583
Train Epoch: 2 [17280/28000 (62%)]	Loss: 0.044423
Train Epoch: 2 [17920/28000 (64%)]	Loss: 0.012783
Train Epoch: 2 [18560/28000 (66%)]	Loss: 0.019959
Train Epoch: 2 [19200/28000 (68%)]	Loss: 0.006280
Train Epoch: 2 [19840/28000 (71%)]	Loss: 0.042219
Train Epoch: 2 [20480/28000 (73%)]	Loss: 0.004127
Train Epoch: 2 [21120/28000 (75%)]	Loss: 0.006666
Train Epoch: 2 [21760/28000 (78%)]	Loss: 0.065507
Train Epoch: 2 [22400/28000 (80%)]	Loss: 0.005468
Train Epoch: 2 [23040/28000 (82%)]	Loss: 0.068604
Train Epoch: 2 [23680/28000 (84%)]	Loss: 0.048423
Train Epoch: 2 [24320/28000 (87%)]	Loss: 0.054935
Train Epoch: 2 [24960/28000 (89%)]	Loss: 0.144699
Train Epoch: 2 [25600/28000 (91%)]	Loss: 0.018407
Train Epoch: 2 [26240/28000 (94%)]	Loss: 0.038527
Train Epoch: 2 [26880/28000 (96%)]	Loss: 0.024649
Train Epoch: 2 [27520/28000 (98%)]	Loss: 0.028633
Test set:
Overall: 62837/84000 (74.8%)
Train set:
Overall: 27787/28000 (99.2%)
Train Epoch: 3 [0/28000 (0%)]	Loss: 0.057710
Train Epoch: 3 [640/28000 (2%)]	Loss: 0.021875
Train Epoch: 3 [1280/28000 (5%)]	Loss: 0.019916
Train Epoch: 3 [1920/28000 (7%)]	Loss: 0.012123
Train Epoch: 3 [2560/28000 (9%)]	Loss: 0.032652
Train Epoch: 3 [3200/28000 (11%)]	Loss: 0.035493
Train Epoch: 3 [3840/28000 (14%)]	Loss: 0.048603
Train Epoch: 3 [4480/28000 (16%)]	Loss: 0.020418
Train Epoch: 3 [5120/28000 (18%)]	Loss: 0.002772
Train Epoch: 3 [5760/28000 (21%)]	Loss: 0.006533
Train Epoch: 3 [6400/28000 (23%)]	Loss: 0.040678
Train Epoch: 3 [7040/28000 (25%)]	Loss: 0.046997
Train Epoch: 3 [7680/28000 (27%)]	Loss: 0.026634
Train Epoch: 3 [8320/28000 (30%)]	Loss: 0.003498
Train Epoch: 3 [8960/28000 (32%)]	Loss: 0.051253
Train Epoch: 3 [9600/28000 (34%)]	Loss: 0.007022
Train Epoch: 3 [10240/28000 (37%)]	Loss: 0.039385
Train Epoch: 3 [10880/28000 (39%)]	Loss: 0.025133
Train Epoch: 3 [11520/28000 (41%)]	Loss: 0.003226
Train Epoch: 3 [12160/28000 (43%)]	Loss: 0.017692
Train Epoch: 3 [12800/28000 (46%)]	Loss: 0.018012
Train Epoch: 3 [13440/28000 (48%)]	Loss: 0.023154
Train Epoch: 3 [14080/28000 (50%)]	Loss: 0.029689
Train Epoch: 3 [14720/28000 (53%)]	Loss: 0.025124
Train Epoch: 3 [15360/28000 (55%)]	Loss: 0.018030
Train Epoch: 3 [16000/28000 (57%)]	Loss: 0.054627
Train Epoch: 3 [16640/28000 (59%)]	Loss: 0.003464
Train Epoch: 3 [17280/28000 (62%)]	Loss: 0.003622
Train Epoch: 3 [17920/28000 (64%)]	Loss: 0.004378
Train Epoch: 3 [18560/28000 (66%)]	Loss: 0.007734
Train Epoch: 3 [19200/28000 (68%)]	Loss: 0.022256
Train Epoch: 3 [19840/28000 (71%)]	Loss: 0.040982
Train Epoch: 3 [20480/28000 (73%)]	Loss: 0.030976
Train Epoch: 3 [21120/28000 (75%)]	Loss: 0.011348
Train Epoch: 3 [21760/28000 (78%)]	Loss: 0.019677
Train Epoch: 3 [22400/28000 (80%)]	Loss: 0.005668
Train Epoch: 3 [23040/28000 (82%)]	Loss: 0.001621
Train Epoch: 3 [23680/28000 (84%)]	Loss: 0.066438
Train Epoch: 3 [24320/28000 (87%)]	Loss: 0.001969
Train Epoch: 3 [24960/28000 (89%)]	Loss: 0.008098
Train Epoch: 3 [25600/28000 (91%)]	Loss: 0.008103
Train Epoch: 3 [26240/28000 (94%)]	Loss: 0.008516
Train Epoch: 3 [26880/28000 (96%)]	Loss: 0.021258
Train Epoch: 3 [27520/28000 (98%)]	Loss: 0.021130
Test set:
Overall: 62927/84000 (74.9%)
Train set:
Overall: 27879/28000 (99.6%)
Train Epoch: 4 [0/28000 (0%)]	Loss: 0.052529
Train Epoch: 4 [640/28000 (2%)]	Loss: 0.028288
Train Epoch: 4 [1280/28000 (5%)]	Loss: 0.005726
Train Epoch: 4 [1920/28000 (7%)]	Loss: 0.001299
Train Epoch: 4 [2560/28000 (9%)]	Loss: 0.003695
Train Epoch: 4 [3200/28000 (11%)]	Loss: 0.015376
Train Epoch: 4 [3840/28000 (14%)]	Loss: 0.001294
Train Epoch: 4 [4480/28000 (16%)]	Loss: 0.013493
Train Epoch: 4 [5120/28000 (18%)]	Loss: 0.004691
Train Epoch: 4 [5760/28000 (21%)]	Loss: 0.001244
Train Epoch: 4 [6400/28000 (23%)]	Loss: 0.002319
Train Epoch: 4 [7040/28000 (25%)]	Loss: 0.060545
Train Epoch: 4 [7680/28000 (27%)]	Loss: 0.022179
Train Epoch: 4 [8320/28000 (30%)]	Loss: 0.000793
Train Epoch: 4 [8960/28000 (32%)]	Loss: 0.002948
Train Epoch: 4 [9600/28000 (34%)]	Loss: 0.003017
Train Epoch: 4 [10240/28000 (37%)]	Loss: 0.011330
Train Epoch: 4 [10880/28000 (39%)]	Loss: 0.005145
Train Epoch: 4 [11520/28000 (41%)]	Loss: 0.007471
Train Epoch: 4 [12160/28000 (43%)]	Loss: 0.010935
Train Epoch: 4 [12800/28000 (46%)]	Loss: 0.005996
Train Epoch: 4 [13440/28000 (48%)]	Loss: 0.005503
Train Epoch: 4 [14080/28000 (50%)]	Loss: 0.002152
Train Epoch: 4 [14720/28000 (53%)]	Loss: 0.001741
Train Epoch: 4 [15360/28000 (55%)]	Loss: 0.071218
Train Epoch: 4 [16000/28000 (57%)]	Loss: 0.019218
Train Epoch: 4 [16640/28000 (59%)]	Loss: 0.008243
Train Epoch: 4 [17280/28000 (62%)]	Loss: 0.000612
Train Epoch: 4 [17920/28000 (64%)]	Loss: 0.118996
Train Epoch: 4 [18560/28000 (66%)]	Loss: 0.000528
Train Epoch: 4 [19200/28000 (68%)]	Loss: 0.008867
Train Epoch: 4 [19840/28000 (71%)]	Loss: 0.020877
Train Epoch: 4 [20480/28000 (73%)]	Loss: 0.002175
Train Epoch: 4 [21120/28000 (75%)]	Loss: 0.002262
Train Epoch: 4 [21760/28000 (78%)]	Loss: 0.004166
Train Epoch: 4 [22400/28000 (80%)]	Loss: 0.077339
Train Epoch: 4 [23040/28000 (82%)]	Loss: 0.013786
Train Epoch: 4 [23680/28000 (84%)]	Loss: 0.001780
Train Epoch: 4 [24320/28000 (87%)]	Loss: 0.008905
Train Epoch: 4 [24960/28000 (89%)]	Loss: 0.003920
Train Epoch: 4 [25600/28000 (91%)]	Loss: 0.013547
Train Epoch: 4 [26240/28000 (94%)]	Loss: 0.001022
Train Epoch: 4 [26880/28000 (96%)]	Loss: 0.011137
Train Epoch: 4 [27520/28000 (98%)]	Loss: 0.023829
Test set:
Overall: 62658/84000 (74.6%)
Train set:
Overall: 27867/28000 (99.5%)
