Running on ax24.rc.zi.columbia.edu
Train Epoch: 1 [0/28000 (0%)]	Loss: 0.689717
Train Epoch: 1 [640/28000 (2%)]	Loss: 0.677767
Train Epoch: 1 [1280/28000 (5%)]	Loss: 0.604689
Train Epoch: 1 [1920/28000 (7%)]	Loss: 0.604506
Train Epoch: 1 [2560/28000 (9%)]	Loss: 0.633787
Train Epoch: 1 [3200/28000 (11%)]	Loss: 0.590387
Train Epoch: 1 [3840/28000 (14%)]	Loss: 0.570141
Train Epoch: 1 [4480/28000 (16%)]	Loss: 0.393802
Train Epoch: 1 [5120/28000 (18%)]	Loss: 0.436826
Train Epoch: 1 [5760/28000 (21%)]	Loss: 0.403166
Train Epoch: 1 [6400/28000 (23%)]	Loss: 0.377856
Train Epoch: 1 [7040/28000 (25%)]	Loss: 0.267783
Train Epoch: 1 [7680/28000 (27%)]	Loss: 0.254246
Train Epoch: 1 [8320/28000 (30%)]	Loss: 0.285321
Train Epoch: 1 [8960/28000 (32%)]	Loss: 0.226157
Train Epoch: 1 [9600/28000 (34%)]	Loss: 0.465653
Train Epoch: 1 [10240/28000 (37%)]	Loss: 0.183534
Train Epoch: 1 [10880/28000 (39%)]	Loss: 0.284430
Train Epoch: 1 [11520/28000 (41%)]	Loss: 0.165794
Train Epoch: 1 [12160/28000 (43%)]	Loss: 0.278170
Train Epoch: 1 [12800/28000 (46%)]	Loss: 0.221498
Train Epoch: 1 [13440/28000 (48%)]	Loss: 0.269428
Train Epoch: 1 [14080/28000 (50%)]	Loss: 0.228328
Train Epoch: 1 [14720/28000 (53%)]	Loss: 0.119649
Train Epoch: 1 [15360/28000 (55%)]	Loss: 0.081220
Train Epoch: 1 [16000/28000 (57%)]	Loss: 0.181335
Train Epoch: 1 [16640/28000 (59%)]	Loss: 0.191785
Train Epoch: 1 [17280/28000 (62%)]	Loss: 0.211673
Train Epoch: 1 [17920/28000 (64%)]	Loss: 0.166700
Train Epoch: 1 [18560/28000 (66%)]	Loss: 0.103857
Train Epoch: 1 [19200/28000 (68%)]	Loss: 0.085979
Train Epoch: 1 [19840/28000 (71%)]	Loss: 0.126839
Train Epoch: 1 [20480/28000 (73%)]	Loss: 0.070659
Train Epoch: 1 [21120/28000 (75%)]	Loss: 0.140899
Train Epoch: 1 [21760/28000 (78%)]	Loss: 0.064844
Train Epoch: 1 [22400/28000 (80%)]	Loss: 0.060020
Train Epoch: 1 [23040/28000 (82%)]	Loss: 0.086356
Train Epoch: 1 [23680/28000 (84%)]	Loss: 0.084229
Train Epoch: 1 [24320/28000 (87%)]	Loss: 0.077629
Train Epoch: 1 [24960/28000 (89%)]	Loss: 0.046882
Train Epoch: 1 [25600/28000 (91%)]	Loss: 0.095555
Train Epoch: 1 [26240/28000 (94%)]	Loss: 0.041688
Train Epoch: 1 [26880/28000 (96%)]	Loss: 0.047938
Train Epoch: 1 [27520/28000 (98%)]	Loss: 0.025858
Test set:
Overall: 65477/84000 (77.9%)
Train set:
Overall: 27518/28000 (98.3%)
Train Epoch: 2 [0/28000 (0%)]	Loss: 0.042526
Train Epoch: 2 [640/28000 (2%)]	Loss: 0.059910
Train Epoch: 2 [1280/28000 (5%)]	Loss: 0.072832
Train Epoch: 2 [1920/28000 (7%)]	Loss: 0.020247
Train Epoch: 2 [2560/28000 (9%)]	Loss: 0.028721
Train Epoch: 2 [3200/28000 (11%)]	Loss: 0.108648
Train Epoch: 2 [3840/28000 (14%)]	Loss: 0.012168
Train Epoch: 2 [4480/28000 (16%)]	Loss: 0.012473
Train Epoch: 2 [5120/28000 (18%)]	Loss: 0.053695
Train Epoch: 2 [5760/28000 (21%)]	Loss: 0.047032
Train Epoch: 2 [6400/28000 (23%)]	Loss: 0.048088
Train Epoch: 2 [7040/28000 (25%)]	Loss: 0.123682
Train Epoch: 2 [7680/28000 (27%)]	Loss: 0.010158
Train Epoch: 2 [8320/28000 (30%)]	Loss: 0.058813
Train Epoch: 2 [8960/28000 (32%)]	Loss: 0.094482
Train Epoch: 2 [9600/28000 (34%)]	Loss: 0.051188
Train Epoch: 2 [10240/28000 (37%)]	Loss: 0.041785
Train Epoch: 2 [10880/28000 (39%)]	Loss: 0.013987
Train Epoch: 2 [11520/28000 (41%)]	Loss: 0.009153
Train Epoch: 2 [12160/28000 (43%)]	Loss: 0.072712
Train Epoch: 2 [12800/28000 (46%)]	Loss: 0.177714
Train Epoch: 2 [13440/28000 (48%)]	Loss: 0.019588
Train Epoch: 2 [14080/28000 (50%)]	Loss: 0.064641
Train Epoch: 2 [14720/28000 (53%)]	Loss: 0.028090
Train Epoch: 2 [15360/28000 (55%)]	Loss: 0.012989
Train Epoch: 2 [16000/28000 (57%)]	Loss: 0.021291
Train Epoch: 2 [16640/28000 (59%)]	Loss: 0.107732
Train Epoch: 2 [17280/28000 (62%)]	Loss: 0.032868
Train Epoch: 2 [17920/28000 (64%)]	Loss: 0.018381
Train Epoch: 2 [18560/28000 (66%)]	Loss: 0.023388
Train Epoch: 2 [19200/28000 (68%)]	Loss: 0.005230
Train Epoch: 2 [19840/28000 (71%)]	Loss: 0.055676
Train Epoch: 2 [20480/28000 (73%)]	Loss: 0.007539
Train Epoch: 2 [21120/28000 (75%)]	Loss: 0.006743
Train Epoch: 2 [21760/28000 (78%)]	Loss: 0.092056
Train Epoch: 2 [22400/28000 (80%)]	Loss: 0.002380
Train Epoch: 2 [23040/28000 (82%)]	Loss: 0.054994
Train Epoch: 2 [23680/28000 (84%)]	Loss: 0.058639
Train Epoch: 2 [24320/28000 (87%)]	Loss: 0.064549
Train Epoch: 2 [24960/28000 (89%)]	Loss: 0.189508
Train Epoch: 2 [25600/28000 (91%)]	Loss: 0.016400
Train Epoch: 2 [26240/28000 (94%)]	Loss: 0.045764
Train Epoch: 2 [26880/28000 (96%)]	Loss: 0.017288
Train Epoch: 2 [27520/28000 (98%)]	Loss: 0.033718
Test set:
Overall: 62806/84000 (74.8%)
Train set:
Overall: 27748/28000 (99.1%)
Train Epoch: 3 [0/28000 (0%)]	Loss: 0.072933
Train Epoch: 3 [640/28000 (2%)]	Loss: 0.027008
Train Epoch: 3 [1280/28000 (5%)]	Loss: 0.011684
Train Epoch: 3 [1920/28000 (7%)]	Loss: 0.004564
Train Epoch: 3 [2560/28000 (9%)]	Loss: 0.037954
Train Epoch: 3 [3200/28000 (11%)]	Loss: 0.029505
Train Epoch: 3 [3840/28000 (14%)]	Loss: 0.061994
Train Epoch: 3 [4480/28000 (16%)]	Loss: 0.024740
Train Epoch: 3 [5120/28000 (18%)]	Loss: 0.004188
Train Epoch: 3 [5760/28000 (21%)]	Loss: 0.003699
Train Epoch: 3 [6400/28000 (23%)]	Loss: 0.012749
Train Epoch: 3 [7040/28000 (25%)]	Loss: 0.077608
Train Epoch: 3 [7680/28000 (27%)]	Loss: 0.030025
Train Epoch: 3 [8320/28000 (30%)]	Loss: 0.012399
Train Epoch: 3 [8960/28000 (32%)]	Loss: 0.032261
Train Epoch: 3 [9600/28000 (34%)]	Loss: 0.004001
Train Epoch: 3 [10240/28000 (37%)]	Loss: 0.037988
Train Epoch: 3 [10880/28000 (39%)]	Loss: 0.035987
Train Epoch: 3 [11520/28000 (41%)]	Loss: 0.002608
Train Epoch: 3 [12160/28000 (43%)]	Loss: 0.046907
Train Epoch: 3 [12800/28000 (46%)]	Loss: 0.003512
Train Epoch: 3 [13440/28000 (48%)]	Loss: 0.051473
Train Epoch: 3 [14080/28000 (50%)]	Loss: 0.023654
Train Epoch: 3 [14720/28000 (53%)]	Loss: 0.011029
Train Epoch: 3 [15360/28000 (55%)]	Loss: 0.014298
Train Epoch: 3 [16000/28000 (57%)]	Loss: 0.067061
Train Epoch: 3 [16640/28000 (59%)]	Loss: 0.008929
Train Epoch: 3 [17280/28000 (62%)]	Loss: 0.001462
Train Epoch: 3 [17920/28000 (64%)]	Loss: 0.006011
Train Epoch: 3 [18560/28000 (66%)]	Loss: 0.009644
Train Epoch: 3 [19200/28000 (68%)]	Loss: 0.010037
Train Epoch: 3 [19840/28000 (71%)]	Loss: 0.024642
Train Epoch: 3 [20480/28000 (73%)]	Loss: 0.003562
Train Epoch: 3 [21120/28000 (75%)]	Loss: 0.014071
Train Epoch: 3 [21760/28000 (78%)]	Loss: 0.023959
Train Epoch: 3 [22400/28000 (80%)]	Loss: 0.002324
Train Epoch: 3 [23040/28000 (82%)]	Loss: 0.000138
Train Epoch: 3 [23680/28000 (84%)]	Loss: 0.082854
Train Epoch: 3 [24320/28000 (87%)]	Loss: 0.001336
Train Epoch: 3 [24960/28000 (89%)]	Loss: 0.010288
Train Epoch: 3 [25600/28000 (91%)]	Loss: 0.005416
Train Epoch: 3 [26240/28000 (94%)]	Loss: 0.004069
Train Epoch: 3 [26880/28000 (96%)]	Loss: 0.012834
Train Epoch: 3 [27520/28000 (98%)]	Loss: 0.004420
Test set:
Overall: 62117/84000 (73.9%)
Train set:
Overall: 27847/28000 (99.5%)
Train Epoch: 4 [0/28000 (0%)]	Loss: 0.030740
Train Epoch: 4 [640/28000 (2%)]	Loss: 0.015315
Train Epoch: 4 [1280/28000 (5%)]	Loss: 0.002699
Train Epoch: 4 [1920/28000 (7%)]	Loss: 0.004609
Train Epoch: 4 [2560/28000 (9%)]	Loss: 0.017991
Train Epoch: 4 [3200/28000 (11%)]	Loss: 0.021186
Train Epoch: 4 [3840/28000 (14%)]	Loss: 0.000727
Train Epoch: 4 [4480/28000 (16%)]	Loss: 0.079126
Train Epoch: 4 [5120/28000 (18%)]	Loss: 0.006143
Train Epoch: 4 [5760/28000 (21%)]	Loss: 0.009466
Train Epoch: 4 [6400/28000 (23%)]	Loss: 0.002931
Train Epoch: 4 [7040/28000 (25%)]	Loss: 0.023698
Train Epoch: 4 [7680/28000 (27%)]	Loss: 0.003071
Train Epoch: 4 [8320/28000 (30%)]	Loss: 0.000502
Train Epoch: 4 [8960/28000 (32%)]	Loss: 0.004274
Train Epoch: 4 [9600/28000 (34%)]	Loss: 0.001662
Train Epoch: 4 [10240/28000 (37%)]	Loss: 0.003023
Train Epoch: 4 [10880/28000 (39%)]	Loss: 0.009032
Train Epoch: 4 [11520/28000 (41%)]	Loss: 0.007834
Train Epoch: 4 [12160/28000 (43%)]	Loss: 0.008100
Train Epoch: 4 [12800/28000 (46%)]	Loss: 0.006579
Train Epoch: 4 [13440/28000 (48%)]	Loss: 0.012899
Train Epoch: 4 [14080/28000 (50%)]	Loss: 0.001899
Train Epoch: 4 [14720/28000 (53%)]	Loss: 0.003794
Train Epoch: 4 [15360/28000 (55%)]	Loss: 0.072962
Train Epoch: 4 [16000/28000 (57%)]	Loss: 0.007923
Train Epoch: 4 [16640/28000 (59%)]	Loss: 0.010545
Train Epoch: 4 [17280/28000 (62%)]	Loss: 0.001121
Train Epoch: 4 [17920/28000 (64%)]	Loss: 0.071909
Train Epoch: 4 [18560/28000 (66%)]	Loss: 0.010525
Train Epoch: 4 [19200/28000 (68%)]	Loss: 0.016453
Train Epoch: 4 [19840/28000 (71%)]	Loss: 0.017277
Train Epoch: 4 [20480/28000 (73%)]	Loss: 0.001786
Train Epoch: 4 [21120/28000 (75%)]	Loss: 0.009773
Train Epoch: 4 [21760/28000 (78%)]	Loss: 0.013490
Train Epoch: 4 [22400/28000 (80%)]	Loss: 0.057167
Train Epoch: 4 [23040/28000 (82%)]	Loss: 0.031409
Train Epoch: 4 [23680/28000 (84%)]	Loss: 0.001109
Train Epoch: 4 [24320/28000 (87%)]	Loss: 0.015027
Train Epoch: 4 [24960/28000 (89%)]	Loss: 0.004576
Train Epoch: 4 [25600/28000 (91%)]	Loss: 0.012574
Train Epoch: 4 [26240/28000 (94%)]	Loss: 0.000426
Train Epoch: 4 [26880/28000 (96%)]	Loss: 0.014974
Train Epoch: 4 [27520/28000 (98%)]	Loss: 0.004573
Test set:
Overall: 61440/84000 (73.1%)
Train set:
Overall: 27917/28000 (99.7%)
