Running on ax13.rc.zi.columbia.edu
Train Epoch: 1 [0/28000 (0%)]	Loss: 0.689717
Train Epoch: 1 [640/28000 (2%)]	Loss: 0.677767
Train Epoch: 1 [1280/28000 (5%)]	Loss: 0.604690
Train Epoch: 1 [1920/28000 (7%)]	Loss: 0.604511
Train Epoch: 1 [2560/28000 (9%)]	Loss: 0.633839
Train Epoch: 1 [3200/28000 (11%)]	Loss: 0.590106
Train Epoch: 1 [3840/28000 (14%)]	Loss: 0.571733
Train Epoch: 1 [4480/28000 (16%)]	Loss: 0.395225
Train Epoch: 1 [5120/28000 (18%)]	Loss: 0.427104
Train Epoch: 1 [5760/28000 (21%)]	Loss: 0.407773
Train Epoch: 1 [6400/28000 (23%)]	Loss: 0.311574
Train Epoch: 1 [7040/28000 (25%)]	Loss: 0.238863
Train Epoch: 1 [7680/28000 (27%)]	Loss: 0.303741
Train Epoch: 1 [8320/28000 (30%)]	Loss: 0.289984
Train Epoch: 1 [8960/28000 (32%)]	Loss: 0.166922
Train Epoch: 1 [9600/28000 (34%)]	Loss: 0.385447
Train Epoch: 1 [10240/28000 (37%)]	Loss: 0.222144
Train Epoch: 1 [10880/28000 (39%)]	Loss: 0.259747
Train Epoch: 1 [11520/28000 (41%)]	Loss: 0.188344
Train Epoch: 1 [12160/28000 (43%)]	Loss: 0.241137
Train Epoch: 1 [12800/28000 (46%)]	Loss: 0.241784
Train Epoch: 1 [13440/28000 (48%)]	Loss: 0.274378
Train Epoch: 1 [14080/28000 (50%)]	Loss: 0.205323
Train Epoch: 1 [14720/28000 (53%)]	Loss: 0.106180
Train Epoch: 1 [15360/28000 (55%)]	Loss: 0.133881
Train Epoch: 1 [16000/28000 (57%)]	Loss: 0.253293
Train Epoch: 1 [16640/28000 (59%)]	Loss: 0.164909
Train Epoch: 1 [17280/28000 (62%)]	Loss: 0.190565
Train Epoch: 1 [17920/28000 (64%)]	Loss: 0.144820
Train Epoch: 1 [18560/28000 (66%)]	Loss: 0.116885
Train Epoch: 1 [19200/28000 (68%)]	Loss: 0.093330
Train Epoch: 1 [19840/28000 (71%)]	Loss: 0.143450
Train Epoch: 1 [20480/28000 (73%)]	Loss: 0.064327
Train Epoch: 1 [21120/28000 (75%)]	Loss: 0.199738
Train Epoch: 1 [21760/28000 (78%)]	Loss: 0.070994
Train Epoch: 1 [22400/28000 (80%)]	Loss: 0.068900
Train Epoch: 1 [23040/28000 (82%)]	Loss: 0.092534
Train Epoch: 1 [23680/28000 (84%)]	Loss: 0.104956
Train Epoch: 1 [24320/28000 (87%)]	Loss: 0.086541
Train Epoch: 1 [24960/28000 (89%)]	Loss: 0.040652
Train Epoch: 1 [25600/28000 (91%)]	Loss: 0.111336
Train Epoch: 1 [26240/28000 (94%)]	Loss: 0.042050
Train Epoch: 1 [26880/28000 (96%)]	Loss: 0.056673
Train Epoch: 1 [27520/28000 (98%)]	Loss: 0.046246
Test set:
Overall: 65411/84000 (77.9%)
Train set:
Overall: 27479/28000 (98.1%)
Train Epoch: 2 [0/28000 (0%)]	Loss: 0.052054
Train Epoch: 2 [640/28000 (2%)]	Loss: 0.048974
Train Epoch: 2 [1280/28000 (5%)]	Loss: 0.042554
Train Epoch: 2 [1920/28000 (7%)]	Loss: 0.023364
Train Epoch: 2 [2560/28000 (9%)]	Loss: 0.045353
Train Epoch: 2 [3200/28000 (11%)]	Loss: 0.121782
Train Epoch: 2 [3840/28000 (14%)]	Loss: 0.012763
Train Epoch: 2 [4480/28000 (16%)]	Loss: 0.018281
Train Epoch: 2 [5120/28000 (18%)]	Loss: 0.038602
Train Epoch: 2 [5760/28000 (21%)]	Loss: 0.036255
Train Epoch: 2 [6400/28000 (23%)]	Loss: 0.068454
Train Epoch: 2 [7040/28000 (25%)]	Loss: 0.095257
Train Epoch: 2 [7680/28000 (27%)]	Loss: 0.008268
Train Epoch: 2 [8320/28000 (30%)]	Loss: 0.030315
Train Epoch: 2 [8960/28000 (32%)]	Loss: 0.123638
Train Epoch: 2 [9600/28000 (34%)]	Loss: 0.047601
Train Epoch: 2 [10240/28000 (37%)]	Loss: 0.021199
Train Epoch: 2 [10880/28000 (39%)]	Loss: 0.025247
Train Epoch: 2 [11520/28000 (41%)]	Loss: 0.006419
Train Epoch: 2 [12160/28000 (43%)]	Loss: 0.088203
Train Epoch: 2 [12800/28000 (46%)]	Loss: 0.127785
Train Epoch: 2 [13440/28000 (48%)]	Loss: 0.019589
Train Epoch: 2 [14080/28000 (50%)]	Loss: 0.056721
Train Epoch: 2 [14720/28000 (53%)]	Loss: 0.010965
Train Epoch: 2 [15360/28000 (55%)]	Loss: 0.046437
Train Epoch: 2 [16000/28000 (57%)]	Loss: 0.029891
Train Epoch: 2 [16640/28000 (59%)]	Loss: 0.114441
Train Epoch: 2 [17280/28000 (62%)]	Loss: 0.027017
Train Epoch: 2 [17920/28000 (64%)]	Loss: 0.014904
Train Epoch: 2 [18560/28000 (66%)]	Loss: 0.020227
Train Epoch: 2 [19200/28000 (68%)]	Loss: 0.006367
Train Epoch: 2 [19840/28000 (71%)]	Loss: 0.054418
Train Epoch: 2 [20480/28000 (73%)]	Loss: 0.008356
Train Epoch: 2 [21120/28000 (75%)]	Loss: 0.008956
Train Epoch: 2 [21760/28000 (78%)]	Loss: 0.075295
Train Epoch: 2 [22400/28000 (80%)]	Loss: 0.004802
Train Epoch: 2 [23040/28000 (82%)]	Loss: 0.067559
Train Epoch: 2 [23680/28000 (84%)]	Loss: 0.071937
Train Epoch: 2 [24320/28000 (87%)]	Loss: 0.092832
Train Epoch: 2 [24960/28000 (89%)]	Loss: 0.173445
Train Epoch: 2 [25600/28000 (91%)]	Loss: 0.011936
Train Epoch: 2 [26240/28000 (94%)]	Loss: 0.045874
Train Epoch: 2 [26880/28000 (96%)]	Loss: 0.036781
Train Epoch: 2 [27520/28000 (98%)]	Loss: 0.027885
Test set:
Overall: 60991/84000 (72.6%)
Train set:
Overall: 27786/28000 (99.2%)
Train Epoch: 3 [0/28000 (0%)]	Loss: 0.053827
Train Epoch: 3 [640/28000 (2%)]	Loss: 0.031759
Train Epoch: 3 [1280/28000 (5%)]	Loss: 0.014995
Train Epoch: 3 [1920/28000 (7%)]	Loss: 0.012505
Train Epoch: 3 [2560/28000 (9%)]	Loss: 0.029214
Train Epoch: 3 [3200/28000 (11%)]	Loss: 0.024749
Train Epoch: 3 [3840/28000 (14%)]	Loss: 0.030021
Train Epoch: 3 [4480/28000 (16%)]	Loss: 0.028738
Train Epoch: 3 [5120/28000 (18%)]	Loss: 0.002979
Train Epoch: 3 [5760/28000 (21%)]	Loss: 0.012121
Train Epoch: 3 [6400/28000 (23%)]	Loss: 0.020372
Train Epoch: 3 [7040/28000 (25%)]	Loss: 0.071093
Train Epoch: 3 [7680/28000 (27%)]	Loss: 0.015890
Train Epoch: 3 [8320/28000 (30%)]	Loss: 0.017043
Train Epoch: 3 [8960/28000 (32%)]	Loss: 0.046148
Train Epoch: 3 [9600/28000 (34%)]	Loss: 0.004494
Train Epoch: 3 [10240/28000 (37%)]	Loss: 0.011278
Train Epoch: 3 [10880/28000 (39%)]	Loss: 0.041817
Train Epoch: 3 [11520/28000 (41%)]	Loss: 0.004314
Train Epoch: 3 [12160/28000 (43%)]	Loss: 0.010422
Train Epoch: 3 [12800/28000 (46%)]	Loss: 0.018761
Train Epoch: 3 [13440/28000 (48%)]	Loss: 0.031522
Train Epoch: 3 [14080/28000 (50%)]	Loss: 0.016142
Train Epoch: 3 [14720/28000 (53%)]	Loss: 0.024785
Train Epoch: 3 [15360/28000 (55%)]	Loss: 0.014369
Train Epoch: 3 [16000/28000 (57%)]	Loss: 0.035886
Train Epoch: 3 [16640/28000 (59%)]	Loss: 0.004807
Train Epoch: 3 [17280/28000 (62%)]	Loss: 0.001516
Train Epoch: 3 [17920/28000 (64%)]	Loss: 0.012342
Train Epoch: 3 [18560/28000 (66%)]	Loss: 0.005722
Train Epoch: 3 [19200/28000 (68%)]	Loss: 0.027161
Train Epoch: 3 [19840/28000 (71%)]	Loss: 0.029486
Train Epoch: 3 [20480/28000 (73%)]	Loss: 0.016844
Train Epoch: 3 [21120/28000 (75%)]	Loss: 0.014908
Train Epoch: 3 [21760/28000 (78%)]	Loss: 0.042854
Train Epoch: 3 [22400/28000 (80%)]	Loss: 0.011445
Train Epoch: 3 [23040/28000 (82%)]	Loss: 0.000788
Train Epoch: 3 [23680/28000 (84%)]	Loss: 0.002757
Train Epoch: 3 [24320/28000 (87%)]	Loss: 0.006556
Train Epoch: 3 [24960/28000 (89%)]	Loss: 0.020555
Train Epoch: 3 [25600/28000 (91%)]	Loss: 0.006574
Train Epoch: 3 [26240/28000 (94%)]	Loss: 0.034715
Train Epoch: 3 [26880/28000 (96%)]	Loss: 0.018395
Train Epoch: 3 [27520/28000 (98%)]	Loss: 0.021040
Test set:
Overall: 62168/84000 (74.0%)
Train set:
Overall: 27877/28000 (99.6%)
Train Epoch: 4 [0/28000 (0%)]	Loss: 0.029898
Train Epoch: 4 [640/28000 (2%)]	Loss: 0.012150
Train Epoch: 4 [1280/28000 (5%)]	Loss: 0.006980
Train Epoch: 4 [1920/28000 (7%)]	Loss: 0.001493
Train Epoch: 4 [2560/28000 (9%)]	Loss: 0.014101
Train Epoch: 4 [3200/28000 (11%)]	Loss: 0.005754
Train Epoch: 4 [3840/28000 (14%)]	Loss: 0.003926
Train Epoch: 4 [4480/28000 (16%)]	Loss: 0.008632
Train Epoch: 4 [5120/28000 (18%)]	Loss: 0.002638
Train Epoch: 4 [5760/28000 (21%)]	Loss: 0.002958
Train Epoch: 4 [6400/28000 (23%)]	Loss: 0.004774
Train Epoch: 4 [7040/28000 (25%)]	Loss: 0.042136
Train Epoch: 4 [7680/28000 (27%)]	Loss: 0.020896
Train Epoch: 4 [8320/28000 (30%)]	Loss: 0.000694
Train Epoch: 4 [8960/28000 (32%)]	Loss: 0.001500
Train Epoch: 4 [9600/28000 (34%)]	Loss: 0.003398
Train Epoch: 4 [10240/28000 (37%)]	Loss: 0.016725
Train Epoch: 4 [10880/28000 (39%)]	Loss: 0.003484
Train Epoch: 4 [11520/28000 (41%)]	Loss: 0.015214
Train Epoch: 4 [12160/28000 (43%)]	Loss: 0.020546
Train Epoch: 4 [12800/28000 (46%)]	Loss: 0.024609
Train Epoch: 4 [13440/28000 (48%)]	Loss: 0.025966
Train Epoch: 4 [14080/28000 (50%)]	Loss: 0.006671
Train Epoch: 4 [14720/28000 (53%)]	Loss: 0.006730
Train Epoch: 4 [15360/28000 (55%)]	Loss: 0.100855
Train Epoch: 4 [16000/28000 (57%)]	Loss: 0.018259
Train Epoch: 4 [16640/28000 (59%)]	Loss: 0.026665
Train Epoch: 4 [17280/28000 (62%)]	Loss: 0.000389
Train Epoch: 4 [17920/28000 (64%)]	Loss: 0.064992
Train Epoch: 4 [18560/28000 (66%)]	Loss: 0.002903
Train Epoch: 4 [19200/28000 (68%)]	Loss: 0.002932
Train Epoch: 4 [19840/28000 (71%)]	Loss: 0.007338
Train Epoch: 4 [20480/28000 (73%)]	Loss: 0.004388
Train Epoch: 4 [21120/28000 (75%)]	Loss: 0.001843
Train Epoch: 4 [21760/28000 (78%)]	Loss: 0.002469
Train Epoch: 4 [22400/28000 (80%)]	Loss: 0.065458
Train Epoch: 4 [23040/28000 (82%)]	Loss: 0.007375
Train Epoch: 4 [23680/28000 (84%)]	Loss: 0.000810
Train Epoch: 4 [24320/28000 (87%)]	Loss: 0.024136
Train Epoch: 4 [24960/28000 (89%)]	Loss: 0.009780
Train Epoch: 4 [25600/28000 (91%)]	Loss: 0.002316
Train Epoch: 4 [26240/28000 (94%)]	Loss: 0.000221
Train Epoch: 4 [26880/28000 (96%)]	Loss: 0.006169
Train Epoch: 4 [27520/28000 (98%)]	Loss: 0.020221
Test set:
Overall: 63077/84000 (75.1%)
Train set:
Overall: 27910/28000 (99.7%)
