Running on ax11.rc.zi.columbia.edu
Train Epoch: 1 [0/28000 (0%)]	Loss: 0.692708
Train Epoch: 1 [640/28000 (2%)]	Loss: 0.714713
Train Epoch: 1 [1280/28000 (5%)]	Loss: 0.641479
Train Epoch: 1 [1920/28000 (7%)]	Loss: 0.625234
Train Epoch: 1 [2560/28000 (9%)]	Loss: 0.653258
Train Epoch: 1 [3200/28000 (11%)]	Loss: 0.668719
Train Epoch: 1 [3840/28000 (14%)]	Loss: 0.679969
Train Epoch: 1 [4480/28000 (16%)]	Loss: 0.568947
Train Epoch: 1 [5120/28000 (18%)]	Loss: 0.594082
Train Epoch: 1 [5760/28000 (21%)]	Loss: 0.523296
Train Epoch: 1 [6400/28000 (23%)]	Loss: 0.610625
Train Epoch: 1 [7040/28000 (25%)]	Loss: 0.462808
Train Epoch: 1 [7680/28000 (27%)]	Loss: 0.499167
Train Epoch: 1 [8320/28000 (30%)]	Loss: 0.489031
Train Epoch: 1 [8960/28000 (32%)]	Loss: 0.482968
Train Epoch: 1 [9600/28000 (34%)]	Loss: 0.535927
Train Epoch: 1 [10240/28000 (37%)]	Loss: 0.464867
Train Epoch: 1 [10880/28000 (39%)]	Loss: 0.416627
Train Epoch: 1 [11520/28000 (41%)]	Loss: 0.460815
Train Epoch: 1 [12160/28000 (43%)]	Loss: 0.411460
Train Epoch: 1 [12800/28000 (46%)]	Loss: 0.407870
Train Epoch: 1 [13440/28000 (48%)]	Loss: 0.429855
Train Epoch: 1 [14080/28000 (50%)]	Loss: 0.422782
Train Epoch: 1 [14720/28000 (53%)]	Loss: 0.282493
Train Epoch: 1 [15360/28000 (55%)]	Loss: 0.231411
Train Epoch: 1 [16000/28000 (57%)]	Loss: 0.299216
Train Epoch: 1 [16640/28000 (59%)]	Loss: 0.293842
Train Epoch: 1 [17280/28000 (62%)]	Loss: 0.265635
Train Epoch: 1 [17920/28000 (64%)]	Loss: 0.228381
Train Epoch: 1 [18560/28000 (66%)]	Loss: 0.276142
Train Epoch: 1 [19200/28000 (68%)]	Loss: 0.189266
Train Epoch: 1 [19840/28000 (71%)]	Loss: 0.314614
Train Epoch: 1 [20480/28000 (73%)]	Loss: 0.196608
Train Epoch: 1 [21120/28000 (75%)]	Loss: 0.403302
Train Epoch: 1 [21760/28000 (78%)]	Loss: 0.198061
Train Epoch: 1 [22400/28000 (80%)]	Loss: 0.145498
Train Epoch: 1 [23040/28000 (82%)]	Loss: 0.179955
Train Epoch: 1 [23680/28000 (84%)]	Loss: 0.181526
Train Epoch: 1 [24320/28000 (87%)]	Loss: 0.204294
Train Epoch: 1 [24960/28000 (89%)]	Loss: 0.149257
Train Epoch: 1 [25600/28000 (91%)]	Loss: 0.197382
Train Epoch: 1 [26240/28000 (94%)]	Loss: 0.084001
Train Epoch: 1 [26880/28000 (96%)]	Loss: 0.185667
Train Epoch: 1 [27520/28000 (98%)]	Loss: 0.070320
Test set:
Overall: 69036/84000 (82.2%)
Train set:
Overall: 27337/28000 (97.6%)
Train Epoch: 2 [0/28000 (0%)]	Loss: 0.143342
Train Epoch: 2 [640/28000 (2%)]	Loss: 0.168800
Train Epoch: 2 [1280/28000 (5%)]	Loss: 0.203098
Train Epoch: 2 [1920/28000 (7%)]	Loss: 0.131099
Train Epoch: 2 [2560/28000 (9%)]	Loss: 0.093618
Train Epoch: 2 [3200/28000 (11%)]	Loss: 0.188884
Train Epoch: 2 [3840/28000 (14%)]	Loss: 0.115066
Train Epoch: 2 [4480/28000 (16%)]	Loss: 0.106293
Train Epoch: 2 [5120/28000 (18%)]	Loss: 0.143543
Train Epoch: 2 [5760/28000 (21%)]	Loss: 0.108862
Train Epoch: 2 [6400/28000 (23%)]	Loss: 0.066705
Train Epoch: 2 [7040/28000 (25%)]	Loss: 0.151771
Train Epoch: 2 [7680/28000 (27%)]	Loss: 0.098421
Train Epoch: 2 [8320/28000 (30%)]	Loss: 0.065057
Train Epoch: 2 [8960/28000 (32%)]	Loss: 0.172070
Train Epoch: 2 [9600/28000 (34%)]	Loss: 0.089439
Train Epoch: 2 [10240/28000 (37%)]	Loss: 0.152991
Train Epoch: 2 [10880/28000 (39%)]	Loss: 0.058081
Train Epoch: 2 [11520/28000 (41%)]	Loss: 0.093907
Train Epoch: 2 [12160/28000 (43%)]	Loss: 0.157410
Train Epoch: 2 [12800/28000 (46%)]	Loss: 0.172989
Train Epoch: 2 [13440/28000 (48%)]	Loss: 0.084298
Train Epoch: 2 [14080/28000 (50%)]	Loss: 0.098842
Train Epoch: 2 [14720/28000 (53%)]	Loss: 0.075484
Train Epoch: 2 [15360/28000 (55%)]	Loss: 0.072817
Train Epoch: 2 [16000/28000 (57%)]	Loss: 0.180509
Train Epoch: 2 [16640/28000 (59%)]	Loss: 0.133529
Train Epoch: 2 [17280/28000 (62%)]	Loss: 0.058847
Train Epoch: 2 [17920/28000 (64%)]	Loss: 0.052106
Train Epoch: 2 [18560/28000 (66%)]	Loss: 0.117105
Train Epoch: 2 [19200/28000 (68%)]	Loss: 0.052970
Train Epoch: 2 [19840/28000 (71%)]	Loss: 0.156293
Train Epoch: 2 [20480/28000 (73%)]	Loss: 0.050942
Train Epoch: 2 [21120/28000 (75%)]	Loss: 0.057143
Train Epoch: 2 [21760/28000 (78%)]	Loss: 0.176540
Train Epoch: 2 [22400/28000 (80%)]	Loss: 0.071361
Train Epoch: 2 [23040/28000 (82%)]	Loss: 0.095765
Train Epoch: 2 [23680/28000 (84%)]	Loss: 0.130093
Train Epoch: 2 [24320/28000 (87%)]	Loss: 0.054995
Train Epoch: 2 [24960/28000 (89%)]	Loss: 0.177921
Train Epoch: 2 [25600/28000 (91%)]	Loss: 0.088154
Train Epoch: 2 [26240/28000 (94%)]	Loss: 0.103932
Train Epoch: 2 [26880/28000 (96%)]	Loss: 0.077122
Train Epoch: 2 [27520/28000 (98%)]	Loss: 0.059533
Test set:
Overall: 65373/84000 (77.8%)
Train set:
Overall: 27705/28000 (98.9%)
Train Epoch: 3 [0/28000 (0%)]	Loss: 0.093054
Train Epoch: 3 [640/28000 (2%)]	Loss: 0.067628
Train Epoch: 3 [1280/28000 (5%)]	Loss: 0.065253
Train Epoch: 3 [1920/28000 (7%)]	Loss: 0.053540
Train Epoch: 3 [2560/28000 (9%)]	Loss: 0.081192
Train Epoch: 3 [3200/28000 (11%)]	Loss: 0.157773
Train Epoch: 3 [3840/28000 (14%)]	Loss: 0.128995
Train Epoch: 3 [4480/28000 (16%)]	Loss: 0.064838
Train Epoch: 3 [5120/28000 (18%)]	Loss: 0.066041
Train Epoch: 3 [5760/28000 (21%)]	Loss: 0.088054
Train Epoch: 3 [6400/28000 (23%)]	Loss: 0.155067
Train Epoch: 3 [7040/28000 (25%)]	Loss: 0.114373
Train Epoch: 3 [7680/28000 (27%)]	Loss: 0.084719
Train Epoch: 3 [8320/28000 (30%)]	Loss: 0.157530
Train Epoch: 3 [8960/28000 (32%)]	Loss: 0.098329
Train Epoch: 3 [9600/28000 (34%)]	Loss: 0.084386
Train Epoch: 3 [10240/28000 (37%)]	Loss: 0.060793
Train Epoch: 3 [10880/28000 (39%)]	Loss: 0.131609
Train Epoch: 3 [11520/28000 (41%)]	Loss: 0.067853
Train Epoch: 3 [12160/28000 (43%)]	Loss: 0.093712
Train Epoch: 3 [12800/28000 (46%)]	Loss: 0.046277
Train Epoch: 3 [13440/28000 (48%)]	Loss: 0.033083
Train Epoch: 3 [14080/28000 (50%)]	Loss: 0.121436
Train Epoch: 3 [14720/28000 (53%)]	Loss: 0.052186
Train Epoch: 3 [15360/28000 (55%)]	Loss: 0.063153
Train Epoch: 3 [16000/28000 (57%)]	Loss: 0.057893
Train Epoch: 3 [16640/28000 (59%)]	Loss: 0.061182
Train Epoch: 3 [17280/28000 (62%)]	Loss: 0.056220
Train Epoch: 3 [17920/28000 (64%)]	Loss: 0.051843
Train Epoch: 3 [18560/28000 (66%)]	Loss: 0.076419
Train Epoch: 3 [19200/28000 (68%)]	Loss: 0.132233
Train Epoch: 3 [19840/28000 (71%)]	Loss: 0.104203
Train Epoch: 3 [20480/28000 (73%)]	Loss: 0.058273
Train Epoch: 3 [21120/28000 (75%)]	Loss: 0.038869
Train Epoch: 3 [21760/28000 (78%)]	Loss: 0.060262
Train Epoch: 3 [22400/28000 (80%)]	Loss: 0.015903
Train Epoch: 3 [23040/28000 (82%)]	Loss: 0.030222
Train Epoch: 3 [23680/28000 (84%)]	Loss: 0.048038
Train Epoch: 3 [24320/28000 (87%)]	Loss: 0.043194
Train Epoch: 3 [24960/28000 (89%)]	Loss: 0.052222
Train Epoch: 3 [25600/28000 (91%)]	Loss: 0.101681
Train Epoch: 3 [26240/28000 (94%)]	Loss: 0.072694
Train Epoch: 3 [26880/28000 (96%)]	Loss: 0.031569
Train Epoch: 3 [27520/28000 (98%)]	Loss: 0.020467
Test set:
Overall: 64362/84000 (76.6%)
Train set:
Overall: 27766/28000 (99.2%)
Train Epoch: 4 [0/28000 (0%)]	Loss: 0.050748
Train Epoch: 4 [640/28000 (2%)]	Loss: 0.125051
Train Epoch: 4 [1280/28000 (5%)]	Loss: 0.073031
Train Epoch: 4 [1920/28000 (7%)]	Loss: 0.006082
Train Epoch: 4 [2560/28000 (9%)]	Loss: 0.071348
Train Epoch: 4 [3200/28000 (11%)]	Loss: 0.049074
Train Epoch: 4 [3840/28000 (14%)]	Loss: 0.083468
Train Epoch: 4 [4480/28000 (16%)]	Loss: 0.085010
Train Epoch: 4 [5120/28000 (18%)]	Loss: 0.038331
Train Epoch: 4 [5760/28000 (21%)]	Loss: 0.016791
Train Epoch: 4 [6400/28000 (23%)]	Loss: 0.081653
Train Epoch: 4 [7040/28000 (25%)]	Loss: 0.150849
Train Epoch: 4 [7680/28000 (27%)]	Loss: 0.014191
Train Epoch: 4 [8320/28000 (30%)]	Loss: 0.051420
Train Epoch: 4 [8960/28000 (32%)]	Loss: 0.042420
Train Epoch: 4 [9600/28000 (34%)]	Loss: 0.099660
Train Epoch: 4 [10240/28000 (37%)]	Loss: 0.011620
Train Epoch: 4 [10880/28000 (39%)]	Loss: 0.131660
Train Epoch: 4 [11520/28000 (41%)]	Loss: 0.087289
Train Epoch: 4 [12160/28000 (43%)]	Loss: 0.071915
Train Epoch: 4 [12800/28000 (46%)]	Loss: 0.085472
Train Epoch: 4 [13440/28000 (48%)]	Loss: 0.073750
Train Epoch: 4 [14080/28000 (50%)]	Loss: 0.026130
Train Epoch: 4 [14720/28000 (53%)]	Loss: 0.038896
Train Epoch: 4 [15360/28000 (55%)]	Loss: 0.162527
Train Epoch: 4 [16000/28000 (57%)]	Loss: 0.086366
Train Epoch: 4 [16640/28000 (59%)]	Loss: 0.051568
Train Epoch: 4 [17280/28000 (62%)]	Loss: 0.025194
Train Epoch: 4 [17920/28000 (64%)]	Loss: 0.017290
Train Epoch: 4 [18560/28000 (66%)]	Loss: 0.011471
Train Epoch: 4 [19200/28000 (68%)]	Loss: 0.036615
Train Epoch: 4 [19840/28000 (71%)]	Loss: 0.105517
Train Epoch: 4 [20480/28000 (73%)]	Loss: 0.032231
Train Epoch: 4 [21120/28000 (75%)]	Loss: 0.103623
Train Epoch: 4 [21760/28000 (78%)]	Loss: 0.012947
Train Epoch: 4 [22400/28000 (80%)]	Loss: 0.081357
Train Epoch: 4 [23040/28000 (82%)]	Loss: 0.084214
Train Epoch: 4 [23680/28000 (84%)]	Loss: 0.018169
Train Epoch: 4 [24320/28000 (87%)]	Loss: 0.041764
Train Epoch: 4 [24960/28000 (89%)]	Loss: 0.027052
Train Epoch: 4 [25600/28000 (91%)]	Loss: 0.013251
Train Epoch: 4 [26240/28000 (94%)]	Loss: 0.004367
Train Epoch: 4 [26880/28000 (96%)]	Loss: 0.039812
Train Epoch: 4 [27520/28000 (98%)]	Loss: 0.028534
Test set:
Overall: 64187/84000 (76.4%)
Train set:
Overall: 27860/28000 (99.5%)
