Running on ax02.rc.zi.columbia.edu
Train Epoch: 1 [0/28000 (0%)]	Loss: 0.706191
Train Epoch: 1 [640/28000 (2%)]	Loss: 0.715058
Train Epoch: 1 [1280/28000 (5%)]	Loss: 0.678393
Train Epoch: 1 [1920/28000 (7%)]	Loss: 0.635358
Train Epoch: 1 [2560/28000 (9%)]	Loss: 0.675190
Train Epoch: 1 [3200/28000 (11%)]	Loss: 0.660444
Train Epoch: 1 [3840/28000 (14%)]	Loss: 0.677655
Train Epoch: 1 [4480/28000 (16%)]	Loss: 0.552842
Train Epoch: 1 [5120/28000 (18%)]	Loss: 0.584753
Train Epoch: 1 [5760/28000 (21%)]	Loss: 0.517793
Train Epoch: 1 [6400/28000 (23%)]	Loss: 0.578184
Train Epoch: 1 [7040/28000 (25%)]	Loss: 0.527109
Train Epoch: 1 [7680/28000 (27%)]	Loss: 0.481197
Train Epoch: 1 [8320/28000 (30%)]	Loss: 0.479098
Train Epoch: 1 [8960/28000 (32%)]	Loss: 0.476623
Train Epoch: 1 [9600/28000 (34%)]	Loss: 0.521243
Train Epoch: 1 [10240/28000 (37%)]	Loss: 0.451773
Train Epoch: 1 [10880/28000 (39%)]	Loss: 0.356498
Train Epoch: 1 [11520/28000 (41%)]	Loss: 0.357638
Train Epoch: 1 [12160/28000 (43%)]	Loss: 0.379234
Train Epoch: 1 [12800/28000 (46%)]	Loss: 0.403227
Train Epoch: 1 [13440/28000 (48%)]	Loss: 0.381489
Train Epoch: 1 [14080/28000 (50%)]	Loss: 0.347700
Train Epoch: 1 [14720/28000 (53%)]	Loss: 0.385017
Train Epoch: 1 [15360/28000 (55%)]	Loss: 0.271823
Train Epoch: 1 [16000/28000 (57%)]	Loss: 0.244525
Train Epoch: 1 [16640/28000 (59%)]	Loss: 0.255851
Train Epoch: 1 [17280/28000 (62%)]	Loss: 0.264057
Train Epoch: 1 [17920/28000 (64%)]	Loss: 0.222302
Train Epoch: 1 [18560/28000 (66%)]	Loss: 0.288368
Train Epoch: 1 [19200/28000 (68%)]	Loss: 0.240979
Train Epoch: 1 [19840/28000 (71%)]	Loss: 0.215910
Train Epoch: 1 [20480/28000 (73%)]	Loss: 0.138372
Train Epoch: 1 [21120/28000 (75%)]	Loss: 0.233727
Train Epoch: 1 [21760/28000 (78%)]	Loss: 0.203488
Train Epoch: 1 [22400/28000 (80%)]	Loss: 0.235888
Train Epoch: 1 [23040/28000 (82%)]	Loss: 0.150123
Train Epoch: 1 [23680/28000 (84%)]	Loss: 0.256305
Train Epoch: 1 [24320/28000 (87%)]	Loss: 0.190212
Train Epoch: 1 [24960/28000 (89%)]	Loss: 0.096899
Train Epoch: 1 [25600/28000 (91%)]	Loss: 0.208839
Train Epoch: 1 [26240/28000 (94%)]	Loss: 0.115971
Train Epoch: 1 [26880/28000 (96%)]	Loss: 0.118474
Train Epoch: 1 [27520/28000 (98%)]	Loss: 0.089446
Test set:
Overall: 65560/84000 (78.0%)
Train set:
Overall: 27346/28000 (97.7%)
Train Epoch: 2 [0/28000 (0%)]	Loss: 0.137764
Train Epoch: 2 [640/28000 (2%)]	Loss: 0.104645
Train Epoch: 2 [1280/28000 (5%)]	Loss: 0.174540
Train Epoch: 2 [1920/28000 (7%)]	Loss: 0.145823
Train Epoch: 2 [2560/28000 (9%)]	Loss: 0.100937
Train Epoch: 2 [3200/28000 (11%)]	Loss: 0.155764
Train Epoch: 2 [3840/28000 (14%)]	Loss: 0.081102
Train Epoch: 2 [4480/28000 (16%)]	Loss: 0.117275
Train Epoch: 2 [5120/28000 (18%)]	Loss: 0.103348
Train Epoch: 2 [5760/28000 (21%)]	Loss: 0.094124
Train Epoch: 2 [6400/28000 (23%)]	Loss: 0.122195
Train Epoch: 2 [7040/28000 (25%)]	Loss: 0.200516
Train Epoch: 2 [7680/28000 (27%)]	Loss: 0.082035
Train Epoch: 2 [8320/28000 (30%)]	Loss: 0.110809
Train Epoch: 2 [8960/28000 (32%)]	Loss: 0.143511
Train Epoch: 2 [9600/28000 (34%)]	Loss: 0.109143
Train Epoch: 2 [10240/28000 (37%)]	Loss: 0.139045
Train Epoch: 2 [10880/28000 (39%)]	Loss: 0.052281
Train Epoch: 2 [11520/28000 (41%)]	Loss: 0.083836
Train Epoch: 2 [12160/28000 (43%)]	Loss: 0.184743
Train Epoch: 2 [12800/28000 (46%)]	Loss: 0.223693
Train Epoch: 2 [13440/28000 (48%)]	Loss: 0.143254
Train Epoch: 2 [14080/28000 (50%)]	Loss: 0.092721
Train Epoch: 2 [14720/28000 (53%)]	Loss: 0.049531
Train Epoch: 2 [15360/28000 (55%)]	Loss: 0.097413
Train Epoch: 2 [16000/28000 (57%)]	Loss: 0.100183
Train Epoch: 2 [16640/28000 (59%)]	Loss: 0.163283
Train Epoch: 2 [17280/28000 (62%)]	Loss: 0.150747
Train Epoch: 2 [17920/28000 (64%)]	Loss: 0.043743
Train Epoch: 2 [18560/28000 (66%)]	Loss: 0.084983
Train Epoch: 2 [19200/28000 (68%)]	Loss: 0.048358
Train Epoch: 2 [19840/28000 (71%)]	Loss: 0.052452
Train Epoch: 2 [20480/28000 (73%)]	Loss: 0.056401
Train Epoch: 2 [21120/28000 (75%)]	Loss: 0.073264
Train Epoch: 2 [21760/28000 (78%)]	Loss: 0.093850
Train Epoch: 2 [22400/28000 (80%)]	Loss: 0.050997
Train Epoch: 2 [23040/28000 (82%)]	Loss: 0.121939
Train Epoch: 2 [23680/28000 (84%)]	Loss: 0.127555
Train Epoch: 2 [24320/28000 (87%)]	Loss: 0.166911
Train Epoch: 2 [24960/28000 (89%)]	Loss: 0.198548
Train Epoch: 2 [25600/28000 (91%)]	Loss: 0.056419
Train Epoch: 2 [26240/28000 (94%)]	Loss: 0.151709
Train Epoch: 2 [26880/28000 (96%)]	Loss: 0.042745
Train Epoch: 2 [27520/28000 (98%)]	Loss: 0.115246
Test set:
Overall: 62359/84000 (74.2%)
Train set:
Overall: 27690/28000 (98.9%)
Train Epoch: 3 [0/28000 (0%)]	Loss: 0.167400
Train Epoch: 3 [640/28000 (2%)]	Loss: 0.028680
Train Epoch: 3 [1280/28000 (5%)]	Loss: 0.037852
Train Epoch: 3 [1920/28000 (7%)]	Loss: 0.057166
Train Epoch: 3 [2560/28000 (9%)]	Loss: 0.045061
Train Epoch: 3 [3200/28000 (11%)]	Loss: 0.128172
Train Epoch: 3 [3840/28000 (14%)]	Loss: 0.099276
Train Epoch: 3 [4480/28000 (16%)]	Loss: 0.072728
Train Epoch: 3 [5120/28000 (18%)]	Loss: 0.029179
Train Epoch: 3 [5760/28000 (21%)]	Loss: 0.051293
Train Epoch: 3 [6400/28000 (23%)]	Loss: 0.096322
Train Epoch: 3 [7040/28000 (25%)]	Loss: 0.065246
Train Epoch: 3 [7680/28000 (27%)]	Loss: 0.112881
Train Epoch: 3 [8320/28000 (30%)]	Loss: 0.081743
Train Epoch: 3 [8960/28000 (32%)]	Loss: 0.138352
Train Epoch: 3 [9600/28000 (34%)]	Loss: 0.085486
Train Epoch: 3 [10240/28000 (37%)]	Loss: 0.097575
Train Epoch: 3 [10880/28000 (39%)]	Loss: 0.087767
Train Epoch: 3 [11520/28000 (41%)]	Loss: 0.019306
Train Epoch: 3 [12160/28000 (43%)]	Loss: 0.117319
Train Epoch: 3 [12800/28000 (46%)]	Loss: 0.022969
Train Epoch: 3 [13440/28000 (48%)]	Loss: 0.074993
Train Epoch: 3 [14080/28000 (50%)]	Loss: 0.090973
Train Epoch: 3 [14720/28000 (53%)]	Loss: 0.104527
Train Epoch: 3 [15360/28000 (55%)]	Loss: 0.061118
Train Epoch: 3 [16000/28000 (57%)]	Loss: 0.067913
Train Epoch: 3 [16640/28000 (59%)]	Loss: 0.042211
Train Epoch: 3 [17280/28000 (62%)]	Loss: 0.033490
Train Epoch: 3 [17920/28000 (64%)]	Loss: 0.039296
Train Epoch: 3 [18560/28000 (66%)]	Loss: 0.031435
Train Epoch: 3 [19200/28000 (68%)]	Loss: 0.070494
Train Epoch: 3 [19840/28000 (71%)]	Loss: 0.059571
Train Epoch: 3 [20480/28000 (73%)]	Loss: 0.039662
Train Epoch: 3 [21120/28000 (75%)]	Loss: 0.099137
Train Epoch: 3 [21760/28000 (78%)]	Loss: 0.124632
Train Epoch: 3 [22400/28000 (80%)]	Loss: 0.034426
Train Epoch: 3 [23040/28000 (82%)]	Loss: 0.012421
Train Epoch: 3 [23680/28000 (84%)]	Loss: 0.086221
Train Epoch: 3 [24320/28000 (87%)]	Loss: 0.052192
Train Epoch: 3 [24960/28000 (89%)]	Loss: 0.081540
Train Epoch: 3 [25600/28000 (91%)]	Loss: 0.050779
Train Epoch: 3 [26240/28000 (94%)]	Loss: 0.136480
Train Epoch: 3 [26880/28000 (96%)]	Loss: 0.026877
Train Epoch: 3 [27520/28000 (98%)]	Loss: 0.075863
Test set:
Overall: 63198/84000 (75.2%)
Train set:
Overall: 27817/28000 (99.3%)
Train Epoch: 4 [0/28000 (0%)]	Loss: 0.067220
Train Epoch: 4 [640/28000 (2%)]	Loss: 0.065458
Train Epoch: 4 [1280/28000 (5%)]	Loss: 0.010933
Train Epoch: 4 [1920/28000 (7%)]	Loss: 0.004179
Train Epoch: 4 [2560/28000 (9%)]	Loss: 0.085558
Train Epoch: 4 [3200/28000 (11%)]	Loss: 0.033282
Train Epoch: 4 [3840/28000 (14%)]	Loss: 0.027123
Train Epoch: 4 [4480/28000 (16%)]	Loss: 0.066375
Train Epoch: 4 [5120/28000 (18%)]	Loss: 0.043363
Train Epoch: 4 [5760/28000 (21%)]	Loss: 0.029687
Train Epoch: 4 [6400/28000 (23%)]	Loss: 0.018004
Train Epoch: 4 [7040/28000 (25%)]	Loss: 0.135422
Train Epoch: 4 [7680/28000 (27%)]	Loss: 0.030476
Train Epoch: 4 [8320/28000 (30%)]	Loss: 0.013302
Train Epoch: 4 [8960/28000 (32%)]	Loss: 0.048013
Train Epoch: 4 [9600/28000 (34%)]	Loss: 0.027854
Train Epoch: 4 [10240/28000 (37%)]	Loss: 0.019420
Train Epoch: 4 [10880/28000 (39%)]	Loss: 0.070105
Train Epoch: 4 [11520/28000 (41%)]	Loss: 0.046124
Train Epoch: 4 [12160/28000 (43%)]	Loss: 0.027949
Train Epoch: 4 [12800/28000 (46%)]	Loss: 0.058237
Train Epoch: 4 [13440/28000 (48%)]	Loss: 0.076115
Train Epoch: 4 [14080/28000 (50%)]	Loss: 0.072227
Train Epoch: 4 [14720/28000 (53%)]	Loss: 0.008704
Train Epoch: 4 [15360/28000 (55%)]	Loss: 0.115404
Train Epoch: 4 [16000/28000 (57%)]	Loss: 0.095652
Train Epoch: 4 [16640/28000 (59%)]	Loss: 0.030435
Train Epoch: 4 [17280/28000 (62%)]	Loss: 0.008656
Train Epoch: 4 [17920/28000 (64%)]	Loss: 0.020163
Train Epoch: 4 [18560/28000 (66%)]	Loss: 0.016545
Train Epoch: 4 [19200/28000 (68%)]	Loss: 0.077079
Train Epoch: 4 [19840/28000 (71%)]	Loss: 0.155040
Train Epoch: 4 [20480/28000 (73%)]	Loss: 0.077097
Train Epoch: 4 [21120/28000 (75%)]	Loss: 0.011902
Train Epoch: 4 [21760/28000 (78%)]	Loss: 0.053068
Train Epoch: 4 [22400/28000 (80%)]	Loss: 0.060298
Train Epoch: 4 [23040/28000 (82%)]	Loss: 0.026180
Train Epoch: 4 [23680/28000 (84%)]	Loss: 0.015009
Train Epoch: 4 [24320/28000 (87%)]	Loss: 0.046872
Train Epoch: 4 [24960/28000 (89%)]	Loss: 0.010687
Train Epoch: 4 [25600/28000 (91%)]	Loss: 0.024662
Train Epoch: 4 [26240/28000 (94%)]	Loss: 0.011762
Train Epoch: 4 [26880/28000 (96%)]	Loss: 0.044916
Train Epoch: 4 [27520/28000 (98%)]	Loss: 0.041242
Test set:
Overall: 64007/84000 (76.2%)
Train set:
Overall: 27887/28000 (99.6%)
