Running on ax21.rc.zi.columbia.edu
Train Epoch: 1 [0/28000 (0%)]	Loss: 0.689717
Train Epoch: 1 [640/28000 (2%)]	Loss: 0.677767
Train Epoch: 1 [1280/28000 (5%)]	Loss: 0.604690
Train Epoch: 1 [1920/28000 (7%)]	Loss: 0.604509
Train Epoch: 1 [2560/28000 (9%)]	Loss: 0.633790
Train Epoch: 1 [3200/28000 (11%)]	Loss: 0.589911
Train Epoch: 1 [3840/28000 (14%)]	Loss: 0.572355
Train Epoch: 1 [4480/28000 (16%)]	Loss: 0.389798
Train Epoch: 1 [5120/28000 (18%)]	Loss: 0.433162
Train Epoch: 1 [5760/28000 (21%)]	Loss: 0.391697
Train Epoch: 1 [6400/28000 (23%)]	Loss: 0.351113
Train Epoch: 1 [7040/28000 (25%)]	Loss: 0.227277
Train Epoch: 1 [7680/28000 (27%)]	Loss: 0.356249
Train Epoch: 1 [8320/28000 (30%)]	Loss: 0.224523
Train Epoch: 1 [8960/28000 (32%)]	Loss: 0.256883
Train Epoch: 1 [9600/28000 (34%)]	Loss: 0.398996
Train Epoch: 1 [10240/28000 (37%)]	Loss: 0.135670
Train Epoch: 1 [10880/28000 (39%)]	Loss: 0.242553
Train Epoch: 1 [11520/28000 (41%)]	Loss: 0.270502
Train Epoch: 1 [12160/28000 (43%)]	Loss: 0.305233
Train Epoch: 1 [12800/28000 (46%)]	Loss: 0.168729
Train Epoch: 1 [13440/28000 (48%)]	Loss: 0.302604
Train Epoch: 1 [14080/28000 (50%)]	Loss: 0.184248
Train Epoch: 1 [14720/28000 (53%)]	Loss: 0.092597
Train Epoch: 1 [15360/28000 (55%)]	Loss: 0.134916
Train Epoch: 1 [16000/28000 (57%)]	Loss: 0.141372
Train Epoch: 1 [16640/28000 (59%)]	Loss: 0.224545
Train Epoch: 1 [17280/28000 (62%)]	Loss: 0.176489
Train Epoch: 1 [17920/28000 (64%)]	Loss: 0.080985
Train Epoch: 1 [18560/28000 (66%)]	Loss: 0.100506
Train Epoch: 1 [19200/28000 (68%)]	Loss: 0.078550
Train Epoch: 1 [19840/28000 (71%)]	Loss: 0.166075
Train Epoch: 1 [20480/28000 (73%)]	Loss: 0.066186
Train Epoch: 1 [21120/28000 (75%)]	Loss: 0.172473
Train Epoch: 1 [21760/28000 (78%)]	Loss: 0.046455
Train Epoch: 1 [22400/28000 (80%)]	Loss: 0.081778
Train Epoch: 1 [23040/28000 (82%)]	Loss: 0.106370
Train Epoch: 1 [23680/28000 (84%)]	Loss: 0.078311
Train Epoch: 1 [24320/28000 (87%)]	Loss: 0.101241
Train Epoch: 1 [24960/28000 (89%)]	Loss: 0.052914
Train Epoch: 1 [25600/28000 (91%)]	Loss: 0.117990
Train Epoch: 1 [26240/28000 (94%)]	Loss: 0.039989
Train Epoch: 1 [26880/28000 (96%)]	Loss: 0.061390
Train Epoch: 1 [27520/28000 (98%)]	Loss: 0.039901
Test set:
Overall: 64985/84000 (77.4%)
Train set:
Overall: 27509/28000 (98.2%)
Train Epoch: 2 [0/28000 (0%)]	Loss: 0.056777
Train Epoch: 2 [640/28000 (2%)]	Loss: 0.046473
Train Epoch: 2 [1280/28000 (5%)]	Loss: 0.067540
Train Epoch: 2 [1920/28000 (7%)]	Loss: 0.020083
Train Epoch: 2 [2560/28000 (9%)]	Loss: 0.025031
Train Epoch: 2 [3200/28000 (11%)]	Loss: 0.132917
Train Epoch: 2 [3840/28000 (14%)]	Loss: 0.016398
Train Epoch: 2 [4480/28000 (16%)]	Loss: 0.016044
Train Epoch: 2 [5120/28000 (18%)]	Loss: 0.039512
Train Epoch: 2 [5760/28000 (21%)]	Loss: 0.058640
Train Epoch: 2 [6400/28000 (23%)]	Loss: 0.093269
Train Epoch: 2 [7040/28000 (25%)]	Loss: 0.066141
Train Epoch: 2 [7680/28000 (27%)]	Loss: 0.007584
Train Epoch: 2 [8320/28000 (30%)]	Loss: 0.051284
Train Epoch: 2 [8960/28000 (32%)]	Loss: 0.136430
Train Epoch: 2 [9600/28000 (34%)]	Loss: 0.042285
Train Epoch: 2 [10240/28000 (37%)]	Loss: 0.025574
Train Epoch: 2 [10880/28000 (39%)]	Loss: 0.009959
Train Epoch: 2 [11520/28000 (41%)]	Loss: 0.006483
Train Epoch: 2 [12160/28000 (43%)]	Loss: 0.053434
Train Epoch: 2 [12800/28000 (46%)]	Loss: 0.142209
Train Epoch: 2 [13440/28000 (48%)]	Loss: 0.026036
Train Epoch: 2 [14080/28000 (50%)]	Loss: 0.096333
Train Epoch: 2 [14720/28000 (53%)]	Loss: 0.038422
Train Epoch: 2 [15360/28000 (55%)]	Loss: 0.040202
Train Epoch: 2 [16000/28000 (57%)]	Loss: 0.021651
Train Epoch: 2 [16640/28000 (59%)]	Loss: 0.126860
Train Epoch: 2 [17280/28000 (62%)]	Loss: 0.032307
Train Epoch: 2 [17920/28000 (64%)]	Loss: 0.019249
Train Epoch: 2 [18560/28000 (66%)]	Loss: 0.031742
Train Epoch: 2 [19200/28000 (68%)]	Loss: 0.006730
Train Epoch: 2 [19840/28000 (71%)]	Loss: 0.049733
Train Epoch: 2 [20480/28000 (73%)]	Loss: 0.006872
Train Epoch: 2 [21120/28000 (75%)]	Loss: 0.005696
Train Epoch: 2 [21760/28000 (78%)]	Loss: 0.076936
Train Epoch: 2 [22400/28000 (80%)]	Loss: 0.006800
Train Epoch: 2 [23040/28000 (82%)]	Loss: 0.089818
Train Epoch: 2 [23680/28000 (84%)]	Loss: 0.045613
Train Epoch: 2 [24320/28000 (87%)]	Loss: 0.038967
Train Epoch: 2 [24960/28000 (89%)]	Loss: 0.183419
Train Epoch: 2 [25600/28000 (91%)]	Loss: 0.028839
Train Epoch: 2 [26240/28000 (94%)]	Loss: 0.034874
Train Epoch: 2 [26880/28000 (96%)]	Loss: 0.033415
Train Epoch: 2 [27520/28000 (98%)]	Loss: 0.069019
Test set:
Overall: 61542/84000 (73.3%)
Train set:
Overall: 27795/28000 (99.3%)
Train Epoch: 3 [0/28000 (0%)]	Loss: 0.065539
Train Epoch: 3 [640/28000 (2%)]	Loss: 0.020744
Train Epoch: 3 [1280/28000 (5%)]	Loss: 0.010893
Train Epoch: 3 [1920/28000 (7%)]	Loss: 0.009001
Train Epoch: 3 [2560/28000 (9%)]	Loss: 0.048612
Train Epoch: 3 [3200/28000 (11%)]	Loss: 0.035856
Train Epoch: 3 [3840/28000 (14%)]	Loss: 0.043377
Train Epoch: 3 [4480/28000 (16%)]	Loss: 0.020555
Train Epoch: 3 [5120/28000 (18%)]	Loss: 0.004464
Train Epoch: 3 [5760/28000 (21%)]	Loss: 0.008894
Train Epoch: 3 [6400/28000 (23%)]	Loss: 0.012025
Train Epoch: 3 [7040/28000 (25%)]	Loss: 0.047705
Train Epoch: 3 [7680/28000 (27%)]	Loss: 0.018723
Train Epoch: 3 [8320/28000 (30%)]	Loss: 0.006917
Train Epoch: 3 [8960/28000 (32%)]	Loss: 0.077082
Train Epoch: 3 [9600/28000 (34%)]	Loss: 0.003009
Train Epoch: 3 [10240/28000 (37%)]	Loss: 0.019983
Train Epoch: 3 [10880/28000 (39%)]	Loss: 0.034640
Train Epoch: 3 [11520/28000 (41%)]	Loss: 0.004015
Train Epoch: 3 [12160/28000 (43%)]	Loss: 0.016964
Train Epoch: 3 [12800/28000 (46%)]	Loss: 0.018638
Train Epoch: 3 [13440/28000 (48%)]	Loss: 0.028401
Train Epoch: 3 [14080/28000 (50%)]	Loss: 0.067340
Train Epoch: 3 [14720/28000 (53%)]	Loss: 0.054004
Train Epoch: 3 [15360/28000 (55%)]	Loss: 0.041035
Train Epoch: 3 [16000/28000 (57%)]	Loss: 0.026874
Train Epoch: 3 [16640/28000 (59%)]	Loss: 0.010060
Train Epoch: 3 [17280/28000 (62%)]	Loss: 0.004476
Train Epoch: 3 [17920/28000 (64%)]	Loss: 0.007564
Train Epoch: 3 [18560/28000 (66%)]	Loss: 0.002751
Train Epoch: 3 [19200/28000 (68%)]	Loss: 0.004229
Train Epoch: 3 [19840/28000 (71%)]	Loss: 0.009700
Train Epoch: 3 [20480/28000 (73%)]	Loss: 0.010918
Train Epoch: 3 [21120/28000 (75%)]	Loss: 0.014584
Train Epoch: 3 [21760/28000 (78%)]	Loss: 0.031163
Train Epoch: 3 [22400/28000 (80%)]	Loss: 0.009067
Train Epoch: 3 [23040/28000 (82%)]	Loss: 0.004238
Train Epoch: 3 [23680/28000 (84%)]	Loss: 0.069625
Train Epoch: 3 [24320/28000 (87%)]	Loss: 0.002022
Train Epoch: 3 [24960/28000 (89%)]	Loss: 0.016525
Train Epoch: 3 [25600/28000 (91%)]	Loss: 0.004476
Train Epoch: 3 [26240/28000 (94%)]	Loss: 0.010247
Train Epoch: 3 [26880/28000 (96%)]	Loss: 0.016439
Train Epoch: 3 [27520/28000 (98%)]	Loss: 0.024776
Test set:
Overall: 61157/84000 (72.8%)
Train set:
Overall: 27821/28000 (99.4%)
Train Epoch: 4 [0/28000 (0%)]	Loss: 0.039021
Train Epoch: 4 [640/28000 (2%)]	Loss: 0.017159
Train Epoch: 4 [1280/28000 (5%)]	Loss: 0.008481
Train Epoch: 4 [1920/28000 (7%)]	Loss: 0.003279
Train Epoch: 4 [2560/28000 (9%)]	Loss: 0.012094
Train Epoch: 4 [3200/28000 (11%)]	Loss: 0.029005
Train Epoch: 4 [3840/28000 (14%)]	Loss: 0.001601
Train Epoch: 4 [4480/28000 (16%)]	Loss: 0.009934
Train Epoch: 4 [5120/28000 (18%)]	Loss: 0.002095
Train Epoch: 4 [5760/28000 (21%)]	Loss: 0.001756
Train Epoch: 4 [6400/28000 (23%)]	Loss: 0.002382
Train Epoch: 4 [7040/28000 (25%)]	Loss: 0.009368
Train Epoch: 4 [7680/28000 (27%)]	Loss: 0.002506
Train Epoch: 4 [8320/28000 (30%)]	Loss: 0.000602
Train Epoch: 4 [8960/28000 (32%)]	Loss: 0.006264
Train Epoch: 4 [9600/28000 (34%)]	Loss: 0.004235
Train Epoch: 4 [10240/28000 (37%)]	Loss: 0.008832
Train Epoch: 4 [10880/28000 (39%)]	Loss: 0.006466
Train Epoch: 4 [11520/28000 (41%)]	Loss: 0.002668
Train Epoch: 4 [12160/28000 (43%)]	Loss: 0.008994
Train Epoch: 4 [12800/28000 (46%)]	Loss: 0.008512
Train Epoch: 4 [13440/28000 (48%)]	Loss: 0.003955
Train Epoch: 4 [14080/28000 (50%)]	Loss: 0.005863
Train Epoch: 4 [14720/28000 (53%)]	Loss: 0.007872
Train Epoch: 4 [15360/28000 (55%)]	Loss: 0.086040
Train Epoch: 4 [16000/28000 (57%)]	Loss: 0.023156
Train Epoch: 4 [16640/28000 (59%)]	Loss: 0.004595
Train Epoch: 4 [17280/28000 (62%)]	Loss: 0.000869
Train Epoch: 4 [17920/28000 (64%)]	Loss: 0.073365
Train Epoch: 4 [18560/28000 (66%)]	Loss: 0.001724
Train Epoch: 4 [19200/28000 (68%)]	Loss: 0.002259
Train Epoch: 4 [19840/28000 (71%)]	Loss: 0.012752
Train Epoch: 4 [20480/28000 (73%)]	Loss: 0.000754
Train Epoch: 4 [21120/28000 (75%)]	Loss: 0.013755
Train Epoch: 4 [21760/28000 (78%)]	Loss: 0.016567
Train Epoch: 4 [22400/28000 (80%)]	Loss: 0.044028
Train Epoch: 4 [23040/28000 (82%)]	Loss: 0.043284
Train Epoch: 4 [23680/28000 (84%)]	Loss: 0.002810
Train Epoch: 4 [24320/28000 (87%)]	Loss: 0.006456
Train Epoch: 4 [24960/28000 (89%)]	Loss: 0.004633
Train Epoch: 4 [25600/28000 (91%)]	Loss: 0.001634
Train Epoch: 4 [26240/28000 (94%)]	Loss: 0.000380
Train Epoch: 4 [26880/28000 (96%)]	Loss: 0.019395
Train Epoch: 4 [27520/28000 (98%)]	Loss: 0.014064
Test set:
Overall: 62937/84000 (74.9%)
Train set:
Overall: 27948/28000 (99.8%)
