Running on ax24.rc.zi.columbia.edu
Train Epoch: 1 [0/28000 (0%)]	Loss: 0.674048
Train Epoch: 1 [640/28000 (2%)]	Loss: 0.706654
Train Epoch: 1 [1280/28000 (5%)]	Loss: 0.674432
Train Epoch: 1 [1920/28000 (7%)]	Loss: 0.684545
Train Epoch: 1 [2560/28000 (9%)]	Loss: 0.630673
Train Epoch: 1 [3200/28000 (11%)]	Loss: 0.649717
Train Epoch: 1 [3840/28000 (14%)]	Loss: 0.628076
Train Epoch: 1 [4480/28000 (16%)]	Loss: 0.592605
Train Epoch: 1 [5120/28000 (18%)]	Loss: 0.570013
Train Epoch: 1 [5760/28000 (21%)]	Loss: 0.625727
Train Epoch: 1 [6400/28000 (23%)]	Loss: 0.635104
Train Epoch: 1 [7040/28000 (25%)]	Loss: 0.552330
Train Epoch: 1 [7680/28000 (27%)]	Loss: 0.525881
Train Epoch: 1 [8320/28000 (30%)]	Loss: 0.711701
Train Epoch: 1 [8960/28000 (32%)]	Loss: 0.563329
Train Epoch: 1 [9600/28000 (34%)]	Loss: 0.528463
Train Epoch: 1 [10240/28000 (37%)]	Loss: 0.438873
Train Epoch: 1 [10880/28000 (39%)]	Loss: 0.550252
Train Epoch: 1 [11520/28000 (41%)]	Loss: 0.507647
Train Epoch: 1 [12160/28000 (43%)]	Loss: 0.481318
Train Epoch: 1 [12800/28000 (46%)]	Loss: 0.534326
Train Epoch: 1 [13440/28000 (48%)]	Loss: 0.349004
Train Epoch: 1 [14080/28000 (50%)]	Loss: 0.530321
Train Epoch: 1 [14720/28000 (53%)]	Loss: 0.496397
Train Epoch: 1 [15360/28000 (55%)]	Loss: 0.598105
Train Epoch: 1 [16000/28000 (57%)]	Loss: 0.531079
Train Epoch: 1 [16640/28000 (59%)]	Loss: 0.578078
Train Epoch: 1 [17280/28000 (62%)]	Loss: 0.450351
Train Epoch: 1 [17920/28000 (64%)]	Loss: 0.489798
Train Epoch: 1 [18560/28000 (66%)]	Loss: 0.475203
Train Epoch: 1 [19200/28000 (68%)]	Loss: 0.379764
Train Epoch: 1 [19840/28000 (71%)]	Loss: 0.577662
Train Epoch: 1 [20480/28000 (73%)]	Loss: 0.412587
Train Epoch: 1 [21120/28000 (75%)]	Loss: 0.456200
Train Epoch: 1 [21760/28000 (78%)]	Loss: 0.421048
Train Epoch: 1 [22400/28000 (80%)]	Loss: 0.419553
Train Epoch: 1 [23040/28000 (82%)]	Loss: 0.398546
Train Epoch: 1 [23680/28000 (84%)]	Loss: 0.380207
Train Epoch: 1 [24320/28000 (87%)]	Loss: 0.544990
Train Epoch: 1 [24960/28000 (89%)]	Loss: 0.487542
Train Epoch: 1 [25600/28000 (91%)]	Loss: 0.457372
Train Epoch: 1 [26240/28000 (94%)]	Loss: 0.477571
Train Epoch: 1 [26880/28000 (96%)]	Loss: 0.420640
Train Epoch: 1 [27520/28000 (98%)]	Loss: 0.500549
Test set:
Overall: 80703/84000 (96.1%)
Train set:
Overall: 22202/28000 (79.3%)
Train Epoch: 2 [0/28000 (0%)]	Loss: 0.558688
Train Epoch: 2 [640/28000 (2%)]	Loss: 0.493104
Train Epoch: 2 [1280/28000 (5%)]	Loss: 0.425185
Train Epoch: 2 [1920/28000 (7%)]	Loss: 0.503018
Train Epoch: 2 [2560/28000 (9%)]	Loss: 0.488389
Train Epoch: 2 [3200/28000 (11%)]	Loss: 0.350042
Train Epoch: 2 [3840/28000 (14%)]	Loss: 0.406166
Train Epoch: 2 [4480/28000 (16%)]	Loss: 0.404192
Train Epoch: 2 [5120/28000 (18%)]	Loss: 0.390711
Train Epoch: 2 [5760/28000 (21%)]	Loss: 0.464165
Train Epoch: 2 [6400/28000 (23%)]	Loss: 0.370014
Train Epoch: 2 [7040/28000 (25%)]	Loss: 0.451886
Train Epoch: 2 [7680/28000 (27%)]	Loss: 0.425940
Train Epoch: 2 [8320/28000 (30%)]	Loss: 0.304151
Train Epoch: 2 [8960/28000 (32%)]	Loss: 0.423304
Train Epoch: 2 [9600/28000 (34%)]	Loss: 0.509761
Train Epoch: 2 [10240/28000 (37%)]	Loss: 0.529493
Train Epoch: 2 [10880/28000 (39%)]	Loss: 0.382065
Train Epoch: 2 [11520/28000 (41%)]	Loss: 0.444503
Train Epoch: 2 [12160/28000 (43%)]	Loss: 0.446252
Train Epoch: 2 [12800/28000 (46%)]	Loss: 0.388935
Train Epoch: 2 [13440/28000 (48%)]	Loss: 0.479568
Train Epoch: 2 [14080/28000 (50%)]	Loss: 0.442462
Train Epoch: 2 [14720/28000 (53%)]	Loss: 0.466560
Train Epoch: 2 [15360/28000 (55%)]	Loss: 0.374434
Train Epoch: 2 [16000/28000 (57%)]	Loss: 0.467019
Train Epoch: 2 [16640/28000 (59%)]	Loss: 0.314318
Train Epoch: 2 [17280/28000 (62%)]	Loss: 0.474962
Train Epoch: 2 [17920/28000 (64%)]	Loss: 0.340189
Train Epoch: 2 [18560/28000 (66%)]	Loss: 0.353728
Train Epoch: 2 [19200/28000 (68%)]	Loss: 0.345893
Train Epoch: 2 [19840/28000 (71%)]	Loss: 0.511805
Train Epoch: 2 [20480/28000 (73%)]	Loss: 0.376217
Train Epoch: 2 [21120/28000 (75%)]	Loss: 0.380113
Train Epoch: 2 [21760/28000 (78%)]	Loss: 0.459168
Train Epoch: 2 [22400/28000 (80%)]	Loss: 0.327958
Train Epoch: 2 [23040/28000 (82%)]	Loss: 0.500291
Train Epoch: 2 [23680/28000 (84%)]	Loss: 0.368520
Train Epoch: 2 [24320/28000 (87%)]	Loss: 0.427719
Train Epoch: 2 [24960/28000 (89%)]	Loss: 0.463134
Train Epoch: 2 [25600/28000 (91%)]	Loss: 0.414299
Train Epoch: 2 [26240/28000 (94%)]	Loss: 0.417580
Train Epoch: 2 [26880/28000 (96%)]	Loss: 0.437270
Train Epoch: 2 [27520/28000 (98%)]	Loss: 0.414496
Test set:
Overall: 81460/84000 (97.0%)
Train set:
Overall: 23236/28000 (83.0%)
Train Epoch: 3 [0/28000 (0%)]	Loss: 0.306612
Train Epoch: 3 [640/28000 (2%)]	Loss: 0.377838
Train Epoch: 3 [1280/28000 (5%)]	Loss: 0.333198
Train Epoch: 3 [1920/28000 (7%)]	Loss: 0.458857
Train Epoch: 3 [2560/28000 (9%)]	Loss: 0.482441
Train Epoch: 3 [3200/28000 (11%)]	Loss: 0.375163
Train Epoch: 3 [3840/28000 (14%)]	Loss: 0.387169
Train Epoch: 3 [4480/28000 (16%)]	Loss: 0.362718
Train Epoch: 3 [5120/28000 (18%)]	Loss: 0.316143
Train Epoch: 3 [5760/28000 (21%)]	Loss: 0.382573
Train Epoch: 3 [6400/28000 (23%)]	Loss: 0.339020
Train Epoch: 3 [7040/28000 (25%)]	Loss: 0.362620
Train Epoch: 3 [7680/28000 (27%)]	Loss: 0.439498
Train Epoch: 3 [8320/28000 (30%)]	Loss: 0.386328
Train Epoch: 3 [8960/28000 (32%)]	Loss: 0.472768
Train Epoch: 3 [9600/28000 (34%)]	Loss: 0.348883
Train Epoch: 3 [10240/28000 (37%)]	Loss: 0.325203
Train Epoch: 3 [10880/28000 (39%)]	Loss: 0.359573
Train Epoch: 3 [11520/28000 (41%)]	Loss: 0.375434
Train Epoch: 3 [12160/28000 (43%)]	Loss: 0.267046
Train Epoch: 3 [12800/28000 (46%)]	Loss: 0.326913
Train Epoch: 3 [13440/28000 (48%)]	Loss: 0.414926
Train Epoch: 3 [14080/28000 (50%)]	Loss: 0.372363
Train Epoch: 3 [14720/28000 (53%)]	Loss: 0.399266
Train Epoch: 3 [15360/28000 (55%)]	Loss: 0.378312
Train Epoch: 3 [16000/28000 (57%)]	Loss: 0.350640
Train Epoch: 3 [16640/28000 (59%)]	Loss: 0.333663
Train Epoch: 3 [17280/28000 (62%)]	Loss: 0.412212
Train Epoch: 3 [17920/28000 (64%)]	Loss: 0.330262
Train Epoch: 3 [18560/28000 (66%)]	Loss: 0.320495
Train Epoch: 3 [19200/28000 (68%)]	Loss: 0.462297
Train Epoch: 3 [19840/28000 (71%)]	Loss: 0.292116
Train Epoch: 3 [20480/28000 (73%)]	Loss: 0.390040
Train Epoch: 3 [21120/28000 (75%)]	Loss: 0.384083
Train Epoch: 3 [21760/28000 (78%)]	Loss: 0.376588
Train Epoch: 3 [22400/28000 (80%)]	Loss: 0.520196
Train Epoch: 3 [23040/28000 (82%)]	Loss: 0.357028
Train Epoch: 3 [23680/28000 (84%)]	Loss: 0.403928
Train Epoch: 3 [24320/28000 (87%)]	Loss: 0.622114
Train Epoch: 3 [24960/28000 (89%)]	Loss: 0.391343
Train Epoch: 3 [25600/28000 (91%)]	Loss: 0.244186
Train Epoch: 3 [26240/28000 (94%)]	Loss: 0.358471
Train Epoch: 3 [26880/28000 (96%)]	Loss: 0.398037
Train Epoch: 3 [27520/28000 (98%)]	Loss: 0.475022
Test set:
Overall: 81863/84000 (97.5%)
Train set:
Overall: 23588/28000 (84.2%)
Train Epoch: 4 [0/28000 (0%)]	Loss: 0.354708
Train Epoch: 4 [640/28000 (2%)]	Loss: 0.372787
Train Epoch: 4 [1280/28000 (5%)]	Loss: 0.455568
Train Epoch: 4 [1920/28000 (7%)]	Loss: 0.316876
Train Epoch: 4 [2560/28000 (9%)]	Loss: 0.424611
Train Epoch: 4 [3200/28000 (11%)]	Loss: 0.321080
Train Epoch: 4 [3840/28000 (14%)]	Loss: 0.269072
Train Epoch: 4 [4480/28000 (16%)]	Loss: 0.269685
Train Epoch: 4 [5120/28000 (18%)]	Loss: 0.268827
Train Epoch: 4 [5760/28000 (21%)]	Loss: 0.310623
Train Epoch: 4 [6400/28000 (23%)]	Loss: 0.279978
Train Epoch: 4 [7040/28000 (25%)]	Loss: 0.466754
Train Epoch: 4 [7680/28000 (27%)]	Loss: 0.519776
Train Epoch: 4 [8320/28000 (30%)]	Loss: 0.405838
Train Epoch: 4 [8960/28000 (32%)]	Loss: 0.312567
Train Epoch: 4 [9600/28000 (34%)]	Loss: 0.466213
Train Epoch: 4 [10240/28000 (37%)]	Loss: 0.303603
Train Epoch: 4 [10880/28000 (39%)]	Loss: 0.451560
Train Epoch: 4 [11520/28000 (41%)]	Loss: 0.251874
Train Epoch: 4 [12160/28000 (43%)]	Loss: 0.368084
Train Epoch: 4 [12800/28000 (46%)]	Loss: 0.295435
Train Epoch: 4 [13440/28000 (48%)]	Loss: 0.282945
Train Epoch: 4 [14080/28000 (50%)]	Loss: 0.362608
Train Epoch: 4 [14720/28000 (53%)]	Loss: 0.268596
Train Epoch: 4 [15360/28000 (55%)]	Loss: 0.414286
Train Epoch: 4 [16000/28000 (57%)]	Loss: 0.342427
Train Epoch: 4 [16640/28000 (59%)]	Loss: 0.327322
Train Epoch: 4 [17280/28000 (62%)]	Loss: 0.540412
Train Epoch: 4 [17920/28000 (64%)]	Loss: 0.390752
Train Epoch: 4 [18560/28000 (66%)]	Loss: 0.472226
Train Epoch: 4 [19200/28000 (68%)]	Loss: 0.412888
Train Epoch: 4 [19840/28000 (71%)]	Loss: 0.299583
Train Epoch: 4 [20480/28000 (73%)]	Loss: 0.242153
Train Epoch: 4 [21120/28000 (75%)]	Loss: 0.517195
Train Epoch: 4 [21760/28000 (78%)]	Loss: 0.494301
Train Epoch: 4 [22400/28000 (80%)]	Loss: 0.365759
Train Epoch: 4 [23040/28000 (82%)]	Loss: 0.431724
Train Epoch: 4 [23680/28000 (84%)]	Loss: 0.430476
Train Epoch: 4 [24320/28000 (87%)]	Loss: 0.312284
Train Epoch: 4 [24960/28000 (89%)]	Loss: 0.568993
Train Epoch: 4 [25600/28000 (91%)]	Loss: 0.399821
Train Epoch: 4 [26240/28000 (94%)]	Loss: 0.488208
Train Epoch: 4 [26880/28000 (96%)]	Loss: 0.312562
Train Epoch: 4 [27520/28000 (98%)]	Loss: 0.356735
Test set:
Overall: 82014/84000 (97.6%)
Train set:
Overall: 24149/28000 (86.2%)
