Running on ax11.rc.zi.columbia.edu
Train Epoch: 1 [0/28000 (0%)]	Loss: 0.679188
Train Epoch: 1 [640/28000 (2%)]	Loss: 0.704915
Train Epoch: 1 [1280/28000 (5%)]	Loss: 0.673167
Train Epoch: 1 [1920/28000 (7%)]	Loss: 0.681751
Train Epoch: 1 [2560/28000 (9%)]	Loss: 0.628076
Train Epoch: 1 [3200/28000 (11%)]	Loss: 0.651351
Train Epoch: 1 [3840/28000 (14%)]	Loss: 0.649419
Train Epoch: 1 [4480/28000 (16%)]	Loss: 0.575161
Train Epoch: 1 [5120/28000 (18%)]	Loss: 0.570968
Train Epoch: 1 [5760/28000 (21%)]	Loss: 0.622972
Train Epoch: 1 [6400/28000 (23%)]	Loss: 0.648171
Train Epoch: 1 [7040/28000 (25%)]	Loss: 0.572650
Train Epoch: 1 [7680/28000 (27%)]	Loss: 0.550841
Train Epoch: 1 [8320/28000 (30%)]	Loss: 0.767061
Train Epoch: 1 [8960/28000 (32%)]	Loss: 0.573138
Train Epoch: 1 [9600/28000 (34%)]	Loss: 0.486914
Train Epoch: 1 [10240/28000 (37%)]	Loss: 0.447941
Train Epoch: 1 [10880/28000 (39%)]	Loss: 0.554857
Train Epoch: 1 [11520/28000 (41%)]	Loss: 0.509060
Train Epoch: 1 [12160/28000 (43%)]	Loss: 0.514107
Train Epoch: 1 [12800/28000 (46%)]	Loss: 0.588131
Train Epoch: 1 [13440/28000 (48%)]	Loss: 0.402033
Train Epoch: 1 [14080/28000 (50%)]	Loss: 0.547014
Train Epoch: 1 [14720/28000 (53%)]	Loss: 0.520241
Train Epoch: 1 [15360/28000 (55%)]	Loss: 0.671261
Train Epoch: 1 [16000/28000 (57%)]	Loss: 0.599522
Train Epoch: 1 [16640/28000 (59%)]	Loss: 0.644860
Train Epoch: 1 [17280/28000 (62%)]	Loss: 0.472989
Train Epoch: 1 [17920/28000 (64%)]	Loss: 0.502133
Train Epoch: 1 [18560/28000 (66%)]	Loss: 0.464885
Train Epoch: 1 [19200/28000 (68%)]	Loss: 0.371545
Train Epoch: 1 [19840/28000 (71%)]	Loss: 0.567859
Train Epoch: 1 [20480/28000 (73%)]	Loss: 0.435456
Train Epoch: 1 [21120/28000 (75%)]	Loss: 0.502370
Train Epoch: 1 [21760/28000 (78%)]	Loss: 0.466260
Train Epoch: 1 [22400/28000 (80%)]	Loss: 0.484534
Train Epoch: 1 [23040/28000 (82%)]	Loss: 0.415014
Train Epoch: 1 [23680/28000 (84%)]	Loss: 0.412336
Train Epoch: 1 [24320/28000 (87%)]	Loss: 0.540601
Train Epoch: 1 [24960/28000 (89%)]	Loss: 0.560167
Train Epoch: 1 [25600/28000 (91%)]	Loss: 0.479207
Train Epoch: 1 [26240/28000 (94%)]	Loss: 0.511847
Train Epoch: 1 [26880/28000 (96%)]	Loss: 0.496509
Train Epoch: 1 [27520/28000 (98%)]	Loss: 0.572974
Test set:
Overall: 80581/84000 (95.9%)
Train set:
Overall: 22131/28000 (79.0%)
Train Epoch: 2 [0/28000 (0%)]	Loss: 0.631017
Train Epoch: 2 [640/28000 (2%)]	Loss: 0.559494
Train Epoch: 2 [1280/28000 (5%)]	Loss: 0.435626
Train Epoch: 2 [1920/28000 (7%)]	Loss: 0.558130
Train Epoch: 2 [2560/28000 (9%)]	Loss: 0.474388
Train Epoch: 2 [3200/28000 (11%)]	Loss: 0.372273
Train Epoch: 2 [3840/28000 (14%)]	Loss: 0.437632
Train Epoch: 2 [4480/28000 (16%)]	Loss: 0.443128
Train Epoch: 2 [5120/28000 (18%)]	Loss: 0.425939
Train Epoch: 2 [5760/28000 (21%)]	Loss: 0.475586
Train Epoch: 2 [6400/28000 (23%)]	Loss: 0.441774
Train Epoch: 2 [7040/28000 (25%)]	Loss: 0.471142
Train Epoch: 2 [7680/28000 (27%)]	Loss: 0.488903
Train Epoch: 2 [8320/28000 (30%)]	Loss: 0.337623
Train Epoch: 2 [8960/28000 (32%)]	Loss: 0.477199
Train Epoch: 2 [9600/28000 (34%)]	Loss: 0.502808
Train Epoch: 2 [10240/28000 (37%)]	Loss: 0.540428
Train Epoch: 2 [10880/28000 (39%)]	Loss: 0.444213
Train Epoch: 2 [11520/28000 (41%)]	Loss: 0.498542
Train Epoch: 2 [12160/28000 (43%)]	Loss: 0.482531
Train Epoch: 2 [12800/28000 (46%)]	Loss: 0.429073
Train Epoch: 2 [13440/28000 (48%)]	Loss: 0.480365
Train Epoch: 2 [14080/28000 (50%)]	Loss: 0.478680
Train Epoch: 2 [14720/28000 (53%)]	Loss: 0.467345
Train Epoch: 2 [15360/28000 (55%)]	Loss: 0.397398
Train Epoch: 2 [16000/28000 (57%)]	Loss: 0.497439
Train Epoch: 2 [16640/28000 (59%)]	Loss: 0.373283
Train Epoch: 2 [17280/28000 (62%)]	Loss: 0.466887
Train Epoch: 2 [17920/28000 (64%)]	Loss: 0.384662
Train Epoch: 2 [18560/28000 (66%)]	Loss: 0.390769
Train Epoch: 2 [19200/28000 (68%)]	Loss: 0.410174
Train Epoch: 2 [19840/28000 (71%)]	Loss: 0.590571
Train Epoch: 2 [20480/28000 (73%)]	Loss: 0.457261
Train Epoch: 2 [21120/28000 (75%)]	Loss: 0.372591
Train Epoch: 2 [21760/28000 (78%)]	Loss: 0.498292
Train Epoch: 2 [22400/28000 (80%)]	Loss: 0.365495
Train Epoch: 2 [23040/28000 (82%)]	Loss: 0.525789
Train Epoch: 2 [23680/28000 (84%)]	Loss: 0.406454
Train Epoch: 2 [24320/28000 (87%)]	Loss: 0.546195
Train Epoch: 2 [24960/28000 (89%)]	Loss: 0.454515
Train Epoch: 2 [25600/28000 (91%)]	Loss: 0.402921
Train Epoch: 2 [26240/28000 (94%)]	Loss: 0.406610
Train Epoch: 2 [26880/28000 (96%)]	Loss: 0.529124
Train Epoch: 2 [27520/28000 (98%)]	Loss: 0.488428
Test set:
Overall: 81201/84000 (96.7%)
Train set:
Overall: 22799/28000 (81.4%)
Train Epoch: 3 [0/28000 (0%)]	Loss: 0.405149
Train Epoch: 3 [640/28000 (2%)]	Loss: 0.458225
Train Epoch: 3 [1280/28000 (5%)]	Loss: 0.356907
Train Epoch: 3 [1920/28000 (7%)]	Loss: 0.440735
Train Epoch: 3 [2560/28000 (9%)]	Loss: 0.584117
Train Epoch: 3 [3200/28000 (11%)]	Loss: 0.495940
Train Epoch: 3 [3840/28000 (14%)]	Loss: 0.423418
Train Epoch: 3 [4480/28000 (16%)]	Loss: 0.392489
Train Epoch: 3 [5120/28000 (18%)]	Loss: 0.397480
Train Epoch: 3 [5760/28000 (21%)]	Loss: 0.436030
Train Epoch: 3 [6400/28000 (23%)]	Loss: 0.415798
Train Epoch: 3 [7040/28000 (25%)]	Loss: 0.394504
Train Epoch: 3 [7680/28000 (27%)]	Loss: 0.445750
Train Epoch: 3 [8320/28000 (30%)]	Loss: 0.422952
Train Epoch: 3 [8960/28000 (32%)]	Loss: 0.438794
Train Epoch: 3 [9600/28000 (34%)]	Loss: 0.383537
Train Epoch: 3 [10240/28000 (37%)]	Loss: 0.348167
Train Epoch: 3 [10880/28000 (39%)]	Loss: 0.456340
Train Epoch: 3 [11520/28000 (41%)]	Loss: 0.431910
Train Epoch: 3 [12160/28000 (43%)]	Loss: 0.307455
Train Epoch: 3 [12800/28000 (46%)]	Loss: 0.349247
Train Epoch: 3 [13440/28000 (48%)]	Loss: 0.451074
Train Epoch: 3 [14080/28000 (50%)]	Loss: 0.393300
Train Epoch: 3 [14720/28000 (53%)]	Loss: 0.414869
Train Epoch: 3 [15360/28000 (55%)]	Loss: 0.405490
Train Epoch: 3 [16000/28000 (57%)]	Loss: 0.382701
Train Epoch: 3 [16640/28000 (59%)]	Loss: 0.414412
Train Epoch: 3 [17280/28000 (62%)]	Loss: 0.454592
Train Epoch: 3 [17920/28000 (64%)]	Loss: 0.368001
Train Epoch: 3 [18560/28000 (66%)]	Loss: 0.358890
Train Epoch: 3 [19200/28000 (68%)]	Loss: 0.470398
Train Epoch: 3 [19840/28000 (71%)]	Loss: 0.292983
Train Epoch: 3 [20480/28000 (73%)]	Loss: 0.445738
Train Epoch: 3 [21120/28000 (75%)]	Loss: 0.395047
Train Epoch: 3 [21760/28000 (78%)]	Loss: 0.427214
Train Epoch: 3 [22400/28000 (80%)]	Loss: 0.466604
Train Epoch: 3 [23040/28000 (82%)]	Loss: 0.379420
Train Epoch: 3 [23680/28000 (84%)]	Loss: 0.390627
Train Epoch: 3 [24320/28000 (87%)]	Loss: 0.589199
Train Epoch: 3 [24960/28000 (89%)]	Loss: 0.465811
Train Epoch: 3 [25600/28000 (91%)]	Loss: 0.329969
Train Epoch: 3 [26240/28000 (94%)]	Loss: 0.417904
Train Epoch: 3 [26880/28000 (96%)]	Loss: 0.438369
Train Epoch: 3 [27520/28000 (98%)]	Loss: 0.498783
Test set:
Overall: 81719/84000 (97.3%)
Train set:
Overall: 23654/28000 (84.5%)
Train Epoch: 4 [0/28000 (0%)]	Loss: 0.322342
Train Epoch: 4 [640/28000 (2%)]	Loss: 0.302996
Train Epoch: 4 [1280/28000 (5%)]	Loss: 0.523226
Train Epoch: 4 [1920/28000 (7%)]	Loss: 0.395031
Train Epoch: 4 [2560/28000 (9%)]	Loss: 0.424904
Train Epoch: 4 [3200/28000 (11%)]	Loss: 0.397193
Train Epoch: 4 [3840/28000 (14%)]	Loss: 0.305744
Train Epoch: 4 [4480/28000 (16%)]	Loss: 0.303864
Train Epoch: 4 [5120/28000 (18%)]	Loss: 0.269221
Train Epoch: 4 [5760/28000 (21%)]	Loss: 0.362426
Train Epoch: 4 [6400/28000 (23%)]	Loss: 0.349607
Train Epoch: 4 [7040/28000 (25%)]	Loss: 0.486291
Train Epoch: 4 [7680/28000 (27%)]	Loss: 0.487194
Train Epoch: 4 [8320/28000 (30%)]	Loss: 0.439558
Train Epoch: 4 [8960/28000 (32%)]	Loss: 0.370697
Train Epoch: 4 [9600/28000 (34%)]	Loss: 0.530152
Train Epoch: 4 [10240/28000 (37%)]	Loss: 0.406163
Train Epoch: 4 [10880/28000 (39%)]	Loss: 0.452025
Train Epoch: 4 [11520/28000 (41%)]	Loss: 0.301023
Train Epoch: 4 [12160/28000 (43%)]	Loss: 0.444033
Train Epoch: 4 [12800/28000 (46%)]	Loss: 0.304861
Train Epoch: 4 [13440/28000 (48%)]	Loss: 0.346749
Train Epoch: 4 [14080/28000 (50%)]	Loss: 0.424251
Train Epoch: 4 [14720/28000 (53%)]	Loss: 0.394313
Train Epoch: 4 [15360/28000 (55%)]	Loss: 0.465044
Train Epoch: 4 [16000/28000 (57%)]	Loss: 0.362393
Train Epoch: 4 [16640/28000 (59%)]	Loss: 0.331060
Train Epoch: 4 [17280/28000 (62%)]	Loss: 0.532186
Train Epoch: 4 [17920/28000 (64%)]	Loss: 0.446789
Train Epoch: 4 [18560/28000 (66%)]	Loss: 0.486580
Train Epoch: 4 [19200/28000 (68%)]	Loss: 0.450559
Train Epoch: 4 [19840/28000 (71%)]	Loss: 0.361755
Train Epoch: 4 [20480/28000 (73%)]	Loss: 0.297924
Train Epoch: 4 [21120/28000 (75%)]	Loss: 0.513818
Train Epoch: 4 [21760/28000 (78%)]	Loss: 0.498456
Train Epoch: 4 [22400/28000 (80%)]	Loss: 0.440858
Train Epoch: 4 [23040/28000 (82%)]	Loss: 0.514680
Train Epoch: 4 [23680/28000 (84%)]	Loss: 0.426885
Train Epoch: 4 [24320/28000 (87%)]	Loss: 0.422686
Train Epoch: 4 [24960/28000 (89%)]	Loss: 0.397443
Train Epoch: 4 [25600/28000 (91%)]	Loss: 0.464671
Train Epoch: 4 [26240/28000 (94%)]	Loss: 0.529424
Train Epoch: 4 [26880/28000 (96%)]	Loss: 0.324582
Train Epoch: 4 [27520/28000 (98%)]	Loss: 0.417827
Test set:
Overall: 81904/84000 (97.5%)
Train set:
Overall: 23924/28000 (85.4%)
