Running on ax06.rc.zi.columbia.edu
Train Epoch: 1 [0/28000 (0%)]	Loss: 0.675672
Train Epoch: 1 [640/28000 (2%)]	Loss: 0.714995
Train Epoch: 1 [1280/28000 (5%)]	Loss: 0.676824
Train Epoch: 1 [1920/28000 (7%)]	Loss: 0.683781
Train Epoch: 1 [2560/28000 (9%)]	Loss: 0.634696
Train Epoch: 1 [3200/28000 (11%)]	Loss: 0.642924
Train Epoch: 1 [3840/28000 (14%)]	Loss: 0.636542
Train Epoch: 1 [4480/28000 (16%)]	Loss: 0.581665
Train Epoch: 1 [5120/28000 (18%)]	Loss: 0.581832
Train Epoch: 1 [5760/28000 (21%)]	Loss: 0.634327
Train Epoch: 1 [6400/28000 (23%)]	Loss: 0.648101
Train Epoch: 1 [7040/28000 (25%)]	Loss: 0.578945
Train Epoch: 1 [7680/28000 (27%)]	Loss: 0.538610
Train Epoch: 1 [8320/28000 (30%)]	Loss: 0.746137
Train Epoch: 1 [8960/28000 (32%)]	Loss: 0.598047
Train Epoch: 1 [9600/28000 (34%)]	Loss: 0.540784
Train Epoch: 1 [10240/28000 (37%)]	Loss: 0.462813
Train Epoch: 1 [10880/28000 (39%)]	Loss: 0.575680
Train Epoch: 1 [11520/28000 (41%)]	Loss: 0.539228
Train Epoch: 1 [12160/28000 (43%)]	Loss: 0.500887
Train Epoch: 1 [12800/28000 (46%)]	Loss: 0.542169
Train Epoch: 1 [13440/28000 (48%)]	Loss: 0.348648
Train Epoch: 1 [14080/28000 (50%)]	Loss: 0.579956
Train Epoch: 1 [14720/28000 (53%)]	Loss: 0.511694
Train Epoch: 1 [15360/28000 (55%)]	Loss: 0.593874
Train Epoch: 1 [16000/28000 (57%)]	Loss: 0.581043
Train Epoch: 1 [16640/28000 (59%)]	Loss: 0.605598
Train Epoch: 1 [17280/28000 (62%)]	Loss: 0.480681
Train Epoch: 1 [17920/28000 (64%)]	Loss: 0.549572
Train Epoch: 1 [18560/28000 (66%)]	Loss: 0.461550
Train Epoch: 1 [19200/28000 (68%)]	Loss: 0.443828
Train Epoch: 1 [19840/28000 (71%)]	Loss: 0.605562
Train Epoch: 1 [20480/28000 (73%)]	Loss: 0.458102
Train Epoch: 1 [21120/28000 (75%)]	Loss: 0.480143
Train Epoch: 1 [21760/28000 (78%)]	Loss: 0.439465
Train Epoch: 1 [22400/28000 (80%)]	Loss: 0.421641
Train Epoch: 1 [23040/28000 (82%)]	Loss: 0.451763
Train Epoch: 1 [23680/28000 (84%)]	Loss: 0.439121
Train Epoch: 1 [24320/28000 (87%)]	Loss: 0.533208
Train Epoch: 1 [24960/28000 (89%)]	Loss: 0.539253
Train Epoch: 1 [25600/28000 (91%)]	Loss: 0.507223
Train Epoch: 1 [26240/28000 (94%)]	Loss: 0.482172
Train Epoch: 1 [26880/28000 (96%)]	Loss: 0.487583
Train Epoch: 1 [27520/28000 (98%)]	Loss: 0.532570
Test set:
Overall: 80679/84000 (96.0%)
Train set:
Overall: 22192/28000 (79.3%)
Train Epoch: 2 [0/28000 (0%)]	Loss: 0.609358
Train Epoch: 2 [640/28000 (2%)]	Loss: 0.494373
Train Epoch: 2 [1280/28000 (5%)]	Loss: 0.484979
Train Epoch: 2 [1920/28000 (7%)]	Loss: 0.493549
Train Epoch: 2 [2560/28000 (9%)]	Loss: 0.458708
Train Epoch: 2 [3200/28000 (11%)]	Loss: 0.383541
Train Epoch: 2 [3840/28000 (14%)]	Loss: 0.434209
Train Epoch: 2 [4480/28000 (16%)]	Loss: 0.417380
Train Epoch: 2 [5120/28000 (18%)]	Loss: 0.492647
Train Epoch: 2 [5760/28000 (21%)]	Loss: 0.582480
Train Epoch: 2 [6400/28000 (23%)]	Loss: 0.419164
Train Epoch: 2 [7040/28000 (25%)]	Loss: 0.514324
Train Epoch: 2 [7680/28000 (27%)]	Loss: 0.396307
Train Epoch: 2 [8320/28000 (30%)]	Loss: 0.338121
Train Epoch: 2 [8960/28000 (32%)]	Loss: 0.486786
Train Epoch: 2 [9600/28000 (34%)]	Loss: 0.553824
Train Epoch: 2 [10240/28000 (37%)]	Loss: 0.517638
Train Epoch: 2 [10880/28000 (39%)]	Loss: 0.446671
Train Epoch: 2 [11520/28000 (41%)]	Loss: 0.495124
Train Epoch: 2 [12160/28000 (43%)]	Loss: 0.485953
Train Epoch: 2 [12800/28000 (46%)]	Loss: 0.392645
Train Epoch: 2 [13440/28000 (48%)]	Loss: 0.512453
Train Epoch: 2 [14080/28000 (50%)]	Loss: 0.453970
Train Epoch: 2 [14720/28000 (53%)]	Loss: 0.485914
Train Epoch: 2 [15360/28000 (55%)]	Loss: 0.414995
Train Epoch: 2 [16000/28000 (57%)]	Loss: 0.521384
Train Epoch: 2 [16640/28000 (59%)]	Loss: 0.340270
Train Epoch: 2 [17280/28000 (62%)]	Loss: 0.453491
Train Epoch: 2 [17920/28000 (64%)]	Loss: 0.328696
Train Epoch: 2 [18560/28000 (66%)]	Loss: 0.440356
Train Epoch: 2 [19200/28000 (68%)]	Loss: 0.435358
Train Epoch: 2 [19840/28000 (71%)]	Loss: 0.537616
Train Epoch: 2 [20480/28000 (73%)]	Loss: 0.390084
Train Epoch: 2 [21120/28000 (75%)]	Loss: 0.408525
Train Epoch: 2 [21760/28000 (78%)]	Loss: 0.517309
Train Epoch: 2 [22400/28000 (80%)]	Loss: 0.397555
Train Epoch: 2 [23040/28000 (82%)]	Loss: 0.508064
Train Epoch: 2 [23680/28000 (84%)]	Loss: 0.451369
Train Epoch: 2 [24320/28000 (87%)]	Loss: 0.450506
Train Epoch: 2 [24960/28000 (89%)]	Loss: 0.450771
Train Epoch: 2 [25600/28000 (91%)]	Loss: 0.399904
Train Epoch: 2 [26240/28000 (94%)]	Loss: 0.467729
Train Epoch: 2 [26880/28000 (96%)]	Loss: 0.472219
Train Epoch: 2 [27520/28000 (98%)]	Loss: 0.448571
Test set:
Overall: 81045/84000 (96.5%)
Train set:
Overall: 22669/28000 (81.0%)
Train Epoch: 3 [0/28000 (0%)]	Loss: 0.344954
Train Epoch: 3 [640/28000 (2%)]	Loss: 0.495666
Train Epoch: 3 [1280/28000 (5%)]	Loss: 0.338548
Train Epoch: 3 [1920/28000 (7%)]	Loss: 0.445588
Train Epoch: 3 [2560/28000 (9%)]	Loss: 0.527367
Train Epoch: 3 [3200/28000 (11%)]	Loss: 0.449013
Train Epoch: 3 [3840/28000 (14%)]	Loss: 0.415797
Train Epoch: 3 [4480/28000 (16%)]	Loss: 0.358870
Train Epoch: 3 [5120/28000 (18%)]	Loss: 0.362989
Train Epoch: 3 [5760/28000 (21%)]	Loss: 0.426521
Train Epoch: 3 [6400/28000 (23%)]	Loss: 0.387290
Train Epoch: 3 [7040/28000 (25%)]	Loss: 0.396737
Train Epoch: 3 [7680/28000 (27%)]	Loss: 0.429891
Train Epoch: 3 [8320/28000 (30%)]	Loss: 0.428962
Train Epoch: 3 [8960/28000 (32%)]	Loss: 0.437427
Train Epoch: 3 [9600/28000 (34%)]	Loss: 0.376947
Train Epoch: 3 [10240/28000 (37%)]	Loss: 0.317868
Train Epoch: 3 [10880/28000 (39%)]	Loss: 0.400239
Train Epoch: 3 [11520/28000 (41%)]	Loss: 0.427960
Train Epoch: 3 [12160/28000 (43%)]	Loss: 0.339949
Train Epoch: 3 [12800/28000 (46%)]	Loss: 0.390429
Train Epoch: 3 [13440/28000 (48%)]	Loss: 0.471617
Train Epoch: 3 [14080/28000 (50%)]	Loss: 0.447739
Train Epoch: 3 [14720/28000 (53%)]	Loss: 0.403512
Train Epoch: 3 [15360/28000 (55%)]	Loss: 0.436971
Train Epoch: 3 [16000/28000 (57%)]	Loss: 0.366895
Train Epoch: 3 [16640/28000 (59%)]	Loss: 0.435957
Train Epoch: 3 [17280/28000 (62%)]	Loss: 0.428674
Train Epoch: 3 [17920/28000 (64%)]	Loss: 0.360959
Train Epoch: 3 [18560/28000 (66%)]	Loss: 0.384886
Train Epoch: 3 [19200/28000 (68%)]	Loss: 0.464835
Train Epoch: 3 [19840/28000 (71%)]	Loss: 0.321342
Train Epoch: 3 [20480/28000 (73%)]	Loss: 0.410568
Train Epoch: 3 [21120/28000 (75%)]	Loss: 0.423594
Train Epoch: 3 [21760/28000 (78%)]	Loss: 0.403497
Train Epoch: 3 [22400/28000 (80%)]	Loss: 0.459206
Train Epoch: 3 [23040/28000 (82%)]	Loss: 0.369798
Train Epoch: 3 [23680/28000 (84%)]	Loss: 0.460383
Train Epoch: 3 [24320/28000 (87%)]	Loss: 0.553171
Train Epoch: 3 [24960/28000 (89%)]	Loss: 0.435609
Train Epoch: 3 [25600/28000 (91%)]	Loss: 0.314558
Train Epoch: 3 [26240/28000 (94%)]	Loss: 0.352086
Train Epoch: 3 [26880/28000 (96%)]	Loss: 0.481753
Train Epoch: 3 [27520/28000 (98%)]	Loss: 0.438410
Test set:
Overall: 81906/84000 (97.5%)
Train set:
Overall: 23623/28000 (84.4%)
Train Epoch: 4 [0/28000 (0%)]	Loss: 0.342321
Train Epoch: 4 [640/28000 (2%)]	Loss: 0.343331
Train Epoch: 4 [1280/28000 (5%)]	Loss: 0.468016
Train Epoch: 4 [1920/28000 (7%)]	Loss: 0.424874
Train Epoch: 4 [2560/28000 (9%)]	Loss: 0.481387
Train Epoch: 4 [3200/28000 (11%)]	Loss: 0.399889
Train Epoch: 4 [3840/28000 (14%)]	Loss: 0.325737
Train Epoch: 4 [4480/28000 (16%)]	Loss: 0.329842
Train Epoch: 4 [5120/28000 (18%)]	Loss: 0.337678
Train Epoch: 4 [5760/28000 (21%)]	Loss: 0.379147
Train Epoch: 4 [6400/28000 (23%)]	Loss: 0.339354
Train Epoch: 4 [7040/28000 (25%)]	Loss: 0.502564
Train Epoch: 4 [7680/28000 (27%)]	Loss: 0.507476
Train Epoch: 4 [8320/28000 (30%)]	Loss: 0.414850
Train Epoch: 4 [8960/28000 (32%)]	Loss: 0.373751
Train Epoch: 4 [9600/28000 (34%)]	Loss: 0.530202
Train Epoch: 4 [10240/28000 (37%)]	Loss: 0.359936
Train Epoch: 4 [10880/28000 (39%)]	Loss: 0.437776
Train Epoch: 4 [11520/28000 (41%)]	Loss: 0.305827
Train Epoch: 4 [12160/28000 (43%)]	Loss: 0.459021
Train Epoch: 4 [12800/28000 (46%)]	Loss: 0.326226
Train Epoch: 4 [13440/28000 (48%)]	Loss: 0.310058
Train Epoch: 4 [14080/28000 (50%)]	Loss: 0.411729
Train Epoch: 4 [14720/28000 (53%)]	Loss: 0.379075
Train Epoch: 4 [15360/28000 (55%)]	Loss: 0.472185
Train Epoch: 4 [16000/28000 (57%)]	Loss: 0.447834
Train Epoch: 4 [16640/28000 (59%)]	Loss: 0.386545
Train Epoch: 4 [17280/28000 (62%)]	Loss: 0.559937
Train Epoch: 4 [17920/28000 (64%)]	Loss: 0.509804
Train Epoch: 4 [18560/28000 (66%)]	Loss: 0.508467
Train Epoch: 4 [19200/28000 (68%)]	Loss: 0.483866
Train Epoch: 4 [19840/28000 (71%)]	Loss: 0.400951
Train Epoch: 4 [20480/28000 (73%)]	Loss: 0.331310
Train Epoch: 4 [21120/28000 (75%)]	Loss: 0.547081
Train Epoch: 4 [21760/28000 (78%)]	Loss: 0.500350
Train Epoch: 4 [22400/28000 (80%)]	Loss: 0.450285
Train Epoch: 4 [23040/28000 (82%)]	Loss: 0.443477
Train Epoch: 4 [23680/28000 (84%)]	Loss: 0.416285
Train Epoch: 4 [24320/28000 (87%)]	Loss: 0.402508
Train Epoch: 4 [24960/28000 (89%)]	Loss: 0.505663
Train Epoch: 4 [25600/28000 (91%)]	Loss: 0.370124
Train Epoch: 4 [26240/28000 (94%)]	Loss: 0.551114
Train Epoch: 4 [26880/28000 (96%)]	Loss: 0.359657
Train Epoch: 4 [27520/28000 (98%)]	Loss: 0.373712
Test set:
Overall: 81734/84000 (97.3%)
Train set:
Overall: 23807/28000 (85.0%)
