Running on ax10.rc.zi.columbia.edu
Train Epoch: 1 [0/28000 (0%)]	Loss: 0.674051
Train Epoch: 1 [640/28000 (2%)]	Loss: 0.706677
Train Epoch: 1 [1280/28000 (5%)]	Loss: 0.674355
Train Epoch: 1 [1920/28000 (7%)]	Loss: 0.684796
Train Epoch: 1 [2560/28000 (9%)]	Loss: 0.630854
Train Epoch: 1 [3200/28000 (11%)]	Loss: 0.650094
Train Epoch: 1 [3840/28000 (14%)]	Loss: 0.628091
Train Epoch: 1 [4480/28000 (16%)]	Loss: 0.592063
Train Epoch: 1 [5120/28000 (18%)]	Loss: 0.567216
Train Epoch: 1 [5760/28000 (21%)]	Loss: 0.624133
Train Epoch: 1 [6400/28000 (23%)]	Loss: 0.634439
Train Epoch: 1 [7040/28000 (25%)]	Loss: 0.554403
Train Epoch: 1 [7680/28000 (27%)]	Loss: 0.529707
Train Epoch: 1 [8320/28000 (30%)]	Loss: 0.713550
Train Epoch: 1 [8960/28000 (32%)]	Loss: 0.558230
Train Epoch: 1 [9600/28000 (34%)]	Loss: 0.531872
Train Epoch: 1 [10240/28000 (37%)]	Loss: 0.440784
Train Epoch: 1 [10880/28000 (39%)]	Loss: 0.548241
Train Epoch: 1 [11520/28000 (41%)]	Loss: 0.504768
Train Epoch: 1 [12160/28000 (43%)]	Loss: 0.490273
Train Epoch: 1 [12800/28000 (46%)]	Loss: 0.527117
Train Epoch: 1 [13440/28000 (48%)]	Loss: 0.344946
Train Epoch: 1 [14080/28000 (50%)]	Loss: 0.543893
Train Epoch: 1 [14720/28000 (53%)]	Loss: 0.491603
Train Epoch: 1 [15360/28000 (55%)]	Loss: 0.602212
Train Epoch: 1 [16000/28000 (57%)]	Loss: 0.529954
Train Epoch: 1 [16640/28000 (59%)]	Loss: 0.594533
Train Epoch: 1 [17280/28000 (62%)]	Loss: 0.453386
Train Epoch: 1 [17920/28000 (64%)]	Loss: 0.491446
Train Epoch: 1 [18560/28000 (66%)]	Loss: 0.468896
Train Epoch: 1 [19200/28000 (68%)]	Loss: 0.386823
Train Epoch: 1 [19840/28000 (71%)]	Loss: 0.582135
Train Epoch: 1 [20480/28000 (73%)]	Loss: 0.406054
Train Epoch: 1 [21120/28000 (75%)]	Loss: 0.463831
Train Epoch: 1 [21760/28000 (78%)]	Loss: 0.425069
Train Epoch: 1 [22400/28000 (80%)]	Loss: 0.413534
Train Epoch: 1 [23040/28000 (82%)]	Loss: 0.405722
Train Epoch: 1 [23680/28000 (84%)]	Loss: 0.400214
Train Epoch: 1 [24320/28000 (87%)]	Loss: 0.556218
Train Epoch: 1 [24960/28000 (89%)]	Loss: 0.467862
Train Epoch: 1 [25600/28000 (91%)]	Loss: 0.454490
Train Epoch: 1 [26240/28000 (94%)]	Loss: 0.490524
Train Epoch: 1 [26880/28000 (96%)]	Loss: 0.413094
Train Epoch: 1 [27520/28000 (98%)]	Loss: 0.506170
Test set:
Overall: 80732/84000 (96.1%)
Train set:
Overall: 22280/28000 (79.6%)
Train Epoch: 2 [0/28000 (0%)]	Loss: 0.570627
Train Epoch: 2 [640/28000 (2%)]	Loss: 0.490091
Train Epoch: 2 [1280/28000 (5%)]	Loss: 0.416377
Train Epoch: 2 [1920/28000 (7%)]	Loss: 0.488145
Train Epoch: 2 [2560/28000 (9%)]	Loss: 0.499280
Train Epoch: 2 [3200/28000 (11%)]	Loss: 0.354390
Train Epoch: 2 [3840/28000 (14%)]	Loss: 0.395354
Train Epoch: 2 [4480/28000 (16%)]	Loss: 0.413135
Train Epoch: 2 [5120/28000 (18%)]	Loss: 0.404585
Train Epoch: 2 [5760/28000 (21%)]	Loss: 0.474720
Train Epoch: 2 [6400/28000 (23%)]	Loss: 0.382149
Train Epoch: 2 [7040/28000 (25%)]	Loss: 0.460632
Train Epoch: 2 [7680/28000 (27%)]	Loss: 0.430785
Train Epoch: 2 [8320/28000 (30%)]	Loss: 0.310509
Train Epoch: 2 [8960/28000 (32%)]	Loss: 0.430987
Train Epoch: 2 [9600/28000 (34%)]	Loss: 0.521117
Train Epoch: 2 [10240/28000 (37%)]	Loss: 0.512441
Train Epoch: 2 [10880/28000 (39%)]	Loss: 0.378504
Train Epoch: 2 [11520/28000 (41%)]	Loss: 0.448058
Train Epoch: 2 [12160/28000 (43%)]	Loss: 0.446955
Train Epoch: 2 [12800/28000 (46%)]	Loss: 0.377327
Train Epoch: 2 [13440/28000 (48%)]	Loss: 0.471938
Train Epoch: 2 [14080/28000 (50%)]	Loss: 0.434800
Train Epoch: 2 [14720/28000 (53%)]	Loss: 0.461481
Train Epoch: 2 [15360/28000 (55%)]	Loss: 0.360397
Train Epoch: 2 [16000/28000 (57%)]	Loss: 0.461021
Train Epoch: 2 [16640/28000 (59%)]	Loss: 0.330164
Train Epoch: 2 [17280/28000 (62%)]	Loss: 0.475087
Train Epoch: 2 [17920/28000 (64%)]	Loss: 0.333046
Train Epoch: 2 [18560/28000 (66%)]	Loss: 0.359687
Train Epoch: 2 [19200/28000 (68%)]	Loss: 0.349504
Train Epoch: 2 [19840/28000 (71%)]	Loss: 0.493855
Train Epoch: 2 [20480/28000 (73%)]	Loss: 0.362346
Train Epoch: 2 [21120/28000 (75%)]	Loss: 0.372049
Train Epoch: 2 [21760/28000 (78%)]	Loss: 0.459377
Train Epoch: 2 [22400/28000 (80%)]	Loss: 0.323095
Train Epoch: 2 [23040/28000 (82%)]	Loss: 0.520876
Train Epoch: 2 [23680/28000 (84%)]	Loss: 0.367435
Train Epoch: 2 [24320/28000 (87%)]	Loss: 0.435941
Train Epoch: 2 [24960/28000 (89%)]	Loss: 0.443094
Train Epoch: 2 [25600/28000 (91%)]	Loss: 0.401785
Train Epoch: 2 [26240/28000 (94%)]	Loss: 0.409788
Train Epoch: 2 [26880/28000 (96%)]	Loss: 0.440949
Train Epoch: 2 [27520/28000 (98%)]	Loss: 0.404353
Test set:
Overall: 81489/84000 (97.0%)
Train set:
Overall: 23316/28000 (83.3%)
Train Epoch: 3 [0/28000 (0%)]	Loss: 0.319147
Train Epoch: 3 [640/28000 (2%)]	Loss: 0.376702
Train Epoch: 3 [1280/28000 (5%)]	Loss: 0.329748
Train Epoch: 3 [1920/28000 (7%)]	Loss: 0.439530
Train Epoch: 3 [2560/28000 (9%)]	Loss: 0.451992
Train Epoch: 3 [3200/28000 (11%)]	Loss: 0.403975
Train Epoch: 3 [3840/28000 (14%)]	Loss: 0.398813
Train Epoch: 3 [4480/28000 (16%)]	Loss: 0.363894
Train Epoch: 3 [5120/28000 (18%)]	Loss: 0.326601
Train Epoch: 3 [5760/28000 (21%)]	Loss: 0.364344
Train Epoch: 3 [6400/28000 (23%)]	Loss: 0.336248
Train Epoch: 3 [7040/28000 (25%)]	Loss: 0.342173
Train Epoch: 3 [7680/28000 (27%)]	Loss: 0.431914
Train Epoch: 3 [8320/28000 (30%)]	Loss: 0.387681
Train Epoch: 3 [8960/28000 (32%)]	Loss: 0.463486
Train Epoch: 3 [9600/28000 (34%)]	Loss: 0.368941
Train Epoch: 3 [10240/28000 (37%)]	Loss: 0.333380
Train Epoch: 3 [10880/28000 (39%)]	Loss: 0.371888
Train Epoch: 3 [11520/28000 (41%)]	Loss: 0.375568
Train Epoch: 3 [12160/28000 (43%)]	Loss: 0.256731
Train Epoch: 3 [12800/28000 (46%)]	Loss: 0.328561
Train Epoch: 3 [13440/28000 (48%)]	Loss: 0.429928
Train Epoch: 3 [14080/28000 (50%)]	Loss: 0.375966
Train Epoch: 3 [14720/28000 (53%)]	Loss: 0.401929
Train Epoch: 3 [15360/28000 (55%)]	Loss: 0.370540
Train Epoch: 3 [16000/28000 (57%)]	Loss: 0.367936
Train Epoch: 3 [16640/28000 (59%)]	Loss: 0.327049
Train Epoch: 3 [17280/28000 (62%)]	Loss: 0.391386
Train Epoch: 3 [17920/28000 (64%)]	Loss: 0.347585
Train Epoch: 3 [18560/28000 (66%)]	Loss: 0.330323
Train Epoch: 3 [19200/28000 (68%)]	Loss: 0.485715
Train Epoch: 3 [19840/28000 (71%)]	Loss: 0.288678
Train Epoch: 3 [20480/28000 (73%)]	Loss: 0.381969
Train Epoch: 3 [21120/28000 (75%)]	Loss: 0.404442
Train Epoch: 3 [21760/28000 (78%)]	Loss: 0.367376
Train Epoch: 3 [22400/28000 (80%)]	Loss: 0.519715
Train Epoch: 3 [23040/28000 (82%)]	Loss: 0.357046
Train Epoch: 3 [23680/28000 (84%)]	Loss: 0.419910
Train Epoch: 3 [24320/28000 (87%)]	Loss: 0.598035
Train Epoch: 3 [24960/28000 (89%)]	Loss: 0.370376
Train Epoch: 3 [25600/28000 (91%)]	Loss: 0.237020
Train Epoch: 3 [26240/28000 (94%)]	Loss: 0.360230
Train Epoch: 3 [26880/28000 (96%)]	Loss: 0.407736
Train Epoch: 3 [27520/28000 (98%)]	Loss: 0.478255
Test set:
Overall: 81848/84000 (97.4%)
Train set:
Overall: 23586/28000 (84.2%)
Train Epoch: 4 [0/28000 (0%)]	Loss: 0.339458
Train Epoch: 4 [640/28000 (2%)]	Loss: 0.355769
Train Epoch: 4 [1280/28000 (5%)]	Loss: 0.440446
Train Epoch: 4 [1920/28000 (7%)]	Loss: 0.325350
Train Epoch: 4 [2560/28000 (9%)]	Loss: 0.421489
Train Epoch: 4 [3200/28000 (11%)]	Loss: 0.321584
Train Epoch: 4 [3840/28000 (14%)]	Loss: 0.275920
Train Epoch: 4 [4480/28000 (16%)]	Loss: 0.291379
Train Epoch: 4 [5120/28000 (18%)]	Loss: 0.270750
Train Epoch: 4 [5760/28000 (21%)]	Loss: 0.312311
Train Epoch: 4 [6400/28000 (23%)]	Loss: 0.283070
Train Epoch: 4 [7040/28000 (25%)]	Loss: 0.469428
Train Epoch: 4 [7680/28000 (27%)]	Loss: 0.511342
Train Epoch: 4 [8320/28000 (30%)]	Loss: 0.409505
Train Epoch: 4 [8960/28000 (32%)]	Loss: 0.327600
Train Epoch: 4 [9600/28000 (34%)]	Loss: 0.471441
Train Epoch: 4 [10240/28000 (37%)]	Loss: 0.286188
Train Epoch: 4 [10880/28000 (39%)]	Loss: 0.447664
Train Epoch: 4 [11520/28000 (41%)]	Loss: 0.260282
Train Epoch: 4 [12160/28000 (43%)]	Loss: 0.365860
Train Epoch: 4 [12800/28000 (46%)]	Loss: 0.287766
Train Epoch: 4 [13440/28000 (48%)]	Loss: 0.291649
Train Epoch: 4 [14080/28000 (50%)]	Loss: 0.356355
Train Epoch: 4 [14720/28000 (53%)]	Loss: 0.268467
Train Epoch: 4 [15360/28000 (55%)]	Loss: 0.401985
Train Epoch: 4 [16000/28000 (57%)]	Loss: 0.354306
Train Epoch: 4 [16640/28000 (59%)]	Loss: 0.347833
Train Epoch: 4 [17280/28000 (62%)]	Loss: 0.513668
Train Epoch: 4 [17920/28000 (64%)]	Loss: 0.396139
Train Epoch: 4 [18560/28000 (66%)]	Loss: 0.442469
Train Epoch: 4 [19200/28000 (68%)]	Loss: 0.429211
Train Epoch: 4 [19840/28000 (71%)]	Loss: 0.299591
Train Epoch: 4 [20480/28000 (73%)]	Loss: 0.243234
Train Epoch: 4 [21120/28000 (75%)]	Loss: 0.521873
Train Epoch: 4 [21760/28000 (78%)]	Loss: 0.497616
Train Epoch: 4 [22400/28000 (80%)]	Loss: 0.365880
Train Epoch: 4 [23040/28000 (82%)]	Loss: 0.421901
Train Epoch: 4 [23680/28000 (84%)]	Loss: 0.414020
Train Epoch: 4 [24320/28000 (87%)]	Loss: 0.323694
Train Epoch: 4 [24960/28000 (89%)]	Loss: 0.563853
Train Epoch: 4 [25600/28000 (91%)]	Loss: 0.381357
Train Epoch: 4 [26240/28000 (94%)]	Loss: 0.510610
Train Epoch: 4 [26880/28000 (96%)]	Loss: 0.317691
Train Epoch: 4 [27520/28000 (98%)]	Loss: 0.371868
Test set:
Overall: 81990/84000 (97.6%)
Train set:
Overall: 24154/28000 (86.3%)
