Running on ax22.rc.zi.columbia.edu
Train Epoch: 1 [0/28000 (0%)]	Loss: 0.679188
Train Epoch: 1 [640/28000 (2%)]	Loss: 0.704916
Train Epoch: 1 [1280/28000 (5%)]	Loss: 0.673183
Train Epoch: 1 [1920/28000 (7%)]	Loss: 0.681729
Train Epoch: 1 [2560/28000 (9%)]	Loss: 0.627961
Train Epoch: 1 [3200/28000 (11%)]	Loss: 0.650769
Train Epoch: 1 [3840/28000 (14%)]	Loss: 0.649317
Train Epoch: 1 [4480/28000 (16%)]	Loss: 0.574546
Train Epoch: 1 [5120/28000 (18%)]	Loss: 0.571479
Train Epoch: 1 [5760/28000 (21%)]	Loss: 0.625313
Train Epoch: 1 [6400/28000 (23%)]	Loss: 0.646908
Train Epoch: 1 [7040/28000 (25%)]	Loss: 0.576223
Train Epoch: 1 [7680/28000 (27%)]	Loss: 0.554007
Train Epoch: 1 [8320/28000 (30%)]	Loss: 0.767987
Train Epoch: 1 [8960/28000 (32%)]	Loss: 0.565729
Train Epoch: 1 [9600/28000 (34%)]	Loss: 0.488295
Train Epoch: 1 [10240/28000 (37%)]	Loss: 0.451164
Train Epoch: 1 [10880/28000 (39%)]	Loss: 0.541803
Train Epoch: 1 [11520/28000 (41%)]	Loss: 0.500714
Train Epoch: 1 [12160/28000 (43%)]	Loss: 0.491365
Train Epoch: 1 [12800/28000 (46%)]	Loss: 0.592639
Train Epoch: 1 [13440/28000 (48%)]	Loss: 0.394838
Train Epoch: 1 [14080/28000 (50%)]	Loss: 0.562114
Train Epoch: 1 [14720/28000 (53%)]	Loss: 0.535067
Train Epoch: 1 [15360/28000 (55%)]	Loss: 0.657741
Train Epoch: 1 [16000/28000 (57%)]	Loss: 0.593186
Train Epoch: 1 [16640/28000 (59%)]	Loss: 0.648350
Train Epoch: 1 [17280/28000 (62%)]	Loss: 0.477872
Train Epoch: 1 [17920/28000 (64%)]	Loss: 0.497255
Train Epoch: 1 [18560/28000 (66%)]	Loss: 0.466868
Train Epoch: 1 [19200/28000 (68%)]	Loss: 0.379721
Train Epoch: 1 [19840/28000 (71%)]	Loss: 0.568390
Train Epoch: 1 [20480/28000 (73%)]	Loss: 0.437758
Train Epoch: 1 [21120/28000 (75%)]	Loss: 0.505404
Train Epoch: 1 [21760/28000 (78%)]	Loss: 0.469644
Train Epoch: 1 [22400/28000 (80%)]	Loss: 0.469257
Train Epoch: 1 [23040/28000 (82%)]	Loss: 0.417290
Train Epoch: 1 [23680/28000 (84%)]	Loss: 0.437790
Train Epoch: 1 [24320/28000 (87%)]	Loss: 0.567133
Train Epoch: 1 [24960/28000 (89%)]	Loss: 0.548611
Train Epoch: 1 [25600/28000 (91%)]	Loss: 0.470968
Train Epoch: 1 [26240/28000 (94%)]	Loss: 0.505298
Train Epoch: 1 [26880/28000 (96%)]	Loss: 0.485232
Train Epoch: 1 [27520/28000 (98%)]	Loss: 0.574451
Test set:
Overall: 80574/84000 (95.9%)
Train set:
Overall: 22162/28000 (79.2%)
Train Epoch: 2 [0/28000 (0%)]	Loss: 0.615310
Train Epoch: 2 [640/28000 (2%)]	Loss: 0.580312
Train Epoch: 2 [1280/28000 (5%)]	Loss: 0.447731
Train Epoch: 2 [1920/28000 (7%)]	Loss: 0.530903
Train Epoch: 2 [2560/28000 (9%)]	Loss: 0.462299
Train Epoch: 2 [3200/28000 (11%)]	Loss: 0.368492
Train Epoch: 2 [3840/28000 (14%)]	Loss: 0.442159
Train Epoch: 2 [4480/28000 (16%)]	Loss: 0.430610
Train Epoch: 2 [5120/28000 (18%)]	Loss: 0.438158
Train Epoch: 2 [5760/28000 (21%)]	Loss: 0.475962
Train Epoch: 2 [6400/28000 (23%)]	Loss: 0.451438
Train Epoch: 2 [7040/28000 (25%)]	Loss: 0.475246
Train Epoch: 2 [7680/28000 (27%)]	Loss: 0.485356
Train Epoch: 2 [8320/28000 (30%)]	Loss: 0.341740
Train Epoch: 2 [8960/28000 (32%)]	Loss: 0.460998
Train Epoch: 2 [9600/28000 (34%)]	Loss: 0.512550
Train Epoch: 2 [10240/28000 (37%)]	Loss: 0.540163
Train Epoch: 2 [10880/28000 (39%)]	Loss: 0.444963
Train Epoch: 2 [11520/28000 (41%)]	Loss: 0.500519
Train Epoch: 2 [12160/28000 (43%)]	Loss: 0.477941
Train Epoch: 2 [12800/28000 (46%)]	Loss: 0.425240
Train Epoch: 2 [13440/28000 (48%)]	Loss: 0.469306
Train Epoch: 2 [14080/28000 (50%)]	Loss: 0.462554
Train Epoch: 2 [14720/28000 (53%)]	Loss: 0.461225
Train Epoch: 2 [15360/28000 (55%)]	Loss: 0.392412
Train Epoch: 2 [16000/28000 (57%)]	Loss: 0.492660
Train Epoch: 2 [16640/28000 (59%)]	Loss: 0.400875
Train Epoch: 2 [17280/28000 (62%)]	Loss: 0.471494
Train Epoch: 2 [17920/28000 (64%)]	Loss: 0.383620
Train Epoch: 2 [18560/28000 (66%)]	Loss: 0.386268
Train Epoch: 2 [19200/28000 (68%)]	Loss: 0.389807
Train Epoch: 2 [19840/28000 (71%)]	Loss: 0.595563
Train Epoch: 2 [20480/28000 (73%)]	Loss: 0.440019
Train Epoch: 2 [21120/28000 (75%)]	Loss: 0.381557
Train Epoch: 2 [21760/28000 (78%)]	Loss: 0.497463
Train Epoch: 2 [22400/28000 (80%)]	Loss: 0.380935
Train Epoch: 2 [23040/28000 (82%)]	Loss: 0.530425
Train Epoch: 2 [23680/28000 (84%)]	Loss: 0.415435
Train Epoch: 2 [24320/28000 (87%)]	Loss: 0.523898
Train Epoch: 2 [24960/28000 (89%)]	Loss: 0.454217
Train Epoch: 2 [25600/28000 (91%)]	Loss: 0.375091
Train Epoch: 2 [26240/28000 (94%)]	Loss: 0.421911
Train Epoch: 2 [26880/28000 (96%)]	Loss: 0.499215
Train Epoch: 2 [27520/28000 (98%)]	Loss: 0.465346
Test set:
Overall: 81161/84000 (96.6%)
Train set:
Overall: 22780/28000 (81.4%)
Train Epoch: 3 [0/28000 (0%)]	Loss: 0.405546
Train Epoch: 3 [640/28000 (2%)]	Loss: 0.454719
Train Epoch: 3 [1280/28000 (5%)]	Loss: 0.370396
Train Epoch: 3 [1920/28000 (7%)]	Loss: 0.440830
Train Epoch: 3 [2560/28000 (9%)]	Loss: 0.595166
Train Epoch: 3 [3200/28000 (11%)]	Loss: 0.500848
Train Epoch: 3 [3840/28000 (14%)]	Loss: 0.433911
Train Epoch: 3 [4480/28000 (16%)]	Loss: 0.378522
Train Epoch: 3 [5120/28000 (18%)]	Loss: 0.395090
Train Epoch: 3 [5760/28000 (21%)]	Loss: 0.436276
Train Epoch: 3 [6400/28000 (23%)]	Loss: 0.417707
Train Epoch: 3 [7040/28000 (25%)]	Loss: 0.387698
Train Epoch: 3 [7680/28000 (27%)]	Loss: 0.438157
Train Epoch: 3 [8320/28000 (30%)]	Loss: 0.406937
Train Epoch: 3 [8960/28000 (32%)]	Loss: 0.432673
Train Epoch: 3 [9600/28000 (34%)]	Loss: 0.360618
Train Epoch: 3 [10240/28000 (37%)]	Loss: 0.355366
Train Epoch: 3 [10880/28000 (39%)]	Loss: 0.455682
Train Epoch: 3 [11520/28000 (41%)]	Loss: 0.435789
Train Epoch: 3 [12160/28000 (43%)]	Loss: 0.318920
Train Epoch: 3 [12800/28000 (46%)]	Loss: 0.341360
Train Epoch: 3 [13440/28000 (48%)]	Loss: 0.447578
Train Epoch: 3 [14080/28000 (50%)]	Loss: 0.383037
Train Epoch: 3 [14720/28000 (53%)]	Loss: 0.424325
Train Epoch: 3 [15360/28000 (55%)]	Loss: 0.404941
Train Epoch: 3 [16000/28000 (57%)]	Loss: 0.366890
Train Epoch: 3 [16640/28000 (59%)]	Loss: 0.421778
Train Epoch: 3 [17280/28000 (62%)]	Loss: 0.460007
Train Epoch: 3 [17920/28000 (64%)]	Loss: 0.362745
Train Epoch: 3 [18560/28000 (66%)]	Loss: 0.374071
Train Epoch: 3 [19200/28000 (68%)]	Loss: 0.454849
Train Epoch: 3 [19840/28000 (71%)]	Loss: 0.285039
Train Epoch: 3 [20480/28000 (73%)]	Loss: 0.428603
Train Epoch: 3 [21120/28000 (75%)]	Loss: 0.396659
Train Epoch: 3 [21760/28000 (78%)]	Loss: 0.426183
Train Epoch: 3 [22400/28000 (80%)]	Loss: 0.466493
Train Epoch: 3 [23040/28000 (82%)]	Loss: 0.384800
Train Epoch: 3 [23680/28000 (84%)]	Loss: 0.368703
Train Epoch: 3 [24320/28000 (87%)]	Loss: 0.581721
Train Epoch: 3 [24960/28000 (89%)]	Loss: 0.475300
Train Epoch: 3 [25600/28000 (91%)]	Loss: 0.327736
Train Epoch: 3 [26240/28000 (94%)]	Loss: 0.455604
Train Epoch: 3 [26880/28000 (96%)]	Loss: 0.425652
Train Epoch: 3 [27520/28000 (98%)]	Loss: 0.496132
Test set:
Overall: 81715/84000 (97.3%)
Train set:
Overall: 23632/28000 (84.4%)
Train Epoch: 4 [0/28000 (0%)]	Loss: 0.316074
Train Epoch: 4 [640/28000 (2%)]	Loss: 0.317873
Train Epoch: 4 [1280/28000 (5%)]	Loss: 0.527793
Train Epoch: 4 [1920/28000 (7%)]	Loss: 0.382590
Train Epoch: 4 [2560/28000 (9%)]	Loss: 0.435190
Train Epoch: 4 [3200/28000 (11%)]	Loss: 0.424320
Train Epoch: 4 [3840/28000 (14%)]	Loss: 0.291784
Train Epoch: 4 [4480/28000 (16%)]	Loss: 0.293717
Train Epoch: 4 [5120/28000 (18%)]	Loss: 0.259487
Train Epoch: 4 [5760/28000 (21%)]	Loss: 0.340923
Train Epoch: 4 [6400/28000 (23%)]	Loss: 0.343197
Train Epoch: 4 [7040/28000 (25%)]	Loss: 0.508087
Train Epoch: 4 [7680/28000 (27%)]	Loss: 0.500762
Train Epoch: 4 [8320/28000 (30%)]	Loss: 0.404326
Train Epoch: 4 [8960/28000 (32%)]	Loss: 0.378675
Train Epoch: 4 [9600/28000 (34%)]	Loss: 0.538035
Train Epoch: 4 [10240/28000 (37%)]	Loss: 0.412953
Train Epoch: 4 [10880/28000 (39%)]	Loss: 0.445980
Train Epoch: 4 [11520/28000 (41%)]	Loss: 0.285476
Train Epoch: 4 [12160/28000 (43%)]	Loss: 0.422597
Train Epoch: 4 [12800/28000 (46%)]	Loss: 0.326026
Train Epoch: 4 [13440/28000 (48%)]	Loss: 0.367702
Train Epoch: 4 [14080/28000 (50%)]	Loss: 0.434515
Train Epoch: 4 [14720/28000 (53%)]	Loss: 0.398923
Train Epoch: 4 [15360/28000 (55%)]	Loss: 0.464234
Train Epoch: 4 [16000/28000 (57%)]	Loss: 0.360975
Train Epoch: 4 [16640/28000 (59%)]	Loss: 0.330835
Train Epoch: 4 [17280/28000 (62%)]	Loss: 0.516467
Train Epoch: 4 [17920/28000 (64%)]	Loss: 0.442478
Train Epoch: 4 [18560/28000 (66%)]	Loss: 0.491727
Train Epoch: 4 [19200/28000 (68%)]	Loss: 0.467296
Train Epoch: 4 [19840/28000 (71%)]	Loss: 0.396388
Train Epoch: 4 [20480/28000 (73%)]	Loss: 0.288085
Train Epoch: 4 [21120/28000 (75%)]	Loss: 0.525919
Train Epoch: 4 [21760/28000 (78%)]	Loss: 0.517652
Train Epoch: 4 [22400/28000 (80%)]	Loss: 0.443165
Train Epoch: 4 [23040/28000 (82%)]	Loss: 0.527516
Train Epoch: 4 [23680/28000 (84%)]	Loss: 0.428026
Train Epoch: 4 [24320/28000 (87%)]	Loss: 0.404582
Train Epoch: 4 [24960/28000 (89%)]	Loss: 0.386691
Train Epoch: 4 [25600/28000 (91%)]	Loss: 0.441324
Train Epoch: 4 [26240/28000 (94%)]	Loss: 0.504249
Train Epoch: 4 [26880/28000 (96%)]	Loss: 0.309089
Train Epoch: 4 [27520/28000 (98%)]	Loss: 0.385998
Test set:
Overall: 81889/84000 (97.5%)
Train set:
Overall: 23913/28000 (85.4%)
