Running on ax20.rc.zi.columbia.edu
Train Epoch: 1 [0/28000 (0%)]	Loss: 0.692708
Train Epoch: 1 [640/28000 (2%)]	Loss: 0.714713
Train Epoch: 1 [1280/28000 (5%)]	Loss: 0.641479
Train Epoch: 1 [1920/28000 (7%)]	Loss: 0.625230
Train Epoch: 1 [2560/28000 (9%)]	Loss: 0.653257
Train Epoch: 1 [3200/28000 (11%)]	Loss: 0.668718
Train Epoch: 1 [3840/28000 (14%)]	Loss: 0.680029
Train Epoch: 1 [4480/28000 (16%)]	Loss: 0.569332
Train Epoch: 1 [5120/28000 (18%)]	Loss: 0.596262
Train Epoch: 1 [5760/28000 (21%)]	Loss: 0.525157
Train Epoch: 1 [6400/28000 (23%)]	Loss: 0.616177
Train Epoch: 1 [7040/28000 (25%)]	Loss: 0.465093
Train Epoch: 1 [7680/28000 (27%)]	Loss: 0.485943
Train Epoch: 1 [8320/28000 (30%)]	Loss: 0.465768
Train Epoch: 1 [8960/28000 (32%)]	Loss: 0.491086
Train Epoch: 1 [9600/28000 (34%)]	Loss: 0.499035
Train Epoch: 1 [10240/28000 (37%)]	Loss: 0.438636
Train Epoch: 1 [10880/28000 (39%)]	Loss: 0.423168
Train Epoch: 1 [11520/28000 (41%)]	Loss: 0.351582
Train Epoch: 1 [12160/28000 (43%)]	Loss: 0.361992
Train Epoch: 1 [12800/28000 (46%)]	Loss: 0.388213
Train Epoch: 1 [13440/28000 (48%)]	Loss: 0.410998
Train Epoch: 1 [14080/28000 (50%)]	Loss: 0.401236
Train Epoch: 1 [14720/28000 (53%)]	Loss: 0.363699
Train Epoch: 1 [15360/28000 (55%)]	Loss: 0.279493
Train Epoch: 1 [16000/28000 (57%)]	Loss: 0.328300
Train Epoch: 1 [16640/28000 (59%)]	Loss: 0.342474
Train Epoch: 1 [17280/28000 (62%)]	Loss: 0.328527
Train Epoch: 1 [17920/28000 (64%)]	Loss: 0.198067
Train Epoch: 1 [18560/28000 (66%)]	Loss: 0.334207
Train Epoch: 1 [19200/28000 (68%)]	Loss: 0.163544
Train Epoch: 1 [19840/28000 (71%)]	Loss: 0.317154
Train Epoch: 1 [20480/28000 (73%)]	Loss: 0.200238
Train Epoch: 1 [21120/28000 (75%)]	Loss: 0.298397
Train Epoch: 1 [21760/28000 (78%)]	Loss: 0.171008
Train Epoch: 1 [22400/28000 (80%)]	Loss: 0.085435
Train Epoch: 1 [23040/28000 (82%)]	Loss: 0.234472
Train Epoch: 1 [23680/28000 (84%)]	Loss: 0.195981
Train Epoch: 1 [24320/28000 (87%)]	Loss: 0.232106
Train Epoch: 1 [24960/28000 (89%)]	Loss: 0.167628
Train Epoch: 1 [25600/28000 (91%)]	Loss: 0.206186
Train Epoch: 1 [26240/28000 (94%)]	Loss: 0.113705
Train Epoch: 1 [26880/28000 (96%)]	Loss: 0.141807
Train Epoch: 1 [27520/28000 (98%)]	Loss: 0.173188
Test set:
Overall: 68689/84000 (81.8%)
Train set:
Overall: 27289/28000 (97.5%)
Train Epoch: 2 [0/28000 (0%)]	Loss: 0.194136
Train Epoch: 2 [640/28000 (2%)]	Loss: 0.114999
Train Epoch: 2 [1280/28000 (5%)]	Loss: 0.141543
Train Epoch: 2 [1920/28000 (7%)]	Loss: 0.113492
Train Epoch: 2 [2560/28000 (9%)]	Loss: 0.066844
Train Epoch: 2 [3200/28000 (11%)]	Loss: 0.178944
Train Epoch: 2 [3840/28000 (14%)]	Loss: 0.072637
Train Epoch: 2 [4480/28000 (16%)]	Loss: 0.149229
Train Epoch: 2 [5120/28000 (18%)]	Loss: 0.147804
Train Epoch: 2 [5760/28000 (21%)]	Loss: 0.119667
Train Epoch: 2 [6400/28000 (23%)]	Loss: 0.076931
Train Epoch: 2 [7040/28000 (25%)]	Loss: 0.183996
Train Epoch: 2 [7680/28000 (27%)]	Loss: 0.127556
Train Epoch: 2 [8320/28000 (30%)]	Loss: 0.089444
Train Epoch: 2 [8960/28000 (32%)]	Loss: 0.130390
Train Epoch: 2 [9600/28000 (34%)]	Loss: 0.140483
Train Epoch: 2 [10240/28000 (37%)]	Loss: 0.163598
Train Epoch: 2 [10880/28000 (39%)]	Loss: 0.091096
Train Epoch: 2 [11520/28000 (41%)]	Loss: 0.061039
Train Epoch: 2 [12160/28000 (43%)]	Loss: 0.131894
Train Epoch: 2 [12800/28000 (46%)]	Loss: 0.216811
Train Epoch: 2 [13440/28000 (48%)]	Loss: 0.073422
Train Epoch: 2 [14080/28000 (50%)]	Loss: 0.134844
Train Epoch: 2 [14720/28000 (53%)]	Loss: 0.076785
Train Epoch: 2 [15360/28000 (55%)]	Loss: 0.100284
Train Epoch: 2 [16000/28000 (57%)]	Loss: 0.257973
Train Epoch: 2 [16640/28000 (59%)]	Loss: 0.126980
Train Epoch: 2 [17280/28000 (62%)]	Loss: 0.096002
Train Epoch: 2 [17920/28000 (64%)]	Loss: 0.040858
Train Epoch: 2 [18560/28000 (66%)]	Loss: 0.108713
Train Epoch: 2 [19200/28000 (68%)]	Loss: 0.036703
Train Epoch: 2 [19840/28000 (71%)]	Loss: 0.157763
Train Epoch: 2 [20480/28000 (73%)]	Loss: 0.072273
Train Epoch: 2 [21120/28000 (75%)]	Loss: 0.074454
Train Epoch: 2 [21760/28000 (78%)]	Loss: 0.161293
Train Epoch: 2 [22400/28000 (80%)]	Loss: 0.066641
Train Epoch: 2 [23040/28000 (82%)]	Loss: 0.084800
Train Epoch: 2 [23680/28000 (84%)]	Loss: 0.092723
Train Epoch: 2 [24320/28000 (87%)]	Loss: 0.183741
Train Epoch: 2 [24960/28000 (89%)]	Loss: 0.121171
Train Epoch: 2 [25600/28000 (91%)]	Loss: 0.110802
Train Epoch: 2 [26240/28000 (94%)]	Loss: 0.153736
Train Epoch: 2 [26880/28000 (96%)]	Loss: 0.129786
Train Epoch: 2 [27520/28000 (98%)]	Loss: 0.081285
Test set:
Overall: 63666/84000 (75.8%)
Train set:
Overall: 27679/28000 (98.9%)
Train Epoch: 3 [0/28000 (0%)]	Loss: 0.095536
Train Epoch: 3 [640/28000 (2%)]	Loss: 0.101614
Train Epoch: 3 [1280/28000 (5%)]	Loss: 0.089471
Train Epoch: 3 [1920/28000 (7%)]	Loss: 0.064656
Train Epoch: 3 [2560/28000 (9%)]	Loss: 0.069567
Train Epoch: 3 [3200/28000 (11%)]	Loss: 0.173532
Train Epoch: 3 [3840/28000 (14%)]	Loss: 0.125038
Train Epoch: 3 [4480/28000 (16%)]	Loss: 0.041755
Train Epoch: 3 [5120/28000 (18%)]	Loss: 0.048385
Train Epoch: 3 [5760/28000 (21%)]	Loss: 0.047745
Train Epoch: 3 [6400/28000 (23%)]	Loss: 0.095708
Train Epoch: 3 [7040/28000 (25%)]	Loss: 0.069222
Train Epoch: 3 [7680/28000 (27%)]	Loss: 0.097474
Train Epoch: 3 [8320/28000 (30%)]	Loss: 0.041731
Train Epoch: 3 [8960/28000 (32%)]	Loss: 0.134740
Train Epoch: 3 [9600/28000 (34%)]	Loss: 0.057185
Train Epoch: 3 [10240/28000 (37%)]	Loss: 0.039923
Train Epoch: 3 [10880/28000 (39%)]	Loss: 0.120215
Train Epoch: 3 [11520/28000 (41%)]	Loss: 0.047196
Train Epoch: 3 [12160/28000 (43%)]	Loss: 0.063055
Train Epoch: 3 [12800/28000 (46%)]	Loss: 0.098842
Train Epoch: 3 [13440/28000 (48%)]	Loss: 0.020264
Train Epoch: 3 [14080/28000 (50%)]	Loss: 0.124431
Train Epoch: 3 [14720/28000 (53%)]	Loss: 0.053157
Train Epoch: 3 [15360/28000 (55%)]	Loss: 0.101346
Train Epoch: 3 [16000/28000 (57%)]	Loss: 0.043860
Train Epoch: 3 [16640/28000 (59%)]	Loss: 0.036716
Train Epoch: 3 [17280/28000 (62%)]	Loss: 0.071225
Train Epoch: 3 [17920/28000 (64%)]	Loss: 0.065059
Train Epoch: 3 [18560/28000 (66%)]	Loss: 0.081821
Train Epoch: 3 [19200/28000 (68%)]	Loss: 0.076146
Train Epoch: 3 [19840/28000 (71%)]	Loss: 0.110826
Train Epoch: 3 [20480/28000 (73%)]	Loss: 0.084055
Train Epoch: 3 [21120/28000 (75%)]	Loss: 0.029704
Train Epoch: 3 [21760/28000 (78%)]	Loss: 0.054109
Train Epoch: 3 [22400/28000 (80%)]	Loss: 0.032574
Train Epoch: 3 [23040/28000 (82%)]	Loss: 0.023841
Train Epoch: 3 [23680/28000 (84%)]	Loss: 0.052305
Train Epoch: 3 [24320/28000 (87%)]	Loss: 0.068460
Train Epoch: 3 [24960/28000 (89%)]	Loss: 0.049980
Train Epoch: 3 [25600/28000 (91%)]	Loss: 0.067488
Train Epoch: 3 [26240/28000 (94%)]	Loss: 0.032249
Train Epoch: 3 [26880/28000 (96%)]	Loss: 0.076040
Train Epoch: 3 [27520/28000 (98%)]	Loss: 0.056360
Test set:
Overall: 64389/84000 (76.7%)
Train set:
Overall: 27743/28000 (99.1%)
Train Epoch: 4 [0/28000 (0%)]	Loss: 0.076930
Train Epoch: 4 [640/28000 (2%)]	Loss: 0.064194
Train Epoch: 4 [1280/28000 (5%)]	Loss: 0.059736
Train Epoch: 4 [1920/28000 (7%)]	Loss: 0.025478
Train Epoch: 4 [2560/28000 (9%)]	Loss: 0.122033
Train Epoch: 4 [3200/28000 (11%)]	Loss: 0.042792
Train Epoch: 4 [3840/28000 (14%)]	Loss: 0.026916
Train Epoch: 4 [4480/28000 (16%)]	Loss: 0.221731
Train Epoch: 4 [5120/28000 (18%)]	Loss: 0.004910
Train Epoch: 4 [5760/28000 (21%)]	Loss: 0.029012
Train Epoch: 4 [6400/28000 (23%)]	Loss: 0.047402
Train Epoch: 4 [7040/28000 (25%)]	Loss: 0.166195
Train Epoch: 4 [7680/28000 (27%)]	Loss: 0.098944
Train Epoch: 4 [8320/28000 (30%)]	Loss: 0.039510
Train Epoch: 4 [8960/28000 (32%)]	Loss: 0.092405
Train Epoch: 4 [9600/28000 (34%)]	Loss: 0.038893
Train Epoch: 4 [10240/28000 (37%)]	Loss: 0.029972
Train Epoch: 4 [10880/28000 (39%)]	Loss: 0.059693
Train Epoch: 4 [11520/28000 (41%)]	Loss: 0.081987
Train Epoch: 4 [12160/28000 (43%)]	Loss: 0.065616
Train Epoch: 4 [12800/28000 (46%)]	Loss: 0.071874
Train Epoch: 4 [13440/28000 (48%)]	Loss: 0.047496
Train Epoch: 4 [14080/28000 (50%)]	Loss: 0.034159
Train Epoch: 4 [14720/28000 (53%)]	Loss: 0.026273
Train Epoch: 4 [15360/28000 (55%)]	Loss: 0.123839
Train Epoch: 4 [16000/28000 (57%)]	Loss: 0.053533
Train Epoch: 4 [16640/28000 (59%)]	Loss: 0.062374
Train Epoch: 4 [17280/28000 (62%)]	Loss: 0.043605
Train Epoch: 4 [17920/28000 (64%)]	Loss: 0.070447
Train Epoch: 4 [18560/28000 (66%)]	Loss: 0.034442
Train Epoch: 4 [19200/28000 (68%)]	Loss: 0.041763
Train Epoch: 4 [19840/28000 (71%)]	Loss: 0.042600
Train Epoch: 4 [20480/28000 (73%)]	Loss: 0.047418
Train Epoch: 4 [21120/28000 (75%)]	Loss: 0.023360
Train Epoch: 4 [21760/28000 (78%)]	Loss: 0.028324
Train Epoch: 4 [22400/28000 (80%)]	Loss: 0.048816
Train Epoch: 4 [23040/28000 (82%)]	Loss: 0.072345
Train Epoch: 4 [23680/28000 (84%)]	Loss: 0.022868
Train Epoch: 4 [24320/28000 (87%)]	Loss: 0.086021
Train Epoch: 4 [24960/28000 (89%)]	Loss: 0.057307
Train Epoch: 4 [25600/28000 (91%)]	Loss: 0.084992
Train Epoch: 4 [26240/28000 (94%)]	Loss: 0.049074
Train Epoch: 4 [26880/28000 (96%)]	Loss: 0.040383
Train Epoch: 4 [27520/28000 (98%)]	Loss: 0.051725
Test set:
Overall: 63713/84000 (75.8%)
Train set:
Overall: 27850/28000 (99.5%)
