Running on ax20.rc.zi.columbia.edu
Train Epoch: 1 [0/28000 (0%)]	Loss: 0.679188
Train Epoch: 1 [640/28000 (2%)]	Loss: 0.704915
Train Epoch: 1 [1280/28000 (5%)]	Loss: 0.673168
Train Epoch: 1 [1920/28000 (7%)]	Loss: 0.681755
Train Epoch: 1 [2560/28000 (9%)]	Loss: 0.628037
Train Epoch: 1 [3200/28000 (11%)]	Loss: 0.651233
Train Epoch: 1 [3840/28000 (14%)]	Loss: 0.649535
Train Epoch: 1 [4480/28000 (16%)]	Loss: 0.575373
Train Epoch: 1 [5120/28000 (18%)]	Loss: 0.571529
Train Epoch: 1 [5760/28000 (21%)]	Loss: 0.623906
Train Epoch: 1 [6400/28000 (23%)]	Loss: 0.646348
Train Epoch: 1 [7040/28000 (25%)]	Loss: 0.571505
Train Epoch: 1 [7680/28000 (27%)]	Loss: 0.548607
Train Epoch: 1 [8320/28000 (30%)]	Loss: 0.760342
Train Epoch: 1 [8960/28000 (32%)]	Loss: 0.575826
Train Epoch: 1 [9600/28000 (34%)]	Loss: 0.492135
Train Epoch: 1 [10240/28000 (37%)]	Loss: 0.450650
Train Epoch: 1 [10880/28000 (39%)]	Loss: 0.546137
Train Epoch: 1 [11520/28000 (41%)]	Loss: 0.506289
Train Epoch: 1 [12160/28000 (43%)]	Loss: 0.487279
Train Epoch: 1 [12800/28000 (46%)]	Loss: 0.589942
Train Epoch: 1 [13440/28000 (48%)]	Loss: 0.403887
Train Epoch: 1 [14080/28000 (50%)]	Loss: 0.550225
Train Epoch: 1 [14720/28000 (53%)]	Loss: 0.530986
Train Epoch: 1 [15360/28000 (55%)]	Loss: 0.661487
Train Epoch: 1 [16000/28000 (57%)]	Loss: 0.593157
Train Epoch: 1 [16640/28000 (59%)]	Loss: 0.634033
Train Epoch: 1 [17280/28000 (62%)]	Loss: 0.475123
Train Epoch: 1 [17920/28000 (64%)]	Loss: 0.488708
Train Epoch: 1 [18560/28000 (66%)]	Loss: 0.461114
Train Epoch: 1 [19200/28000 (68%)]	Loss: 0.379607
Train Epoch: 1 [19840/28000 (71%)]	Loss: 0.560368
Train Epoch: 1 [20480/28000 (73%)]	Loss: 0.425293
Train Epoch: 1 [21120/28000 (75%)]	Loss: 0.506974
Train Epoch: 1 [21760/28000 (78%)]	Loss: 0.465256
Train Epoch: 1 [22400/28000 (80%)]	Loss: 0.476482
Train Epoch: 1 [23040/28000 (82%)]	Loss: 0.413013
Train Epoch: 1 [23680/28000 (84%)]	Loss: 0.410937
Train Epoch: 1 [24320/28000 (87%)]	Loss: 0.539566
Train Epoch: 1 [24960/28000 (89%)]	Loss: 0.562124
Train Epoch: 1 [25600/28000 (91%)]	Loss: 0.472022
Train Epoch: 1 [26240/28000 (94%)]	Loss: 0.518946
Train Epoch: 1 [26880/28000 (96%)]	Loss: 0.494276
Train Epoch: 1 [27520/28000 (98%)]	Loss: 0.588880
Test set:
Overall: 80471/84000 (95.8%)
Train set:
Overall: 22109/28000 (79.0%)
Train Epoch: 2 [0/28000 (0%)]	Loss: 0.603966
Train Epoch: 2 [640/28000 (2%)]	Loss: 0.567592
Train Epoch: 2 [1280/28000 (5%)]	Loss: 0.450408
Train Epoch: 2 [1920/28000 (7%)]	Loss: 0.512891
Train Epoch: 2 [2560/28000 (9%)]	Loss: 0.468670
Train Epoch: 2 [3200/28000 (11%)]	Loss: 0.370488
Train Epoch: 2 [3840/28000 (14%)]	Loss: 0.433467
Train Epoch: 2 [4480/28000 (16%)]	Loss: 0.440465
Train Epoch: 2 [5120/28000 (18%)]	Loss: 0.422439
Train Epoch: 2 [5760/28000 (21%)]	Loss: 0.480373
Train Epoch: 2 [6400/28000 (23%)]	Loss: 0.434714
Train Epoch: 2 [7040/28000 (25%)]	Loss: 0.492371
Train Epoch: 2 [7680/28000 (27%)]	Loss: 0.483204
Train Epoch: 2 [8320/28000 (30%)]	Loss: 0.339803
Train Epoch: 2 [8960/28000 (32%)]	Loss: 0.463953
Train Epoch: 2 [9600/28000 (34%)]	Loss: 0.522358
Train Epoch: 2 [10240/28000 (37%)]	Loss: 0.539665
Train Epoch: 2 [10880/28000 (39%)]	Loss: 0.439260
Train Epoch: 2 [11520/28000 (41%)]	Loss: 0.490980
Train Epoch: 2 [12160/28000 (43%)]	Loss: 0.493178
Train Epoch: 2 [12800/28000 (46%)]	Loss: 0.433460
Train Epoch: 2 [13440/28000 (48%)]	Loss: 0.477764
Train Epoch: 2 [14080/28000 (50%)]	Loss: 0.467088
Train Epoch: 2 [14720/28000 (53%)]	Loss: 0.460993
Train Epoch: 2 [15360/28000 (55%)]	Loss: 0.388776
Train Epoch: 2 [16000/28000 (57%)]	Loss: 0.494858
Train Epoch: 2 [16640/28000 (59%)]	Loss: 0.400884
Train Epoch: 2 [17280/28000 (62%)]	Loss: 0.467758
Train Epoch: 2 [17920/28000 (64%)]	Loss: 0.391413
Train Epoch: 2 [18560/28000 (66%)]	Loss: 0.392990
Train Epoch: 2 [19200/28000 (68%)]	Loss: 0.386586
Train Epoch: 2 [19840/28000 (71%)]	Loss: 0.574471
Train Epoch: 2 [20480/28000 (73%)]	Loss: 0.446498
Train Epoch: 2 [21120/28000 (75%)]	Loss: 0.382907
Train Epoch: 2 [21760/28000 (78%)]	Loss: 0.510584
Train Epoch: 2 [22400/28000 (80%)]	Loss: 0.364451
Train Epoch: 2 [23040/28000 (82%)]	Loss: 0.533450
Train Epoch: 2 [23680/28000 (84%)]	Loss: 0.415053
Train Epoch: 2 [24320/28000 (87%)]	Loss: 0.524480
Train Epoch: 2 [24960/28000 (89%)]	Loss: 0.469904
Train Epoch: 2 [25600/28000 (91%)]	Loss: 0.403847
Train Epoch: 2 [26240/28000 (94%)]	Loss: 0.412219
Train Epoch: 2 [26880/28000 (96%)]	Loss: 0.518455
Train Epoch: 2 [27520/28000 (98%)]	Loss: 0.462866
Test set:
Overall: 81099/84000 (96.5%)
Train set:
Overall: 22741/28000 (81.2%)
Train Epoch: 3 [0/28000 (0%)]	Loss: 0.401989
Train Epoch: 3 [640/28000 (2%)]	Loss: 0.460127
Train Epoch: 3 [1280/28000 (5%)]	Loss: 0.370855
Train Epoch: 3 [1920/28000 (7%)]	Loss: 0.432429
Train Epoch: 3 [2560/28000 (9%)]	Loss: 0.588705
Train Epoch: 3 [3200/28000 (11%)]	Loss: 0.512752
Train Epoch: 3 [3840/28000 (14%)]	Loss: 0.442784
Train Epoch: 3 [4480/28000 (16%)]	Loss: 0.382982
Train Epoch: 3 [5120/28000 (18%)]	Loss: 0.391233
Train Epoch: 3 [5760/28000 (21%)]	Loss: 0.439780
Train Epoch: 3 [6400/28000 (23%)]	Loss: 0.413779
Train Epoch: 3 [7040/28000 (25%)]	Loss: 0.404663
Train Epoch: 3 [7680/28000 (27%)]	Loss: 0.452754
Train Epoch: 3 [8320/28000 (30%)]	Loss: 0.418265
Train Epoch: 3 [8960/28000 (32%)]	Loss: 0.434636
Train Epoch: 3 [9600/28000 (34%)]	Loss: 0.368670
Train Epoch: 3 [10240/28000 (37%)]	Loss: 0.340111
Train Epoch: 3 [10880/28000 (39%)]	Loss: 0.450344
Train Epoch: 3 [11520/28000 (41%)]	Loss: 0.431622
Train Epoch: 3 [12160/28000 (43%)]	Loss: 0.326759
Train Epoch: 3 [12800/28000 (46%)]	Loss: 0.337335
Train Epoch: 3 [13440/28000 (48%)]	Loss: 0.456677
Train Epoch: 3 [14080/28000 (50%)]	Loss: 0.386079
Train Epoch: 3 [14720/28000 (53%)]	Loss: 0.408130
Train Epoch: 3 [15360/28000 (55%)]	Loss: 0.418427
Train Epoch: 3 [16000/28000 (57%)]	Loss: 0.371840
Train Epoch: 3 [16640/28000 (59%)]	Loss: 0.442616
Train Epoch: 3 [17280/28000 (62%)]	Loss: 0.467769
Train Epoch: 3 [17920/28000 (64%)]	Loss: 0.370421
Train Epoch: 3 [18560/28000 (66%)]	Loss: 0.356729
Train Epoch: 3 [19200/28000 (68%)]	Loss: 0.449706
Train Epoch: 3 [19840/28000 (71%)]	Loss: 0.300611
Train Epoch: 3 [20480/28000 (73%)]	Loss: 0.430625
Train Epoch: 3 [21120/28000 (75%)]	Loss: 0.401821
Train Epoch: 3 [21760/28000 (78%)]	Loss: 0.433441
Train Epoch: 3 [22400/28000 (80%)]	Loss: 0.481103
Train Epoch: 3 [23040/28000 (82%)]	Loss: 0.377613
Train Epoch: 3 [23680/28000 (84%)]	Loss: 0.359059
Train Epoch: 3 [24320/28000 (87%)]	Loss: 0.602587
Train Epoch: 3 [24960/28000 (89%)]	Loss: 0.490736
Train Epoch: 3 [25600/28000 (91%)]	Loss: 0.329619
Train Epoch: 3 [26240/28000 (94%)]	Loss: 0.454065
Train Epoch: 3 [26880/28000 (96%)]	Loss: 0.428325
Train Epoch: 3 [27520/28000 (98%)]	Loss: 0.514816
Test set:
Overall: 81720/84000 (97.3%)
Train set:
Overall: 23619/28000 (84.4%)
Train Epoch: 4 [0/28000 (0%)]	Loss: 0.303997
Train Epoch: 4 [640/28000 (2%)]	Loss: 0.307004
Train Epoch: 4 [1280/28000 (5%)]	Loss: 0.529159
Train Epoch: 4 [1920/28000 (7%)]	Loss: 0.391250
Train Epoch: 4 [2560/28000 (9%)]	Loss: 0.422019
Train Epoch: 4 [3200/28000 (11%)]	Loss: 0.425597
Train Epoch: 4 [3840/28000 (14%)]	Loss: 0.298434
Train Epoch: 4 [4480/28000 (16%)]	Loss: 0.284467
Train Epoch: 4 [5120/28000 (18%)]	Loss: 0.245178
Train Epoch: 4 [5760/28000 (21%)]	Loss: 0.360325
Train Epoch: 4 [6400/28000 (23%)]	Loss: 0.345080
Train Epoch: 4 [7040/28000 (25%)]	Loss: 0.497124
Train Epoch: 4 [7680/28000 (27%)]	Loss: 0.499030
Train Epoch: 4 [8320/28000 (30%)]	Loss: 0.440812
Train Epoch: 4 [8960/28000 (32%)]	Loss: 0.367222
Train Epoch: 4 [9600/28000 (34%)]	Loss: 0.539550
Train Epoch: 4 [10240/28000 (37%)]	Loss: 0.414615
Train Epoch: 4 [10880/28000 (39%)]	Loss: 0.452238
Train Epoch: 4 [11520/28000 (41%)]	Loss: 0.299849
Train Epoch: 4 [12160/28000 (43%)]	Loss: 0.434804
Train Epoch: 4 [12800/28000 (46%)]	Loss: 0.308253
Train Epoch: 4 [13440/28000 (48%)]	Loss: 0.345196
Train Epoch: 4 [14080/28000 (50%)]	Loss: 0.423434
Train Epoch: 4 [14720/28000 (53%)]	Loss: 0.386019
Train Epoch: 4 [15360/28000 (55%)]	Loss: 0.487224
Train Epoch: 4 [16000/28000 (57%)]	Loss: 0.369868
Train Epoch: 4 [16640/28000 (59%)]	Loss: 0.329386
Train Epoch: 4 [17280/28000 (62%)]	Loss: 0.537625
Train Epoch: 4 [17920/28000 (64%)]	Loss: 0.458623
Train Epoch: 4 [18560/28000 (66%)]	Loss: 0.481221
Train Epoch: 4 [19200/28000 (68%)]	Loss: 0.481137
Train Epoch: 4 [19840/28000 (71%)]	Loss: 0.371281
Train Epoch: 4 [20480/28000 (73%)]	Loss: 0.295149
Train Epoch: 4 [21120/28000 (75%)]	Loss: 0.521576
Train Epoch: 4 [21760/28000 (78%)]	Loss: 0.533512
Train Epoch: 4 [22400/28000 (80%)]	Loss: 0.456283
Train Epoch: 4 [23040/28000 (82%)]	Loss: 0.505911
Train Epoch: 4 [23680/28000 (84%)]	Loss: 0.447589
Train Epoch: 4 [24320/28000 (87%)]	Loss: 0.416815
Train Epoch: 4 [24960/28000 (89%)]	Loss: 0.412670
Train Epoch: 4 [25600/28000 (91%)]	Loss: 0.452811
Train Epoch: 4 [26240/28000 (94%)]	Loss: 0.505906
Train Epoch: 4 [26880/28000 (96%)]	Loss: 0.310629
Train Epoch: 4 [27520/28000 (98%)]	Loss: 0.409920
Test set:
Overall: 81864/84000 (97.5%)
Train set:
Overall: 23943/28000 (85.5%)
