Running on ax13.rc.zi.columbia.edu
Train Epoch: 1 [0/28000 (0%)]	Loss: 0.674048
Train Epoch: 1 [640/28000 (2%)]	Loss: 0.706654
Train Epoch: 1 [1280/28000 (5%)]	Loss: 0.674438
Train Epoch: 1 [1920/28000 (7%)]	Loss: 0.684565
Train Epoch: 1 [2560/28000 (9%)]	Loss: 0.630761
Train Epoch: 1 [3200/28000 (11%)]	Loss: 0.649708
Train Epoch: 1 [3840/28000 (14%)]	Loss: 0.627997
Train Epoch: 1 [4480/28000 (16%)]	Loss: 0.593437
Train Epoch: 1 [5120/28000 (18%)]	Loss: 0.567278
Train Epoch: 1 [5760/28000 (21%)]	Loss: 0.625898
Train Epoch: 1 [6400/28000 (23%)]	Loss: 0.634730
Train Epoch: 1 [7040/28000 (25%)]	Loss: 0.553628
Train Epoch: 1 [7680/28000 (27%)]	Loss: 0.535205
Train Epoch: 1 [8320/28000 (30%)]	Loss: 0.721563
Train Epoch: 1 [8960/28000 (32%)]	Loss: 0.556768
Train Epoch: 1 [9600/28000 (34%)]	Loss: 0.533324
Train Epoch: 1 [10240/28000 (37%)]	Loss: 0.450010
Train Epoch: 1 [10880/28000 (39%)]	Loss: 0.541997
Train Epoch: 1 [11520/28000 (41%)]	Loss: 0.506162
Train Epoch: 1 [12160/28000 (43%)]	Loss: 0.473323
Train Epoch: 1 [12800/28000 (46%)]	Loss: 0.526369
Train Epoch: 1 [13440/28000 (48%)]	Loss: 0.357047
Train Epoch: 1 [14080/28000 (50%)]	Loss: 0.523758
Train Epoch: 1 [14720/28000 (53%)]	Loss: 0.490932
Train Epoch: 1 [15360/28000 (55%)]	Loss: 0.593438
Train Epoch: 1 [16000/28000 (57%)]	Loss: 0.518165
Train Epoch: 1 [16640/28000 (59%)]	Loss: 0.596028
Train Epoch: 1 [17280/28000 (62%)]	Loss: 0.449404
Train Epoch: 1 [17920/28000 (64%)]	Loss: 0.483574
Train Epoch: 1 [18560/28000 (66%)]	Loss: 0.473447
Train Epoch: 1 [19200/28000 (68%)]	Loss: 0.394282
Train Epoch: 1 [19840/28000 (71%)]	Loss: 0.573905
Train Epoch: 1 [20480/28000 (73%)]	Loss: 0.402089
Train Epoch: 1 [21120/28000 (75%)]	Loss: 0.461989
Train Epoch: 1 [21760/28000 (78%)]	Loss: 0.432733
Train Epoch: 1 [22400/28000 (80%)]	Loss: 0.412363
Train Epoch: 1 [23040/28000 (82%)]	Loss: 0.393620
Train Epoch: 1 [23680/28000 (84%)]	Loss: 0.379076
Train Epoch: 1 [24320/28000 (87%)]	Loss: 0.532007
Train Epoch: 1 [24960/28000 (89%)]	Loss: 0.477984
Train Epoch: 1 [25600/28000 (91%)]	Loss: 0.468402
Train Epoch: 1 [26240/28000 (94%)]	Loss: 0.474919
Train Epoch: 1 [26880/28000 (96%)]	Loss: 0.419938
Train Epoch: 1 [27520/28000 (98%)]	Loss: 0.516595
Test set:
Overall: 80691/84000 (96.1%)
Train set:
Overall: 22213/28000 (79.3%)
Train Epoch: 2 [0/28000 (0%)]	Loss: 0.557404
Train Epoch: 2 [640/28000 (2%)]	Loss: 0.492172
Train Epoch: 2 [1280/28000 (5%)]	Loss: 0.424140
Train Epoch: 2 [1920/28000 (7%)]	Loss: 0.496674
Train Epoch: 2 [2560/28000 (9%)]	Loss: 0.472359
Train Epoch: 2 [3200/28000 (11%)]	Loss: 0.349322
Train Epoch: 2 [3840/28000 (14%)]	Loss: 0.393500
Train Epoch: 2 [4480/28000 (16%)]	Loss: 0.404751
Train Epoch: 2 [5120/28000 (18%)]	Loss: 0.395357
Train Epoch: 2 [5760/28000 (21%)]	Loss: 0.463615
Train Epoch: 2 [6400/28000 (23%)]	Loss: 0.376336
Train Epoch: 2 [7040/28000 (25%)]	Loss: 0.456569
Train Epoch: 2 [7680/28000 (27%)]	Loss: 0.416649
Train Epoch: 2 [8320/28000 (30%)]	Loss: 0.303761
Train Epoch: 2 [8960/28000 (32%)]	Loss: 0.421724
Train Epoch: 2 [9600/28000 (34%)]	Loss: 0.500017
Train Epoch: 2 [10240/28000 (37%)]	Loss: 0.516752
Train Epoch: 2 [10880/28000 (39%)]	Loss: 0.376068
Train Epoch: 2 [11520/28000 (41%)]	Loss: 0.448337
Train Epoch: 2 [12160/28000 (43%)]	Loss: 0.441771
Train Epoch: 2 [12800/28000 (46%)]	Loss: 0.372593
Train Epoch: 2 [13440/28000 (48%)]	Loss: 0.489313
Train Epoch: 2 [14080/28000 (50%)]	Loss: 0.444144
Train Epoch: 2 [14720/28000 (53%)]	Loss: 0.465765
Train Epoch: 2 [15360/28000 (55%)]	Loss: 0.364669
Train Epoch: 2 [16000/28000 (57%)]	Loss: 0.460578
Train Epoch: 2 [16640/28000 (59%)]	Loss: 0.332237
Train Epoch: 2 [17280/28000 (62%)]	Loss: 0.474330
Train Epoch: 2 [17920/28000 (64%)]	Loss: 0.342983
Train Epoch: 2 [18560/28000 (66%)]	Loss: 0.360950
Train Epoch: 2 [19200/28000 (68%)]	Loss: 0.348608
Train Epoch: 2 [19840/28000 (71%)]	Loss: 0.515613
Train Epoch: 2 [20480/28000 (73%)]	Loss: 0.374128
Train Epoch: 2 [21120/28000 (75%)]	Loss: 0.376628
Train Epoch: 2 [21760/28000 (78%)]	Loss: 0.459005
Train Epoch: 2 [22400/28000 (80%)]	Loss: 0.327015
Train Epoch: 2 [23040/28000 (82%)]	Loss: 0.510140
Train Epoch: 2 [23680/28000 (84%)]	Loss: 0.356644
Train Epoch: 2 [24320/28000 (87%)]	Loss: 0.438806
Train Epoch: 2 [24960/28000 (89%)]	Loss: 0.436906
Train Epoch: 2 [25600/28000 (91%)]	Loss: 0.412035
Train Epoch: 2 [26240/28000 (94%)]	Loss: 0.411757
Train Epoch: 2 [26880/28000 (96%)]	Loss: 0.444855
Train Epoch: 2 [27520/28000 (98%)]	Loss: 0.419790
Test set:
Overall: 81481/84000 (97.0%)
Train set:
Overall: 23336/28000 (83.3%)
Train Epoch: 3 [0/28000 (0%)]	Loss: 0.305888
Train Epoch: 3 [640/28000 (2%)]	Loss: 0.381611
Train Epoch: 3 [1280/28000 (5%)]	Loss: 0.333455
Train Epoch: 3 [1920/28000 (7%)]	Loss: 0.472061
Train Epoch: 3 [2560/28000 (9%)]	Loss: 0.466515
Train Epoch: 3 [3200/28000 (11%)]	Loss: 0.371630
Train Epoch: 3 [3840/28000 (14%)]	Loss: 0.399881
Train Epoch: 3 [4480/28000 (16%)]	Loss: 0.350269
Train Epoch: 3 [5120/28000 (18%)]	Loss: 0.313647
Train Epoch: 3 [5760/28000 (21%)]	Loss: 0.367972
Train Epoch: 3 [6400/28000 (23%)]	Loss: 0.329504
Train Epoch: 3 [7040/28000 (25%)]	Loss: 0.340539
Train Epoch: 3 [7680/28000 (27%)]	Loss: 0.425711
Train Epoch: 3 [8320/28000 (30%)]	Loss: 0.382907
Train Epoch: 3 [8960/28000 (32%)]	Loss: 0.467548
Train Epoch: 3 [9600/28000 (34%)]	Loss: 0.345585
Train Epoch: 3 [10240/28000 (37%)]	Loss: 0.331211
Train Epoch: 3 [10880/28000 (39%)]	Loss: 0.366279
Train Epoch: 3 [11520/28000 (41%)]	Loss: 0.371678
Train Epoch: 3 [12160/28000 (43%)]	Loss: 0.263495
Train Epoch: 3 [12800/28000 (46%)]	Loss: 0.326504
Train Epoch: 3 [13440/28000 (48%)]	Loss: 0.420879
Train Epoch: 3 [14080/28000 (50%)]	Loss: 0.383709
Train Epoch: 3 [14720/28000 (53%)]	Loss: 0.409111
Train Epoch: 3 [15360/28000 (55%)]	Loss: 0.364754
Train Epoch: 3 [16000/28000 (57%)]	Loss: 0.351746
Train Epoch: 3 [16640/28000 (59%)]	Loss: 0.328786
Train Epoch: 3 [17280/28000 (62%)]	Loss: 0.408439
Train Epoch: 3 [17920/28000 (64%)]	Loss: 0.354775
Train Epoch: 3 [18560/28000 (66%)]	Loss: 0.326011
Train Epoch: 3 [19200/28000 (68%)]	Loss: 0.460274
Train Epoch: 3 [19840/28000 (71%)]	Loss: 0.274824
Train Epoch: 3 [20480/28000 (73%)]	Loss: 0.388310
Train Epoch: 3 [21120/28000 (75%)]	Loss: 0.401060
Train Epoch: 3 [21760/28000 (78%)]	Loss: 0.376315
Train Epoch: 3 [22400/28000 (80%)]	Loss: 0.515168
Train Epoch: 3 [23040/28000 (82%)]	Loss: 0.363246
Train Epoch: 3 [23680/28000 (84%)]	Loss: 0.401569
Train Epoch: 3 [24320/28000 (87%)]	Loss: 0.617518
Train Epoch: 3 [24960/28000 (89%)]	Loss: 0.384610
Train Epoch: 3 [25600/28000 (91%)]	Loss: 0.247437
Train Epoch: 3 [26240/28000 (94%)]	Loss: 0.342850
Train Epoch: 3 [26880/28000 (96%)]	Loss: 0.404632
Train Epoch: 3 [27520/28000 (98%)]	Loss: 0.461393
Test set:
Overall: 81855/84000 (97.4%)
Train set:
Overall: 23644/28000 (84.4%)
Train Epoch: 4 [0/28000 (0%)]	Loss: 0.329182
Train Epoch: 4 [640/28000 (2%)]	Loss: 0.362527
Train Epoch: 4 [1280/28000 (5%)]	Loss: 0.446484
Train Epoch: 4 [1920/28000 (7%)]	Loss: 0.314399
Train Epoch: 4 [2560/28000 (9%)]	Loss: 0.410122
Train Epoch: 4 [3200/28000 (11%)]	Loss: 0.316026
Train Epoch: 4 [3840/28000 (14%)]	Loss: 0.267200
Train Epoch: 4 [4480/28000 (16%)]	Loss: 0.266048
Train Epoch: 4 [5120/28000 (18%)]	Loss: 0.263651
Train Epoch: 4 [5760/28000 (21%)]	Loss: 0.299508
Train Epoch: 4 [6400/28000 (23%)]	Loss: 0.282159
Train Epoch: 4 [7040/28000 (25%)]	Loss: 0.462718
Train Epoch: 4 [7680/28000 (27%)]	Loss: 0.512887
Train Epoch: 4 [8320/28000 (30%)]	Loss: 0.393478
Train Epoch: 4 [8960/28000 (32%)]	Loss: 0.316350
Train Epoch: 4 [9600/28000 (34%)]	Loss: 0.455945
Train Epoch: 4 [10240/28000 (37%)]	Loss: 0.294561
Train Epoch: 4 [10880/28000 (39%)]	Loss: 0.452718
Train Epoch: 4 [11520/28000 (41%)]	Loss: 0.258873
Train Epoch: 4 [12160/28000 (43%)]	Loss: 0.326796
Train Epoch: 4 [12800/28000 (46%)]	Loss: 0.269943
Train Epoch: 4 [13440/28000 (48%)]	Loss: 0.289916
Train Epoch: 4 [14080/28000 (50%)]	Loss: 0.354475
Train Epoch: 4 [14720/28000 (53%)]	Loss: 0.261911
Train Epoch: 4 [15360/28000 (55%)]	Loss: 0.396681
Train Epoch: 4 [16000/28000 (57%)]	Loss: 0.340094
Train Epoch: 4 [16640/28000 (59%)]	Loss: 0.341998
Train Epoch: 4 [17280/28000 (62%)]	Loss: 0.533850
Train Epoch: 4 [17920/28000 (64%)]	Loss: 0.396320
Train Epoch: 4 [18560/28000 (66%)]	Loss: 0.454071
Train Epoch: 4 [19200/28000 (68%)]	Loss: 0.443126
Train Epoch: 4 [19840/28000 (71%)]	Loss: 0.291530
Train Epoch: 4 [20480/28000 (73%)]	Loss: 0.231445
Train Epoch: 4 [21120/28000 (75%)]	Loss: 0.531786
Train Epoch: 4 [21760/28000 (78%)]	Loss: 0.475986
Train Epoch: 4 [22400/28000 (80%)]	Loss: 0.392985
Train Epoch: 4 [23040/28000 (82%)]	Loss: 0.446978
Train Epoch: 4 [23680/28000 (84%)]	Loss: 0.409003
Train Epoch: 4 [24320/28000 (87%)]	Loss: 0.320129
Train Epoch: 4 [24960/28000 (89%)]	Loss: 0.548631
Train Epoch: 4 [25600/28000 (91%)]	Loss: 0.395749
Train Epoch: 4 [26240/28000 (94%)]	Loss: 0.496439
Train Epoch: 4 [26880/28000 (96%)]	Loss: 0.308933
Train Epoch: 4 [27520/28000 (98%)]	Loss: 0.367003
Test set:
Overall: 81996/84000 (97.6%)
Train set:
Overall: 24135/28000 (86.2%)
