Running on ax02.rc.zi.columbia.edu
Train Epoch: 1 [0/28000 (0%)]	Loss: 0.706191
Train Epoch: 1 [640/28000 (2%)]	Loss: 0.715058
Train Epoch: 1 [1280/28000 (5%)]	Loss: 0.678393
Train Epoch: 1 [1920/28000 (7%)]	Loss: 0.635358
Train Epoch: 1 [2560/28000 (9%)]	Loss: 0.675190
Train Epoch: 1 [3200/28000 (11%)]	Loss: 0.660444
Train Epoch: 1 [3840/28000 (14%)]	Loss: 0.677639
Train Epoch: 1 [4480/28000 (16%)]	Loss: 0.553160
Train Epoch: 1 [5120/28000 (18%)]	Loss: 0.579664
Train Epoch: 1 [5760/28000 (21%)]	Loss: 0.515895
Train Epoch: 1 [6400/28000 (23%)]	Loss: 0.573849
Train Epoch: 1 [7040/28000 (25%)]	Loss: 0.546200
Train Epoch: 1 [7680/28000 (27%)]	Loss: 0.466148
Train Epoch: 1 [8320/28000 (30%)]	Loss: 0.475588
Train Epoch: 1 [8960/28000 (32%)]	Loss: 0.444414
Train Epoch: 1 [9600/28000 (34%)]	Loss: 0.503304
Train Epoch: 1 [10240/28000 (37%)]	Loss: 0.441601
Train Epoch: 1 [10880/28000 (39%)]	Loss: 0.374284
Train Epoch: 1 [11520/28000 (41%)]	Loss: 0.365799
Train Epoch: 1 [12160/28000 (43%)]	Loss: 0.407373
Train Epoch: 1 [12800/28000 (46%)]	Loss: 0.402352
Train Epoch: 1 [13440/28000 (48%)]	Loss: 0.398787
Train Epoch: 1 [14080/28000 (50%)]	Loss: 0.384733
Train Epoch: 1 [14720/28000 (53%)]	Loss: 0.342349
Train Epoch: 1 [15360/28000 (55%)]	Loss: 0.302072
Train Epoch: 1 [16000/28000 (57%)]	Loss: 0.360699
Train Epoch: 1 [16640/28000 (59%)]	Loss: 0.350512
Train Epoch: 1 [17280/28000 (62%)]	Loss: 0.303849
Train Epoch: 1 [17920/28000 (64%)]	Loss: 0.197403
Train Epoch: 1 [18560/28000 (66%)]	Loss: 0.260038
Train Epoch: 1 [19200/28000 (68%)]	Loss: 0.239209
Train Epoch: 1 [19840/28000 (71%)]	Loss: 0.239629
Train Epoch: 1 [20480/28000 (73%)]	Loss: 0.233185
Train Epoch: 1 [21120/28000 (75%)]	Loss: 0.260607
Train Epoch: 1 [21760/28000 (78%)]	Loss: 0.144811
Train Epoch: 1 [22400/28000 (80%)]	Loss: 0.235133
Train Epoch: 1 [23040/28000 (82%)]	Loss: 0.159863
Train Epoch: 1 [23680/28000 (84%)]	Loss: 0.233685
Train Epoch: 1 [24320/28000 (87%)]	Loss: 0.195581
Train Epoch: 1 [24960/28000 (89%)]	Loss: 0.118936
Train Epoch: 1 [25600/28000 (91%)]	Loss: 0.265475
Train Epoch: 1 [26240/28000 (94%)]	Loss: 0.173432
Train Epoch: 1 [26880/28000 (96%)]	Loss: 0.117580
Train Epoch: 1 [27520/28000 (98%)]	Loss: 0.119618
Test set:
Overall: 66197/84000 (78.8%)
Train set:
Overall: 27216/28000 (97.2%)
Train Epoch: 2 [0/28000 (0%)]	Loss: 0.134492
Train Epoch: 2 [640/28000 (2%)]	Loss: 0.082908
Train Epoch: 2 [1280/28000 (5%)]	Loss: 0.191444
Train Epoch: 2 [1920/28000 (7%)]	Loss: 0.097583
Train Epoch: 2 [2560/28000 (9%)]	Loss: 0.118969
Train Epoch: 2 [3200/28000 (11%)]	Loss: 0.119710
Train Epoch: 2 [3840/28000 (14%)]	Loss: 0.074061
Train Epoch: 2 [4480/28000 (16%)]	Loss: 0.104644
Train Epoch: 2 [5120/28000 (18%)]	Loss: 0.130058
Train Epoch: 2 [5760/28000 (21%)]	Loss: 0.138853
Train Epoch: 2 [6400/28000 (23%)]	Loss: 0.079953
Train Epoch: 2 [7040/28000 (25%)]	Loss: 0.250360
Train Epoch: 2 [7680/28000 (27%)]	Loss: 0.078544
Train Epoch: 2 [8320/28000 (30%)]	Loss: 0.079054
Train Epoch: 2 [8960/28000 (32%)]	Loss: 0.146006
Train Epoch: 2 [9600/28000 (34%)]	Loss: 0.097661
Train Epoch: 2 [10240/28000 (37%)]	Loss: 0.108212
Train Epoch: 2 [10880/28000 (39%)]	Loss: 0.045109
Train Epoch: 2 [11520/28000 (41%)]	Loss: 0.063910
Train Epoch: 2 [12160/28000 (43%)]	Loss: 0.113984
Train Epoch: 2 [12800/28000 (46%)]	Loss: 0.239512
Train Epoch: 2 [13440/28000 (48%)]	Loss: 0.147520
Train Epoch: 2 [14080/28000 (50%)]	Loss: 0.086757
Train Epoch: 2 [14720/28000 (53%)]	Loss: 0.047268
Train Epoch: 2 [15360/28000 (55%)]	Loss: 0.137061
Train Epoch: 2 [16000/28000 (57%)]	Loss: 0.073120
Train Epoch: 2 [16640/28000 (59%)]	Loss: 0.164458
Train Epoch: 2 [17280/28000 (62%)]	Loss: 0.083360
Train Epoch: 2 [17920/28000 (64%)]	Loss: 0.042241
Train Epoch: 2 [18560/28000 (66%)]	Loss: 0.135023
Train Epoch: 2 [19200/28000 (68%)]	Loss: 0.028304
Train Epoch: 2 [19840/28000 (71%)]	Loss: 0.051938
Train Epoch: 2 [20480/28000 (73%)]	Loss: 0.021069
Train Epoch: 2 [21120/28000 (75%)]	Loss: 0.102151
Train Epoch: 2 [21760/28000 (78%)]	Loss: 0.131744
Train Epoch: 2 [22400/28000 (80%)]	Loss: 0.067198
Train Epoch: 2 [23040/28000 (82%)]	Loss: 0.148634
Train Epoch: 2 [23680/28000 (84%)]	Loss: 0.131529
Train Epoch: 2 [24320/28000 (87%)]	Loss: 0.075280
Train Epoch: 2 [24960/28000 (89%)]	Loss: 0.106365
Train Epoch: 2 [25600/28000 (91%)]	Loss: 0.023578
Train Epoch: 2 [26240/28000 (94%)]	Loss: 0.082488
Train Epoch: 2 [26880/28000 (96%)]	Loss: 0.057369
Train Epoch: 2 [27520/28000 (98%)]	Loss: 0.059361
Test set:
Overall: 60964/84000 (72.6%)
Train set:
Overall: 27632/28000 (98.7%)
Train Epoch: 3 [0/28000 (0%)]	Loss: 0.126319
Train Epoch: 3 [640/28000 (2%)]	Loss: 0.071434
Train Epoch: 3 [1280/28000 (5%)]	Loss: 0.038335
Train Epoch: 3 [1920/28000 (7%)]	Loss: 0.031918
Train Epoch: 3 [2560/28000 (9%)]	Loss: 0.099811
Train Epoch: 3 [3200/28000 (11%)]	Loss: 0.153188
Train Epoch: 3 [3840/28000 (14%)]	Loss: 0.058443
Train Epoch: 3 [4480/28000 (16%)]	Loss: 0.083206
Train Epoch: 3 [5120/28000 (18%)]	Loss: 0.020160
Train Epoch: 3 [5760/28000 (21%)]	Loss: 0.060469
Train Epoch: 3 [6400/28000 (23%)]	Loss: 0.057809
Train Epoch: 3 [7040/28000 (25%)]	Loss: 0.114884
Train Epoch: 3 [7680/28000 (27%)]	Loss: 0.090541
Train Epoch: 3 [8320/28000 (30%)]	Loss: 0.028716
Train Epoch: 3 [8960/28000 (32%)]	Loss: 0.072588
Train Epoch: 3 [9600/28000 (34%)]	Loss: 0.074056
Train Epoch: 3 [10240/28000 (37%)]	Loss: 0.154009
Train Epoch: 3 [10880/28000 (39%)]	Loss: 0.095886
Train Epoch: 3 [11520/28000 (41%)]	Loss: 0.050994
Train Epoch: 3 [12160/28000 (43%)]	Loss: 0.131515
Train Epoch: 3 [12800/28000 (46%)]	Loss: 0.024131
Train Epoch: 3 [13440/28000 (48%)]	Loss: 0.052606
Train Epoch: 3 [14080/28000 (50%)]	Loss: 0.120636
Train Epoch: 3 [14720/28000 (53%)]	Loss: 0.065613
Train Epoch: 3 [15360/28000 (55%)]	Loss: 0.071723
Train Epoch: 3 [16000/28000 (57%)]	Loss: 0.190874
Train Epoch: 3 [16640/28000 (59%)]	Loss: 0.047278
Train Epoch: 3 [17280/28000 (62%)]	Loss: 0.092739
Train Epoch: 3 [17920/28000 (64%)]	Loss: 0.033420
Train Epoch: 3 [18560/28000 (66%)]	Loss: 0.024937
Train Epoch: 3 [19200/28000 (68%)]	Loss: 0.030535
Train Epoch: 3 [19840/28000 (71%)]	Loss: 0.110558
Train Epoch: 3 [20480/28000 (73%)]	Loss: 0.049027
Train Epoch: 3 [21120/28000 (75%)]	Loss: 0.104921
Train Epoch: 3 [21760/28000 (78%)]	Loss: 0.089657
Train Epoch: 3 [22400/28000 (80%)]	Loss: 0.041328
Train Epoch: 3 [23040/28000 (82%)]	Loss: 0.009713
Train Epoch: 3 [23680/28000 (84%)]	Loss: 0.130392
Train Epoch: 3 [24320/28000 (87%)]	Loss: 0.074749
Train Epoch: 3 [24960/28000 (89%)]	Loss: 0.060325
Train Epoch: 3 [25600/28000 (91%)]	Loss: 0.033293
Train Epoch: 3 [26240/28000 (94%)]	Loss: 0.044916
Train Epoch: 3 [26880/28000 (96%)]	Loss: 0.052349
Train Epoch: 3 [27520/28000 (98%)]	Loss: 0.047054
Test set:
Overall: 61384/84000 (73.1%)
Train set:
Overall: 27814/28000 (99.3%)
Train Epoch: 4 [0/28000 (0%)]	Loss: 0.057214
Train Epoch: 4 [640/28000 (2%)]	Loss: 0.118438
Train Epoch: 4 [1280/28000 (5%)]	Loss: 0.081139
Train Epoch: 4 [1920/28000 (7%)]	Loss: 0.019722
Train Epoch: 4 [2560/28000 (9%)]	Loss: 0.129788
Train Epoch: 4 [3200/28000 (11%)]	Loss: 0.039437
Train Epoch: 4 [3840/28000 (14%)]	Loss: 0.017249
Train Epoch: 4 [4480/28000 (16%)]	Loss: 0.044816
Train Epoch: 4 [5120/28000 (18%)]	Loss: 0.018967
Train Epoch: 4 [5760/28000 (21%)]	Loss: 0.045222
Train Epoch: 4 [6400/28000 (23%)]	Loss: 0.021296
Train Epoch: 4 [7040/28000 (25%)]	Loss: 0.209853
Train Epoch: 4 [7680/28000 (27%)]	Loss: 0.038097
Train Epoch: 4 [8320/28000 (30%)]	Loss: 0.014005
Train Epoch: 4 [8960/28000 (32%)]	Loss: 0.029899
Train Epoch: 4 [9600/28000 (34%)]	Loss: 0.030845
Train Epoch: 4 [10240/28000 (37%)]	Loss: 0.032352
Train Epoch: 4 [10880/28000 (39%)]	Loss: 0.027284
Train Epoch: 4 [11520/28000 (41%)]	Loss: 0.067328
Train Epoch: 4 [12160/28000 (43%)]	Loss: 0.037270
Train Epoch: 4 [12800/28000 (46%)]	Loss: 0.126687
Train Epoch: 4 [13440/28000 (48%)]	Loss: 0.029266
Train Epoch: 4 [14080/28000 (50%)]	Loss: 0.032002
Train Epoch: 4 [14720/28000 (53%)]	Loss: 0.082556
Train Epoch: 4 [15360/28000 (55%)]	Loss: 0.110924
Train Epoch: 4 [16000/28000 (57%)]	Loss: 0.098484
Train Epoch: 4 [16640/28000 (59%)]	Loss: 0.018925
Train Epoch: 4 [17280/28000 (62%)]	Loss: 0.008268
Train Epoch: 4 [17920/28000 (64%)]	Loss: 0.022167
Train Epoch: 4 [18560/28000 (66%)]	Loss: 0.034365
Train Epoch: 4 [19200/28000 (68%)]	Loss: 0.076128
Train Epoch: 4 [19840/28000 (71%)]	Loss: 0.110621
Train Epoch: 4 [20480/28000 (73%)]	Loss: 0.068010
Train Epoch: 4 [21120/28000 (75%)]	Loss: 0.014208
Train Epoch: 4 [21760/28000 (78%)]	Loss: 0.033274
Train Epoch: 4 [22400/28000 (80%)]	Loss: 0.049297
Train Epoch: 4 [23040/28000 (82%)]	Loss: 0.019419
Train Epoch: 4 [23680/28000 (84%)]	Loss: 0.024929
Train Epoch: 4 [24320/28000 (87%)]	Loss: 0.058419
Train Epoch: 4 [24960/28000 (89%)]	Loss: 0.035513
Train Epoch: 4 [25600/28000 (91%)]	Loss: 0.019155
Train Epoch: 4 [26240/28000 (94%)]	Loss: 0.023940
Train Epoch: 4 [26880/28000 (96%)]	Loss: 0.052141
Train Epoch: 4 [27520/28000 (98%)]	Loss: 0.021563
Test set:
Overall: 63011/84000 (75.0%)
Train set:
Overall: 27848/28000 (99.5%)
