Running on ax13.rc.zi.columbia.edu
Train Epoch: 1 [0/28000 (0%)]	Loss: 0.674048
Train Epoch: 1 [640/28000 (2%)]	Loss: 0.706654
Train Epoch: 1 [1280/28000 (5%)]	Loss: 0.674432
Train Epoch: 1 [1920/28000 (7%)]	Loss: 0.684545
Train Epoch: 1 [2560/28000 (9%)]	Loss: 0.630699
Train Epoch: 1 [3200/28000 (11%)]	Loss: 0.649671
Train Epoch: 1 [3840/28000 (14%)]	Loss: 0.628114
Train Epoch: 1 [4480/28000 (16%)]	Loss: 0.593109
Train Epoch: 1 [5120/28000 (18%)]	Loss: 0.568008
Train Epoch: 1 [5760/28000 (21%)]	Loss: 0.624863
Train Epoch: 1 [6400/28000 (23%)]	Loss: 0.633977
Train Epoch: 1 [7040/28000 (25%)]	Loss: 0.555684
Train Epoch: 1 [7680/28000 (27%)]	Loss: 0.530441
Train Epoch: 1 [8320/28000 (30%)]	Loss: 0.710895
Train Epoch: 1 [8960/28000 (32%)]	Loss: 0.557860
Train Epoch: 1 [9600/28000 (34%)]	Loss: 0.530638
Train Epoch: 1 [10240/28000 (37%)]	Loss: 0.439701
Train Epoch: 1 [10880/28000 (39%)]	Loss: 0.552427
Train Epoch: 1 [11520/28000 (41%)]	Loss: 0.515002
Train Epoch: 1 [12160/28000 (43%)]	Loss: 0.474312
Train Epoch: 1 [12800/28000 (46%)]	Loss: 0.531236
Train Epoch: 1 [13440/28000 (48%)]	Loss: 0.346089
Train Epoch: 1 [14080/28000 (50%)]	Loss: 0.531383
Train Epoch: 1 [14720/28000 (53%)]	Loss: 0.488138
Train Epoch: 1 [15360/28000 (55%)]	Loss: 0.600869
Train Epoch: 1 [16000/28000 (57%)]	Loss: 0.520383
Train Epoch: 1 [16640/28000 (59%)]	Loss: 0.592181
Train Epoch: 1 [17280/28000 (62%)]	Loss: 0.455339
Train Epoch: 1 [17920/28000 (64%)]	Loss: 0.493349
Train Epoch: 1 [18560/28000 (66%)]	Loss: 0.469881
Train Epoch: 1 [19200/28000 (68%)]	Loss: 0.378944
Train Epoch: 1 [19840/28000 (71%)]	Loss: 0.580613
Train Epoch: 1 [20480/28000 (73%)]	Loss: 0.409540
Train Epoch: 1 [21120/28000 (75%)]	Loss: 0.451468
Train Epoch: 1 [21760/28000 (78%)]	Loss: 0.421655
Train Epoch: 1 [22400/28000 (80%)]	Loss: 0.405594
Train Epoch: 1 [23040/28000 (82%)]	Loss: 0.398566
Train Epoch: 1 [23680/28000 (84%)]	Loss: 0.389446
Train Epoch: 1 [24320/28000 (87%)]	Loss: 0.557444
Train Epoch: 1 [24960/28000 (89%)]	Loss: 0.484942
Train Epoch: 1 [25600/28000 (91%)]	Loss: 0.467533
Train Epoch: 1 [26240/28000 (94%)]	Loss: 0.487907
Train Epoch: 1 [26880/28000 (96%)]	Loss: 0.420747
Train Epoch: 1 [27520/28000 (98%)]	Loss: 0.508617
Test set:
Overall: 80756/84000 (96.1%)
Train set:
Overall: 22193/28000 (79.3%)
Train Epoch: 2 [0/28000 (0%)]	Loss: 0.576621
Train Epoch: 2 [640/28000 (2%)]	Loss: 0.481955
Train Epoch: 2 [1280/28000 (5%)]	Loss: 0.415001
Train Epoch: 2 [1920/28000 (7%)]	Loss: 0.492315
Train Epoch: 2 [2560/28000 (9%)]	Loss: 0.505161
Train Epoch: 2 [3200/28000 (11%)]	Loss: 0.347528
Train Epoch: 2 [3840/28000 (14%)]	Loss: 0.392445
Train Epoch: 2 [4480/28000 (16%)]	Loss: 0.418268
Train Epoch: 2 [5120/28000 (18%)]	Loss: 0.397934
Train Epoch: 2 [5760/28000 (21%)]	Loss: 0.486356
Train Epoch: 2 [6400/28000 (23%)]	Loss: 0.364195
Train Epoch: 2 [7040/28000 (25%)]	Loss: 0.455593
Train Epoch: 2 [7680/28000 (27%)]	Loss: 0.422713
Train Epoch: 2 [8320/28000 (30%)]	Loss: 0.313210
Train Epoch: 2 [8960/28000 (32%)]	Loss: 0.411263
Train Epoch: 2 [9600/28000 (34%)]	Loss: 0.512483
Train Epoch: 2 [10240/28000 (37%)]	Loss: 0.500562
Train Epoch: 2 [10880/28000 (39%)]	Loss: 0.383707
Train Epoch: 2 [11520/28000 (41%)]	Loss: 0.441141
Train Epoch: 2 [12160/28000 (43%)]	Loss: 0.433161
Train Epoch: 2 [12800/28000 (46%)]	Loss: 0.379636
Train Epoch: 2 [13440/28000 (48%)]	Loss: 0.488541
Train Epoch: 2 [14080/28000 (50%)]	Loss: 0.441616
Train Epoch: 2 [14720/28000 (53%)]	Loss: 0.463868
Train Epoch: 2 [15360/28000 (55%)]	Loss: 0.359370
Train Epoch: 2 [16000/28000 (57%)]	Loss: 0.460697
Train Epoch: 2 [16640/28000 (59%)]	Loss: 0.340791
Train Epoch: 2 [17280/28000 (62%)]	Loss: 0.477067
Train Epoch: 2 [17920/28000 (64%)]	Loss: 0.337652
Train Epoch: 2 [18560/28000 (66%)]	Loss: 0.362727
Train Epoch: 2 [19200/28000 (68%)]	Loss: 0.348138
Train Epoch: 2 [19840/28000 (71%)]	Loss: 0.501925
Train Epoch: 2 [20480/28000 (73%)]	Loss: 0.370067
Train Epoch: 2 [21120/28000 (75%)]	Loss: 0.368046
Train Epoch: 2 [21760/28000 (78%)]	Loss: 0.447998
Train Epoch: 2 [22400/28000 (80%)]	Loss: 0.329512
Train Epoch: 2 [23040/28000 (82%)]	Loss: 0.497304
Train Epoch: 2 [23680/28000 (84%)]	Loss: 0.354585
Train Epoch: 2 [24320/28000 (87%)]	Loss: 0.441569
Train Epoch: 2 [24960/28000 (89%)]	Loss: 0.424995
Train Epoch: 2 [25600/28000 (91%)]	Loss: 0.395827
Train Epoch: 2 [26240/28000 (94%)]	Loss: 0.419643
Train Epoch: 2 [26880/28000 (96%)]	Loss: 0.434549
Train Epoch: 2 [27520/28000 (98%)]	Loss: 0.424526
Test set:
Overall: 81485/84000 (97.0%)
Train set:
Overall: 23308/28000 (83.2%)
Train Epoch: 3 [0/28000 (0%)]	Loss: 0.303596
Train Epoch: 3 [640/28000 (2%)]	Loss: 0.385508
Train Epoch: 3 [1280/28000 (5%)]	Loss: 0.346279
Train Epoch: 3 [1920/28000 (7%)]	Loss: 0.459188
Train Epoch: 3 [2560/28000 (9%)]	Loss: 0.460456
Train Epoch: 3 [3200/28000 (11%)]	Loss: 0.394576
Train Epoch: 3 [3840/28000 (14%)]	Loss: 0.390090
Train Epoch: 3 [4480/28000 (16%)]	Loss: 0.350454
Train Epoch: 3 [5120/28000 (18%)]	Loss: 0.335363
Train Epoch: 3 [5760/28000 (21%)]	Loss: 0.374114
Train Epoch: 3 [6400/28000 (23%)]	Loss: 0.318909
Train Epoch: 3 [7040/28000 (25%)]	Loss: 0.344343
Train Epoch: 3 [7680/28000 (27%)]	Loss: 0.443453
Train Epoch: 3 [8320/28000 (30%)]	Loss: 0.380379
Train Epoch: 3 [8960/28000 (32%)]	Loss: 0.470558
Train Epoch: 3 [9600/28000 (34%)]	Loss: 0.335755
Train Epoch: 3 [10240/28000 (37%)]	Loss: 0.336743
Train Epoch: 3 [10880/28000 (39%)]	Loss: 0.378290
Train Epoch: 3 [11520/28000 (41%)]	Loss: 0.387225
Train Epoch: 3 [12160/28000 (43%)]	Loss: 0.265283
Train Epoch: 3 [12800/28000 (46%)]	Loss: 0.325237
Train Epoch: 3 [13440/28000 (48%)]	Loss: 0.427720
Train Epoch: 3 [14080/28000 (50%)]	Loss: 0.373074
Train Epoch: 3 [14720/28000 (53%)]	Loss: 0.410523
Train Epoch: 3 [15360/28000 (55%)]	Loss: 0.384134
Train Epoch: 3 [16000/28000 (57%)]	Loss: 0.352524
Train Epoch: 3 [16640/28000 (59%)]	Loss: 0.335343
Train Epoch: 3 [17280/28000 (62%)]	Loss: 0.404694
Train Epoch: 3 [17920/28000 (64%)]	Loss: 0.343411
Train Epoch: 3 [18560/28000 (66%)]	Loss: 0.332289
Train Epoch: 3 [19200/28000 (68%)]	Loss: 0.481509
Train Epoch: 3 [19840/28000 (71%)]	Loss: 0.299328
Train Epoch: 3 [20480/28000 (73%)]	Loss: 0.373438
Train Epoch: 3 [21120/28000 (75%)]	Loss: 0.399819
Train Epoch: 3 [21760/28000 (78%)]	Loss: 0.387550
Train Epoch: 3 [22400/28000 (80%)]	Loss: 0.527085
Train Epoch: 3 [23040/28000 (82%)]	Loss: 0.341855
Train Epoch: 3 [23680/28000 (84%)]	Loss: 0.417506
Train Epoch: 3 [24320/28000 (87%)]	Loss: 0.615807
Train Epoch: 3 [24960/28000 (89%)]	Loss: 0.384150
Train Epoch: 3 [25600/28000 (91%)]	Loss: 0.243945
Train Epoch: 3 [26240/28000 (94%)]	Loss: 0.350446
Train Epoch: 3 [26880/28000 (96%)]	Loss: 0.412861
Train Epoch: 3 [27520/28000 (98%)]	Loss: 0.469828
Test set:
Overall: 81820/84000 (97.4%)
Train set:
Overall: 23576/28000 (84.2%)
Train Epoch: 4 [0/28000 (0%)]	Loss: 0.338644
Train Epoch: 4 [640/28000 (2%)]	Loss: 0.372372
Train Epoch: 4 [1280/28000 (5%)]	Loss: 0.440031
Train Epoch: 4 [1920/28000 (7%)]	Loss: 0.339866
Train Epoch: 4 [2560/28000 (9%)]	Loss: 0.423545
Train Epoch: 4 [3200/28000 (11%)]	Loss: 0.324327
Train Epoch: 4 [3840/28000 (14%)]	Loss: 0.260633
Train Epoch: 4 [4480/28000 (16%)]	Loss: 0.272464
Train Epoch: 4 [5120/28000 (18%)]	Loss: 0.268444
Train Epoch: 4 [5760/28000 (21%)]	Loss: 0.312602
Train Epoch: 4 [6400/28000 (23%)]	Loss: 0.287349
Train Epoch: 4 [7040/28000 (25%)]	Loss: 0.468634
Train Epoch: 4 [7680/28000 (27%)]	Loss: 0.501149
Train Epoch: 4 [8320/28000 (30%)]	Loss: 0.414061
Train Epoch: 4 [8960/28000 (32%)]	Loss: 0.320894
Train Epoch: 4 [9600/28000 (34%)]	Loss: 0.461807
Train Epoch: 4 [10240/28000 (37%)]	Loss: 0.293748
Train Epoch: 4 [10880/28000 (39%)]	Loss: 0.451429
Train Epoch: 4 [11520/28000 (41%)]	Loss: 0.253312
Train Epoch: 4 [12160/28000 (43%)]	Loss: 0.364003
Train Epoch: 4 [12800/28000 (46%)]	Loss: 0.298827
Train Epoch: 4 [13440/28000 (48%)]	Loss: 0.275983
Train Epoch: 4 [14080/28000 (50%)]	Loss: 0.364439
Train Epoch: 4 [14720/28000 (53%)]	Loss: 0.272921
Train Epoch: 4 [15360/28000 (55%)]	Loss: 0.382147
Train Epoch: 4 [16000/28000 (57%)]	Loss: 0.345341
Train Epoch: 4 [16640/28000 (59%)]	Loss: 0.343183
Train Epoch: 4 [17280/28000 (62%)]	Loss: 0.539261
Train Epoch: 4 [17920/28000 (64%)]	Loss: 0.405798
Train Epoch: 4 [18560/28000 (66%)]	Loss: 0.450615
Train Epoch: 4 [19200/28000 (68%)]	Loss: 0.437880
Train Epoch: 4 [19840/28000 (71%)]	Loss: 0.296571
Train Epoch: 4 [20480/28000 (73%)]	Loss: 0.244205
Train Epoch: 4 [21120/28000 (75%)]	Loss: 0.535755
Train Epoch: 4 [21760/28000 (78%)]	Loss: 0.494369
Train Epoch: 4 [22400/28000 (80%)]	Loss: 0.376285
Train Epoch: 4 [23040/28000 (82%)]	Loss: 0.444946
Train Epoch: 4 [23680/28000 (84%)]	Loss: 0.401369
Train Epoch: 4 [24320/28000 (87%)]	Loss: 0.313807
Train Epoch: 4 [24960/28000 (89%)]	Loss: 0.555616
Train Epoch: 4 [25600/28000 (91%)]	Loss: 0.401109
Train Epoch: 4 [26240/28000 (94%)]	Loss: 0.536880
Train Epoch: 4 [26880/28000 (96%)]	Loss: 0.309374
Train Epoch: 4 [27520/28000 (98%)]	Loss: 0.358032
Test set:
Overall: 82076/84000 (97.7%)
Train set:
Overall: 24229/28000 (86.5%)
